<?xml version="1.0" encoding="utf-8" standalone="no"?>
<test-results xmlns:xsi="http://www.w3.org/2001/XMLSchema-instance" xsi:noNamespaceSchemaLocation="nunit_schema_2.5.xsd" name="Pester" total="2528" errors="0" failures="0" not-run="0" inconclusive="0" ignored="0" skipped="0" invalid="0" date="2022-11-28" time="03:09:15">
  <environment clr-version="4.0.30319.42000" user-domain="APPVEYOR-VM" cwd="C:\projects\evergreen" platform="Microsoft Windows Server 2019 Datacenter|C:\Windows|\Device\Harddisk0\Partition4" machine-name="APPVEYOR-VM" nunit-version="2.5.8.0" os-version="10.0.17763" user="appveyor" />
  <culture-info current-culture="en-US" current-uiculture="en-US" />
  <test-suite type="TestFixture" name="Pester" executed="True" result="Success" success="True" time="1068.8206" asserts="0" description="Pester">
    <results>
      <test-suite type="TestFixture" name="C:\projects\evergreen\tests\Main.Tests.ps1" executed="True" result="Success" success="True" time="220.3516" asserts="0" description="C:\projects\evergreen\tests\Main.Tests.ps1">
        <results>
          <test-suite type="TestFixture" name="General project validation" executed="True" result="Success" success="True" time="62.8451" asserts="0" description="General project validation">
            <results>
              <test-suite type="ParameterizedTest" name="General project validation.Script &lt;file.Name&gt; should be valid PowerShell" executed="True" result="Success" success="True" time="61.1367" asserts="0" description="Script &lt;file.Name&gt; should be valid PowerShell">
                <results>
                  <test-case description="Script Get-1Password.ps1 should be valid PowerShell" name="General project validation.Script Get-1Password.ps1 should be valid PowerShell" time="1.277" asserts="0" success="True" result="Success" executed="True" />
                  <test-case description="Script Get-1Password7.ps1 should be valid PowerShell" name="General project validation.Script Get-1Password7.ps1 should be valid PowerShell" time="0.2484" asserts="0" success="True" result="Success" executed="True" />
                  <test-case description="Script Get-7zip.ps1 should be valid PowerShell" name="General project validation.Script Get-7zip.ps1 should be valid PowerShell" time="0.23" asserts="0" success="True" result="Success" executed="True" />
                  <test-case description="Script Get-7ZipZS.ps1 should be valid PowerShell" name="General project validation.Script Get-7ZipZS.ps1 should be valid PowerShell" time="0.2211" asserts="0" success="True" result="Success" executed="True" />
                  <test-case description="Script Get-AdobeAcrobat.ps1 should be valid PowerShell" name="General project validation.Script Get-AdobeAcrobat.ps1 should be valid PowerShell" time="0.253" asserts="0" success="True" result="Success" executed="True" />
                  <test-case description="Script Get-AdobeAcrobatDC.ps1 should be valid PowerShell" name="General project validation.Script Get-AdobeAcrobatDC.ps1 should be valid PowerShell" time="0.2337" asserts="0" success="True" result="Success" executed="True" />
                  <test-case description="Script Get-AdobeAcrobatProStdDC.ps1 should be valid PowerShell" name="General project validation.Script Get-AdobeAcrobatProStdDC.ps1 should be valid PowerShell" time="0.2198" asserts="0" success="True" result="Success" executed="True" />
                  <test-case description="Script Get-AdobeAcrobatReaderDC.ps1 should be valid PowerShell" name="General project validation.Script Get-AdobeAcrobatReaderDC.ps1 should be valid PowerShell" time="0.2234" asserts="0" success="True" result="Success" executed="True" />
                  <test-case description="Script Get-AdobeBrackets.ps1 should be valid PowerShell" name="General project validation.Script Get-AdobeBrackets.ps1 should be valid PowerShell" time="0.2545" asserts="0" success="True" result="Success" executed="True" />
                  <test-case description="Script Get-AdobeConnect.ps1 should be valid PowerShell" name="General project validation.Script Get-AdobeConnect.ps1 should be valid PowerShell" time="0.524" asserts="0" success="True" result="Success" executed="True" />
                  <test-case description="Script Get-AdoptiumTemurin11.ps1 should be valid PowerShell" name="General project validation.Script Get-AdoptiumTemurin11.ps1 should be valid PowerShell" time="0.2211" asserts="0" success="True" result="Success" executed="True" />
                  <test-case description="Script Get-AdoptiumTemurin16.ps1 should be valid PowerShell" name="General project validation.Script Get-AdoptiumTemurin16.ps1 should be valid PowerShell" time="0.2196" asserts="0" success="True" result="Success" executed="True" />
                  <test-case description="Script Get-AdoptiumTemurin17.ps1 should be valid PowerShell" name="General project validation.Script Get-AdoptiumTemurin17.ps1 should be valid PowerShell" time="0.2138" asserts="0" success="True" result="Success" executed="True" />
                  <test-case description="Script Get-AdoptiumTemurin18.ps1 should be valid PowerShell" name="General project validation.Script Get-AdoptiumTemurin18.ps1 should be valid PowerShell" time="0.2179" asserts="0" success="True" result="Success" executed="True" />
                  <test-case description="Script Get-AdoptiumTemurin8.ps1 should be valid PowerShell" name="General project validation.Script Get-AdoptiumTemurin8.ps1 should be valid PowerShell" time="0.3427" asserts="0" success="True" result="Success" executed="True" />
                  <test-case description="Script Get-AdoptOpenJDK11.ps1 should be valid PowerShell" name="General project validation.Script Get-AdoptOpenJDK11.ps1 should be valid PowerShell" time="0.2206" asserts="0" success="True" result="Success" executed="True" />
                  <test-case description="Script Get-AdoptOpenJDK16.ps1 should be valid PowerShell" name="General project validation.Script Get-AdoptOpenJDK16.ps1 should be valid PowerShell" time="0.4181" asserts="0" success="True" result="Success" executed="True" />
                  <test-case description="Script Get-AdoptOpenJDK8.ps1 should be valid PowerShell" name="General project validation.Script Get-AdoptOpenJDK8.ps1 should be valid PowerShell" time="0.2856" asserts="0" success="True" result="Success" executed="True" />
                  <test-case description="Script Get-AdoptOpenJDKIcedTeaWeb.ps1 should be valid PowerShell" name="General project validation.Script Get-AdoptOpenJDKIcedTeaWeb.ps1 should be valid PowerShell" time="0.2134" asserts="0" success="True" result="Success" executed="True" />
                  <test-case description="Script Get-AdoptOpenJDKSemuru11.ps1 should be valid PowerShell" name="General project validation.Script Get-AdoptOpenJDKSemuru11.ps1 should be valid PowerShell" time="0.2097" asserts="0" success="True" result="Success" executed="True" />
                  <test-case description="Script Get-AdoptOpenJDKSemuru17.ps1 should be valid PowerShell" name="General project validation.Script Get-AdoptOpenJDKSemuru17.ps1 should be valid PowerShell" time="0.2227" asserts="0" success="True" result="Success" executed="True" />
                  <test-case description="Script Get-AdoptOpenJDKSemuru18.ps1 should be valid PowerShell" name="General project validation.Script Get-AdoptOpenJDKSemuru18.ps1 should be valid PowerShell" time="0.2153" asserts="0" success="True" result="Success" executed="True" />
                  <test-case description="Script Get-AdoptOpenJDKSemuru8.ps1 should be valid PowerShell" name="General project validation.Script Get-AdoptOpenJDKSemuru8.ps1 should be valid PowerShell" time="0.2118" asserts="0" success="True" result="Success" executed="True" />
                  <test-case description="Script Get-AirtameApp.ps1 should be valid PowerShell" name="General project validation.Script Get-AirtameApp.ps1 should be valid PowerShell" time="0.2105" asserts="0" success="True" result="Success" executed="True" />
                  <test-case description="Script Get-AkeoRufus.ps1 should be valid PowerShell" name="General project validation.Script Get-AkeoRufus.ps1 should be valid PowerShell" time="0.2127" asserts="0" success="True" result="Success" executed="True" />
                  <test-case description="Script Get-AmazonCorretto.ps1 should be valid PowerShell" name="General project validation.Script Get-AmazonCorretto.ps1 should be valid PowerShell" time="0.2048" asserts="0" success="True" result="Success" executed="True" />
                  <test-case description="Script Get-Anaconda.ps1 should be valid PowerShell" name="General project validation.Script Get-Anaconda.ps1 should be valid PowerShell" time="0.2048" asserts="0" success="True" result="Success" executed="True" />
                  <test-case description="Script Get-Anki.ps1 should be valid PowerShell" name="General project validation.Script Get-Anki.ps1 should be valid PowerShell" time="0.2101" asserts="0" success="True" result="Success" executed="True" />
                  <test-case description="Script Get-AppVentiX.ps1 should be valid PowerShell" name="General project validation.Script Get-AppVentiX.ps1 should be valid PowerShell" time="0.2439" asserts="0" success="True" result="Success" executed="True" />
                  <test-case description="Script Get-ArtifexGhostscript.ps1 should be valid PowerShell" name="General project validation.Script Get-ArtifexGhostscript.ps1 should be valid PowerShell" time="0.2124" asserts="0" success="True" result="Success" executed="True" />
                  <test-case description="Script Get-AtlassianSourcetree.ps1 should be valid PowerShell" name="General project validation.Script Get-AtlassianSourcetree.ps1 should be valid PowerShell" time="0.2171" asserts="0" success="True" result="Success" executed="True" />
                  <test-case description="Script Get-Audacity.ps1 should be valid PowerShell" name="General project validation.Script Get-Audacity.ps1 should be valid PowerShell" time="0.2114" asserts="0" success="True" result="Success" executed="True" />
                  <test-case description="Script Get-AutoDarkMode.ps1 should be valid PowerShell" name="General project validation.Script Get-AutoDarkMode.ps1 should be valid PowerShell" time="0.626" asserts="0" success="True" result="Success" executed="True" />
                  <test-case description="Script Get-AWSCLI.ps1 should be valid PowerShell" name="General project validation.Script Get-AWSCLI.ps1 should be valid PowerShell" time="0.332" asserts="0" success="True" result="Success" executed="True" />
                  <test-case description="Script Get-AWSSAMCLI.ps1 should be valid PowerShell" name="General project validation.Script Get-AWSSAMCLI.ps1 should be valid PowerShell" time="0.2768" asserts="0" success="True" result="Success" executed="True" />
                  <test-case description="Script Get-BeekeeperStudio.ps1 should be valid PowerShell" name="General project validation.Script Get-BeekeeperStudio.ps1 should be valid PowerShell" time="0.202" asserts="0" success="True" result="Success" executed="True" />
                  <test-case description="Script Get-BISF.ps1 should be valid PowerShell" name="General project validation.Script Get-BISF.ps1 should be valid PowerShell" time="0.2017" asserts="0" success="True" result="Success" executed="True" />
                  <test-case description="Script Get-BitwardenDesktop.ps1 should be valid PowerShell" name="General project validation.Script Get-BitwardenDesktop.ps1 should be valid PowerShell" time="0.2055" asserts="0" success="True" result="Success" executed="True" />
                  <test-case description="Script Get-BlenderLauncher.ps1 should be valid PowerShell" name="General project validation.Script Get-BlenderLauncher.ps1 should be valid PowerShell" time="0.1905" asserts="0" success="True" result="Success" executed="True" />
                  <test-case description="Script Get-BlueJ.ps1 should be valid PowerShell" name="General project validation.Script Get-BlueJ.ps1 should be valid PowerShell" time="0.1895" asserts="0" success="True" result="Success" executed="True" />
                  <test-case description="Script Get-CendioThinLinc.ps1 should be valid PowerShell" name="General project validation.Script Get-CendioThinLinc.ps1 should be valid PowerShell" time="0.1969" asserts="0" success="True" result="Success" executed="True" />
                  <test-case description="Script Get-ChromiumChromeDriver.ps1 should be valid PowerShell" name="General project validation.Script Get-ChromiumChromeDriver.ps1 should be valid PowerShell" time="0.1923" asserts="0" success="True" result="Success" executed="True" />
                  <test-case description="Script Get-CitrixVMTools.ps1 should be valid PowerShell" name="General project validation.Script Get-CitrixVMTools.ps1 should be valid PowerShell" time="0.1946" asserts="0" success="True" result="Success" executed="True" />
                  <test-case description="Script Get-CitrixWorkspaceApp.ps1 should be valid PowerShell" name="General project validation.Script Get-CitrixWorkspaceApp.ps1 should be valid PowerShell" time="0.1946" asserts="0" success="True" result="Success" executed="True" />
                  <test-case description="Script Get-CodelerityApacheNetBeans.ps1 should be valid PowerShell" name="General project validation.Script Get-CodelerityApacheNetBeans.ps1 should be valid PowerShell" time="0.2028" asserts="0" success="True" result="Success" executed="True" />
                  <test-case description="Script Get-ConnectionExperienceIndicator.ps1 should be valid PowerShell" name="General project validation.Script Get-ConnectionExperienceIndicator.ps1 should be valid PowerShell" time="0.202" asserts="0" success="True" result="Success" executed="True" />
                  <test-case description="Script Get-ControlUpAgent.ps1 should be valid PowerShell" name="General project validation.Script Get-ControlUpAgent.ps1 should be valid PowerShell" time="0.1943" asserts="0" success="True" result="Success" executed="True" />
                  <test-case description="Script Get-ControlUpConsole.ps1 should be valid PowerShell" name="General project validation.Script Get-ControlUpConsole.ps1 should be valid PowerShell" time="0.1953" asserts="0" success="True" result="Success" executed="True" />
                  <test-case description="Script Get-Cyberduck.ps1 should be valid PowerShell" name="General project validation.Script Get-Cyberduck.ps1 should be valid PowerShell" time="0.1948" asserts="0" success="True" result="Success" executed="True" />
                  <test-case description="Script Get-dbeaver.ps1 should be valid PowerShell" name="General project validation.Script Get-dbeaver.ps1 should be valid PowerShell" time="0.2017" asserts="0" success="True" result="Success" executed="True" />
                  <test-case description="Script Get-DebaucheeBarrier.ps1 should be valid PowerShell" name="General project validation.Script Get-DebaucheeBarrier.ps1 should be valid PowerShell" time="0.2038" asserts="0" success="True" result="Success" executed="True" />
                  <test-case description="Script Get-deviceTRUST.ps1 should be valid PowerShell" name="General project validation.Script Get-deviceTRUST.ps1 should be valid PowerShell" time="0.2047" asserts="0" success="True" result="Success" executed="True" />
                  <test-case description="Script Get-DevToys.ps1 should be valid PowerShell" name="General project validation.Script Get-DevToys.ps1 should be valid PowerShell" time="0.2093" asserts="0" success="True" result="Success" executed="True" />
                  <test-case description="Script Get-diagrams.net.ps1 should be valid PowerShell" name="General project validation.Script Get-diagrams.net.ps1 should be valid PowerShell" time="0.2025" asserts="0" success="True" result="Success" executed="True" />
                  <test-case description="Script Get-dnGrep.ps1 should be valid PowerShell" name="General project validation.Script Get-dnGrep.ps1 should be valid PowerShell" time="0.1958" asserts="0" success="True" result="Success" executed="True" />
                  <test-case description="Script Get-DockerDesktop.ps1 should be valid PowerShell" name="General project validation.Script Get-DockerDesktop.ps1 should be valid PowerShell" time="0.1926" asserts="0" success="True" result="Success" executed="True" />
                  <test-case description="Script Get-DoubleCommander.ps1 should be valid PowerShell" name="General project validation.Script Get-DoubleCommander.ps1 should be valid PowerShell" time="0.1981" asserts="0" success="True" result="Success" executed="True" />
                  <test-case description="Script Get-EgnyteDesktopApp.ps1 should be valid PowerShell" name="General project validation.Script Get-EgnyteDesktopApp.ps1 should be valid PowerShell" time="0.2086" asserts="0" success="True" result="Success" executed="True" />
                  <test-case description="Script Get-ESETEndpointAntivirus.ps1 should be valid PowerShell" name="General project validation.Script Get-ESETEndpointAntivirus.ps1 should be valid PowerShell" time="0.2117" asserts="0" success="True" result="Success" executed="True" />
                  <test-case description="Script Get-ESETEndpointSecurity.ps1 should be valid PowerShell" name="General project validation.Script Get-ESETEndpointSecurity.ps1 should be valid PowerShell" time="0.2092" asserts="0" success="True" result="Success" executed="True" />
                  <test-case description="Script Get-ESETFullDiskEncryption.ps1 should be valid PowerShell" name="General project validation.Script Get-ESETFullDiskEncryption.ps1 should be valid PowerShell" time="0.2083" asserts="0" success="True" result="Success" executed="True" />
                  <test-case description="Script Get-ESETInspectConnector.ps1 should be valid PowerShell" name="General project validation.Script Get-ESETInspectConnector.ps1 should be valid PowerShell" time="0.2109" asserts="0" success="True" result="Success" executed="True" />
                  <test-case description="Script Get-ESETPROTECTServer.ps1 should be valid PowerShell" name="General project validation.Script Get-ESETPROTECTServer.ps1 should be valid PowerShell" time="0.2129" asserts="0" success="True" result="Success" executed="True" />
                  <test-case description="Script Get-ESETSecureAuthentication.ps1 should be valid PowerShell" name="General project validation.Script Get-ESETSecureAuthentication.ps1 should be valid PowerShell" time="0.2121" asserts="0" success="True" result="Success" executed="True" />
                  <test-case description="Script Get-ESETServerSecurity.ps1 should be valid PowerShell" name="General project validation.Script Get-ESETServerSecurity.ps1 should be valid PowerShell" time="0.2081" asserts="0" success="True" result="Success" executed="True" />
                  <test-case description="Script Get-FileZilla.ps1 should be valid PowerShell" name="General project validation.Script Get-FileZilla.ps1 should be valid PowerShell" time="0.2125" asserts="0" success="True" result="Success" executed="True" />
                  <test-case description="Script Get-Fork.ps1 should be valid PowerShell" name="General project validation.Script Get-Fork.ps1 should be valid PowerShell" time="0.2129" asserts="0" success="True" result="Success" executed="True" />
                  <test-case description="Script Get-FoxitPDFEditor.ps1 should be valid PowerShell" name="General project validation.Script Get-FoxitPDFEditor.ps1 should be valid PowerShell" time="0.21" asserts="0" success="True" result="Success" executed="True" />
                  <test-case description="Script Get-FoxitReader.ps1 should be valid PowerShell" name="General project validation.Script Get-FoxitReader.ps1 should be valid PowerShell" time="0.2083" asserts="0" success="True" result="Success" executed="True" />
                  <test-case description="Script Get-FreedomScientificFusion.ps1 should be valid PowerShell" name="General project validation.Script Get-FreedomScientificFusion.ps1 should be valid PowerShell" time="0.2122" asserts="0" success="True" result="Success" executed="True" />
                  <test-case description="Script Get-FreedomScientificJAWS.ps1 should be valid PowerShell" name="General project validation.Script Get-FreedomScientificJAWS.ps1 should be valid PowerShell" time="0.2127" asserts="0" success="True" result="Success" executed="True" />
                  <test-case description="Script Get-FreedomScientificZoomText.ps1 should be valid PowerShell" name="General project validation.Script Get-FreedomScientificZoomText.ps1 should be valid PowerShell" time="0.2096" asserts="0" success="True" result="Success" executed="True" />
                  <test-case description="Script Get-FreeFem.ps1 should be valid PowerShell" name="General project validation.Script Get-FreeFem.ps1 should be valid PowerShell" time="0.2098" asserts="0" success="True" result="Success" executed="True" />
                  <test-case description="Script Get-GeekSoftwarePDF24Creator.ps1 should be valid PowerShell" name="General project validation.Script Get-GeekSoftwarePDF24Creator.ps1 should be valid PowerShell" time="0.2116" asserts="0" success="True" result="Success" executed="True" />
                  <test-case description="Script Get-Gephi.ps1 should be valid PowerShell" name="General project validation.Script Get-Gephi.ps1 should be valid PowerShell" time="0.208" asserts="0" success="True" result="Success" executed="True" />
                  <test-case description="Script Get-GhislerTotalCommander.ps1 should be valid PowerShell" name="General project validation.Script Get-GhislerTotalCommander.ps1 should be valid PowerShell" time="0.2195" asserts="0" success="True" result="Success" executed="True" />
                  <test-case description="Script Get-Gimp.ps1 should be valid PowerShell" name="General project validation.Script Get-Gimp.ps1 should be valid PowerShell" time="0.2399" asserts="0" success="True" result="Success" executed="True" />
                  <test-case description="Script Get-GitExtensions.ps1 should be valid PowerShell" name="General project validation.Script Get-GitExtensions.ps1 should be valid PowerShell" time="0.2311" asserts="0" success="True" result="Success" executed="True" />
                  <test-case description="Script Get-GitForWindows.ps1 should be valid PowerShell" name="General project validation.Script Get-GitForWindows.ps1 should be valid PowerShell" time="0.2272" asserts="0" success="True" result="Success" executed="True" />
                  <test-case description="Script Get-GitHubAtom.ps1 should be valid PowerShell" name="General project validation.Script Get-GitHubAtom.ps1 should be valid PowerShell" time="0.2344" asserts="0" success="True" result="Success" executed="True" />
                  <test-case description="Script Get-GitHubRelease.ps1 should be valid PowerShell" name="General project validation.Script Get-GitHubRelease.ps1 should be valid PowerShell" time="0.2255" asserts="0" success="True" result="Success" executed="True" />
                  <test-case description="Script Get-GoogleChrome.ps1 should be valid PowerShell" name="General project validation.Script Get-GoogleChrome.ps1 should be valid PowerShell" time="0.2107" asserts="0" success="True" result="Success" executed="True" />
                  <test-case description="Script Get-Gpg4win.ps1 should be valid PowerShell" name="General project validation.Script Get-Gpg4win.ps1 should be valid PowerShell" time="0.2117" asserts="0" success="True" result="Success" executed="True" />
                  <test-case description="Script Get-Greenshot.ps1 should be valid PowerShell" name="General project validation.Script Get-Greenshot.ps1 should be valid PowerShell" time="0.2063" asserts="0" success="True" result="Success" executed="True" />
                  <test-case description="Script Get-gretl.ps1 should be valid PowerShell" name="General project validation.Script Get-gretl.ps1 should be valid PowerShell" time="0.2105" asserts="0" success="True" result="Success" executed="True" />
                  <test-case description="Script Get-Handbrake.ps1 should be valid PowerShell" name="General project validation.Script Get-Handbrake.ps1 should be valid PowerShell" time="0.2132" asserts="0" success="True" result="Success" executed="True" />
                  <test-case description="Script Get-HashicorpBoundary.ps1 should be valid PowerShell" name="General project validation.Script Get-HashicorpBoundary.ps1 should be valid PowerShell" time="0.2192" asserts="0" success="True" result="Success" executed="True" />
                  <test-case description="Script Get-HashicorpConsul.ps1 should be valid PowerShell" name="General project validation.Script Get-HashicorpConsul.ps1 should be valid PowerShell" time="0.2157" asserts="0" success="True" result="Success" executed="True" />
                  <test-case description="Script Get-HashicorpNomad.ps1 should be valid PowerShell" name="General project validation.Script Get-HashicorpNomad.ps1 should be valid PowerShell" time="0.2159" asserts="0" success="True" result="Success" executed="True" />
                  <test-case description="Script Get-HashicorpPacker.ps1 should be valid PowerShell" name="General project validation.Script Get-HashicorpPacker.ps1 should be valid PowerShell" time="0.2071" asserts="0" success="True" result="Success" executed="True" />
                  <test-case description="Script Get-HashicorpTerraform.ps1 should be valid PowerShell" name="General project validation.Script Get-HashicorpTerraform.ps1 should be valid PowerShell" time="0.2011" asserts="0" success="True" result="Success" executed="True" />
                  <test-case description="Script Get-HashicorpVault.ps1 should be valid PowerShell" name="General project validation.Script Get-HashicorpVault.ps1 should be valid PowerShell" time="0.1972" asserts="0" success="True" result="Success" executed="True" />
                  <test-case description="Script Get-HashicorpWaypoint.ps1 should be valid PowerShell" name="General project validation.Script Get-HashicorpWaypoint.ps1 should be valid PowerShell" time="0.2047" asserts="0" success="True" result="Success" executed="True" />
                  <test-case description="Script Get-ImageGlass.ps1 should be valid PowerShell" name="General project validation.Script Get-ImageGlass.ps1 should be valid PowerShell" time="0.2016" asserts="0" success="True" result="Success" executed="True" />
                  <test-case description="Script Get-ImageMagickStudioImageMagick.ps1 should be valid PowerShell" name="General project validation.Script Get-ImageMagickStudioImageMagick.ps1 should be valid PowerShell" time="0.2044" asserts="0" success="True" result="Success" executed="True" />
                  <test-case description="Script Get-JamTreeSizeFree.ps1 should be valid PowerShell" name="General project validation.Script Get-JamTreeSizeFree.ps1 should be valid PowerShell" time="0.1997" asserts="0" success="True" result="Success" executed="True" />
                  <test-case description="Script Get-JamTreeSizeProfessional.ps1 should be valid PowerShell" name="General project validation.Script Get-JamTreeSizeProfessional.ps1 should be valid PowerShell" time="0.1986" asserts="0" success="True" result="Success" executed="True" />
                  <test-case description="Script Get-JASP.ps1 should be valid PowerShell" name="General project validation.Script Get-JASP.ps1 should be valid PowerShell" time="0.1971" asserts="0" success="True" result="Success" executed="True" />
                  <test-case description="Script Get-JeremyMainGPUProfiler.ps1 should be valid PowerShell" name="General project validation.Script Get-JeremyMainGPUProfiler.ps1 should be valid PowerShell" time="0.2101" asserts="0" success="True" result="Success" executed="True" />
                  <test-case description="Script Get-JetBrainsIntelliJIDEA.ps1 should be valid PowerShell" name="General project validation.Script Get-JetBrainsIntelliJIDEA.ps1 should be valid PowerShell" time="0.2026" asserts="0" success="True" result="Success" executed="True" />
                  <test-case description="Script Get-JetBrainsPyCharm.ps1 should be valid PowerShell" name="General project validation.Script Get-JetBrainsPyCharm.ps1 should be valid PowerShell" time="0.197" asserts="0" success="True" result="Success" executed="True" />
                  <test-case description="Script Get-jq.ps1 should be valid PowerShell" name="General project validation.Script Get-jq.ps1 should be valid PowerShell" time="0.1976" asserts="0" success="True" result="Success" executed="True" />
                  <test-case description="Script Get-jrsoftwareInnoSetup.ps1 should be valid PowerShell" name="General project validation.Script Get-jrsoftwareInnoSetup.ps1 should be valid PowerShell" time="0.2012" asserts="0" success="True" result="Success" executed="True" />
                  <test-case description="Script Get-KarakunOpenWebStart.ps1 should be valid PowerShell" name="General project validation.Script Get-KarakunOpenWebStart.ps1 should be valid PowerShell" time="0.1972" asserts="0" success="True" result="Success" executed="True" />
                  <test-case description="Script Get-KDiff3.ps1 should be valid PowerShell" name="General project validation.Script Get-KDiff3.ps1 should be valid PowerShell" time="0.2033" asserts="0" success="True" result="Success" executed="True" />
                  <test-case description="Script Get-KeePass.ps1 should be valid PowerShell" name="General project validation.Script Get-KeePass.ps1 should be valid PowerShell" time="0.2057" asserts="0" success="True" result="Success" executed="True" />
                  <test-case description="Script Get-KeePassXCTeamKeePassXC.ps1 should be valid PowerShell" name="General project validation.Script Get-KeePassXCTeamKeePassXC.ps1 should be valid PowerShell" time="0.2308" asserts="0" success="True" result="Success" executed="True" />
                  <test-case description="Script Get-KeeWeb.ps1 should be valid PowerShell" name="General project validation.Script Get-KeeWeb.ps1 should be valid PowerShell" time="0.2286" asserts="0" success="True" result="Success" executed="True" />
                  <test-case description="Script Get-LogMeInGoToMeeting.ps1 should be valid PowerShell" name="General project validation.Script Get-LogMeInGoToMeeting.ps1 should be valid PowerShell" time="0.2321" asserts="0" success="True" result="Success" executed="True" />
                  <test-case description="Script Get-LogMeInGoToOpener.ps1 should be valid PowerShell" name="General project validation.Script Get-LogMeInGoToOpener.ps1 should be valid PowerShell" time="0.2097" asserts="0" success="True" result="Success" executed="True" />
                  <test-case description="Script Get-MasterPackager.ps1 should be valid PowerShell" name="General project validation.Script Get-MasterPackager.ps1 should be valid PowerShell" time="0.2133" asserts="0" success="True" result="Success" executed="True" />
                  <test-case description="Script Get-MattermostDesktop.ps1 should be valid PowerShell" name="General project validation.Script Get-MattermostDesktop.ps1 should be valid PowerShell" time="0.2098" asserts="0" success="True" result="Success" executed="True" />
                  <test-case description="Script Get-Maximus5ConEmu.ps1 should be valid PowerShell" name="General project validation.Script Get-Maximus5ConEmu.ps1 should be valid PowerShell" time="0.2125" asserts="0" success="True" result="Success" executed="True" />
                  <test-case description="Script Get-McNeelRhino.ps1 should be valid PowerShell" name="General project validation.Script Get-McNeelRhino.ps1 should be valid PowerShell" time="0.2322" asserts="0" success="True" result="Success" executed="True" />
                  <test-case description="Script Get-MendeleyDesktop.ps1 should be valid PowerShell" name="General project validation.Script Get-MendeleyDesktop.ps1 should be valid PowerShell" time="0.2145" asserts="0" success="True" result="Success" executed="True" />
                  <test-case description="Script Get-MestrelabMnova.ps1 should be valid PowerShell" name="General project validation.Script Get-MestrelabMnova.ps1 should be valid PowerShell" time="0.2081" asserts="0" success="True" result="Success" executed="True" />
                  <test-case description="Script Get-Microsoft.NET.ps1 should be valid PowerShell" name="General project validation.Script Get-Microsoft.NET.ps1 should be valid PowerShell" time="0.2036" asserts="0" success="True" result="Success" executed="True" />
                  <test-case description="Script Get-Microsoft365Apps.ps1 should be valid PowerShell" name="General project validation.Script Get-Microsoft365Apps.ps1 should be valid PowerShell" time="0.2044" asserts="0" success="True" result="Success" executed="True" />
                  <test-case description="Script Get-MicrosoftAzureDataStudio.ps1 should be valid PowerShell" name="General project validation.Script Get-MicrosoftAzureDataStudio.ps1 should be valid PowerShell" time="0.212" asserts="0" success="True" result="Success" executed="True" />
                  <test-case description="Script Get-MicrosoftAzureFunctionsCoreTools.ps1 should be valid PowerShell" name="General project validation.Script Get-MicrosoftAzureFunctionsCoreTools.ps1 should be valid PowerShell" time="0.2214" asserts="0" success="True" result="Success" executed="True" />
                  <test-case description="Script Get-MicrosoftAzureStorageExplorer.ps1 should be valid PowerShell" name="General project validation.Script Get-MicrosoftAzureStorageExplorer.ps1 should be valid PowerShell" time="0.2113" asserts="0" success="True" result="Success" executed="True" />
                  <test-case description="Script Get-MicrosoftAzureWindowsVMAgent.ps1 should be valid PowerShell" name="General project validation.Script Get-MicrosoftAzureWindowsVMAgent.ps1 should be valid PowerShell" time="0.214" asserts="0" success="True" result="Success" executed="True" />
                  <test-case description="Script Get-MicrosoftBicep.ps1 should be valid PowerShell" name="General project validation.Script Get-MicrosoftBicep.ps1 should be valid PowerShell" time="0.2123" asserts="0" success="True" result="Success" executed="True" />
                  <test-case description="Script Get-MicrosoftBotFrameworkEmulator.ps1 should be valid PowerShell" name="General project validation.Script Get-MicrosoftBotFrameworkEmulator.ps1 should be valid PowerShell" time="0.2111" asserts="0" success="True" result="Success" executed="True" />
                  <test-case description="Script Get-MicrosoftEdge.ps1 should be valid PowerShell" name="General project validation.Script Get-MicrosoftEdge.ps1 should be valid PowerShell" time="0.2163" asserts="0" success="True" result="Success" executed="True" />
                  <test-case description="Script Get-MicrosoftEdgeDriver.ps1 should be valid PowerShell" name="General project validation.Script Get-MicrosoftEdgeDriver.ps1 should be valid PowerShell" time="0.2101" asserts="0" success="True" result="Success" executed="True" />
                  <test-case description="Script Get-MicrosoftEdgeWebView2Runtime.ps1 should be valid PowerShell" name="General project validation.Script Get-MicrosoftEdgeWebView2Runtime.ps1 should be valid PowerShell" time="0.2104" asserts="0" success="True" result="Success" executed="True" />
                  <test-case description="Script Get-MicrosoftFSLogixApps.ps1 should be valid PowerShell" name="General project validation.Script Get-MicrosoftFSLogixApps.ps1 should be valid PowerShell" time="0.2072" asserts="0" success="True" result="Success" executed="True" />
                  <test-case description="Script Get-MicrosoftOneDrive.ps1 should be valid PowerShell" name="General project validation.Script Get-MicrosoftOneDrive.ps1 should be valid PowerShell" time="0.2187" asserts="0" success="True" result="Success" executed="True" />
                  <test-case description="Script Get-MicrosoftOutlook.ps1 should be valid PowerShell" name="General project validation.Script Get-MicrosoftOutlook.ps1 should be valid PowerShell" time="0.1996" asserts="0" success="True" result="Success" executed="True" />
                  <test-case description="Script Get-MicrosoftPowerShell.ps1 should be valid PowerShell" name="General project validation.Script Get-MicrosoftPowerShell.ps1 should be valid PowerShell" time="0.1994" asserts="0" success="True" result="Success" executed="True" />
                  <test-case description="Script Get-MicrosoftPowerToys.ps1 should be valid PowerShell" name="General project validation.Script Get-MicrosoftPowerToys.ps1 should be valid PowerShell" time="0.1959" asserts="0" success="True" result="Success" executed="True" />
                  <test-case description="Script Get-MicrosoftSsms.ps1 should be valid PowerShell" name="General project validation.Script Get-MicrosoftSsms.ps1 should be valid PowerShell" time="0.1972" asserts="0" success="True" result="Success" executed="True" />
                  <test-case description="Script Get-MicrosoftTeams.ps1 should be valid PowerShell" name="General project validation.Script Get-MicrosoftTeams.ps1 should be valid PowerShell" time="0.1995" asserts="0" success="True" result="Success" executed="True" />
                  <test-case description="Script Get-MicrosoftTerminal.ps1 should be valid PowerShell" name="General project validation.Script Get-MicrosoftTerminal.ps1 should be valid PowerShell" time="0.1982" asserts="0" success="True" result="Success" executed="True" />
                  <test-case description="Script Get-MicrosoftVisualStudio.ps1 should be valid PowerShell" name="General project validation.Script Get-MicrosoftVisualStudio.ps1 should be valid PowerShell" time="0.1986" asserts="0" success="True" result="Success" executed="True" />
                  <test-case description="Script Get-MicrosoftVisualStudioCode.ps1 should be valid PowerShell" name="General project validation.Script Get-MicrosoftVisualStudioCode.ps1 should be valid PowerShell" time="0.1962" asserts="0" success="True" result="Success" executed="True" />
                  <test-case description="Script Get-MicrosoftWindowsPackageManagerClient.ps1 should be valid PowerShell" name="General project validation.Script Get-MicrosoftWindowsPackageManagerClient.ps1 should be valid PowerShell" time="0.1951" asserts="0" success="True" result="Success" executed="True" />
                  <test-case description="Script Get-MicrosoftWvdBootloader.ps1 should be valid PowerShell" name="General project validation.Script Get-MicrosoftWvdBootloader.ps1 should be valid PowerShell" time="0.1978" asserts="0" success="True" result="Success" executed="True" />
                  <test-case description="Script Get-MicrosoftWvdInfraAgent.ps1 should be valid PowerShell" name="General project validation.Script Get-MicrosoftWvdInfraAgent.ps1 should be valid PowerShell" time="0.2022" asserts="0" success="True" result="Success" executed="True" />
                  <test-case description="Script Get-MicrosoftWvdMultimediaRedirection.ps1 should be valid PowerShell" name="General project validation.Script Get-MicrosoftWvdMultimediaRedirection.ps1 should be valid PowerShell" time="0.198" asserts="0" success="True" result="Success" executed="True" />
                  <test-case description="Script Get-MicrosoftWvdRemoteDesktop.ps1 should be valid PowerShell" name="General project validation.Script Get-MicrosoftWvdRemoteDesktop.ps1 should be valid PowerShell" time="0.2016" asserts="0" success="True" result="Success" executed="True" />
                  <test-case description="Script Get-MicrosoftWvdRtcService.ps1 should be valid PowerShell" name="General project validation.Script Get-MicrosoftWvdRtcService.ps1 should be valid PowerShell" time="0.2115" asserts="0" success="True" result="Success" executed="True" />
                  <test-case description="Script Get-Miniconda.ps1 should be valid PowerShell" name="General project validation.Script Get-Miniconda.ps1 should be valid PowerShell" time="0.2106" asserts="0" success="True" result="Success" executed="True" />
                  <test-case description="Script Get-Minitab.ps1 should be valid PowerShell" name="General project validation.Script Get-Minitab.ps1 should be valid PowerShell" time="0.2103" asserts="0" success="True" result="Success" executed="True" />
                  <test-case description="Script Get-MiniZincIDE.ps1 should be valid PowerShell" name="General project validation.Script Get-MiniZincIDE.ps1 should be valid PowerShell" time="0.2094" asserts="0" success="True" result="Success" executed="True" />
                  <test-case description="Script Get-MirantisLens.ps1 should be valid PowerShell" name="General project validation.Script Get-MirantisLens.ps1 should be valid PowerShell" time="0.2132" asserts="0" success="True" result="Success" executed="True" />
                  <test-case description="Script Get-MozillaFirefox.ps1 should be valid PowerShell" name="General project validation.Script Get-MozillaFirefox.ps1 should be valid PowerShell" time="0.2098" asserts="0" success="True" result="Success" executed="True" />
                  <test-case description="Script Get-MozillaGeckoDriver.ps1 should be valid PowerShell" name="General project validation.Script Get-MozillaGeckoDriver.ps1 should be valid PowerShell" time="0.1965" asserts="0" success="True" result="Success" executed="True" />
                  <test-case description="Script Get-MozillaThunderbird.ps1 should be valid PowerShell" name="General project validation.Script Get-MozillaThunderbird.ps1 should be valid PowerShell" time="0.2013" asserts="0" success="True" result="Success" executed="True" />
                  <test-case description="Script Get-mRemoteNG.ps1 should be valid PowerShell" name="General project validation.Script Get-mRemoteNG.ps1 should be valid PowerShell" time="0.199" asserts="0" success="True" result="Success" executed="True" />
                  <test-case description="Script Get-MuseScore.ps1 should be valid PowerShell" name="General project validation.Script Get-MuseScore.ps1 should be valid PowerShell" time="0.197" asserts="0" success="True" result="Success" executed="True" />
                  <test-case description="Script Get-Naps2.ps1 should be valid PowerShell" name="General project validation.Script Get-Naps2.ps1 should be valid PowerShell" time="0.1962" asserts="0" success="True" result="Success" executed="True" />
                  <test-case description="Script Get-NETworkManager.ps1 should be valid PowerShell" name="General project validation.Script Get-NETworkManager.ps1 should be valid PowerShell" time="0.2052" asserts="0" success="True" result="Success" executed="True" />
                  <test-case description="Script Get-NevcairielLAVFilters.ps1 should be valid PowerShell" name="General project validation.Script Get-NevcairielLAVFilters.ps1 should be valid PowerShell" time="0.1988" asserts="0" success="True" result="Success" executed="True" />
                  <test-case description="Script Get-Nomacs.ps1 should be valid PowerShell" name="General project validation.Script Get-Nomacs.ps1 should be valid PowerShell" time="0.1991" asserts="0" success="True" result="Success" executed="True" />
                  <test-case description="Script Get-Notable.ps1 should be valid PowerShell" name="General project validation.Script Get-Notable.ps1 should be valid PowerShell" time="0.1958" asserts="0" success="True" result="Success" executed="True" />
                  <test-case description="Script Get-NotepadPlusPlus.ps1 should be valid PowerShell" name="General project validation.Script Get-NotepadPlusPlus.ps1 should be valid PowerShell" time="0.1996" asserts="0" success="True" result="Success" executed="True" />
                  <test-case description="Script Get-Obsidian.ps1 should be valid PowerShell" name="General project validation.Script Get-Obsidian.ps1 should be valid PowerShell" time="0.196" asserts="0" success="True" result="Success" executed="True" />
                  <test-case description="Script Get-OBSStudio.ps1 should be valid PowerShell" name="General project validation.Script Get-OBSStudio.ps1 should be valid PowerShell" time="0.198" asserts="0" success="True" result="Success" executed="True" />
                  <test-case description="Script Get-OctopusDeployServer.ps1 should be valid PowerShell" name="General project validation.Script Get-OctopusDeployServer.ps1 should be valid PowerShell" time="0.199" asserts="0" success="True" result="Success" executed="True" />
                  <test-case description="Script Get-OctopusTentacle.ps1 should be valid PowerShell" name="General project validation.Script Get-OctopusTentacle.ps1 should be valid PowerShell" time="0.1989" asserts="0" success="True" result="Success" executed="True" />
                  <test-case description="Script Get-OnlyOfficeDesktopEditors.ps1 should be valid PowerShell" name="General project validation.Script Get-OnlyOfficeDesktopEditors.ps1 should be valid PowerShell" time="0.1969" asserts="0" success="True" result="Success" executed="True" />
                  <test-case description="Script Get-OpenJDK.ps1 should be valid PowerShell" name="General project validation.Script Get-OpenJDK.ps1 should be valid PowerShell" time="0.2042" asserts="0" success="True" result="Success" executed="True" />
                  <test-case description="Script Get-OpenLens.ps1 should be valid PowerShell" name="General project validation.Script Get-OpenLens.ps1 should be valid PowerShell" time="0.2023" asserts="0" success="True" result="Success" executed="True" />
                  <test-case description="Script Get-OpenShellMenu.ps1 should be valid PowerShell" name="General project validation.Script Get-OpenShellMenu.ps1 should be valid PowerShell" time="0.1978" asserts="0" success="True" result="Success" executed="True" />
                  <test-case description="Script Get-OpenWebStart.ps1 should be valid PowerShell" name="General project validation.Script Get-OpenWebStart.ps1 should be valid PowerShell" time="0.2" asserts="0" success="True" result="Success" executed="True" />
                  <test-case description="Script Get-OperaBrowser.ps1 should be valid PowerShell" name="General project validation.Script Get-OperaBrowser.ps1 should be valid PowerShell" time="0.2124" asserts="0" success="True" result="Success" executed="True" />
                  <test-case description="Script Get-OperaCryptoBrowser.ps1 should be valid PowerShell" name="General project validation.Script Get-OperaCryptoBrowser.ps1 should be valid PowerShell" time="0.2117" asserts="0" success="True" result="Success" executed="True" />
                  <test-case description="Script Get-OperaGXBrowser.ps1 should be valid PowerShell" name="General project validation.Script Get-OperaGXBrowser.ps1 should be valid PowerShell" time="0.2127" asserts="0" success="True" result="Success" executed="True" />
                  <test-case description="Script Get-OracleJava8.ps1 should be valid PowerShell" name="General project validation.Script Get-OracleJava8.ps1 should be valid PowerShell" time="0.236" asserts="0" success="True" result="Success" executed="True" />
                  <test-case description="Script Get-OracleVirtualBox.ps1 should be valid PowerShell" name="General project validation.Script Get-OracleVirtualBox.ps1 should be valid PowerShell" time="0.2213" asserts="0" success="True" result="Success" executed="True" />
                  <test-case description="Script Get-PaintDotNet.ps1 should be valid PowerShell" name="General project validation.Script Get-PaintDotNet.ps1 should be valid PowerShell" time="0.2258" asserts="0" success="True" result="Success" executed="True" />
                  <test-case description="Script Get-PaintDotNetOfflineInstaller.ps1 should be valid PowerShell" name="General project validation.Script Get-PaintDotNetOfflineInstaller.ps1 should be valid PowerShell" time="0.2077" asserts="0" success="True" result="Success" executed="True" />
                  <test-case description="Script Get-Pandoc.ps1 should be valid PowerShell" name="General project validation.Script Get-Pandoc.ps1 should be valid PowerShell" time="0.2126" asserts="0" success="True" result="Success" executed="True" />
                  <test-case description="Script Get-PDFForgePDFCreator.ps1 should be valid PowerShell" name="General project validation.Script Get-PDFForgePDFCreator.ps1 should be valid PowerShell" time="0.2128" asserts="0" success="True" result="Success" executed="True" />
                  <test-case description="Script Get-PeaZipPeaZip.ps1 should be valid PowerShell" name="General project validation.Script Get-PeaZipPeaZip.ps1 should be valid PowerShell" time="0.2112" asserts="0" success="True" result="Success" executed="True" />
                  <test-case description="Script Get-PiriformCCleanerFree.ps1 should be valid PowerShell" name="General project validation.Script Get-PiriformCCleanerFree.ps1 should be valid PowerShell" time="0.2104" asserts="0" success="True" result="Success" executed="True" />
                  <test-case description="Script Get-Postman.ps1 should be valid PowerShell" name="General project validation.Script Get-Postman.ps1 should be valid PowerShell" time="0.2011" asserts="0" success="True" result="Success" executed="True" />
                  <test-case description="Script Get-Praat.ps1 should be valid PowerShell" name="General project validation.Script Get-Praat.ps1 should be valid PowerShell" time="0.2033" asserts="0" success="True" result="Success" executed="True" />
                  <test-case description="Script Get-ProgressChefInfraClient.ps1 should be valid PowerShell" name="General project validation.Script Get-ProgressChefInfraClient.ps1 should be valid PowerShell" time="0.197" asserts="0" success="True" result="Success" executed="True" />
                  <test-case description="Script Get-ProgressChefInSpec.ps1 should be valid PowerShell" name="General project validation.Script Get-ProgressChefInSpec.ps1 should be valid PowerShell" time="0.1962" asserts="0" success="True" result="Success" executed="True" />
                  <test-case description="Script Get-ProgressChefWorkstation.ps1 should be valid PowerShell" name="General project validation.Script Get-ProgressChefWorkstation.ps1 should be valid PowerShell" time="0.1993" asserts="0" success="True" result="Success" executed="True" />
                  <test-case description="Script Get-ProjectLibre.ps1 should be valid PowerShell" name="General project validation.Script Get-ProjectLibre.ps1 should be valid PowerShell" time="0.2041" asserts="0" success="True" result="Success" executed="True" />
                  <test-case description="Script Get-Protege.ps1 should be valid PowerShell" name="General project validation.Script Get-Protege.ps1 should be valid PowerShell" time="0.211" asserts="0" success="True" result="Success" executed="True" />
                  <test-case description="Script Get-PSAppDeployToolkit.ps1 should be valid PowerShell" name="General project validation.Script Get-PSAppDeployToolkit.ps1 should be valid PowerShell" time="0.2087" asserts="0" success="True" result="Success" executed="True" />
                  <test-case description="Script Get-PSFPython.ps1 should be valid PowerShell" name="General project validation.Script Get-PSFPython.ps1 should be valid PowerShell" time="0.2102" asserts="0" success="True" result="Success" executed="True" />
                  <test-case description="Script Get-PuTTY.ps1 should be valid PowerShell" name="General project validation.Script Get-PuTTY.ps1 should be valid PowerShell" time="0.2086" asserts="0" success="True" result="Success" executed="True" />
                  <test-case description="Script Get-RCoreTeamRforWindows.ps1 should be valid PowerShell" name="General project validation.Script Get-RCoreTeamRforWindows.ps1 should be valid PowerShell" time="0.2003" asserts="0" success="True" result="Success" executed="True" />
                  <test-case description="Script Get-RDAnalyzer.ps1 should be valid PowerShell" name="General project validation.Script Get-RDAnalyzer.ps1 should be valid PowerShell" time="0.1999" asserts="0" success="True" result="Success" executed="True" />
                  <test-case description="Script Get-RingCentral.ps1 should be valid PowerShell" name="General project validation.Script Get-RingCentral.ps1 should be valid PowerShell" time="0.2073" asserts="0" success="True" result="Success" executed="True" />
                  <test-case description="Script Get-RizonesoftNotepad3.ps1 should be valid PowerShell" name="General project validation.Script Get-RizonesoftNotepad3.ps1 should be valid PowerShell" time="0.2106" asserts="0" success="True" result="Success" executed="True" />
                  <test-case description="Script Get-RStudio.ps1 should be valid PowerShell" name="General project validation.Script Get-RStudio.ps1 should be valid PowerShell" time="0.2075" asserts="0" success="True" result="Success" executed="True" />
                  <test-case description="Script Get-SafeExamBrowser.ps1 should be valid PowerShell" name="General project validation.Script Get-SafeExamBrowser.ps1 should be valid PowerShell" time="0.2024" asserts="0" success="True" result="Success" executed="True" />
                  <test-case description="Script Get-SafingPortmaster.ps1 should be valid PowerShell" name="General project validation.Script Get-SafingPortmaster.ps1 should be valid PowerShell" time="0.1974" asserts="0" success="True" result="Success" executed="True" />
                  <test-case description="Script Get-SAGAGIS.ps1 should be valid PowerShell" name="General project validation.Script Get-SAGAGIS.ps1 should be valid PowerShell" time="0.2227" asserts="0" success="True" result="Success" executed="True" />
                  <test-case description="Script Get-ScooterBeyondCompare.ps1 should be valid PowerShell" name="General project validation.Script Get-ScooterBeyondCompare.ps1 should be valid PowerShell" time="0.2309" asserts="0" success="True" result="Success" executed="True" />
                  <test-case description="Script Get-Scratch.ps1 should be valid PowerShell" name="General project validation.Script Get-Scratch.ps1 should be valid PowerShell" time="0.2357" asserts="0" success="True" result="Success" executed="True" />
                  <test-case description="Script Get-ScreenToGif.ps1 should be valid PowerShell" name="General project validation.Script Get-ScreenToGif.ps1 should be valid PowerShell" time="0.2254" asserts="0" success="True" result="Success" executed="True" />
                  <test-case description="Script Get-ShareX.ps1 should be valid PowerShell" name="General project validation.Script Get-ShareX.ps1 should be valid PowerShell" time="0.1988" asserts="0" success="True" result="Success" executed="True" />
                  <test-case description="Script Get-SignalDesktop.ps1 should be valid PowerShell" name="General project validation.Script Get-SignalDesktop.ps1 should be valid PowerShell" time="0.1983" asserts="0" success="True" result="Success" executed="True" />
                  <test-case description="Script Get-Slack.ps1 should be valid PowerShell" name="General project validation.Script Get-Slack.ps1 should be valid PowerShell" time="0.2145" asserts="0" success="True" result="Success" executed="True" />
                  <test-case description="Script Get-SmartBearSoapUI.ps1 should be valid PowerShell" name="General project validation.Script Get-SmartBearSoapUI.ps1 should be valid PowerShell" time="0.2107" asserts="0" success="True" result="Success" executed="True" />
                  <test-case description="Script Get-SoberLemurPDFSamBasic.ps1 should be valid PowerShell" name="General project validation.Script Get-SoberLemurPDFSamBasic.ps1 should be valid PowerShell" time="0.2114" asserts="0" success="True" result="Success" executed="True" />
                  <test-case description="Script Get-stealthpuppyWindowsCustomisedDefaults.ps1 should be valid PowerShell" name="General project validation.Script Get-stealthpuppyWindowsCustomisedDefaults.ps1 should be valid PowerShell" time="0.2081" asserts="0" success="True" result="Success" executed="True" />
                  <test-case description="Script Get-StefansToolsgregpWin.ps1 should be valid PowerShell" name="General project validation.Script Get-StefansToolsgregpWin.ps1 should be valid PowerShell" time="0.2235" asserts="0" success="True" result="Success" executed="True" />
                  <test-case description="Script Get-SumatraPDFReader.ps1 should be valid PowerShell" name="General project validation.Script Get-SumatraPDFReader.ps1 should be valid PowerShell" time="0.2231" asserts="0" success="True" result="Success" executed="True" />
                  <test-case description="Script Get-TableauDesktop.ps1 should be valid PowerShell" name="General project validation.Script Get-TableauDesktop.ps1 should be valid PowerShell" time="0.2166" asserts="0" success="True" result="Success" executed="True" />
                  <test-case description="Script Get-TableauPrep.ps1 should be valid PowerShell" name="General project validation.Script Get-TableauPrep.ps1 should be valid PowerShell" time="0.211" asserts="0" success="True" result="Success" executed="True" />
                  <test-case description="Script Get-TableauReader.ps1 should be valid PowerShell" name="General project validation.Script Get-TableauReader.ps1 should be valid PowerShell" time="0.2208" asserts="0" success="True" result="Success" executed="True" />
                  <test-case description="Script Get-TeamViewer.ps1 should be valid PowerShell" name="General project validation.Script Get-TeamViewer.ps1 should be valid PowerShell" time="0.224" asserts="0" success="True" result="Success" executed="True" />
                  <test-case description="Script Get-TechSmithCamtasia.ps1 should be valid PowerShell" name="General project validation.Script Get-TechSmithCamtasia.ps1 should be valid PowerShell" time="0.2231" asserts="0" success="True" result="Success" executed="True" />
                  <test-case description="Script Get-TechSmithSnagit.ps1 should be valid PowerShell" name="General project validation.Script Get-TechSmithSnagit.ps1 should be valid PowerShell" time="0.2259" asserts="0" success="True" result="Success" executed="True" />
                  <test-case description="Script Get-TelegramDesktop.ps1 should be valid PowerShell" name="General project validation.Script Get-TelegramDesktop.ps1 should be valid PowerShell" time="0.2123" asserts="0" success="True" result="Success" executed="True" />
                  <test-case description="Script Get-TelerikFiddlerClassic.ps1 should be valid PowerShell" name="General project validation.Script Get-TelerikFiddlerClassic.ps1 should be valid PowerShell" time="0.2108" asserts="0" success="True" result="Success" executed="True" />
                  <test-case description="Script Get-TelerikFiddlerEverywhere.ps1 should be valid PowerShell" name="General project validation.Script Get-TelerikFiddlerEverywhere.ps1 should be valid PowerShell" time="0.207" asserts="0" success="True" result="Success" executed="True" />
                  <test-case description="Script Get-Terminals.ps1 should be valid PowerShell" name="General project validation.Script Get-Terminals.ps1 should be valid PowerShell" time="0.2074" asserts="0" success="True" result="Success" executed="True" />
                  <test-case description="Script Get-TeXstudio.ps1 should be valid PowerShell" name="General project validation.Script Get-TeXstudio.ps1 should be valid PowerShell" time="0.2085" asserts="0" success="True" result="Success" executed="True" />
                  <test-case description="Script Get-TogglDesktop.ps1 should be valid PowerShell" name="General project validation.Script Get-TogglDesktop.ps1 should be valid PowerShell" time="0.207" asserts="0" success="True" result="Success" executed="True" />
                  <test-case description="Script Get-TorProjectTorBrowser.ps1 should be valid PowerShell" name="General project validation.Script Get-TorProjectTorBrowser.ps1 should be valid PowerShell" time="0.2156" asserts="0" success="True" result="Success" executed="True" />
                  <test-case description="Script Get-Tower.ps1 should be valid PowerShell" name="General project validation.Script Get-Tower.ps1 should be valid PowerShell" time="0.2075" asserts="0" success="True" result="Success" executed="True" />
                  <test-case description="Script Get-TrackerSoftwarePDFXChangeEditor.ps1 should be valid PowerShell" name="General project validation.Script Get-TrackerSoftwarePDFXChangeEditor.ps1 should be valid PowerShell" time="0.212" asserts="0" success="True" result="Success" executed="True" />
                  <test-case description="Script Get-USBPcap.ps1 should be valid PowerShell" name="General project validation.Script Get-USBPcap.ps1 should be valid PowerShell" time="0.204" asserts="0" success="True" result="Success" executed="True" />
                  <test-case description="Script Get-VastLimitsUberAgent.ps1 should be valid PowerShell" name="General project validation.Script Get-VastLimitsUberAgent.ps1 should be valid PowerShell" time="0.206" asserts="0" success="True" result="Success" executed="True" />
                  <test-case description="Script Get-VeraCrypt.ps1 should be valid PowerShell" name="General project validation.Script Get-VeraCrypt.ps1 should be valid PowerShell" time="0.1997" asserts="0" success="True" result="Success" executed="True" />
                  <test-case description="Script Get-VercelHyper.ps1 should be valid PowerShell" name="General project validation.Script Get-VercelHyper.ps1 should be valid PowerShell" time="0.2092" asserts="0" success="True" result="Success" executed="True" />
                  <test-case description="Script Get-VideoLanVlcPlayer.ps1 should be valid PowerShell" name="General project validation.Script Get-VideoLanVlcPlayer.ps1 should be valid PowerShell" time="0.2057" asserts="0" success="True" result="Success" executed="True" />
                  <test-case description="Script Get-VisualCppRedistAIO.ps1 should be valid PowerShell" name="General project validation.Script Get-VisualCppRedistAIO.ps1 should be valid PowerShell" time="0.2089" asserts="0" success="True" result="Success" executed="True" />
                  <test-case description="Script Get-VMPlexWorkstation.ps1 should be valid PowerShell" name="General project validation.Script Get-VMPlexWorkstation.ps1 should be valid PowerShell" time="0.2003" asserts="0" success="True" result="Success" executed="True" />
                  <test-case description="Script Get-VMwareHorizonClient.ps1 should be valid PowerShell" name="General project validation.Script Get-VMwareHorizonClient.ps1 should be valid PowerShell" time="0.2071" asserts="0" success="True" result="Success" executed="True" />
                  <test-case description="Script Get-VMwareHorizonClientAlt.ps1 should be valid PowerShell" name="General project validation.Script Get-VMwareHorizonClientAlt.ps1 should be valid PowerShell" time="0.2084" asserts="0" success="True" result="Success" executed="True" />
                  <test-case description="Script Get-VMwareOSOptimizationTool.ps1 should be valid PowerShell" name="General project validation.Script Get-VMwareOSOptimizationTool.ps1 should be valid PowerShell" time="0.1972" asserts="0" success="True" result="Success" executed="True" />
                  <test-case description="Script Get-VMwareTools.ps1 should be valid PowerShell" name="General project validation.Script Get-VMwareTools.ps1 should be valid PowerShell" time="0.204" asserts="0" success="True" result="Success" executed="True" />
                  <test-case description="Script Get-VMwareWorkstationPlayer.ps1 should be valid PowerShell" name="General project validation.Script Get-VMwareWorkstationPlayer.ps1 should be valid PowerShell" time="0.2025" asserts="0" success="True" result="Success" executed="True" />
                  <test-case description="Script Get-VMwareWorkstationPro.ps1 should be valid PowerShell" name="General project validation.Script Get-VMwareWorkstationPro.ps1 should be valid PowerShell" time="0.1968" asserts="0" success="True" result="Success" executed="True" />
                  <test-case description="Script Get-voidtoolsEverything.ps1 should be valid PowerShell" name="General project validation.Script Get-voidtoolsEverything.ps1 should be valid PowerShell" time="0.1847" asserts="0" success="True" result="Success" executed="True" />
                  <test-case description="Script Get-Win32OpenSSH.ps1 should be valid PowerShell" name="General project validation.Script Get-Win32OpenSSH.ps1 should be valid PowerShell" time="0.1874" asserts="0" success="True" result="Success" executed="True" />
                  <test-case description="Script Get-WinMerge.ps1 should be valid PowerShell" name="General project validation.Script Get-WinMerge.ps1 should be valid PowerShell" time="0.1965" asserts="0" success="True" result="Success" executed="True" />
                  <test-case description="Script Get-WinSCP.ps1 should be valid PowerShell" name="General project validation.Script Get-WinSCP.ps1 should be valid PowerShell" time="0.1972" asserts="0" success="True" result="Success" executed="True" />
                  <test-case description="Script Get-Wireshark.ps1 should be valid PowerShell" name="General project validation.Script Get-Wireshark.ps1 should be valid PowerShell" time="0.1986" asserts="0" success="True" result="Success" executed="True" />
                  <test-case description="Script Get-WixToolset.ps1 should be valid PowerShell" name="General project validation.Script Get-WixToolset.ps1 should be valid PowerShell" time="0.1923" asserts="0" success="True" result="Success" executed="True" />
                  <test-case description="Script Get-XnSoftXnConvert.ps1 should be valid PowerShell" name="General project validation.Script Get-XnSoftXnConvert.ps1 should be valid PowerShell" time="0.2041" asserts="0" success="True" result="Success" executed="True" />
                  <test-case description="Script Get-XnSoftXnViewMP.ps1 should be valid PowerShell" name="General project validation.Script Get-XnSoftXnViewMP.ps1 should be valid PowerShell" time="0.2086" asserts="0" success="True" result="Success" executed="True" />
                  <test-case description="Script Get-YubicoAuthenticator.ps1 should be valid PowerShell" name="General project validation.Script Get-YubicoAuthenticator.ps1 should be valid PowerShell" time="0.2138" asserts="0" success="True" result="Success" executed="True" />
                  <test-case description="Script Get-Zoom.ps1 should be valid PowerShell" name="General project validation.Script Get-Zoom.ps1 should be valid PowerShell" time="0.2151" asserts="0" success="True" result="Success" executed="True" />
                  <test-case description="Script Get-ZorgmailVeiligVerzendenAddin.ps1 should be valid PowerShell" name="General project validation.Script Get-ZorgmailVeiligVerzendenAddin.ps1 should be valid PowerShell" time="0.2175" asserts="0" success="True" result="Success" executed="True" />
                  <test-case description="Script Get-Zotero.ps1 should be valid PowerShell" name="General project validation.Script Get-Zotero.ps1 should be valid PowerShell" time="0.2179" asserts="0" success="True" result="Success" executed="True" />
                  <test-case description="Script ConvertFrom-IniFile.ps1 should be valid PowerShell" name="General project validation.Script ConvertFrom-IniFile.ps1 should be valid PowerShell" time="0.2217" asserts="0" success="True" result="Success" executed="True" />
                  <test-case description="Script ConvertTo-DateTime.ps1 should be valid PowerShell" name="General project validation.Script ConvertTo-DateTime.ps1 should be valid PowerShell" time="0.2209" asserts="0" success="True" result="Success" executed="True" />
                  <test-case description="Script ConvertTo-Hashtable.ps1 should be valid PowerShell" name="General project validation.Script ConvertTo-Hashtable.ps1 should be valid PowerShell" time="0.2171" asserts="0" success="True" result="Success" executed="True" />
                  <test-case description="Script Expand-GzipArchive.ps1 should be valid PowerShell" name="General project validation.Script Expand-GzipArchive.ps1 should be valid PowerShell" time="0.2201" asserts="0" success="True" result="Success" executed="True" />
                  <test-case description="Script Get-Architecture.ps1 should be valid PowerShell" name="General project validation.Script Get-Architecture.ps1 should be valid PowerShell" time="0.2156" asserts="0" success="True" result="Success" executed="True" />
                  <test-case description="Script Get-FileType.ps1 should be valid PowerShell" name="General project validation.Script Get-FileType.ps1 should be valid PowerShell" time="0.2127" asserts="0" success="True" result="Success" executed="True" />
                  <test-case description="Script Get-FunctionResource.ps1 should be valid PowerShell" name="General project validation.Script Get-FunctionResource.ps1 should be valid PowerShell" time="0.2139" asserts="0" success="True" result="Success" executed="True" />
                  <test-case description="Script Get-GitHubRepoRelease.ps1 should be valid PowerShell" name="General project validation.Script Get-GitHubRepoRelease.ps1 should be valid PowerShell" time="0.2141" asserts="0" success="True" result="Success" executed="True" />
                  <test-case description="Script Get-ModuleResource.ps1 should be valid PowerShell" name="General project validation.Script Get-ModuleResource.ps1 should be valid PowerShell" time="0.2219" asserts="0" success="True" result="Success" executed="True" />
                  <test-case description="Script Get-Platform.ps1 should be valid PowerShell" name="General project validation.Script Get-Platform.ps1 should be valid PowerShell" time="0.214" asserts="0" success="True" result="Success" executed="True" />
                  <test-case description="Script Get-SourceForgeRepoRelease.ps1 should be valid PowerShell" name="General project validation.Script Get-SourceForgeRepoRelease.ps1 should be valid PowerShell" time="0.2148" asserts="0" success="True" result="Success" executed="True" />
                  <test-case description="Script Invoke-RestMethodWrapper.ps1 should be valid PowerShell" name="General project validation.Script Invoke-RestMethodWrapper.ps1 should be valid PowerShell" time="0.2222" asserts="0" success="True" result="Success" executed="True" />
                  <test-case description="Script Invoke-SystemNetRequest.ps1 should be valid PowerShell" name="General project validation.Script Invoke-SystemNetRequest.ps1 should be valid PowerShell" time="0.2137" asserts="0" success="True" result="Success" executed="True" />
                  <test-case description="Script Invoke-WebRequestWrapper.ps1 should be valid PowerShell" name="General project validation.Script Invoke-WebRequestWrapper.ps1 should be valid PowerShell" time="0.2116" asserts="0" success="True" result="Success" executed="True" />
                  <test-case description="Script New-EvergreenPath.ps1 should be valid PowerShell" name="General project validation.Script New-EvergreenPath.ps1 should be valid PowerShell" time="0.2156" asserts="0" success="True" result="Success" executed="True" />
                  <test-case description="Script Remove-ProxyEnv.ps1 should be valid PowerShell" name="General project validation.Script Remove-ProxyEnv.ps1 should be valid PowerShell" time="0.2045" asserts="0" success="True" result="Success" executed="True" />
                  <test-case description="Script Resolve-DnsNameWrapper.ps1 should be valid PowerShell" name="General project validation.Script Resolve-DnsNameWrapper.ps1 should be valid PowerShell" time="0.2088" asserts="0" success="True" result="Success" executed="True" />
                  <test-case description="Script Resolve-InvokeWebRequest.ps1 should be valid PowerShell" name="General project validation.Script Resolve-InvokeWebRequest.ps1 should be valid PowerShell" time="0.2084" asserts="0" success="True" result="Success" executed="True" />
                  <test-case description="Script Resolve-SystemNetWebRequest.ps1 should be valid PowerShell" name="General project validation.Script Resolve-SystemNetWebRequest.ps1 should be valid PowerShell" time="0.2116" asserts="0" success="True" result="Success" executed="True" />
                  <test-case description="Script Save-File.ps1 should be valid PowerShell" name="General project validation.Script Save-File.ps1 should be valid PowerShell" time="0.2076" asserts="0" success="True" result="Success" executed="True" />
                  <test-case description="Script Set-ProxyEnv.ps1 should be valid PowerShell" name="General project validation.Script Set-ProxyEnv.ps1 should be valid PowerShell" time="0.209" asserts="0" success="True" result="Success" executed="True" />
                  <test-case description="Script Test-ProxyEnv.ps1 should be valid PowerShell" name="General project validation.Script Test-ProxyEnv.ps1 should be valid PowerShell" time="0.2154" asserts="0" success="True" result="Success" executed="True" />
                  <test-case description="Script Test-PSCore.ps1 should be valid PowerShell" name="General project validation.Script Test-PSCore.ps1 should be valid PowerShell" time="0.2156" asserts="0" success="True" result="Success" executed="True" />
                  <test-case description="Script Export-EvergreenApp.ps1 should be valid PowerShell" name="General project validation.Script Export-EvergreenApp.ps1 should be valid PowerShell" time="0.2101" asserts="0" success="True" result="Success" executed="True" />
                  <test-case description="Script Export-EvergreenManifest.ps1 should be valid PowerShell" name="General project validation.Script Export-EvergreenManifest.ps1 should be valid PowerShell" time="0.2107" asserts="0" success="True" result="Success" executed="True" />
                  <test-case description="Script Find-EvergreenApp.ps1 should be valid PowerShell" name="General project validation.Script Find-EvergreenApp.ps1 should be valid PowerShell" time="0.2294" asserts="0" success="True" result="Success" executed="True" />
                  <test-case description="Script Get-EvergreenApp.ps1 should be valid PowerShell" name="General project validation.Script Get-EvergreenApp.ps1 should be valid PowerShell" time="0.2205" asserts="0" success="True" result="Success" executed="True" />
                  <test-case description="Script Get-EvergreenLibrary.ps1 should be valid PowerShell" name="General project validation.Script Get-EvergreenLibrary.ps1 should be valid PowerShell" time="0.2214" asserts="0" success="True" result="Success" executed="True" />
                  <test-case description="Script Invoke-EvergreenApp.ps1 should be valid PowerShell" name="General project validation.Script Invoke-EvergreenApp.ps1 should be valid PowerShell" time="0.2257" asserts="0" success="True" result="Success" executed="True" />
                  <test-case description="Script Invoke-EvergreenLibraryUpdate.ps1 should be valid PowerShell" name="General project validation.Script Invoke-EvergreenLibraryUpdate.ps1 should be valid PowerShell" time="0.2221" asserts="0" success="True" result="Success" executed="True" />
                  <test-case description="Script New-EvergreenLibrary.ps1 should be valid PowerShell" name="General project validation.Script New-EvergreenLibrary.ps1 should be valid PowerShell" time="0.2171" asserts="0" success="True" result="Success" executed="True" />
                  <test-case description="Script Save-EvergreenApp.ps1 should be valid PowerShell" name="General project validation.Script Save-EvergreenApp.ps1 should be valid PowerShell" time="0.2092" asserts="0" success="True" result="Success" executed="True" />
                  <test-case description="Script Test-EvergreenApp.ps1 should be valid PowerShell" name="General project validation.Script Test-EvergreenApp.ps1 should be valid PowerShell" time="0.2129" asserts="0" success="True" result="Success" executed="True" />
                </results>
              </test-suite>
            </results>
          </test-suite>
          <test-suite type="TestFixture" name="Module Function validation" executed="True" result="Success" success="True" time="213.9322" asserts="0" description="Module Function validation">
            <results>
              <test-suite type="ParameterizedTest" name="Module Function validation.Script &lt;file.Name&gt; should only contain one function" executed="True" result="Success" success="True" time="75.8818" asserts="0" description="Script &lt;file.Name&gt; should only contain one function">
                <results>
                  <test-case description="Script Get-1Password.ps1 should only contain one function" name="Module Function validation.Script Get-1Password.ps1 should only contain one function" time="0.2667" asserts="0" success="True" result="Success" executed="True" />
                  <test-case description="Script Get-1Password7.ps1 should only contain one function" name="Module Function validation.Script Get-1Password7.ps1 should only contain one function" time="0.2483" asserts="0" success="True" result="Success" executed="True" />
                  <test-case description="Script Get-7zip.ps1 should only contain one function" name="Module Function validation.Script Get-7zip.ps1 should only contain one function" time="0.2483" asserts="0" success="True" result="Success" executed="True" />
                  <test-case description="Script Get-7ZipZS.ps1 should only contain one function" name="Module Function validation.Script Get-7ZipZS.ps1 should only contain one function" time="0.2456" asserts="0" success="True" result="Success" executed="True" />
                  <test-case description="Script Get-AdobeAcrobat.ps1 should only contain one function" name="Module Function validation.Script Get-AdobeAcrobat.ps1 should only contain one function" time="0.2608" asserts="0" success="True" result="Success" executed="True" />
                  <test-case description="Script Get-AdobeAcrobatDC.ps1 should only contain one function" name="Module Function validation.Script Get-AdobeAcrobatDC.ps1 should only contain one function" time="0.256" asserts="0" success="True" result="Success" executed="True" />
                  <test-case description="Script Get-AdobeAcrobatProStdDC.ps1 should only contain one function" name="Module Function validation.Script Get-AdobeAcrobatProStdDC.ps1 should only contain one function" time="0.2439" asserts="0" success="True" result="Success" executed="True" />
                  <test-case description="Script Get-AdobeAcrobatReaderDC.ps1 should only contain one function" name="Module Function validation.Script Get-AdobeAcrobatReaderDC.ps1 should only contain one function" time="0.2378" asserts="0" success="True" result="Success" executed="True" />
                  <test-case description="Script Get-AdobeBrackets.ps1 should only contain one function" name="Module Function validation.Script Get-AdobeBrackets.ps1 should only contain one function" time="0.2459" asserts="0" success="True" result="Success" executed="True" />
                  <test-case description="Script Get-AdobeConnect.ps1 should only contain one function" name="Module Function validation.Script Get-AdobeConnect.ps1 should only contain one function" time="0.2741" asserts="0" success="True" result="Success" executed="True" />
                  <test-case description="Script Get-AdoptiumTemurin11.ps1 should only contain one function" name="Module Function validation.Script Get-AdoptiumTemurin11.ps1 should only contain one function" time="0.2431" asserts="0" success="True" result="Success" executed="True" />
                  <test-case description="Script Get-AdoptiumTemurin16.ps1 should only contain one function" name="Module Function validation.Script Get-AdoptiumTemurin16.ps1 should only contain one function" time="0.2412" asserts="0" success="True" result="Success" executed="True" />
                  <test-case description="Script Get-AdoptiumTemurin17.ps1 should only contain one function" name="Module Function validation.Script Get-AdoptiumTemurin17.ps1 should only contain one function" time="0.2647" asserts="0" success="True" result="Success" executed="True" />
                  <test-case description="Script Get-AdoptiumTemurin18.ps1 should only contain one function" name="Module Function validation.Script Get-AdoptiumTemurin18.ps1 should only contain one function" time="0.2548" asserts="0" success="True" result="Success" executed="True" />
                  <test-case description="Script Get-AdoptiumTemurin8.ps1 should only contain one function" name="Module Function validation.Script Get-AdoptiumTemurin8.ps1 should only contain one function" time="0.2516" asserts="0" success="True" result="Success" executed="True" />
                  <test-case description="Script Get-AdoptOpenJDK11.ps1 should only contain one function" name="Module Function validation.Script Get-AdoptOpenJDK11.ps1 should only contain one function" time="0.2541" asserts="0" success="True" result="Success" executed="True" />
                  <test-case description="Script Get-AdoptOpenJDK16.ps1 should only contain one function" name="Module Function validation.Script Get-AdoptOpenJDK16.ps1 should only contain one function" time="0.2481" asserts="0" success="True" result="Success" executed="True" />
                  <test-case description="Script Get-AdoptOpenJDK8.ps1 should only contain one function" name="Module Function validation.Script Get-AdoptOpenJDK8.ps1 should only contain one function" time="0.242" asserts="0" success="True" result="Success" executed="True" />
                  <test-case description="Script Get-AdoptOpenJDKIcedTeaWeb.ps1 should only contain one function" name="Module Function validation.Script Get-AdoptOpenJDKIcedTeaWeb.ps1 should only contain one function" time="0.2475" asserts="0" success="True" result="Success" executed="True" />
                  <test-case description="Script Get-AdoptOpenJDKSemuru11.ps1 should only contain one function" name="Module Function validation.Script Get-AdoptOpenJDKSemuru11.ps1 should only contain one function" time="0.2559" asserts="0" success="True" result="Success" executed="True" />
                  <test-case description="Script Get-AdoptOpenJDKSemuru17.ps1 should only contain one function" name="Module Function validation.Script Get-AdoptOpenJDKSemuru17.ps1 should only contain one function" time="0.2515" asserts="0" success="True" result="Success" executed="True" />
                  <test-case description="Script Get-AdoptOpenJDKSemuru18.ps1 should only contain one function" name="Module Function validation.Script Get-AdoptOpenJDKSemuru18.ps1 should only contain one function" time="0.2496" asserts="0" success="True" result="Success" executed="True" />
                  <test-case description="Script Get-AdoptOpenJDKSemuru8.ps1 should only contain one function" name="Module Function validation.Script Get-AdoptOpenJDKSemuru8.ps1 should only contain one function" time="0.2481" asserts="0" success="True" result="Success" executed="True" />
                  <test-case description="Script Get-AirtameApp.ps1 should only contain one function" name="Module Function validation.Script Get-AirtameApp.ps1 should only contain one function" time="0.2423" asserts="0" success="True" result="Success" executed="True" />
                  <test-case description="Script Get-AkeoRufus.ps1 should only contain one function" name="Module Function validation.Script Get-AkeoRufus.ps1 should only contain one function" time="0.2429" asserts="0" success="True" result="Success" executed="True" />
                  <test-case description="Script Get-AmazonCorretto.ps1 should only contain one function" name="Module Function validation.Script Get-AmazonCorretto.ps1 should only contain one function" time="0.2383" asserts="0" success="True" result="Success" executed="True" />
                  <test-case description="Script Get-Anaconda.ps1 should only contain one function" name="Module Function validation.Script Get-Anaconda.ps1 should only contain one function" time="0.2458" asserts="0" success="True" result="Success" executed="True" />
                  <test-case description="Script Get-Anki.ps1 should only contain one function" name="Module Function validation.Script Get-Anki.ps1 should only contain one function" time="0.2594" asserts="0" success="True" result="Success" executed="True" />
                  <test-case description="Script Get-AppVentiX.ps1 should only contain one function" name="Module Function validation.Script Get-AppVentiX.ps1 should only contain one function" time="0.3124" asserts="0" success="True" result="Success" executed="True" />
                  <test-case description="Script Get-ArtifexGhostscript.ps1 should only contain one function" name="Module Function validation.Script Get-ArtifexGhostscript.ps1 should only contain one function" time="0.3191" asserts="0" success="True" result="Success" executed="True" />
                  <test-case description="Script Get-AtlassianSourcetree.ps1 should only contain one function" name="Module Function validation.Script Get-AtlassianSourcetree.ps1 should only contain one function" time="0.2858" asserts="0" success="True" result="Success" executed="True" />
                  <test-case description="Script Get-Audacity.ps1 should only contain one function" name="Module Function validation.Script Get-Audacity.ps1 should only contain one function" time="0.2502" asserts="0" success="True" result="Success" executed="True" />
                  <test-case description="Script Get-AutoDarkMode.ps1 should only contain one function" name="Module Function validation.Script Get-AutoDarkMode.ps1 should only contain one function" time="0.267" asserts="0" success="True" result="Success" executed="True" />
                  <test-case description="Script Get-AWSCLI.ps1 should only contain one function" name="Module Function validation.Script Get-AWSCLI.ps1 should only contain one function" time="0.2469" asserts="0" success="True" result="Success" executed="True" />
                  <test-case description="Script Get-AWSSAMCLI.ps1 should only contain one function" name="Module Function validation.Script Get-AWSSAMCLI.ps1 should only contain one function" time="0.2463" asserts="0" success="True" result="Success" executed="True" />
                  <test-case description="Script Get-BeekeeperStudio.ps1 should only contain one function" name="Module Function validation.Script Get-BeekeeperStudio.ps1 should only contain one function" time="0.2553" asserts="0" success="True" result="Success" executed="True" />
                  <test-case description="Script Get-BISF.ps1 should only contain one function" name="Module Function validation.Script Get-BISF.ps1 should only contain one function" time="0.2551" asserts="0" success="True" result="Success" executed="True" />
                  <test-case description="Script Get-BitwardenDesktop.ps1 should only contain one function" name="Module Function validation.Script Get-BitwardenDesktop.ps1 should only contain one function" time="0.273" asserts="0" success="True" result="Success" executed="True" />
                  <test-case description="Script Get-BlenderLauncher.ps1 should only contain one function" name="Module Function validation.Script Get-BlenderLauncher.ps1 should only contain one function" time="0.272" asserts="0" success="True" result="Success" executed="True" />
                  <test-case description="Script Get-BlueJ.ps1 should only contain one function" name="Module Function validation.Script Get-BlueJ.ps1 should only contain one function" time="0.2776" asserts="0" success="True" result="Success" executed="True" />
                  <test-case description="Script Get-CendioThinLinc.ps1 should only contain one function" name="Module Function validation.Script Get-CendioThinLinc.ps1 should only contain one function" time="0.2756" asserts="0" success="True" result="Success" executed="True" />
                  <test-case description="Script Get-ChromiumChromeDriver.ps1 should only contain one function" name="Module Function validation.Script Get-ChromiumChromeDriver.ps1 should only contain one function" time="0.2772" asserts="0" success="True" result="Success" executed="True" />
                  <test-case description="Script Get-CitrixVMTools.ps1 should only contain one function" name="Module Function validation.Script Get-CitrixVMTools.ps1 should only contain one function" time="0.2805" asserts="0" success="True" result="Success" executed="True" />
                  <test-case description="Script Get-CitrixWorkspaceApp.ps1 should only contain one function" name="Module Function validation.Script Get-CitrixWorkspaceApp.ps1 should only contain one function" time="0.2652" asserts="0" success="True" result="Success" executed="True" />
                  <test-case description="Script Get-CodelerityApacheNetBeans.ps1 should only contain one function" name="Module Function validation.Script Get-CodelerityApacheNetBeans.ps1 should only contain one function" time="0.2689" asserts="0" success="True" result="Success" executed="True" />
                  <test-case description="Script Get-ConnectionExperienceIndicator.ps1 should only contain one function" name="Module Function validation.Script Get-ConnectionExperienceIndicator.ps1 should only contain one function" time="0.242" asserts="0" success="True" result="Success" executed="True" />
                  <test-case description="Script Get-ControlUpAgent.ps1 should only contain one function" name="Module Function validation.Script Get-ControlUpAgent.ps1 should only contain one function" time="0.2458" asserts="0" success="True" result="Success" executed="True" />
                  <test-case description="Script Get-ControlUpConsole.ps1 should only contain one function" name="Module Function validation.Script Get-ControlUpConsole.ps1 should only contain one function" time="0.2562" asserts="0" success="True" result="Success" executed="True" />
                  <test-case description="Script Get-Cyberduck.ps1 should only contain one function" name="Module Function validation.Script Get-Cyberduck.ps1 should only contain one function" time="0.2532" asserts="0" success="True" result="Success" executed="True" />
                  <test-case description="Script Get-dbeaver.ps1 should only contain one function" name="Module Function validation.Script Get-dbeaver.ps1 should only contain one function" time="0.252" asserts="0" success="True" result="Success" executed="True" />
                  <test-case description="Script Get-DebaucheeBarrier.ps1 should only contain one function" name="Module Function validation.Script Get-DebaucheeBarrier.ps1 should only contain one function" time="0.2562" asserts="0" success="True" result="Success" executed="True" />
                  <test-case description="Script Get-deviceTRUST.ps1 should only contain one function" name="Module Function validation.Script Get-deviceTRUST.ps1 should only contain one function" time="0.256" asserts="0" success="True" result="Success" executed="True" />
                  <test-case description="Script Get-DevToys.ps1 should only contain one function" name="Module Function validation.Script Get-DevToys.ps1 should only contain one function" time="0.2566" asserts="0" success="True" result="Success" executed="True" />
                  <test-case description="Script Get-diagrams.net.ps1 should only contain one function" name="Module Function validation.Script Get-diagrams.net.ps1 should only contain one function" time="0.2529" asserts="0" success="True" result="Success" executed="True" />
                  <test-case description="Script Get-dnGrep.ps1 should only contain one function" name="Module Function validation.Script Get-dnGrep.ps1 should only contain one function" time="0.2508" asserts="0" success="True" result="Success" executed="True" />
                  <test-case description="Script Get-DockerDesktop.ps1 should only contain one function" name="Module Function validation.Script Get-DockerDesktop.ps1 should only contain one function" time="0.4099" asserts="0" success="True" result="Success" executed="True" />
                  <test-case description="Script Get-DoubleCommander.ps1 should only contain one function" name="Module Function validation.Script Get-DoubleCommander.ps1 should only contain one function" time="0.2489" asserts="0" success="True" result="Success" executed="True" />
                  <test-case description="Script Get-EgnyteDesktopApp.ps1 should only contain one function" name="Module Function validation.Script Get-EgnyteDesktopApp.ps1 should only contain one function" time="0.2405" asserts="0" success="True" result="Success" executed="True" />
                  <test-case description="Script Get-ESETEndpointAntivirus.ps1 should only contain one function" name="Module Function validation.Script Get-ESETEndpointAntivirus.ps1 should only contain one function" time="0.2467" asserts="0" success="True" result="Success" executed="True" />
                  <test-case description="Script Get-ESETEndpointSecurity.ps1 should only contain one function" name="Module Function validation.Script Get-ESETEndpointSecurity.ps1 should only contain one function" time="0.2316" asserts="0" success="True" result="Success" executed="True" />
                  <test-case description="Script Get-ESETFullDiskEncryption.ps1 should only contain one function" name="Module Function validation.Script Get-ESETFullDiskEncryption.ps1 should only contain one function" time="0.2273" asserts="0" success="True" result="Success" executed="True" />
                  <test-case description="Script Get-ESETInspectConnector.ps1 should only contain one function" name="Module Function validation.Script Get-ESETInspectConnector.ps1 should only contain one function" time="0.2287" asserts="0" success="True" result="Success" executed="True" />
                  <test-case description="Script Get-ESETPROTECTServer.ps1 should only contain one function" name="Module Function validation.Script Get-ESETPROTECTServer.ps1 should only contain one function" time="0.2543" asserts="0" success="True" result="Success" executed="True" />
                  <test-case description="Script Get-ESETSecureAuthentication.ps1 should only contain one function" name="Module Function validation.Script Get-ESETSecureAuthentication.ps1 should only contain one function" time="0.2389" asserts="0" success="True" result="Success" executed="True" />
                  <test-case description="Script Get-ESETServerSecurity.ps1 should only contain one function" name="Module Function validation.Script Get-ESETServerSecurity.ps1 should only contain one function" time="0.2327" asserts="0" success="True" result="Success" executed="True" />
                  <test-case description="Script Get-FileZilla.ps1 should only contain one function" name="Module Function validation.Script Get-FileZilla.ps1 should only contain one function" time="0.2359" asserts="0" success="True" result="Success" executed="True" />
                  <test-case description="Script Get-Fork.ps1 should only contain one function" name="Module Function validation.Script Get-Fork.ps1 should only contain one function" time="0.245" asserts="0" success="True" result="Success" executed="True" />
                  <test-case description="Script Get-FoxitPDFEditor.ps1 should only contain one function" name="Module Function validation.Script Get-FoxitPDFEditor.ps1 should only contain one function" time="0.2446" asserts="0" success="True" result="Success" executed="True" />
                  <test-case description="Script Get-FoxitReader.ps1 should only contain one function" name="Module Function validation.Script Get-FoxitReader.ps1 should only contain one function" time="0.2363" asserts="0" success="True" result="Success" executed="True" />
                  <test-case description="Script Get-FreedomScientificFusion.ps1 should only contain one function" name="Module Function validation.Script Get-FreedomScientificFusion.ps1 should only contain one function" time="0.2364" asserts="0" success="True" result="Success" executed="True" />
                  <test-case description="Script Get-FreedomScientificJAWS.ps1 should only contain one function" name="Module Function validation.Script Get-FreedomScientificJAWS.ps1 should only contain one function" time="0.251" asserts="0" success="True" result="Success" executed="True" />
                  <test-case description="Script Get-FreedomScientificZoomText.ps1 should only contain one function" name="Module Function validation.Script Get-FreedomScientificZoomText.ps1 should only contain one function" time="0.2471" asserts="0" success="True" result="Success" executed="True" />
                  <test-case description="Script Get-FreeFem.ps1 should only contain one function" name="Module Function validation.Script Get-FreeFem.ps1 should only contain one function" time="0.2478" asserts="0" success="True" result="Success" executed="True" />
                  <test-case description="Script Get-GeekSoftwarePDF24Creator.ps1 should only contain one function" name="Module Function validation.Script Get-GeekSoftwarePDF24Creator.ps1 should only contain one function" time="0.2646" asserts="0" success="True" result="Success" executed="True" />
                  <test-case description="Script Get-Gephi.ps1 should only contain one function" name="Module Function validation.Script Get-Gephi.ps1 should only contain one function" time="0.2683" asserts="0" success="True" result="Success" executed="True" />
                  <test-case description="Script Get-GhislerTotalCommander.ps1 should only contain one function" name="Module Function validation.Script Get-GhislerTotalCommander.ps1 should only contain one function" time="0.2694" asserts="0" success="True" result="Success" executed="True" />
                  <test-case description="Script Get-Gimp.ps1 should only contain one function" name="Module Function validation.Script Get-Gimp.ps1 should only contain one function" time="0.2521" asserts="0" success="True" result="Success" executed="True" />
                  <test-case description="Script Get-GitExtensions.ps1 should only contain one function" name="Module Function validation.Script Get-GitExtensions.ps1 should only contain one function" time="0.2477" asserts="0" success="True" result="Success" executed="True" />
                  <test-case description="Script Get-GitForWindows.ps1 should only contain one function" name="Module Function validation.Script Get-GitForWindows.ps1 should only contain one function" time="0.2489" asserts="0" success="True" result="Success" executed="True" />
                  <test-case description="Script Get-GitHubAtom.ps1 should only contain one function" name="Module Function validation.Script Get-GitHubAtom.ps1 should only contain one function" time="0.2444" asserts="0" success="True" result="Success" executed="True" />
                  <test-case description="Script Get-GitHubRelease.ps1 should only contain one function" name="Module Function validation.Script Get-GitHubRelease.ps1 should only contain one function" time="0.2783" asserts="0" success="True" result="Success" executed="True" />
                  <test-case description="Script Get-GoogleChrome.ps1 should only contain one function" name="Module Function validation.Script Get-GoogleChrome.ps1 should only contain one function" time="0.2496" asserts="0" success="True" result="Success" executed="True" />
                  <test-case description="Script Get-Gpg4win.ps1 should only contain one function" name="Module Function validation.Script Get-Gpg4win.ps1 should only contain one function" time="0.2657" asserts="0" success="True" result="Success" executed="True" />
                  <test-case description="Script Get-Greenshot.ps1 should only contain one function" name="Module Function validation.Script Get-Greenshot.ps1 should only contain one function" time="0.3048" asserts="0" success="True" result="Success" executed="True" />
                  <test-case description="Script Get-gretl.ps1 should only contain one function" name="Module Function validation.Script Get-gretl.ps1 should only contain one function" time="0.2666" asserts="0" success="True" result="Success" executed="True" />
                  <test-case description="Script Get-Handbrake.ps1 should only contain one function" name="Module Function validation.Script Get-Handbrake.ps1 should only contain one function" time="0.2574" asserts="0" success="True" result="Success" executed="True" />
                  <test-case description="Script Get-HashicorpBoundary.ps1 should only contain one function" name="Module Function validation.Script Get-HashicorpBoundary.ps1 should only contain one function" time="0.258" asserts="0" success="True" result="Success" executed="True" />
                  <test-case description="Script Get-HashicorpConsul.ps1 should only contain one function" name="Module Function validation.Script Get-HashicorpConsul.ps1 should only contain one function" time="0.2518" asserts="0" success="True" result="Success" executed="True" />
                  <test-case description="Script Get-HashicorpNomad.ps1 should only contain one function" name="Module Function validation.Script Get-HashicorpNomad.ps1 should only contain one function" time="0.2483" asserts="0" success="True" result="Success" executed="True" />
                  <test-case description="Script Get-HashicorpPacker.ps1 should only contain one function" name="Module Function validation.Script Get-HashicorpPacker.ps1 should only contain one function" time="0.2529" asserts="0" success="True" result="Success" executed="True" />
                  <test-case description="Script Get-HashicorpTerraform.ps1 should only contain one function" name="Module Function validation.Script Get-HashicorpTerraform.ps1 should only contain one function" time="0.2696" asserts="0" success="True" result="Success" executed="True" />
                  <test-case description="Script Get-HashicorpVault.ps1 should only contain one function" name="Module Function validation.Script Get-HashicorpVault.ps1 should only contain one function" time="0.2603" asserts="0" success="True" result="Success" executed="True" />
                  <test-case description="Script Get-HashicorpWaypoint.ps1 should only contain one function" name="Module Function validation.Script Get-HashicorpWaypoint.ps1 should only contain one function" time="0.2596" asserts="0" success="True" result="Success" executed="True" />
                  <test-case description="Script Get-ImageGlass.ps1 should only contain one function" name="Module Function validation.Script Get-ImageGlass.ps1 should only contain one function" time="0.2627" asserts="0" success="True" result="Success" executed="True" />
                  <test-case description="Script Get-ImageMagickStudioImageMagick.ps1 should only contain one function" name="Module Function validation.Script Get-ImageMagickStudioImageMagick.ps1 should only contain one function" time="0.2691" asserts="0" success="True" result="Success" executed="True" />
                  <test-case description="Script Get-JamTreeSizeFree.ps1 should only contain one function" name="Module Function validation.Script Get-JamTreeSizeFree.ps1 should only contain one function" time="0.2878" asserts="0" success="True" result="Success" executed="True" />
                  <test-case description="Script Get-JamTreeSizeProfessional.ps1 should only contain one function" name="Module Function validation.Script Get-JamTreeSizeProfessional.ps1 should only contain one function" time="0.2699" asserts="0" success="True" result="Success" executed="True" />
                  <test-case description="Script Get-JASP.ps1 should only contain one function" name="Module Function validation.Script Get-JASP.ps1 should only contain one function" time="0.2574" asserts="0" success="True" result="Success" executed="True" />
                  <test-case description="Script Get-JeremyMainGPUProfiler.ps1 should only contain one function" name="Module Function validation.Script Get-JeremyMainGPUProfiler.ps1 should only contain one function" time="0.2503" asserts="0" success="True" result="Success" executed="True" />
                  <test-case description="Script Get-JetBrainsIntelliJIDEA.ps1 should only contain one function" name="Module Function validation.Script Get-JetBrainsIntelliJIDEA.ps1 should only contain one function" time="0.3" asserts="0" success="True" result="Success" executed="True" />
                  <test-case description="Script Get-JetBrainsPyCharm.ps1 should only contain one function" name="Module Function validation.Script Get-JetBrainsPyCharm.ps1 should only contain one function" time="0.263" asserts="0" success="True" result="Success" executed="True" />
                  <test-case description="Script Get-jq.ps1 should only contain one function" name="Module Function validation.Script Get-jq.ps1 should only contain one function" time="0.2783" asserts="0" success="True" result="Success" executed="True" />
                  <test-case description="Script Get-jrsoftwareInnoSetup.ps1 should only contain one function" name="Module Function validation.Script Get-jrsoftwareInnoSetup.ps1 should only contain one function" time="0.2756" asserts="0" success="True" result="Success" executed="True" />
                  <test-case description="Script Get-KarakunOpenWebStart.ps1 should only contain one function" name="Module Function validation.Script Get-KarakunOpenWebStart.ps1 should only contain one function" time="0.2671" asserts="0" success="True" result="Success" executed="True" />
                  <test-case description="Script Get-KDiff3.ps1 should only contain one function" name="Module Function validation.Script Get-KDiff3.ps1 should only contain one function" time="0.2661" asserts="0" success="True" result="Success" executed="True" />
                  <test-case description="Script Get-KeePass.ps1 should only contain one function" name="Module Function validation.Script Get-KeePass.ps1 should only contain one function" time="0.2813" asserts="0" success="True" result="Success" executed="True" />
                  <test-case description="Script Get-KeePassXCTeamKeePassXC.ps1 should only contain one function" name="Module Function validation.Script Get-KeePassXCTeamKeePassXC.ps1 should only contain one function" time="0.2894" asserts="0" success="True" result="Success" executed="True" />
                  <test-case description="Script Get-KeeWeb.ps1 should only contain one function" name="Module Function validation.Script Get-KeeWeb.ps1 should only contain one function" time="0.2893" asserts="0" success="True" result="Success" executed="True" />
                  <test-case description="Script Get-LogMeInGoToMeeting.ps1 should only contain one function" name="Module Function validation.Script Get-LogMeInGoToMeeting.ps1 should only contain one function" time="0.243" asserts="0" success="True" result="Success" executed="True" />
                  <test-case description="Script Get-LogMeInGoToOpener.ps1 should only contain one function" name="Module Function validation.Script Get-LogMeInGoToOpener.ps1 should only contain one function" time="0.2617" asserts="0" success="True" result="Success" executed="True" />
                  <test-case description="Script Get-MasterPackager.ps1 should only contain one function" name="Module Function validation.Script Get-MasterPackager.ps1 should only contain one function" time="0.2545" asserts="0" success="True" result="Success" executed="True" />
                  <test-case description="Script Get-MattermostDesktop.ps1 should only contain one function" name="Module Function validation.Script Get-MattermostDesktop.ps1 should only contain one function" time="0.4879" asserts="0" success="True" result="Success" executed="True" />
                  <test-case description="Script Get-Maximus5ConEmu.ps1 should only contain one function" name="Module Function validation.Script Get-Maximus5ConEmu.ps1 should only contain one function" time="0.2402" asserts="0" success="True" result="Success" executed="True" />
                  <test-case description="Script Get-McNeelRhino.ps1 should only contain one function" name="Module Function validation.Script Get-McNeelRhino.ps1 should only contain one function" time="0.2496" asserts="0" success="True" result="Success" executed="True" />
                  <test-case description="Script Get-MendeleyDesktop.ps1 should only contain one function" name="Module Function validation.Script Get-MendeleyDesktop.ps1 should only contain one function" time="0.2471" asserts="0" success="True" result="Success" executed="True" />
                  <test-case description="Script Get-MestrelabMnova.ps1 should only contain one function" name="Module Function validation.Script Get-MestrelabMnova.ps1 should only contain one function" time="0.2449" asserts="0" success="True" result="Success" executed="True" />
                  <test-case description="Script Get-Microsoft.NET.ps1 should only contain one function" name="Module Function validation.Script Get-Microsoft.NET.ps1 should only contain one function" time="0.2528" asserts="0" success="True" result="Success" executed="True" />
                  <test-case description="Script Get-Microsoft365Apps.ps1 should only contain one function" name="Module Function validation.Script Get-Microsoft365Apps.ps1 should only contain one function" time="0.2935" asserts="0" success="True" result="Success" executed="True" />
                  <test-case description="Script Get-MicrosoftAzureDataStudio.ps1 should only contain one function" name="Module Function validation.Script Get-MicrosoftAzureDataStudio.ps1 should only contain one function" time="0.2519" asserts="0" success="True" result="Success" executed="True" />
                  <test-case description="Script Get-MicrosoftAzureFunctionsCoreTools.ps1 should only contain one function" name="Module Function validation.Script Get-MicrosoftAzureFunctionsCoreTools.ps1 should only contain one function" time="0.2639" asserts="0" success="True" result="Success" executed="True" />
                  <test-case description="Script Get-MicrosoftAzureStorageExplorer.ps1 should only contain one function" name="Module Function validation.Script Get-MicrosoftAzureStorageExplorer.ps1 should only contain one function" time="0.2545" asserts="0" success="True" result="Success" executed="True" />
                  <test-case description="Script Get-MicrosoftAzureWindowsVMAgent.ps1 should only contain one function" name="Module Function validation.Script Get-MicrosoftAzureWindowsVMAgent.ps1 should only contain one function" time="0.271" asserts="0" success="True" result="Success" executed="True" />
                  <test-case description="Script Get-MicrosoftBicep.ps1 should only contain one function" name="Module Function validation.Script Get-MicrosoftBicep.ps1 should only contain one function" time="0.2879" asserts="0" success="True" result="Success" executed="True" />
                  <test-case description="Script Get-MicrosoftBotFrameworkEmulator.ps1 should only contain one function" name="Module Function validation.Script Get-MicrosoftBotFrameworkEmulator.ps1 should only contain one function" time="0.3054" asserts="0" success="True" result="Success" executed="True" />
                  <test-case description="Script Get-MicrosoftEdge.ps1 should only contain one function" name="Module Function validation.Script Get-MicrosoftEdge.ps1 should only contain one function" time="0.2428" asserts="0" success="True" result="Success" executed="True" />
                  <test-case description="Script Get-MicrosoftEdgeDriver.ps1 should only contain one function" name="Module Function validation.Script Get-MicrosoftEdgeDriver.ps1 should only contain one function" time="0.2402" asserts="0" success="True" result="Success" executed="True" />
                  <test-case description="Script Get-MicrosoftEdgeWebView2Runtime.ps1 should only contain one function" name="Module Function validation.Script Get-MicrosoftEdgeWebView2Runtime.ps1 should only contain one function" time="0.2473" asserts="0" success="True" result="Success" executed="True" />
                  <test-case description="Script Get-MicrosoftFSLogixApps.ps1 should only contain one function" name="Module Function validation.Script Get-MicrosoftFSLogixApps.ps1 should only contain one function" time="0.2815" asserts="0" success="True" result="Success" executed="True" />
                  <test-case description="Script Get-MicrosoftOneDrive.ps1 should only contain one function" name="Module Function validation.Script Get-MicrosoftOneDrive.ps1 should only contain one function" time="0.2495" asserts="0" success="True" result="Success" executed="True" />
                  <test-case description="Script Get-MicrosoftOutlook.ps1 should only contain one function" name="Module Function validation.Script Get-MicrosoftOutlook.ps1 should only contain one function" time="0.2452" asserts="0" success="True" result="Success" executed="True" />
                  <test-case description="Script Get-MicrosoftPowerShell.ps1 should only contain one function" name="Module Function validation.Script Get-MicrosoftPowerShell.ps1 should only contain one function" time="0.2454" asserts="0" success="True" result="Success" executed="True" />
                  <test-case description="Script Get-MicrosoftPowerToys.ps1 should only contain one function" name="Module Function validation.Script Get-MicrosoftPowerToys.ps1 should only contain one function" time="0.2845" asserts="0" success="True" result="Success" executed="True" />
                  <test-case description="Script Get-MicrosoftSsms.ps1 should only contain one function" name="Module Function validation.Script Get-MicrosoftSsms.ps1 should only contain one function" time="0.2711" asserts="0" success="True" result="Success" executed="True" />
                  <test-case description="Script Get-MicrosoftTeams.ps1 should only contain one function" name="Module Function validation.Script Get-MicrosoftTeams.ps1 should only contain one function" time="0.2668" asserts="0" success="True" result="Success" executed="True" />
                  <test-case description="Script Get-MicrosoftTerminal.ps1 should only contain one function" name="Module Function validation.Script Get-MicrosoftTerminal.ps1 should only contain one function" time="0.2913" asserts="0" success="True" result="Success" executed="True" />
                  <test-case description="Script Get-MicrosoftVisualStudio.ps1 should only contain one function" name="Module Function validation.Script Get-MicrosoftVisualStudio.ps1 should only contain one function" time="0.2613" asserts="0" success="True" result="Success" executed="True" />
                  <test-case description="Script Get-MicrosoftVisualStudioCode.ps1 should only contain one function" name="Module Function validation.Script Get-MicrosoftVisualStudioCode.ps1 should only contain one function" time="0.2668" asserts="0" success="True" result="Success" executed="True" />
                  <test-case description="Script Get-MicrosoftWindowsPackageManagerClient.ps1 should only contain one function" name="Module Function validation.Script Get-MicrosoftWindowsPackageManagerClient.ps1 should only contain one function" time="0.2625" asserts="0" success="True" result="Success" executed="True" />
                  <test-case description="Script Get-MicrosoftWvdBootloader.ps1 should only contain one function" name="Module Function validation.Script Get-MicrosoftWvdBootloader.ps1 should only contain one function" time="0.2663" asserts="0" success="True" result="Success" executed="True" />
                  <test-case description="Script Get-MicrosoftWvdInfraAgent.ps1 should only contain one function" name="Module Function validation.Script Get-MicrosoftWvdInfraAgent.ps1 should only contain one function" time="0.3121" asserts="0" success="True" result="Success" executed="True" />
                  <test-case description="Script Get-MicrosoftWvdMultimediaRedirection.ps1 should only contain one function" name="Module Function validation.Script Get-MicrosoftWvdMultimediaRedirection.ps1 should only contain one function" time="0.3067" asserts="0" success="True" result="Success" executed="True" />
                  <test-case description="Script Get-MicrosoftWvdRemoteDesktop.ps1 should only contain one function" name="Module Function validation.Script Get-MicrosoftWvdRemoteDesktop.ps1 should only contain one function" time="0.3805" asserts="0" success="True" result="Success" executed="True" />
                  <test-case description="Script Get-MicrosoftWvdRtcService.ps1 should only contain one function" name="Module Function validation.Script Get-MicrosoftWvdRtcService.ps1 should only contain one function" time="0.2723" asserts="0" success="True" result="Success" executed="True" />
                  <test-case description="Script Get-Miniconda.ps1 should only contain one function" name="Module Function validation.Script Get-Miniconda.ps1 should only contain one function" time="0.2826" asserts="0" success="True" result="Success" executed="True" />
                  <test-case description="Script Get-Minitab.ps1 should only contain one function" name="Module Function validation.Script Get-Minitab.ps1 should only contain one function" time="0.2638" asserts="0" success="True" result="Success" executed="True" />
                  <test-case description="Script Get-MiniZincIDE.ps1 should only contain one function" name="Module Function validation.Script Get-MiniZincIDE.ps1 should only contain one function" time="0.2623" asserts="0" success="True" result="Success" executed="True" />
                  <test-case description="Script Get-MirantisLens.ps1 should only contain one function" name="Module Function validation.Script Get-MirantisLens.ps1 should only contain one function" time="0.416" asserts="0" success="True" result="Success" executed="True" />
                  <test-case description="Script Get-MozillaFirefox.ps1 should only contain one function" name="Module Function validation.Script Get-MozillaFirefox.ps1 should only contain one function" time="0.2709" asserts="0" success="True" result="Success" executed="True" />
                  <test-case description="Script Get-MozillaGeckoDriver.ps1 should only contain one function" name="Module Function validation.Script Get-MozillaGeckoDriver.ps1 should only contain one function" time="0.2585" asserts="0" success="True" result="Success" executed="True" />
                  <test-case description="Script Get-MozillaThunderbird.ps1 should only contain one function" name="Module Function validation.Script Get-MozillaThunderbird.ps1 should only contain one function" time="0.2612" asserts="0" success="True" result="Success" executed="True" />
                  <test-case description="Script Get-mRemoteNG.ps1 should only contain one function" name="Module Function validation.Script Get-mRemoteNG.ps1 should only contain one function" time="0.2593" asserts="0" success="True" result="Success" executed="True" />
                  <test-case description="Script Get-MuseScore.ps1 should only contain one function" name="Module Function validation.Script Get-MuseScore.ps1 should only contain one function" time="0.2405" asserts="0" success="True" result="Success" executed="True" />
                  <test-case description="Script Get-Naps2.ps1 should only contain one function" name="Module Function validation.Script Get-Naps2.ps1 should only contain one function" time="0.2568" asserts="0" success="True" result="Success" executed="True" />
                  <test-case description="Script Get-NETworkManager.ps1 should only contain one function" name="Module Function validation.Script Get-NETworkManager.ps1 should only contain one function" time="0.268" asserts="0" success="True" result="Success" executed="True" />
                  <test-case description="Script Get-NevcairielLAVFilters.ps1 should only contain one function" name="Module Function validation.Script Get-NevcairielLAVFilters.ps1 should only contain one function" time="0.2563" asserts="0" success="True" result="Success" executed="True" />
                  <test-case description="Script Get-Nomacs.ps1 should only contain one function" name="Module Function validation.Script Get-Nomacs.ps1 should only contain one function" time="0.2475" asserts="0" success="True" result="Success" executed="True" />
                  <test-case description="Script Get-Notable.ps1 should only contain one function" name="Module Function validation.Script Get-Notable.ps1 should only contain one function" time="0.2473" asserts="0" success="True" result="Success" executed="True" />
                  <test-case description="Script Get-NotepadPlusPlus.ps1 should only contain one function" name="Module Function validation.Script Get-NotepadPlusPlus.ps1 should only contain one function" time="0.2639" asserts="0" success="True" result="Success" executed="True" />
                  <test-case description="Script Get-Obsidian.ps1 should only contain one function" name="Module Function validation.Script Get-Obsidian.ps1 should only contain one function" time="0.2832" asserts="0" success="True" result="Success" executed="True" />
                  <test-case description="Script Get-OBSStudio.ps1 should only contain one function" name="Module Function validation.Script Get-OBSStudio.ps1 should only contain one function" time="0.2551" asserts="0" success="True" result="Success" executed="True" />
                  <test-case description="Script Get-OctopusDeployServer.ps1 should only contain one function" name="Module Function validation.Script Get-OctopusDeployServer.ps1 should only contain one function" time="0.2558" asserts="0" success="True" result="Success" executed="True" />
                  <test-case description="Script Get-OctopusTentacle.ps1 should only contain one function" name="Module Function validation.Script Get-OctopusTentacle.ps1 should only contain one function" time="0.2934" asserts="0" success="True" result="Success" executed="True" />
                  <test-case description="Script Get-OnlyOfficeDesktopEditors.ps1 should only contain one function" name="Module Function validation.Script Get-OnlyOfficeDesktopEditors.ps1 should only contain one function" time="0.3013" asserts="0" success="True" result="Success" executed="True" />
                  <test-case description="Script Get-OpenJDK.ps1 should only contain one function" name="Module Function validation.Script Get-OpenJDK.ps1 should only contain one function" time="0.2903" asserts="0" success="True" result="Success" executed="True" />
                  <test-case description="Script Get-OpenLens.ps1 should only contain one function" name="Module Function validation.Script Get-OpenLens.ps1 should only contain one function" time="0.3071" asserts="0" success="True" result="Success" executed="True" />
                  <test-case description="Script Get-OpenShellMenu.ps1 should only contain one function" name="Module Function validation.Script Get-OpenShellMenu.ps1 should only contain one function" time="0.2814" asserts="0" success="True" result="Success" executed="True" />
                  <test-case description="Script Get-OpenWebStart.ps1 should only contain one function" name="Module Function validation.Script Get-OpenWebStart.ps1 should only contain one function" time="0.2488" asserts="0" success="True" result="Success" executed="True" />
                  <test-case description="Script Get-OperaBrowser.ps1 should only contain one function" name="Module Function validation.Script Get-OperaBrowser.ps1 should only contain one function" time="0.3397" asserts="0" success="True" result="Success" executed="True" />
                  <test-case description="Script Get-OperaCryptoBrowser.ps1 should only contain one function" name="Module Function validation.Script Get-OperaCryptoBrowser.ps1 should only contain one function" time="0.3359" asserts="0" success="True" result="Success" executed="True" />
                  <test-case description="Script Get-OperaGXBrowser.ps1 should only contain one function" name="Module Function validation.Script Get-OperaGXBrowser.ps1 should only contain one function" time="0.3392" asserts="0" success="True" result="Success" executed="True" />
                  <test-case description="Script Get-OracleJava8.ps1 should only contain one function" name="Module Function validation.Script Get-OracleJava8.ps1 should only contain one function" time="0.2489" asserts="0" success="True" result="Success" executed="True" />
                  <test-case description="Script Get-OracleVirtualBox.ps1 should only contain one function" name="Module Function validation.Script Get-OracleVirtualBox.ps1 should only contain one function" time="0.261" asserts="0" success="True" result="Success" executed="True" />
                  <test-case description="Script Get-PaintDotNet.ps1 should only contain one function" name="Module Function validation.Script Get-PaintDotNet.ps1 should only contain one function" time="0.2469" asserts="0" success="True" result="Success" executed="True" />
                  <test-case description="Script Get-PaintDotNetOfflineInstaller.ps1 should only contain one function" name="Module Function validation.Script Get-PaintDotNetOfflineInstaller.ps1 should only contain one function" time="0.257" asserts="0" success="True" result="Success" executed="True" />
                  <test-case description="Script Get-Pandoc.ps1 should only contain one function" name="Module Function validation.Script Get-Pandoc.ps1 should only contain one function" time="0.2543" asserts="0" success="True" result="Success" executed="True" />
                  <test-case description="Script Get-PDFForgePDFCreator.ps1 should only contain one function" name="Module Function validation.Script Get-PDFForgePDFCreator.ps1 should only contain one function" time="0.2623" asserts="0" success="True" result="Success" executed="True" />
                  <test-case description="Script Get-PeaZipPeaZip.ps1 should only contain one function" name="Module Function validation.Script Get-PeaZipPeaZip.ps1 should only contain one function" time="0.2507" asserts="0" success="True" result="Success" executed="True" />
                  <test-case description="Script Get-PiriformCCleanerFree.ps1 should only contain one function" name="Module Function validation.Script Get-PiriformCCleanerFree.ps1 should only contain one function" time="0.2855" asserts="0" success="True" result="Success" executed="True" />
                  <test-case description="Script Get-Postman.ps1 should only contain one function" name="Module Function validation.Script Get-Postman.ps1 should only contain one function" time="0.2668" asserts="0" success="True" result="Success" executed="True" />
                  <test-case description="Script Get-Praat.ps1 should only contain one function" name="Module Function validation.Script Get-Praat.ps1 should only contain one function" time="0.2568" asserts="0" success="True" result="Success" executed="True" />
                  <test-case description="Script Get-ProgressChefInfraClient.ps1 should only contain one function" name="Module Function validation.Script Get-ProgressChefInfraClient.ps1 should only contain one function" time="0.3545" asserts="0" success="True" result="Success" executed="True" />
                  <test-case description="Script Get-ProgressChefInSpec.ps1 should only contain one function" name="Module Function validation.Script Get-ProgressChefInSpec.ps1 should only contain one function" time="0.3408" asserts="0" success="True" result="Success" executed="True" />
                  <test-case description="Script Get-ProgressChefWorkstation.ps1 should only contain one function" name="Module Function validation.Script Get-ProgressChefWorkstation.ps1 should only contain one function" time="0.3144" asserts="0" success="True" result="Success" executed="True" />
                  <test-case description="Script Get-ProjectLibre.ps1 should only contain one function" name="Module Function validation.Script Get-ProjectLibre.ps1 should only contain one function" time="0.2698" asserts="0" success="True" result="Success" executed="True" />
                  <test-case description="Script Get-Protege.ps1 should only contain one function" name="Module Function validation.Script Get-Protege.ps1 should only contain one function" time="0.2656" asserts="0" success="True" result="Success" executed="True" />
                  <test-case description="Script Get-PSAppDeployToolkit.ps1 should only contain one function" name="Module Function validation.Script Get-PSAppDeployToolkit.ps1 should only contain one function" time="0.2645" asserts="0" success="True" result="Success" executed="True" />
                  <test-case description="Script Get-PSFPython.ps1 should only contain one function" name="Module Function validation.Script Get-PSFPython.ps1 should only contain one function" time="0.268" asserts="0" success="True" result="Success" executed="True" />
                  <test-case description="Script Get-PuTTY.ps1 should only contain one function" name="Module Function validation.Script Get-PuTTY.ps1 should only contain one function" time="0.2646" asserts="0" success="True" result="Success" executed="True" />
                  <test-case description="Script Get-RCoreTeamRforWindows.ps1 should only contain one function" name="Module Function validation.Script Get-RCoreTeamRforWindows.ps1 should only contain one function" time="0.2726" asserts="0" success="True" result="Success" executed="True" />
                  <test-case description="Script Get-RDAnalyzer.ps1 should only contain one function" name="Module Function validation.Script Get-RDAnalyzer.ps1 should only contain one function" time="0.2674" asserts="0" success="True" result="Success" executed="True" />
                  <test-case description="Script Get-RingCentral.ps1 should only contain one function" name="Module Function validation.Script Get-RingCentral.ps1 should only contain one function" time="0.2717" asserts="0" success="True" result="Success" executed="True" />
                  <test-case description="Script Get-RizonesoftNotepad3.ps1 should only contain one function" name="Module Function validation.Script Get-RizonesoftNotepad3.ps1 should only contain one function" time="0.2722" asserts="0" success="True" result="Success" executed="True" />
                  <test-case description="Script Get-RStudio.ps1 should only contain one function" name="Module Function validation.Script Get-RStudio.ps1 should only contain one function" time="0.2697" asserts="0" success="True" result="Success" executed="True" />
                  <test-case description="Script Get-SafeExamBrowser.ps1 should only contain one function" name="Module Function validation.Script Get-SafeExamBrowser.ps1 should only contain one function" time="0.2738" asserts="0" success="True" result="Success" executed="True" />
                  <test-case description="Script Get-SafingPortmaster.ps1 should only contain one function" name="Module Function validation.Script Get-SafingPortmaster.ps1 should only contain one function" time="0.2709" asserts="0" success="True" result="Success" executed="True" />
                  <test-case description="Script Get-SAGAGIS.ps1 should only contain one function" name="Module Function validation.Script Get-SAGAGIS.ps1 should only contain one function" time="0.2665" asserts="0" success="True" result="Success" executed="True" />
                  <test-case description="Script Get-ScooterBeyondCompare.ps1 should only contain one function" name="Module Function validation.Script Get-ScooterBeyondCompare.ps1 should only contain one function" time="0.2811" asserts="0" success="True" result="Success" executed="True" />
                  <test-case description="Script Get-Scratch.ps1 should only contain one function" name="Module Function validation.Script Get-Scratch.ps1 should only contain one function" time="0.2655" asserts="0" success="True" result="Success" executed="True" />
                  <test-case description="Script Get-ScreenToGif.ps1 should only contain one function" name="Module Function validation.Script Get-ScreenToGif.ps1 should only contain one function" time="0.2634" asserts="0" success="True" result="Success" executed="True" />
                  <test-case description="Script Get-ShareX.ps1 should only contain one function" name="Module Function validation.Script Get-ShareX.ps1 should only contain one function" time="0.2842" asserts="0" success="True" result="Success" executed="True" />
                  <test-case description="Script Get-SignalDesktop.ps1 should only contain one function" name="Module Function validation.Script Get-SignalDesktop.ps1 should only contain one function" time="0.2651" asserts="0" success="True" result="Success" executed="True" />
                  <test-case description="Script Get-Slack.ps1 should only contain one function" name="Module Function validation.Script Get-Slack.ps1 should only contain one function" time="0.2706" asserts="0" success="True" result="Success" executed="True" />
                  <test-case description="Script Get-SmartBearSoapUI.ps1 should only contain one function" name="Module Function validation.Script Get-SmartBearSoapUI.ps1 should only contain one function" time="0.2626" asserts="0" success="True" result="Success" executed="True" />
                  <test-case description="Script Get-SoberLemurPDFSamBasic.ps1 should only contain one function" name="Module Function validation.Script Get-SoberLemurPDFSamBasic.ps1 should only contain one function" time="0.2752" asserts="0" success="True" result="Success" executed="True" />
                  <test-case description="Script Get-stealthpuppyWindowsCustomisedDefaults.ps1 should only contain one function" name="Module Function validation.Script Get-stealthpuppyWindowsCustomisedDefaults.ps1 should only contain one function" time="0.2543" asserts="0" success="True" result="Success" executed="True" />
                  <test-case description="Script Get-StefansToolsgregpWin.ps1 should only contain one function" name="Module Function validation.Script Get-StefansToolsgregpWin.ps1 should only contain one function" time="0.2566" asserts="0" success="True" result="Success" executed="True" />
                  <test-case description="Script Get-SumatraPDFReader.ps1 should only contain one function" name="Module Function validation.Script Get-SumatraPDFReader.ps1 should only contain one function" time="0.2628" asserts="0" success="True" result="Success" executed="True" />
                  <test-case description="Script Get-TableauDesktop.ps1 should only contain one function" name="Module Function validation.Script Get-TableauDesktop.ps1 should only contain one function" time="0.2734" asserts="0" success="True" result="Success" executed="True" />
                  <test-case description="Script Get-TableauPrep.ps1 should only contain one function" name="Module Function validation.Script Get-TableauPrep.ps1 should only contain one function" time="0.2719" asserts="0" success="True" result="Success" executed="True" />
                  <test-case description="Script Get-TableauReader.ps1 should only contain one function" name="Module Function validation.Script Get-TableauReader.ps1 should only contain one function" time="0.268" asserts="0" success="True" result="Success" executed="True" />
                  <test-case description="Script Get-TeamViewer.ps1 should only contain one function" name="Module Function validation.Script Get-TeamViewer.ps1 should only contain one function" time="0.2624" asserts="0" success="True" result="Success" executed="True" />
                  <test-case description="Script Get-TechSmithCamtasia.ps1 should only contain one function" name="Module Function validation.Script Get-TechSmithCamtasia.ps1 should only contain one function" time="0.2533" asserts="0" success="True" result="Success" executed="True" />
                  <test-case description="Script Get-TechSmithSnagit.ps1 should only contain one function" name="Module Function validation.Script Get-TechSmithSnagit.ps1 should only contain one function" time="0.2792" asserts="0" success="True" result="Success" executed="True" />
                  <test-case description="Script Get-TelegramDesktop.ps1 should only contain one function" name="Module Function validation.Script Get-TelegramDesktop.ps1 should only contain one function" time="0.2646" asserts="0" success="True" result="Success" executed="True" />
                  <test-case description="Script Get-TelerikFiddlerClassic.ps1 should only contain one function" name="Module Function validation.Script Get-TelerikFiddlerClassic.ps1 should only contain one function" time="0.2478" asserts="0" success="True" result="Success" executed="True" />
                  <test-case description="Script Get-TelerikFiddlerEverywhere.ps1 should only contain one function" name="Module Function validation.Script Get-TelerikFiddlerEverywhere.ps1 should only contain one function" time="0.2473" asserts="0" success="True" result="Success" executed="True" />
                  <test-case description="Script Get-Terminals.ps1 should only contain one function" name="Module Function validation.Script Get-Terminals.ps1 should only contain one function" time="0.2683" asserts="0" success="True" result="Success" executed="True" />
                  <test-case description="Script Get-TeXstudio.ps1 should only contain one function" name="Module Function validation.Script Get-TeXstudio.ps1 should only contain one function" time="0.2468" asserts="0" success="True" result="Success" executed="True" />
                  <test-case description="Script Get-TogglDesktop.ps1 should only contain one function" name="Module Function validation.Script Get-TogglDesktop.ps1 should only contain one function" time="0.2481" asserts="0" success="True" result="Success" executed="True" />
                  <test-case description="Script Get-TorProjectTorBrowser.ps1 should only contain one function" name="Module Function validation.Script Get-TorProjectTorBrowser.ps1 should only contain one function" time="0.2659" asserts="0" success="True" result="Success" executed="True" />
                  <test-case description="Script Get-Tower.ps1 should only contain one function" name="Module Function validation.Script Get-Tower.ps1 should only contain one function" time="0.2779" asserts="0" success="True" result="Success" executed="True" />
                  <test-case description="Script Get-TrackerSoftwarePDFXChangeEditor.ps1 should only contain one function" name="Module Function validation.Script Get-TrackerSoftwarePDFXChangeEditor.ps1 should only contain one function" time="0.2982" asserts="0" success="True" result="Success" executed="True" />
                  <test-case description="Script Get-USBPcap.ps1 should only contain one function" name="Module Function validation.Script Get-USBPcap.ps1 should only contain one function" time="0.2391" asserts="0" success="True" result="Success" executed="True" />
                  <test-case description="Script Get-VastLimitsUberAgent.ps1 should only contain one function" name="Module Function validation.Script Get-VastLimitsUberAgent.ps1 should only contain one function" time="0.2453" asserts="0" success="True" result="Success" executed="True" />
                  <test-case description="Script Get-VeraCrypt.ps1 should only contain one function" name="Module Function validation.Script Get-VeraCrypt.ps1 should only contain one function" time="0.2641" asserts="0" success="True" result="Success" executed="True" />
                  <test-case description="Script Get-VercelHyper.ps1 should only contain one function" name="Module Function validation.Script Get-VercelHyper.ps1 should only contain one function" time="0.2708" asserts="0" success="True" result="Success" executed="True" />
                  <test-case description="Script Get-VideoLanVlcPlayer.ps1 should only contain one function" name="Module Function validation.Script Get-VideoLanVlcPlayer.ps1 should only contain one function" time="0.2611" asserts="0" success="True" result="Success" executed="True" />
                  <test-case description="Script Get-VisualCppRedistAIO.ps1 should only contain one function" name="Module Function validation.Script Get-VisualCppRedistAIO.ps1 should only contain one function" time="0.2596" asserts="0" success="True" result="Success" executed="True" />
                  <test-case description="Script Get-VMPlexWorkstation.ps1 should only contain one function" name="Module Function validation.Script Get-VMPlexWorkstation.ps1 should only contain one function" time="0.2912" asserts="0" success="True" result="Success" executed="True" />
                  <test-case description="Script Get-VMwareHorizonClient.ps1 should only contain one function" name="Module Function validation.Script Get-VMwareHorizonClient.ps1 should only contain one function" time="0.2894" asserts="0" success="True" result="Success" executed="True" />
                  <test-case description="Script Get-VMwareHorizonClientAlt.ps1 should only contain one function" name="Module Function validation.Script Get-VMwareHorizonClientAlt.ps1 should only contain one function" time="0.4138" asserts="0" success="True" result="Success" executed="True" />
                  <test-case description="Script Get-VMwareOSOptimizationTool.ps1 should only contain one function" name="Module Function validation.Script Get-VMwareOSOptimizationTool.ps1 should only contain one function" time="0.4177" asserts="0" success="True" result="Success" executed="True" />
                  <test-case description="Script Get-VMwareTools.ps1 should only contain one function" name="Module Function validation.Script Get-VMwareTools.ps1 should only contain one function" time="0.2611" asserts="0" success="True" result="Success" executed="True" />
                  <test-case description="Script Get-VMwareWorkstationPlayer.ps1 should only contain one function" name="Module Function validation.Script Get-VMwareWorkstationPlayer.ps1 should only contain one function" time="0.3967" asserts="0" success="True" result="Success" executed="True" />
                  <test-case description="Script Get-VMwareWorkstationPro.ps1 should only contain one function" name="Module Function validation.Script Get-VMwareWorkstationPro.ps1 should only contain one function" time="0.4005" asserts="0" success="True" result="Success" executed="True" />
                  <test-case description="Script Get-voidtoolsEverything.ps1 should only contain one function" name="Module Function validation.Script Get-voidtoolsEverything.ps1 should only contain one function" time="0.2484" asserts="0" success="True" result="Success" executed="True" />
                  <test-case description="Script Get-Win32OpenSSH.ps1 should only contain one function" name="Module Function validation.Script Get-Win32OpenSSH.ps1 should only contain one function" time="0.2533" asserts="0" success="True" result="Success" executed="True" />
                  <test-case description="Script Get-WinMerge.ps1 should only contain one function" name="Module Function validation.Script Get-WinMerge.ps1 should only contain one function" time="0.248" asserts="0" success="True" result="Success" executed="True" />
                  <test-case description="Script Get-WinSCP.ps1 should only contain one function" name="Module Function validation.Script Get-WinSCP.ps1 should only contain one function" time="0.2611" asserts="0" success="True" result="Success" executed="True" />
                  <test-case description="Script Get-Wireshark.ps1 should only contain one function" name="Module Function validation.Script Get-Wireshark.ps1 should only contain one function" time="0.2452" asserts="0" success="True" result="Success" executed="True" />
                  <test-case description="Script Get-WixToolset.ps1 should only contain one function" name="Module Function validation.Script Get-WixToolset.ps1 should only contain one function" time="0.2463" asserts="0" success="True" result="Success" executed="True" />
                  <test-case description="Script Get-XnSoftXnConvert.ps1 should only contain one function" name="Module Function validation.Script Get-XnSoftXnConvert.ps1 should only contain one function" time="0.2529" asserts="0" success="True" result="Success" executed="True" />
                  <test-case description="Script Get-XnSoftXnViewMP.ps1 should only contain one function" name="Module Function validation.Script Get-XnSoftXnViewMP.ps1 should only contain one function" time="0.2733" asserts="0" success="True" result="Success" executed="True" />
                  <test-case description="Script Get-YubicoAuthenticator.ps1 should only contain one function" name="Module Function validation.Script Get-YubicoAuthenticator.ps1 should only contain one function" time="0.2655" asserts="0" success="True" result="Success" executed="True" />
                  <test-case description="Script Get-Zoom.ps1 should only contain one function" name="Module Function validation.Script Get-Zoom.ps1 should only contain one function" time="0.2879" asserts="0" success="True" result="Success" executed="True" />
                  <test-case description="Script Get-ZorgmailVeiligVerzendenAddin.ps1 should only contain one function" name="Module Function validation.Script Get-ZorgmailVeiligVerzendenAddin.ps1 should only contain one function" time="0.3815" asserts="0" success="True" result="Success" executed="True" />
                  <test-case description="Script Get-Zotero.ps1 should only contain one function" name="Module Function validation.Script Get-Zotero.ps1 should only contain one function" time="0.2931" asserts="0" success="True" result="Success" executed="True" />
                  <test-case description="Script ConvertFrom-IniFile.ps1 should only contain one function" name="Module Function validation.Script ConvertFrom-IniFile.ps1 should only contain one function" time="0.3424" asserts="0" success="True" result="Success" executed="True" />
                  <test-case description="Script ConvertTo-DateTime.ps1 should only contain one function" name="Module Function validation.Script ConvertTo-DateTime.ps1 should only contain one function" time="0.2496" asserts="0" success="True" result="Success" executed="True" />
                  <test-case description="Script ConvertTo-Hashtable.ps1 should only contain one function" name="Module Function validation.Script ConvertTo-Hashtable.ps1 should only contain one function" time="0.2382" asserts="0" success="True" result="Success" executed="True" />
                  <test-case description="Script Expand-GzipArchive.ps1 should only contain one function" name="Module Function validation.Script Expand-GzipArchive.ps1 should only contain one function" time="0.3324" asserts="0" success="True" result="Success" executed="True" />
                  <test-case description="Script Get-Architecture.ps1 should only contain one function" name="Module Function validation.Script Get-Architecture.ps1 should only contain one function" time="0.2265" asserts="0" success="True" result="Success" executed="True" />
                  <test-case description="Script Get-FileType.ps1 should only contain one function" name="Module Function validation.Script Get-FileType.ps1 should only contain one function" time="0.2521" asserts="0" success="True" result="Success" executed="True" />
                  <test-case description="Script Get-FunctionResource.ps1 should only contain one function" name="Module Function validation.Script Get-FunctionResource.ps1 should only contain one function" time="0.2252" asserts="0" success="True" result="Success" executed="True" />
                  <test-case description="Script Get-GitHubRepoRelease.ps1 should only contain one function" name="Module Function validation.Script Get-GitHubRepoRelease.ps1 should only contain one function" time="0.2986" asserts="0" success="True" result="Success" executed="True" />
                  <test-case description="Script Get-ModuleResource.ps1 should only contain one function" name="Module Function validation.Script Get-ModuleResource.ps1 should only contain one function" time="0.3981" asserts="0" success="True" result="Success" executed="True" />
                  <test-case description="Script Get-Platform.ps1 should only contain one function" name="Module Function validation.Script Get-Platform.ps1 should only contain one function" time="0.3038" asserts="0" success="True" result="Success" executed="True" />
                  <test-case description="Script Get-SourceForgeRepoRelease.ps1 should only contain one function" name="Module Function validation.Script Get-SourceForgeRepoRelease.ps1 should only contain one function" time="0.2578" asserts="0" success="True" result="Success" executed="True" />
                  <test-case description="Script Invoke-RestMethodWrapper.ps1 should only contain one function" name="Module Function validation.Script Invoke-RestMethodWrapper.ps1 should only contain one function" time="0.2926" asserts="0" success="True" result="Success" executed="True" />
                  <test-case description="Script Invoke-SystemNetRequest.ps1 should only contain one function" name="Module Function validation.Script Invoke-SystemNetRequest.ps1 should only contain one function" time="0.4282" asserts="0" success="True" result="Success" executed="True" />
                  <test-case description="Script Invoke-WebRequestWrapper.ps1 should only contain one function" name="Module Function validation.Script Invoke-WebRequestWrapper.ps1 should only contain one function" time="0.2843" asserts="0" success="True" result="Success" executed="True" />
                  <test-case description="Script New-EvergreenPath.ps1 should only contain one function" name="Module Function validation.Script New-EvergreenPath.ps1 should only contain one function" time="0.2254" asserts="0" success="True" result="Success" executed="True" />
                  <test-case description="Script Remove-ProxyEnv.ps1 should only contain one function" name="Module Function validation.Script Remove-ProxyEnv.ps1 should only contain one function" time="0.2459" asserts="0" success="True" result="Success" executed="True" />
                  <test-case description="Script Resolve-DnsNameWrapper.ps1 should only contain one function" name="Module Function validation.Script Resolve-DnsNameWrapper.ps1 should only contain one function" time="0.2116" asserts="0" success="True" result="Success" executed="True" />
                  <test-case description="Script Resolve-InvokeWebRequest.ps1 should only contain one function" name="Module Function validation.Script Resolve-InvokeWebRequest.ps1 should only contain one function" time="0.2437" asserts="0" success="True" result="Success" executed="True" />
                  <test-case description="Script Resolve-SystemNetWebRequest.ps1 should only contain one function" name="Module Function validation.Script Resolve-SystemNetWebRequest.ps1 should only contain one function" time="0.3558" asserts="0" success="True" result="Success" executed="True" />
                  <test-case description="Script Save-File.ps1 should only contain one function" name="Module Function validation.Script Save-File.ps1 should only contain one function" time="0.2251" asserts="0" success="True" result="Success" executed="True" />
                  <test-case description="Script Set-ProxyEnv.ps1 should only contain one function" name="Module Function validation.Script Set-ProxyEnv.ps1 should only contain one function" time="0.323" asserts="0" success="True" result="Success" executed="True" />
                  <test-case description="Script Test-ProxyEnv.ps1 should only contain one function" name="Module Function validation.Script Test-ProxyEnv.ps1 should only contain one function" time="0.2377" asserts="0" success="True" result="Success" executed="True" />
                  <test-case description="Script Test-PSCore.ps1 should only contain one function" name="Module Function validation.Script Test-PSCore.ps1 should only contain one function" time="0.2644" asserts="0" success="True" result="Success" executed="True" />
                  <test-case description="Script Export-EvergreenApp.ps1 should only contain one function" name="Module Function validation.Script Export-EvergreenApp.ps1 should only contain one function" time="0.2978" asserts="0" success="True" result="Success" executed="True" />
                  <test-case description="Script Export-EvergreenManifest.ps1 should only contain one function" name="Module Function validation.Script Export-EvergreenManifest.ps1 should only contain one function" time="0.3639" asserts="0" success="True" result="Success" executed="True" />
                  <test-case description="Script Find-EvergreenApp.ps1 should only contain one function" name="Module Function validation.Script Find-EvergreenApp.ps1 should only contain one function" time="0.2688" asserts="0" success="True" result="Success" executed="True" />
                  <test-case description="Script Get-EvergreenApp.ps1 should only contain one function" name="Module Function validation.Script Get-EvergreenApp.ps1 should only contain one function" time="0.3333" asserts="0" success="True" result="Success" executed="True" />
                  <test-case description="Script Get-EvergreenLibrary.ps1 should only contain one function" name="Module Function validation.Script Get-EvergreenLibrary.ps1 should only contain one function" time="0.2981" asserts="0" success="True" result="Success" executed="True" />
                  <test-case description="Script Invoke-EvergreenApp.ps1 should only contain one function" name="Module Function validation.Script Invoke-EvergreenApp.ps1 should only contain one function" time="0.2406" asserts="0" success="True" result="Success" executed="True" />
                  <test-case description="Script Invoke-EvergreenLibraryUpdate.ps1 should only contain one function" name="Module Function validation.Script Invoke-EvergreenLibraryUpdate.ps1 should only contain one function" time="0.3451" asserts="0" success="True" result="Success" executed="True" />
                  <test-case description="Script New-EvergreenLibrary.ps1 should only contain one function" name="Module Function validation.Script New-EvergreenLibrary.ps1 should only contain one function" time="0.2722" asserts="0" success="True" result="Success" executed="True" />
                  <test-case description="Script Save-EvergreenApp.ps1 should only contain one function" name="Module Function validation.Script Save-EvergreenApp.ps1 should only contain one function" time="0.2857" asserts="0" success="True" result="Success" executed="True" />
                  <test-case description="Script Test-EvergreenApp.ps1 should only contain one function" name="Module Function validation.Script Test-EvergreenApp.ps1 should only contain one function" time="0.2584" asserts="0" success="True" result="Success" executed="True" />
                </results>
              </test-suite>
              <test-suite type="ParameterizedTest" name="Module Function validation.Script &lt;file.Name&gt; should match function name" executed="True" result="Success" success="True" time="73.1553" asserts="0" description="Script &lt;file.Name&gt; should match function name">
                <results>
                  <test-case description="Script Get-1Password.ps1 should match function name" name="Module Function validation.Script Get-1Password.ps1 should match function name" time="0.2546" asserts="0" success="True" result="Success" executed="True" />
                  <test-case description="Script Get-1Password7.ps1 should match function name" name="Module Function validation.Script Get-1Password7.ps1 should match function name" time="0.2442" asserts="0" success="True" result="Success" executed="True" />
                  <test-case description="Script Get-7zip.ps1 should match function name" name="Module Function validation.Script Get-7zip.ps1 should match function name" time="0.2427" asserts="0" success="True" result="Success" executed="True" />
                  <test-case description="Script Get-7ZipZS.ps1 should match function name" name="Module Function validation.Script Get-7ZipZS.ps1 should match function name" time="0.261" asserts="0" success="True" result="Success" executed="True" />
                  <test-case description="Script Get-AdobeAcrobat.ps1 should match function name" name="Module Function validation.Script Get-AdobeAcrobat.ps1 should match function name" time="0.2641" asserts="0" success="True" result="Success" executed="True" />
                  <test-case description="Script Get-AdobeAcrobatDC.ps1 should match function name" name="Module Function validation.Script Get-AdobeAcrobatDC.ps1 should match function name" time="0.2629" asserts="0" success="True" result="Success" executed="True" />
                  <test-case description="Script Get-AdobeAcrobatProStdDC.ps1 should match function name" name="Module Function validation.Script Get-AdobeAcrobatProStdDC.ps1 should match function name" time="0.2771" asserts="0" success="True" result="Success" executed="True" />
                  <test-case description="Script Get-AdobeAcrobatReaderDC.ps1 should match function name" name="Module Function validation.Script Get-AdobeAcrobatReaderDC.ps1 should match function name" time="0.2593" asserts="0" success="True" result="Success" executed="True" />
                  <test-case description="Script Get-AdobeBrackets.ps1 should match function name" name="Module Function validation.Script Get-AdobeBrackets.ps1 should match function name" time="0.2733" asserts="0" success="True" result="Success" executed="True" />
                  <test-case description="Script Get-AdobeConnect.ps1 should match function name" name="Module Function validation.Script Get-AdobeConnect.ps1 should match function name" time="0.2787" asserts="0" success="True" result="Success" executed="True" />
                  <test-case description="Script Get-AdoptiumTemurin11.ps1 should match function name" name="Module Function validation.Script Get-AdoptiumTemurin11.ps1 should match function name" time="0.2406" asserts="0" success="True" result="Success" executed="True" />
                  <test-case description="Script Get-AdoptiumTemurin16.ps1 should match function name" name="Module Function validation.Script Get-AdoptiumTemurin16.ps1 should match function name" time="0.2391" asserts="0" success="True" result="Success" executed="True" />
                  <test-case description="Script Get-AdoptiumTemurin17.ps1 should match function name" name="Module Function validation.Script Get-AdoptiumTemurin17.ps1 should match function name" time="0.2528" asserts="0" success="True" result="Success" executed="True" />
                  <test-case description="Script Get-AdoptiumTemurin18.ps1 should match function name" name="Module Function validation.Script Get-AdoptiumTemurin18.ps1 should match function name" time="0.2649" asserts="0" success="True" result="Success" executed="True" />
                  <test-case description="Script Get-AdoptiumTemurin8.ps1 should match function name" name="Module Function validation.Script Get-AdoptiumTemurin8.ps1 should match function name" time="0.2546" asserts="0" success="True" result="Success" executed="True" />
                  <test-case description="Script Get-AdoptOpenJDK11.ps1 should match function name" name="Module Function validation.Script Get-AdoptOpenJDK11.ps1 should match function name" time="0.2633" asserts="0" success="True" result="Success" executed="True" />
                  <test-case description="Script Get-AdoptOpenJDK16.ps1 should match function name" name="Module Function validation.Script Get-AdoptOpenJDK16.ps1 should match function name" time="0.2506" asserts="0" success="True" result="Success" executed="True" />
                  <test-case description="Script Get-AdoptOpenJDK8.ps1 should match function name" name="Module Function validation.Script Get-AdoptOpenJDK8.ps1 should match function name" time="0.2426" asserts="0" success="True" result="Success" executed="True" />
                  <test-case description="Script Get-AdoptOpenJDKIcedTeaWeb.ps1 should match function name" name="Module Function validation.Script Get-AdoptOpenJDKIcedTeaWeb.ps1 should match function name" time="0.254" asserts="0" success="True" result="Success" executed="True" />
                  <test-case description="Script Get-AdoptOpenJDKSemuru11.ps1 should match function name" name="Module Function validation.Script Get-AdoptOpenJDKSemuru11.ps1 should match function name" time="0.2412" asserts="0" success="True" result="Success" executed="True" />
                  <test-case description="Script Get-AdoptOpenJDKSemuru17.ps1 should match function name" name="Module Function validation.Script Get-AdoptOpenJDKSemuru17.ps1 should match function name" time="0.2494" asserts="0" success="True" result="Success" executed="True" />
                  <test-case description="Script Get-AdoptOpenJDKSemuru18.ps1 should match function name" name="Module Function validation.Script Get-AdoptOpenJDKSemuru18.ps1 should match function name" time="0.2574" asserts="0" success="True" result="Success" executed="True" />
                  <test-case description="Script Get-AdoptOpenJDKSemuru8.ps1 should match function name" name="Module Function validation.Script Get-AdoptOpenJDKSemuru8.ps1 should match function name" time="0.256" asserts="0" success="True" result="Success" executed="True" />
                  <test-case description="Script Get-AirtameApp.ps1 should match function name" name="Module Function validation.Script Get-AirtameApp.ps1 should match function name" time="0.2592" asserts="0" success="True" result="Success" executed="True" />
                  <test-case description="Script Get-AkeoRufus.ps1 should match function name" name="Module Function validation.Script Get-AkeoRufus.ps1 should match function name" time="0.2625" asserts="0" success="True" result="Success" executed="True" />
                  <test-case description="Script Get-AmazonCorretto.ps1 should match function name" name="Module Function validation.Script Get-AmazonCorretto.ps1 should match function name" time="0.2577" asserts="0" success="True" result="Success" executed="True" />
                  <test-case description="Script Get-Anaconda.ps1 should match function name" name="Module Function validation.Script Get-Anaconda.ps1 should match function name" time="0.2578" asserts="0" success="True" result="Success" executed="True" />
                  <test-case description="Script Get-Anki.ps1 should match function name" name="Module Function validation.Script Get-Anki.ps1 should match function name" time="0.2587" asserts="0" success="True" result="Success" executed="True" />
                  <test-case description="Script Get-AppVentiX.ps1 should match function name" name="Module Function validation.Script Get-AppVentiX.ps1 should match function name" time="0.2709" asserts="0" success="True" result="Success" executed="True" />
                  <test-case description="Script Get-ArtifexGhostscript.ps1 should match function name" name="Module Function validation.Script Get-ArtifexGhostscript.ps1 should match function name" time="0.2439" asserts="0" success="True" result="Success" executed="True" />
                  <test-case description="Script Get-AtlassianSourcetree.ps1 should match function name" name="Module Function validation.Script Get-AtlassianSourcetree.ps1 should match function name" time="0.2496" asserts="0" success="True" result="Success" executed="True" />
                  <test-case description="Script Get-Audacity.ps1 should match function name" name="Module Function validation.Script Get-Audacity.ps1 should match function name" time="0.2339" asserts="0" success="True" result="Success" executed="True" />
                  <test-case description="Script Get-AutoDarkMode.ps1 should match function name" name="Module Function validation.Script Get-AutoDarkMode.ps1 should match function name" time="0.2522" asserts="0" success="True" result="Success" executed="True" />
                  <test-case description="Script Get-AWSCLI.ps1 should match function name" name="Module Function validation.Script Get-AWSCLI.ps1 should match function name" time="0.2404" asserts="0" success="True" result="Success" executed="True" />
                  <test-case description="Script Get-AWSSAMCLI.ps1 should match function name" name="Module Function validation.Script Get-AWSSAMCLI.ps1 should match function name" time="0.253" asserts="0" success="True" result="Success" executed="True" />
                  <test-case description="Script Get-BeekeeperStudio.ps1 should match function name" name="Module Function validation.Script Get-BeekeeperStudio.ps1 should match function name" time="0.2609" asserts="0" success="True" result="Success" executed="True" />
                  <test-case description="Script Get-BISF.ps1 should match function name" name="Module Function validation.Script Get-BISF.ps1 should match function name" time="0.269" asserts="0" success="True" result="Success" executed="True" />
                  <test-case description="Script Get-BitwardenDesktop.ps1 should match function name" name="Module Function validation.Script Get-BitwardenDesktop.ps1 should match function name" time="0.2563" asserts="0" success="True" result="Success" executed="True" />
                  <test-case description="Script Get-BlenderLauncher.ps1 should match function name" name="Module Function validation.Script Get-BlenderLauncher.ps1 should match function name" time="0.2556" asserts="0" success="True" result="Success" executed="True" />
                  <test-case description="Script Get-BlueJ.ps1 should match function name" name="Module Function validation.Script Get-BlueJ.ps1 should match function name" time="0.245" asserts="0" success="True" result="Success" executed="True" />
                  <test-case description="Script Get-CendioThinLinc.ps1 should match function name" name="Module Function validation.Script Get-CendioThinLinc.ps1 should match function name" time="0.2491" asserts="0" success="True" result="Success" executed="True" />
                  <test-case description="Script Get-ChromiumChromeDriver.ps1 should match function name" name="Module Function validation.Script Get-ChromiumChromeDriver.ps1 should match function name" time="0.247" asserts="0" success="True" result="Success" executed="True" />
                  <test-case description="Script Get-CitrixVMTools.ps1 should match function name" name="Module Function validation.Script Get-CitrixVMTools.ps1 should match function name" time="0.2348" asserts="0" success="True" result="Success" executed="True" />
                  <test-case description="Script Get-CitrixWorkspaceApp.ps1 should match function name" name="Module Function validation.Script Get-CitrixWorkspaceApp.ps1 should match function name" time="0.2317" asserts="0" success="True" result="Success" executed="True" />
                  <test-case description="Script Get-CodelerityApacheNetBeans.ps1 should match function name" name="Module Function validation.Script Get-CodelerityApacheNetBeans.ps1 should match function name" time="0.2381" asserts="0" success="True" result="Success" executed="True" />
                  <test-case description="Script Get-ConnectionExperienceIndicator.ps1 should match function name" name="Module Function validation.Script Get-ConnectionExperienceIndicator.ps1 should match function name" time="0.2307" asserts="0" success="True" result="Success" executed="True" />
                  <test-case description="Script Get-ControlUpAgent.ps1 should match function name" name="Module Function validation.Script Get-ControlUpAgent.ps1 should match function name" time="0.2369" asserts="0" success="True" result="Success" executed="True" />
                  <test-case description="Script Get-ControlUpConsole.ps1 should match function name" name="Module Function validation.Script Get-ControlUpConsole.ps1 should match function name" time="0.2433" asserts="0" success="True" result="Success" executed="True" />
                  <test-case description="Script Get-Cyberduck.ps1 should match function name" name="Module Function validation.Script Get-Cyberduck.ps1 should match function name" time="0.2433" asserts="0" success="True" result="Success" executed="True" />
                  <test-case description="Script Get-dbeaver.ps1 should match function name" name="Module Function validation.Script Get-dbeaver.ps1 should match function name" time="0.234" asserts="0" success="True" result="Success" executed="True" />
                  <test-case description="Script Get-DebaucheeBarrier.ps1 should match function name" name="Module Function validation.Script Get-DebaucheeBarrier.ps1 should match function name" time="0.2321" asserts="0" success="True" result="Success" executed="True" />
                  <test-case description="Script Get-deviceTRUST.ps1 should match function name" name="Module Function validation.Script Get-deviceTRUST.ps1 should match function name" time="0.2309" asserts="0" success="True" result="Success" executed="True" />
                  <test-case description="Script Get-DevToys.ps1 should match function name" name="Module Function validation.Script Get-DevToys.ps1 should match function name" time="0.2313" asserts="0" success="True" result="Success" executed="True" />
                  <test-case description="Script Get-diagrams.net.ps1 should match function name" name="Module Function validation.Script Get-diagrams.net.ps1 should match function name" time="0.2371" asserts="0" success="True" result="Success" executed="True" />
                  <test-case description="Script Get-dnGrep.ps1 should match function name" name="Module Function validation.Script Get-dnGrep.ps1 should match function name" time="0.2327" asserts="0" success="True" result="Success" executed="True" />
                  <test-case description="Script Get-DockerDesktop.ps1 should match function name" name="Module Function validation.Script Get-DockerDesktop.ps1 should match function name" time="0.3292" asserts="0" success="True" result="Success" executed="True" />
                  <test-case description="Script Get-DoubleCommander.ps1 should match function name" name="Module Function validation.Script Get-DoubleCommander.ps1 should match function name" time="0.2293" asserts="0" success="True" result="Success" executed="True" />
                  <test-case description="Script Get-EgnyteDesktopApp.ps1 should match function name" name="Module Function validation.Script Get-EgnyteDesktopApp.ps1 should match function name" time="0.2295" asserts="0" success="True" result="Success" executed="True" />
                  <test-case description="Script Get-ESETEndpointAntivirus.ps1 should match function name" name="Module Function validation.Script Get-ESETEndpointAntivirus.ps1 should match function name" time="0.2343" asserts="0" success="True" result="Success" executed="True" />
                  <test-case description="Script Get-ESETEndpointSecurity.ps1 should match function name" name="Module Function validation.Script Get-ESETEndpointSecurity.ps1 should match function name" time="0.2441" asserts="0" success="True" result="Success" executed="True" />
                  <test-case description="Script Get-ESETFullDiskEncryption.ps1 should match function name" name="Module Function validation.Script Get-ESETFullDiskEncryption.ps1 should match function name" time="0.2425" asserts="0" success="True" result="Success" executed="True" />
                  <test-case description="Script Get-ESETInspectConnector.ps1 should match function name" name="Module Function validation.Script Get-ESETInspectConnector.ps1 should match function name" time="0.2504" asserts="0" success="True" result="Success" executed="True" />
                  <test-case description="Script Get-ESETPROTECTServer.ps1 should match function name" name="Module Function validation.Script Get-ESETPROTECTServer.ps1 should match function name" time="0.2472" asserts="0" success="True" result="Success" executed="True" />
                  <test-case description="Script Get-ESETSecureAuthentication.ps1 should match function name" name="Module Function validation.Script Get-ESETSecureAuthentication.ps1 should match function name" time="0.2475" asserts="0" success="True" result="Success" executed="True" />
                  <test-case description="Script Get-ESETServerSecurity.ps1 should match function name" name="Module Function validation.Script Get-ESETServerSecurity.ps1 should match function name" time="0.2442" asserts="0" success="True" result="Success" executed="True" />
                  <test-case description="Script Get-FileZilla.ps1 should match function name" name="Module Function validation.Script Get-FileZilla.ps1 should match function name" time="0.2458" asserts="0" success="True" result="Success" executed="True" />
                  <test-case description="Script Get-Fork.ps1 should match function name" name="Module Function validation.Script Get-Fork.ps1 should match function name" time="0.2445" asserts="0" success="True" result="Success" executed="True" />
                  <test-case description="Script Get-FoxitPDFEditor.ps1 should match function name" name="Module Function validation.Script Get-FoxitPDFEditor.ps1 should match function name" time="0.2501" asserts="0" success="True" result="Success" executed="True" />
                  <test-case description="Script Get-FoxitReader.ps1 should match function name" name="Module Function validation.Script Get-FoxitReader.ps1 should match function name" time="0.2461" asserts="0" success="True" result="Success" executed="True" />
                  <test-case description="Script Get-FreedomScientificFusion.ps1 should match function name" name="Module Function validation.Script Get-FreedomScientificFusion.ps1 should match function name" time="0.252" asserts="0" success="True" result="Success" executed="True" />
                  <test-case description="Script Get-FreedomScientificJAWS.ps1 should match function name" name="Module Function validation.Script Get-FreedomScientificJAWS.ps1 should match function name" time="0.2587" asserts="0" success="True" result="Success" executed="True" />
                  <test-case description="Script Get-FreedomScientificZoomText.ps1 should match function name" name="Module Function validation.Script Get-FreedomScientificZoomText.ps1 should match function name" time="0.2567" asserts="0" success="True" result="Success" executed="True" />
                  <test-case description="Script Get-FreeFem.ps1 should match function name" name="Module Function validation.Script Get-FreeFem.ps1 should match function name" time="0.2368" asserts="0" success="True" result="Success" executed="True" />
                  <test-case description="Script Get-GeekSoftwarePDF24Creator.ps1 should match function name" name="Module Function validation.Script Get-GeekSoftwarePDF24Creator.ps1 should match function name" time="0.232" asserts="0" success="True" result="Success" executed="True" />
                  <test-case description="Script Get-Gephi.ps1 should match function name" name="Module Function validation.Script Get-Gephi.ps1 should match function name" time="0.2294" asserts="0" success="True" result="Success" executed="True" />
                  <test-case description="Script Get-GhislerTotalCommander.ps1 should match function name" name="Module Function validation.Script Get-GhislerTotalCommander.ps1 should match function name" time="0.2388" asserts="0" success="True" result="Success" executed="True" />
                  <test-case description="Script Get-Gimp.ps1 should match function name" name="Module Function validation.Script Get-Gimp.ps1 should match function name" time="0.2311" asserts="0" success="True" result="Success" executed="True" />
                  <test-case description="Script Get-GitExtensions.ps1 should match function name" name="Module Function validation.Script Get-GitExtensions.ps1 should match function name" time="0.254" asserts="0" success="True" result="Success" executed="True" />
                  <test-case description="Script Get-GitForWindows.ps1 should match function name" name="Module Function validation.Script Get-GitForWindows.ps1 should match function name" time="0.2616" asserts="0" success="True" result="Success" executed="True" />
                  <test-case description="Script Get-GitHubAtom.ps1 should match function name" name="Module Function validation.Script Get-GitHubAtom.ps1 should match function name" time="0.2517" asserts="0" success="True" result="Success" executed="True" />
                  <test-case description="Script Get-GitHubRelease.ps1 should match function name" name="Module Function validation.Script Get-GitHubRelease.ps1 should match function name" time="0.2819" asserts="0" success="True" result="Success" executed="True" />
                  <test-case description="Script Get-GoogleChrome.ps1 should match function name" name="Module Function validation.Script Get-GoogleChrome.ps1 should match function name" time="0.2399" asserts="0" success="True" result="Success" executed="True" />
                  <test-case description="Script Get-Gpg4win.ps1 should match function name" name="Module Function validation.Script Get-Gpg4win.ps1 should match function name" time="0.2306" asserts="0" success="True" result="Success" executed="True" />
                  <test-case description="Script Get-Greenshot.ps1 should match function name" name="Module Function validation.Script Get-Greenshot.ps1 should match function name" time="0.231" asserts="0" success="True" result="Success" executed="True" />
                  <test-case description="Script Get-gretl.ps1 should match function name" name="Module Function validation.Script Get-gretl.ps1 should match function name" time="0.2314" asserts="0" success="True" result="Success" executed="True" />
                  <test-case description="Script Get-Handbrake.ps1 should match function name" name="Module Function validation.Script Get-Handbrake.ps1 should match function name" time="0.2371" asserts="0" success="True" result="Success" executed="True" />
                  <test-case description="Script Get-HashicorpBoundary.ps1 should match function name" name="Module Function validation.Script Get-HashicorpBoundary.ps1 should match function name" time="0.2299" asserts="0" success="True" result="Success" executed="True" />
                  <test-case description="Script Get-HashicorpConsul.ps1 should match function name" name="Module Function validation.Script Get-HashicorpConsul.ps1 should match function name" time="0.2345" asserts="0" success="True" result="Success" executed="True" />
                  <test-case description="Script Get-HashicorpNomad.ps1 should match function name" name="Module Function validation.Script Get-HashicorpNomad.ps1 should match function name" time="0.2425" asserts="0" success="True" result="Success" executed="True" />
                  <test-case description="Script Get-HashicorpPacker.ps1 should match function name" name="Module Function validation.Script Get-HashicorpPacker.ps1 should match function name" time="0.2488" asserts="0" success="True" result="Success" executed="True" />
                  <test-case description="Script Get-HashicorpTerraform.ps1 should match function name" name="Module Function validation.Script Get-HashicorpTerraform.ps1 should match function name" time="0.2486" asserts="0" success="True" result="Success" executed="True" />
                  <test-case description="Script Get-HashicorpVault.ps1 should match function name" name="Module Function validation.Script Get-HashicorpVault.ps1 should match function name" time="0.2514" asserts="0" success="True" result="Success" executed="True" />
                  <test-case description="Script Get-HashicorpWaypoint.ps1 should match function name" name="Module Function validation.Script Get-HashicorpWaypoint.ps1 should match function name" time="0.259" asserts="0" success="True" result="Success" executed="True" />
                  <test-case description="Script Get-ImageGlass.ps1 should match function name" name="Module Function validation.Script Get-ImageGlass.ps1 should match function name" time="0.2526" asserts="0" success="True" result="Success" executed="True" />
                  <test-case description="Script Get-ImageMagickStudioImageMagick.ps1 should match function name" name="Module Function validation.Script Get-ImageMagickStudioImageMagick.ps1 should match function name" time="0.256" asserts="0" success="True" result="Success" executed="True" />
                  <test-case description="Script Get-JamTreeSizeFree.ps1 should match function name" name="Module Function validation.Script Get-JamTreeSizeFree.ps1 should match function name" time="0.2596" asserts="0" success="True" result="Success" executed="True" />
                  <test-case description="Script Get-JamTreeSizeProfessional.ps1 should match function name" name="Module Function validation.Script Get-JamTreeSizeProfessional.ps1 should match function name" time="0.2344" asserts="0" success="True" result="Success" executed="True" />
                  <test-case description="Script Get-JASP.ps1 should match function name" name="Module Function validation.Script Get-JASP.ps1 should match function name" time="0.2338" asserts="0" success="True" result="Success" executed="True" />
                  <test-case description="Script Get-JeremyMainGPUProfiler.ps1 should match function name" name="Module Function validation.Script Get-JeremyMainGPUProfiler.ps1 should match function name" time="0.241" asserts="0" success="True" result="Success" executed="True" />
                  <test-case description="Script Get-JetBrainsIntelliJIDEA.ps1 should match function name" name="Module Function validation.Script Get-JetBrainsIntelliJIDEA.ps1 should match function name" time="0.2566" asserts="0" success="True" result="Success" executed="True" />
                  <test-case description="Script Get-JetBrainsPyCharm.ps1 should match function name" name="Module Function validation.Script Get-JetBrainsPyCharm.ps1 should match function name" time="0.2556" asserts="0" success="True" result="Success" executed="True" />
                  <test-case description="Script Get-jq.ps1 should match function name" name="Module Function validation.Script Get-jq.ps1 should match function name" time="0.2451" asserts="0" success="True" result="Success" executed="True" />
                  <test-case description="Script Get-jrsoftwareInnoSetup.ps1 should match function name" name="Module Function validation.Script Get-jrsoftwareInnoSetup.ps1 should match function name" time="0.2369" asserts="0" success="True" result="Success" executed="True" />
                  <test-case description="Script Get-KarakunOpenWebStart.ps1 should match function name" name="Module Function validation.Script Get-KarakunOpenWebStart.ps1 should match function name" time="0.2397" asserts="0" success="True" result="Success" executed="True" />
                  <test-case description="Script Get-KDiff3.ps1 should match function name" name="Module Function validation.Script Get-KDiff3.ps1 should match function name" time="0.2374" asserts="0" success="True" result="Success" executed="True" />
                  <test-case description="Script Get-KeePass.ps1 should match function name" name="Module Function validation.Script Get-KeePass.ps1 should match function name" time="0.2382" asserts="0" success="True" result="Success" executed="True" />
                  <test-case description="Script Get-KeePassXCTeamKeePassXC.ps1 should match function name" name="Module Function validation.Script Get-KeePassXCTeamKeePassXC.ps1 should match function name" time="0.2392" asserts="0" success="True" result="Success" executed="True" />
                  <test-case description="Script Get-KeeWeb.ps1 should match function name" name="Module Function validation.Script Get-KeeWeb.ps1 should match function name" time="0.2453" asserts="0" success="True" result="Success" executed="True" />
                  <test-case description="Script Get-LogMeInGoToMeeting.ps1 should match function name" name="Module Function validation.Script Get-LogMeInGoToMeeting.ps1 should match function name" time="0.2409" asserts="0" success="True" result="Success" executed="True" />
                  <test-case description="Script Get-LogMeInGoToOpener.ps1 should match function name" name="Module Function validation.Script Get-LogMeInGoToOpener.ps1 should match function name" time="0.2456" asserts="0" success="True" result="Success" executed="True" />
                  <test-case description="Script Get-MasterPackager.ps1 should match function name" name="Module Function validation.Script Get-MasterPackager.ps1 should match function name" time="0.2403" asserts="0" success="True" result="Success" executed="True" />
                  <test-case description="Script Get-MattermostDesktop.ps1 should match function name" name="Module Function validation.Script Get-MattermostDesktop.ps1 should match function name" time="0.4449" asserts="0" success="True" result="Success" executed="True" />
                  <test-case description="Script Get-Maximus5ConEmu.ps1 should match function name" name="Module Function validation.Script Get-Maximus5ConEmu.ps1 should match function name" time="0.2365" asserts="0" success="True" result="Success" executed="True" />
                  <test-case description="Script Get-McNeelRhino.ps1 should match function name" name="Module Function validation.Script Get-McNeelRhino.ps1 should match function name" time="0.2677" asserts="0" success="True" result="Success" executed="True" />
                  <test-case description="Script Get-MendeleyDesktop.ps1 should match function name" name="Module Function validation.Script Get-MendeleyDesktop.ps1 should match function name" time="0.2572" asserts="0" success="True" result="Success" executed="True" />
                  <test-case description="Script Get-MestrelabMnova.ps1 should match function name" name="Module Function validation.Script Get-MestrelabMnova.ps1 should match function name" time="0.2603" asserts="0" success="True" result="Success" executed="True" />
                  <test-case description="Script Get-Microsoft.NET.ps1 should match function name" name="Module Function validation.Script Get-Microsoft.NET.ps1 should match function name" time="0.2525" asserts="0" success="True" result="Success" executed="True" />
                  <test-case description="Script Get-Microsoft365Apps.ps1 should match function name" name="Module Function validation.Script Get-Microsoft365Apps.ps1 should match function name" time="0.2795" asserts="0" success="True" result="Success" executed="True" />
                  <test-case description="Script Get-MicrosoftAzureDataStudio.ps1 should match function name" name="Module Function validation.Script Get-MicrosoftAzureDataStudio.ps1 should match function name" time="0.2403" asserts="0" success="True" result="Success" executed="True" />
                  <test-case description="Script Get-MicrosoftAzureFunctionsCoreTools.ps1 should match function name" name="Module Function validation.Script Get-MicrosoftAzureFunctionsCoreTools.ps1 should match function name" time="0.2435" asserts="0" success="True" result="Success" executed="True" />
                  <test-case description="Script Get-MicrosoftAzureStorageExplorer.ps1 should match function name" name="Module Function validation.Script Get-MicrosoftAzureStorageExplorer.ps1 should match function name" time="0.2413" asserts="0" success="True" result="Success" executed="True" />
                  <test-case description="Script Get-MicrosoftAzureWindowsVMAgent.ps1 should match function name" name="Module Function validation.Script Get-MicrosoftAzureWindowsVMAgent.ps1 should match function name" time="0.246" asserts="0" success="True" result="Success" executed="True" />
                  <test-case description="Script Get-MicrosoftBicep.ps1 should match function name" name="Module Function validation.Script Get-MicrosoftBicep.ps1 should match function name" time="0.2375" asserts="0" success="True" result="Success" executed="True" />
                  <test-case description="Script Get-MicrosoftBotFrameworkEmulator.ps1 should match function name" name="Module Function validation.Script Get-MicrosoftBotFrameworkEmulator.ps1 should match function name" time="0.2406" asserts="0" success="True" result="Success" executed="True" />
                  <test-case description="Script Get-MicrosoftEdge.ps1 should match function name" name="Module Function validation.Script Get-MicrosoftEdge.ps1 should match function name" time="0.2695" asserts="0" success="True" result="Success" executed="True" />
                  <test-case description="Script Get-MicrosoftEdgeDriver.ps1 should match function name" name="Module Function validation.Script Get-MicrosoftEdgeDriver.ps1 should match function name" time="0.2815" asserts="0" success="True" result="Success" executed="True" />
                  <test-case description="Script Get-MicrosoftEdgeWebView2Runtime.ps1 should match function name" name="Module Function validation.Script Get-MicrosoftEdgeWebView2Runtime.ps1 should match function name" time="0.2597" asserts="0" success="True" result="Success" executed="True" />
                  <test-case description="Script Get-MicrosoftFSLogixApps.ps1 should match function name" name="Module Function validation.Script Get-MicrosoftFSLogixApps.ps1 should match function name" time="0.2728" asserts="0" success="True" result="Success" executed="True" />
                  <test-case description="Script Get-MicrosoftOneDrive.ps1 should match function name" name="Module Function validation.Script Get-MicrosoftOneDrive.ps1 should match function name" time="0.2562" asserts="0" success="True" result="Success" executed="True" />
                  <test-case description="Script Get-MicrosoftOutlook.ps1 should match function name" name="Module Function validation.Script Get-MicrosoftOutlook.ps1 should match function name" time="0.2619" asserts="0" success="True" result="Success" executed="True" />
                  <test-case description="Script Get-MicrosoftPowerShell.ps1 should match function name" name="Module Function validation.Script Get-MicrosoftPowerShell.ps1 should match function name" time="0.2512" asserts="0" success="True" result="Success" executed="True" />
                  <test-case description="Script Get-MicrosoftPowerToys.ps1 should match function name" name="Module Function validation.Script Get-MicrosoftPowerToys.ps1 should match function name" time="0.2573" asserts="0" success="True" result="Success" executed="True" />
                  <test-case description="Script Get-MicrosoftSsms.ps1 should match function name" name="Module Function validation.Script Get-MicrosoftSsms.ps1 should match function name" time="0.2608" asserts="0" success="True" result="Success" executed="True" />
                  <test-case description="Script Get-MicrosoftTeams.ps1 should match function name" name="Module Function validation.Script Get-MicrosoftTeams.ps1 should match function name" time="0.2595" asserts="0" success="True" result="Success" executed="True" />
                  <test-case description="Script Get-MicrosoftTerminal.ps1 should match function name" name="Module Function validation.Script Get-MicrosoftTerminal.ps1 should match function name" time="0.256" asserts="0" success="True" result="Success" executed="True" />
                  <test-case description="Script Get-MicrosoftVisualStudio.ps1 should match function name" name="Module Function validation.Script Get-MicrosoftVisualStudio.ps1 should match function name" time="0.2532" asserts="0" success="True" result="Success" executed="True" />
                  <test-case description="Script Get-MicrosoftVisualStudioCode.ps1 should match function name" name="Module Function validation.Script Get-MicrosoftVisualStudioCode.ps1 should match function name" time="0.2772" asserts="0" success="True" result="Success" executed="True" />
                  <test-case description="Script Get-MicrosoftWindowsPackageManagerClient.ps1 should match function name" name="Module Function validation.Script Get-MicrosoftWindowsPackageManagerClient.ps1 should match function name" time="0.249" asserts="0" success="True" result="Success" executed="True" />
                  <test-case description="Script Get-MicrosoftWvdBootloader.ps1 should match function name" name="Module Function validation.Script Get-MicrosoftWvdBootloader.ps1 should match function name" time="0.2503" asserts="0" success="True" result="Success" executed="True" />
                  <test-case description="Script Get-MicrosoftWvdInfraAgent.ps1 should match function name" name="Module Function validation.Script Get-MicrosoftWvdInfraAgent.ps1 should match function name" time="0.2945" asserts="0" success="True" result="Success" executed="True" />
                  <test-case description="Script Get-MicrosoftWvdMultimediaRedirection.ps1 should match function name" name="Module Function validation.Script Get-MicrosoftWvdMultimediaRedirection.ps1 should match function name" time="0.2943" asserts="0" success="True" result="Success" executed="True" />
                  <test-case description="Script Get-MicrosoftWvdRemoteDesktop.ps1 should match function name" name="Module Function validation.Script Get-MicrosoftWvdRemoteDesktop.ps1 should match function name" time="0.3425" asserts="0" success="True" result="Success" executed="True" />
                  <test-case description="Script Get-MicrosoftWvdRtcService.ps1 should match function name" name="Module Function validation.Script Get-MicrosoftWvdRtcService.ps1 should match function name" time="0.266" asserts="0" success="True" result="Success" executed="True" />
                  <test-case description="Script Get-Miniconda.ps1 should match function name" name="Module Function validation.Script Get-Miniconda.ps1 should match function name" time="0.2609" asserts="0" success="True" result="Success" executed="True" />
                  <test-case description="Script Get-Minitab.ps1 should match function name" name="Module Function validation.Script Get-Minitab.ps1 should match function name" time="0.2936" asserts="0" success="True" result="Success" executed="True" />
                  <test-case description="Script Get-MiniZincIDE.ps1 should match function name" name="Module Function validation.Script Get-MiniZincIDE.ps1 should match function name" time="0.2766" asserts="0" success="True" result="Success" executed="True" />
                  <test-case description="Script Get-MirantisLens.ps1 should match function name" name="Module Function validation.Script Get-MirantisLens.ps1 should match function name" time="0.4872" asserts="0" success="True" result="Success" executed="True" />
                  <test-case description="Script Get-MozillaFirefox.ps1 should match function name" name="Module Function validation.Script Get-MozillaFirefox.ps1 should match function name" time="0.2952" asserts="0" success="True" result="Success" executed="True" />
                  <test-case description="Script Get-MozillaGeckoDriver.ps1 should match function name" name="Module Function validation.Script Get-MozillaGeckoDriver.ps1 should match function name" time="0.2571" asserts="0" success="True" result="Success" executed="True" />
                  <test-case description="Script Get-MozillaThunderbird.ps1 should match function name" name="Module Function validation.Script Get-MozillaThunderbird.ps1 should match function name" time="0.2587" asserts="0" success="True" result="Success" executed="True" />
                  <test-case description="Script Get-mRemoteNG.ps1 should match function name" name="Module Function validation.Script Get-mRemoteNG.ps1 should match function name" time="0.232" asserts="0" success="True" result="Success" executed="True" />
                  <test-case description="Script Get-MuseScore.ps1 should match function name" name="Module Function validation.Script Get-MuseScore.ps1 should match function name" time="0.2475" asserts="0" success="True" result="Success" executed="True" />
                  <test-case description="Script Get-Naps2.ps1 should match function name" name="Module Function validation.Script Get-Naps2.ps1 should match function name" time="0.2563" asserts="0" success="True" result="Success" executed="True" />
                  <test-case description="Script Get-NETworkManager.ps1 should match function name" name="Module Function validation.Script Get-NETworkManager.ps1 should match function name" time="0.2515" asserts="0" success="True" result="Success" executed="True" />
                  <test-case description="Script Get-NevcairielLAVFilters.ps1 should match function name" name="Module Function validation.Script Get-NevcairielLAVFilters.ps1 should match function name" time="0.2676" asserts="0" success="True" result="Success" executed="True" />
                  <test-case description="Script Get-Nomacs.ps1 should match function name" name="Module Function validation.Script Get-Nomacs.ps1 should match function name" time="0.2564" asserts="0" success="True" result="Success" executed="True" />
                  <test-case description="Script Get-Notable.ps1 should match function name" name="Module Function validation.Script Get-Notable.ps1 should match function name" time="0.2531" asserts="0" success="True" result="Success" executed="True" />
                  <test-case description="Script Get-NotepadPlusPlus.ps1 should match function name" name="Module Function validation.Script Get-NotepadPlusPlus.ps1 should match function name" time="0.2664" asserts="0" success="True" result="Success" executed="True" />
                  <test-case description="Script Get-Obsidian.ps1 should match function name" name="Module Function validation.Script Get-Obsidian.ps1 should match function name" time="0.2473" asserts="0" success="True" result="Success" executed="True" />
                  <test-case description="Script Get-OBSStudio.ps1 should match function name" name="Module Function validation.Script Get-OBSStudio.ps1 should match function name" time="0.2428" asserts="0" success="True" result="Success" executed="True" />
                  <test-case description="Script Get-OctopusDeployServer.ps1 should match function name" name="Module Function validation.Script Get-OctopusDeployServer.ps1 should match function name" time="0.239" asserts="0" success="True" result="Success" executed="True" />
                  <test-case description="Script Get-OctopusTentacle.ps1 should match function name" name="Module Function validation.Script Get-OctopusTentacle.ps1 should match function name" time="0.2496" asserts="0" success="True" result="Success" executed="True" />
                  <test-case description="Script Get-OnlyOfficeDesktopEditors.ps1 should match function name" name="Module Function validation.Script Get-OnlyOfficeDesktopEditors.ps1 should match function name" time="0.2419" asserts="0" success="True" result="Success" executed="True" />
                  <test-case description="Script Get-OpenJDK.ps1 should match function name" name="Module Function validation.Script Get-OpenJDK.ps1 should match function name" time="0.2773" asserts="0" success="True" result="Success" executed="True" />
                  <test-case description="Script Get-OpenLens.ps1 should match function name" name="Module Function validation.Script Get-OpenLens.ps1 should match function name" time="0.276" asserts="0" success="True" result="Success" executed="True" />
                  <test-case description="Script Get-OpenShellMenu.ps1 should match function name" name="Module Function validation.Script Get-OpenShellMenu.ps1 should match function name" time="0.2627" asserts="0" success="True" result="Success" executed="True" />
                  <test-case description="Script Get-OpenWebStart.ps1 should match function name" name="Module Function validation.Script Get-OpenWebStart.ps1 should match function name" time="0.2511" asserts="0" success="True" result="Success" executed="True" />
                  <test-case description="Script Get-OperaBrowser.ps1 should match function name" name="Module Function validation.Script Get-OperaBrowser.ps1 should match function name" time="0.3467" asserts="0" success="True" result="Success" executed="True" />
                  <test-case description="Script Get-OperaCryptoBrowser.ps1 should match function name" name="Module Function validation.Script Get-OperaCryptoBrowser.ps1 should match function name" time="0.3526" asserts="0" success="True" result="Success" executed="True" />
                  <test-case description="Script Get-OperaGXBrowser.ps1 should match function name" name="Module Function validation.Script Get-OperaGXBrowser.ps1 should match function name" time="0.3462" asserts="0" success="True" result="Success" executed="True" />
                  <test-case description="Script Get-OracleJava8.ps1 should match function name" name="Module Function validation.Script Get-OracleJava8.ps1 should match function name" time="0.2587" asserts="0" success="True" result="Success" executed="True" />
                  <test-case description="Script Get-OracleVirtualBox.ps1 should match function name" name="Module Function validation.Script Get-OracleVirtualBox.ps1 should match function name" time="0.2586" asserts="0" success="True" result="Success" executed="True" />
                  <test-case description="Script Get-PaintDotNet.ps1 should match function name" name="Module Function validation.Script Get-PaintDotNet.ps1 should match function name" time="0.2344" asserts="0" success="True" result="Success" executed="True" />
                  <test-case description="Script Get-PaintDotNetOfflineInstaller.ps1 should match function name" name="Module Function validation.Script Get-PaintDotNetOfflineInstaller.ps1 should match function name" time="0.2352" asserts="0" success="True" result="Success" executed="True" />
                  <test-case description="Script Get-Pandoc.ps1 should match function name" name="Module Function validation.Script Get-Pandoc.ps1 should match function name" time="0.2451" asserts="0" success="True" result="Success" executed="True" />
                  <test-case description="Script Get-PDFForgePDFCreator.ps1 should match function name" name="Module Function validation.Script Get-PDFForgePDFCreator.ps1 should match function name" time="0.2489" asserts="0" success="True" result="Success" executed="True" />
                  <test-case description="Script Get-PeaZipPeaZip.ps1 should match function name" name="Module Function validation.Script Get-PeaZipPeaZip.ps1 should match function name" time="0.2402" asserts="0" success="True" result="Success" executed="True" />
                  <test-case description="Script Get-PiriformCCleanerFree.ps1 should match function name" name="Module Function validation.Script Get-PiriformCCleanerFree.ps1 should match function name" time="0.2711" asserts="0" success="True" result="Success" executed="True" />
                  <test-case description="Script Get-Postman.ps1 should match function name" name="Module Function validation.Script Get-Postman.ps1 should match function name" time="0.2401" asserts="0" success="True" result="Success" executed="True" />
                  <test-case description="Script Get-Praat.ps1 should match function name" name="Module Function validation.Script Get-Praat.ps1 should match function name" time="0.2409" asserts="0" success="True" result="Success" executed="True" />
                  <test-case description="Script Get-ProgressChefInfraClient.ps1 should match function name" name="Module Function validation.Script Get-ProgressChefInfraClient.ps1 should match function name" time="0.2876" asserts="0" success="True" result="Success" executed="True" />
                  <test-case description="Script Get-ProgressChefInSpec.ps1 should match function name" name="Module Function validation.Script Get-ProgressChefInSpec.ps1 should match function name" time="0.2864" asserts="0" success="True" result="Success" executed="True" />
                  <test-case description="Script Get-ProgressChefWorkstation.ps1 should match function name" name="Module Function validation.Script Get-ProgressChefWorkstation.ps1 should match function name" time="0.2827" asserts="0" success="True" result="Success" executed="True" />
                  <test-case description="Script Get-ProjectLibre.ps1 should match function name" name="Module Function validation.Script Get-ProjectLibre.ps1 should match function name" time="0.2415" asserts="0" success="True" result="Success" executed="True" />
                  <test-case description="Script Get-Protege.ps1 should match function name" name="Module Function validation.Script Get-Protege.ps1 should match function name" time="0.2472" asserts="0" success="True" result="Success" executed="True" />
                  <test-case description="Script Get-PSAppDeployToolkit.ps1 should match function name" name="Module Function validation.Script Get-PSAppDeployToolkit.ps1 should match function name" time="0.2413" asserts="0" success="True" result="Success" executed="True" />
                  <test-case description="Script Get-PSFPython.ps1 should match function name" name="Module Function validation.Script Get-PSFPython.ps1 should match function name" time="0.2377" asserts="0" success="True" result="Success" executed="True" />
                  <test-case description="Script Get-PuTTY.ps1 should match function name" name="Module Function validation.Script Get-PuTTY.ps1 should match function name" time="0.2374" asserts="0" success="True" result="Success" executed="True" />
                  <test-case description="Script Get-RCoreTeamRforWindows.ps1 should match function name" name="Module Function validation.Script Get-RCoreTeamRforWindows.ps1 should match function name" time="0.2417" asserts="0" success="True" result="Success" executed="True" />
                  <test-case description="Script Get-RDAnalyzer.ps1 should match function name" name="Module Function validation.Script Get-RDAnalyzer.ps1 should match function name" time="0.2436" asserts="0" success="True" result="Success" executed="True" />
                  <test-case description="Script Get-RingCentral.ps1 should match function name" name="Module Function validation.Script Get-RingCentral.ps1 should match function name" time="0.2355" asserts="0" success="True" result="Success" executed="True" />
                  <test-case description="Script Get-RizonesoftNotepad3.ps1 should match function name" name="Module Function validation.Script Get-RizonesoftNotepad3.ps1 should match function name" time="0.2383" asserts="0" success="True" result="Success" executed="True" />
                  <test-case description="Script Get-RStudio.ps1 should match function name" name="Module Function validation.Script Get-RStudio.ps1 should match function name" time="0.256" asserts="0" success="True" result="Success" executed="True" />
                  <test-case description="Script Get-SafeExamBrowser.ps1 should match function name" name="Module Function validation.Script Get-SafeExamBrowser.ps1 should match function name" time="0.2544" asserts="0" success="True" result="Success" executed="True" />
                  <test-case description="Script Get-SafingPortmaster.ps1 should match function name" name="Module Function validation.Script Get-SafingPortmaster.ps1 should match function name" time="0.2518" asserts="0" success="True" result="Success" executed="True" />
                  <test-case description="Script Get-SAGAGIS.ps1 should match function name" name="Module Function validation.Script Get-SAGAGIS.ps1 should match function name" time="0.257" asserts="0" success="True" result="Success" executed="True" />
                  <test-case description="Script Get-ScooterBeyondCompare.ps1 should match function name" name="Module Function validation.Script Get-ScooterBeyondCompare.ps1 should match function name" time="0.262" asserts="0" success="True" result="Success" executed="True" />
                  <test-case description="Script Get-Scratch.ps1 should match function name" name="Module Function validation.Script Get-Scratch.ps1 should match function name" time="0.2373" asserts="0" success="True" result="Success" executed="True" />
                  <test-case description="Script Get-ScreenToGif.ps1 should match function name" name="Module Function validation.Script Get-ScreenToGif.ps1 should match function name" time="0.2379" asserts="0" success="True" result="Success" executed="True" />
                  <test-case description="Script Get-ShareX.ps1 should match function name" name="Module Function validation.Script Get-ShareX.ps1 should match function name" time="0.2394" asserts="0" success="True" result="Success" executed="True" />
                  <test-case description="Script Get-SignalDesktop.ps1 should match function name" name="Module Function validation.Script Get-SignalDesktop.ps1 should match function name" time="0.2395" asserts="0" success="True" result="Success" executed="True" />
                  <test-case description="Script Get-Slack.ps1 should match function name" name="Module Function validation.Script Get-Slack.ps1 should match function name" time="0.2984" asserts="0" success="True" result="Success" executed="True" />
                  <test-case description="Script Get-SmartBearSoapUI.ps1 should match function name" name="Module Function validation.Script Get-SmartBearSoapUI.ps1 should match function name" time="0.2543" asserts="0" success="True" result="Success" executed="True" />
                  <test-case description="Script Get-SoberLemurPDFSamBasic.ps1 should match function name" name="Module Function validation.Script Get-SoberLemurPDFSamBasic.ps1 should match function name" time="0.259" asserts="0" success="True" result="Success" executed="True" />
                  <test-case description="Script Get-stealthpuppyWindowsCustomisedDefaults.ps1 should match function name" name="Module Function validation.Script Get-stealthpuppyWindowsCustomisedDefaults.ps1 should match function name" time="0.2562" asserts="0" success="True" result="Success" executed="True" />
                  <test-case description="Script Get-StefansToolsgregpWin.ps1 should match function name" name="Module Function validation.Script Get-StefansToolsgregpWin.ps1 should match function name" time="0.2526" asserts="0" success="True" result="Success" executed="True" />
                  <test-case description="Script Get-SumatraPDFReader.ps1 should match function name" name="Module Function validation.Script Get-SumatraPDFReader.ps1 should match function name" time="0.255" asserts="0" success="True" result="Success" executed="True" />
                  <test-case description="Script Get-TableauDesktop.ps1 should match function name" name="Module Function validation.Script Get-TableauDesktop.ps1 should match function name" time="0.2485" asserts="0" success="True" result="Success" executed="True" />
                  <test-case description="Script Get-TableauPrep.ps1 should match function name" name="Module Function validation.Script Get-TableauPrep.ps1 should match function name" time="0.2412" asserts="0" success="True" result="Success" executed="True" />
                  <test-case description="Script Get-TableauReader.ps1 should match function name" name="Module Function validation.Script Get-TableauReader.ps1 should match function name" time="0.2418" asserts="0" success="True" result="Success" executed="True" />
                  <test-case description="Script Get-TeamViewer.ps1 should match function name" name="Module Function validation.Script Get-TeamViewer.ps1 should match function name" time="0.2371" asserts="0" success="True" result="Success" executed="True" />
                  <test-case description="Script Get-TechSmithCamtasia.ps1 should match function name" name="Module Function validation.Script Get-TechSmithCamtasia.ps1 should match function name" time="0.2493" asserts="0" success="True" result="Success" executed="True" />
                  <test-case description="Script Get-TechSmithSnagit.ps1 should match function name" name="Module Function validation.Script Get-TechSmithSnagit.ps1 should match function name" time="0.2787" asserts="0" success="True" result="Success" executed="True" />
                  <test-case description="Script Get-TelegramDesktop.ps1 should match function name" name="Module Function validation.Script Get-TelegramDesktop.ps1 should match function name" time="0.2798" asserts="0" success="True" result="Success" executed="True" />
                  <test-case description="Script Get-TelerikFiddlerClassic.ps1 should match function name" name="Module Function validation.Script Get-TelerikFiddlerClassic.ps1 should match function name" time="0.2638" asserts="0" success="True" result="Success" executed="True" />
                  <test-case description="Script Get-TelerikFiddlerEverywhere.ps1 should match function name" name="Module Function validation.Script Get-TelerikFiddlerEverywhere.ps1 should match function name" time="0.2525" asserts="0" success="True" result="Success" executed="True" />
                  <test-case description="Script Get-Terminals.ps1 should match function name" name="Module Function validation.Script Get-Terminals.ps1 should match function name" time="0.2628" asserts="0" success="True" result="Success" executed="True" />
                  <test-case description="Script Get-TeXstudio.ps1 should match function name" name="Module Function validation.Script Get-TeXstudio.ps1 should match function name" time="0.2638" asserts="0" success="True" result="Success" executed="True" />
                  <test-case description="Script Get-TogglDesktop.ps1 should match function name" name="Module Function validation.Script Get-TogglDesktop.ps1 should match function name" time="0.2524" asserts="0" success="True" result="Success" executed="True" />
                  <test-case description="Script Get-TorProjectTorBrowser.ps1 should match function name" name="Module Function validation.Script Get-TorProjectTorBrowser.ps1 should match function name" time="0.2713" asserts="0" success="True" result="Success" executed="True" />
                  <test-case description="Script Get-Tower.ps1 should match function name" name="Module Function validation.Script Get-Tower.ps1 should match function name" time="0.2938" asserts="0" success="True" result="Success" executed="True" />
                  <test-case description="Script Get-TrackerSoftwarePDFXChangeEditor.ps1 should match function name" name="Module Function validation.Script Get-TrackerSoftwarePDFXChangeEditor.ps1 should match function name" time="0.3054" asserts="0" success="True" result="Success" executed="True" />
                  <test-case description="Script Get-USBPcap.ps1 should match function name" name="Module Function validation.Script Get-USBPcap.ps1 should match function name" time="0.2562" asserts="0" success="True" result="Success" executed="True" />
                  <test-case description="Script Get-VastLimitsUberAgent.ps1 should match function name" name="Module Function validation.Script Get-VastLimitsUberAgent.ps1 should match function name" time="0.2543" asserts="0" success="True" result="Success" executed="True" />
                  <test-case description="Script Get-VeraCrypt.ps1 should match function name" name="Module Function validation.Script Get-VeraCrypt.ps1 should match function name" time="0.2586" asserts="0" success="True" result="Success" executed="True" />
                  <test-case description="Script Get-VercelHyper.ps1 should match function name" name="Module Function validation.Script Get-VercelHyper.ps1 should match function name" time="0.2521" asserts="0" success="True" result="Success" executed="True" />
                  <test-case description="Script Get-VideoLanVlcPlayer.ps1 should match function name" name="Module Function validation.Script Get-VideoLanVlcPlayer.ps1 should match function name" time="0.2737" asserts="0" success="True" result="Success" executed="True" />
                  <test-case description="Script Get-VisualCppRedistAIO.ps1 should match function name" name="Module Function validation.Script Get-VisualCppRedistAIO.ps1 should match function name" time="0.2883" asserts="0" success="True" result="Success" executed="True" />
                  <test-case description="Script Get-VMPlexWorkstation.ps1 should match function name" name="Module Function validation.Script Get-VMPlexWorkstation.ps1 should match function name" time="0.2858" asserts="0" success="True" result="Success" executed="True" />
                  <test-case description="Script Get-VMwareHorizonClient.ps1 should match function name" name="Module Function validation.Script Get-VMwareHorizonClient.ps1 should match function name" time="0.2826" asserts="0" success="True" result="Success" executed="True" />
                  <test-case description="Script Get-VMwareHorizonClientAlt.ps1 should match function name" name="Module Function validation.Script Get-VMwareHorizonClientAlt.ps1 should match function name" time="0.4066" asserts="0" success="True" result="Success" executed="True" />
                  <test-case description="Script Get-VMwareOSOptimizationTool.ps1 should match function name" name="Module Function validation.Script Get-VMwareOSOptimizationTool.ps1 should match function name" time="0.4247" asserts="0" success="True" result="Success" executed="True" />
                  <test-case description="Script Get-VMwareTools.ps1 should match function name" name="Module Function validation.Script Get-VMwareTools.ps1 should match function name" time="0.2768" asserts="0" success="True" result="Success" executed="True" />
                  <test-case description="Script Get-VMwareWorkstationPlayer.ps1 should match function name" name="Module Function validation.Script Get-VMwareWorkstationPlayer.ps1 should match function name" time="0.3986" asserts="0" success="True" result="Success" executed="True" />
                  <test-case description="Script Get-VMwareWorkstationPro.ps1 should match function name" name="Module Function validation.Script Get-VMwareWorkstationPro.ps1 should match function name" time="0.4005" asserts="0" success="True" result="Success" executed="True" />
                  <test-case description="Script Get-voidtoolsEverything.ps1 should match function name" name="Module Function validation.Script Get-voidtoolsEverything.ps1 should match function name" time="0.2416" asserts="0" success="True" result="Success" executed="True" />
                  <test-case description="Script Get-Win32OpenSSH.ps1 should match function name" name="Module Function validation.Script Get-Win32OpenSSH.ps1 should match function name" time="0.2383" asserts="0" success="True" result="Success" executed="True" />
                  <test-case description="Script Get-WinMerge.ps1 should match function name" name="Module Function validation.Script Get-WinMerge.ps1 should match function name" time="0.2397" asserts="0" success="True" result="Success" executed="True" />
                  <test-case description="Script Get-WinSCP.ps1 should match function name" name="Module Function validation.Script Get-WinSCP.ps1 should match function name" time="0.2461" asserts="0" success="True" result="Success" executed="True" />
                  <test-case description="Script Get-Wireshark.ps1 should match function name" name="Module Function validation.Script Get-Wireshark.ps1 should match function name" time="0.2794" asserts="0" success="True" result="Success" executed="True" />
                  <test-case description="Script Get-WixToolset.ps1 should match function name" name="Module Function validation.Script Get-WixToolset.ps1 should match function name" time="0.2751" asserts="0" success="True" result="Success" executed="True" />
                  <test-case description="Script Get-XnSoftXnConvert.ps1 should match function name" name="Module Function validation.Script Get-XnSoftXnConvert.ps1 should match function name" time="0.2581" asserts="0" success="True" result="Success" executed="True" />
                  <test-case description="Script Get-XnSoftXnViewMP.ps1 should match function name" name="Module Function validation.Script Get-XnSoftXnViewMP.ps1 should match function name" time="0.2533" asserts="0" success="True" result="Success" executed="True" />
                  <test-case description="Script Get-YubicoAuthenticator.ps1 should match function name" name="Module Function validation.Script Get-YubicoAuthenticator.ps1 should match function name" time="0.2541" asserts="0" success="True" result="Success" executed="True" />
                  <test-case description="Script Get-Zoom.ps1 should match function name" name="Module Function validation.Script Get-Zoom.ps1 should match function name" time="0.281" asserts="0" success="True" result="Success" executed="True" />
                  <test-case description="Script Get-ZorgmailVeiligVerzendenAddin.ps1 should match function name" name="Module Function validation.Script Get-ZorgmailVeiligVerzendenAddin.ps1 should match function name" time="0.3625" asserts="0" success="True" result="Success" executed="True" />
                  <test-case description="Script Get-Zotero.ps1 should match function name" name="Module Function validation.Script Get-Zotero.ps1 should match function name" time="0.2392" asserts="0" success="True" result="Success" executed="True" />
                  <test-case description="Script ConvertFrom-IniFile.ps1 should match function name" name="Module Function validation.Script ConvertFrom-IniFile.ps1 should match function name" time="0.279" asserts="0" success="True" result="Success" executed="True" />
                  <test-case description="Script ConvertTo-DateTime.ps1 should match function name" name="Module Function validation.Script ConvertTo-DateTime.ps1 should match function name" time="0.2224" asserts="0" success="True" result="Success" executed="True" />
                  <test-case description="Script ConvertTo-Hashtable.ps1 should match function name" name="Module Function validation.Script ConvertTo-Hashtable.ps1 should match function name" time="0.2469" asserts="0" success="True" result="Success" executed="True" />
                  <test-case description="Script Expand-GzipArchive.ps1 should match function name" name="Module Function validation.Script Expand-GzipArchive.ps1 should match function name" time="0.338" asserts="0" success="True" result="Success" executed="True" />
                  <test-case description="Script Get-Architecture.ps1 should match function name" name="Module Function validation.Script Get-Architecture.ps1 should match function name" time="0.2554" asserts="0" success="True" result="Success" executed="True" />
                  <test-case description="Script Get-FileType.ps1 should match function name" name="Module Function validation.Script Get-FileType.ps1 should match function name" time="0.2787" asserts="0" success="True" result="Success" executed="True" />
                  <test-case description="Script Get-FunctionResource.ps1 should match function name" name="Module Function validation.Script Get-FunctionResource.ps1 should match function name" time="0.259" asserts="0" success="True" result="Success" executed="True" />
                  <test-case description="Script Get-GitHubRepoRelease.ps1 should match function name" name="Module Function validation.Script Get-GitHubRepoRelease.ps1 should match function name" time="0.3116" asserts="0" success="True" result="Success" executed="True" />
                  <test-case description="Script Get-ModuleResource.ps1 should match function name" name="Module Function validation.Script Get-ModuleResource.ps1 should match function name" time="0.3838" asserts="0" success="True" result="Success" executed="True" />
                  <test-case description="Script Get-Platform.ps1 should match function name" name="Module Function validation.Script Get-Platform.ps1 should match function name" time="0.2949" asserts="0" success="True" result="Success" executed="True" />
                  <test-case description="Script Get-SourceForgeRepoRelease.ps1 should match function name" name="Module Function validation.Script Get-SourceForgeRepoRelease.ps1 should match function name" time="0.2385" asserts="0" success="True" result="Success" executed="True" />
                  <test-case description="Script Invoke-RestMethodWrapper.ps1 should match function name" name="Module Function validation.Script Invoke-RestMethodWrapper.ps1 should match function name" time="0.2668" asserts="0" success="True" result="Success" executed="True" />
                  <test-case description="Script Invoke-SystemNetRequest.ps1 should match function name" name="Module Function validation.Script Invoke-SystemNetRequest.ps1 should match function name" time="0.4297" asserts="0" success="True" result="Success" executed="True" />
                  <test-case description="Script Invoke-WebRequestWrapper.ps1 should match function name" name="Module Function validation.Script Invoke-WebRequestWrapper.ps1 should match function name" time="0.2661" asserts="0" success="True" result="Success" executed="True" />
                  <test-case description="Script New-EvergreenPath.ps1 should match function name" name="Module Function validation.Script New-EvergreenPath.ps1 should match function name" time="0.2376" asserts="0" success="True" result="Success" executed="True" />
                  <test-case description="Script Remove-ProxyEnv.ps1 should match function name" name="Module Function validation.Script Remove-ProxyEnv.ps1 should match function name" time="0.235" asserts="0" success="True" result="Success" executed="True" />
                  <test-case description="Script Resolve-DnsNameWrapper.ps1 should match function name" name="Module Function validation.Script Resolve-DnsNameWrapper.ps1 should match function name" time="0.2019" asserts="0" success="True" result="Success" executed="True" />
                  <test-case description="Script Resolve-InvokeWebRequest.ps1 should match function name" name="Module Function validation.Script Resolve-InvokeWebRequest.ps1 should match function name" time="0.2401" asserts="0" success="True" result="Success" executed="True" />
                  <test-case description="Script Resolve-SystemNetWebRequest.ps1 should match function name" name="Module Function validation.Script Resolve-SystemNetWebRequest.ps1 should match function name" time="0.3429" asserts="0" success="True" result="Success" executed="True" />
                  <test-case description="Script Save-File.ps1 should match function name" name="Module Function validation.Script Save-File.ps1 should match function name" time="0.2194" asserts="0" success="True" result="Success" executed="True" />
                  <test-case description="Script Set-ProxyEnv.ps1 should match function name" name="Module Function validation.Script Set-ProxyEnv.ps1 should match function name" time="0.3202" asserts="0" success="True" result="Success" executed="True" />
                  <test-case description="Script Test-ProxyEnv.ps1 should match function name" name="Module Function validation.Script Test-ProxyEnv.ps1 should match function name" time="0.2252" asserts="0" success="True" result="Success" executed="True" />
                  <test-case description="Script Test-PSCore.ps1 should match function name" name="Module Function validation.Script Test-PSCore.ps1 should match function name" time="0.2202" asserts="0" success="True" result="Success" executed="True" />
                  <test-case description="Script Export-EvergreenApp.ps1 should match function name" name="Module Function validation.Script Export-EvergreenApp.ps1 should match function name" time="0.2426" asserts="0" success="True" result="Success" executed="True" />
                  <test-case description="Script Export-EvergreenManifest.ps1 should match function name" name="Module Function validation.Script Export-EvergreenManifest.ps1 should match function name" time="0.3089" asserts="0" success="True" result="Success" executed="True" />
                  <test-case description="Script Find-EvergreenApp.ps1 should match function name" name="Module Function validation.Script Find-EvergreenApp.ps1 should match function name" time="0.2238" asserts="0" success="True" result="Success" executed="True" />
                  <test-case description="Script Get-EvergreenApp.ps1 should match function name" name="Module Function validation.Script Get-EvergreenApp.ps1 should match function name" time="0.2993" asserts="0" success="True" result="Success" executed="True" />
                  <test-case description="Script Get-EvergreenLibrary.ps1 should match function name" name="Module Function validation.Script Get-EvergreenLibrary.ps1 should match function name" time="0.281" asserts="0" success="True" result="Success" executed="True" />
                  <test-case description="Script Invoke-EvergreenApp.ps1 should match function name" name="Module Function validation.Script Invoke-EvergreenApp.ps1 should match function name" time="0.2468" asserts="0" success="True" result="Success" executed="True" />
                  <test-case description="Script Invoke-EvergreenLibraryUpdate.ps1 should match function name" name="Module Function validation.Script Invoke-EvergreenLibraryUpdate.ps1 should match function name" time="0.3513" asserts="0" success="True" result="Success" executed="True" />
                  <test-case description="Script New-EvergreenLibrary.ps1 should match function name" name="Module Function validation.Script New-EvergreenLibrary.ps1 should match function name" time="0.2744" asserts="0" success="True" result="Success" executed="True" />
                  <test-case description="Script Save-EvergreenApp.ps1 should match function name" name="Module Function validation.Script Save-EvergreenApp.ps1 should match function name" time="0.2991" asserts="0" success="True" result="Success" executed="True" />
                  <test-case description="Script Test-EvergreenApp.ps1 should match function name" name="Module Function validation.Script Test-EvergreenApp.ps1 should match function name" time="0.2702" asserts="0" success="True" result="Success" executed="True" />
                </results>
              </test-suite>
            </results>
          </test-suite>
          <test-suite type="TestFixture" name="Module Metadata validation" executed="True" result="Success" success="True" time="214.9242" asserts="0" description="Module Metadata validation">
            <results>
              <test-case description="Script fileinfo should be OK" name="Module Metadata validation.Script fileinfo should be OK" time="0.2613" asserts="0" success="True" result="Success" executed="True" />
              <test-case description="Import module should be OK" name="Module Metadata validation.Import module should be OK" time="0.5749" asserts="0" success="True" result="Success" executed="True" />
            </results>
          </test-suite>
        </results>
      </test-suite>
      <test-suite type="TestFixture" name="C:\projects\evergreen\tests\PrivateFunctions.Tests.ps1" executed="True" result="Success" success="True" time="20.2934" asserts="0" description="C:\projects\evergreen\tests\PrivateFunctions.Tests.ps1">
        <results>
          <test-suite type="TestFixture" name="Test-PSCore" executed="True" result="Success" success="True" time="1.2025" asserts="0" description="Test-PSCore">
            <results>
              <test-suite type="TestFixture" name="Test-PSCore.Tests whether we are running on PowerShell Core" executed="True" result="Success" success="True" time="0.6287" asserts="0" description="Test-PSCore.Tests whether we are running on PowerShell Core">
                <results>
                  <test-case description="Returns True if running Windows PowerShell" name="Test-PSCore.Tests whether we are running on PowerShell Core.Returns True if running Windows PowerShell" time="0.4618" asserts="0" success="True" result="Success" executed="True" />
                </results>
              </test-suite>
              <test-suite type="TestFixture" name="Test-PSCore.Tests whether we are running on Windows PowerShell" executed="True" result="Success" success="True" time="1.0418" asserts="0" description="Test-PSCore.Tests whether we are running on Windows PowerShell">
                <results>
                  <test-case description="Returns False if running Windows PowerShell" name="Test-PSCore.Tests whether we are running on Windows PowerShell.Returns False if running Windows PowerShell" time="0.2452" asserts="0" success="True" result="Success" executed="True" />
                </results>
              </test-suite>
            </results>
          </test-suite>
          <test-suite type="TestFixture" name="Get-Architecture" executed="True" result="Success" success="True" time="2.233" asserts="0" description="Get-Architecture">
            <results>
              <test-suite type="TestFixture" name="Get-Architecture.It returns expected output" executed="True" result="Success" success="True" time="0.8754" asserts="0" description="Get-Architecture.It returns expected output">
                <results>
                  <test-case description="Returns x64 given an x64 URL" name="Get-Architecture.It returns expected output.Returns x64 given an x64 URL" time="0.2464" asserts="0" success="True" result="Success" executed="True" />
                  <test-case description="Returns x86 given an x86 URL" name="Get-Architecture.It returns expected output.Returns x86 given an x86 URL" time="0.2363" asserts="0" success="True" result="Success" executed="True" />
                  <test-case description="Returns x86 given a string that won't match anything" name="Get-Architecture.It returns expected output.Returns x86 given a string that won't match anything" time="0.221" asserts="0" success="True" result="Success" executed="True" />
                </results>
              </test-suite>
            </results>
          </test-suite>
          <test-suite type="TestFixture" name="Get-GitHubRepoRelease" executed="True" result="Success" success="True" time="4.7661" asserts="0" description="Get-GitHubRepoRelease">
            <results>
              <test-suite type="TestFixture" name="Get-GitHubRepoRelease.It correctly returns an object" executed="True" result="Success" success="True" time="2.392" asserts="0" description="Get-GitHubRepoRelease.It correctly returns an object">
                <results>
                  <test-case description="Does not Throw" name="Get-GitHubRepoRelease.It correctly returns an object.Does not Throw" time="1.0313" asserts="0" success="True" result="Success" executed="True" />
                  <test-case description="Returns the expected properties" name="Get-GitHubRepoRelease.It correctly returns an object.Returns the expected properties" time="1.1949" asserts="0" success="True" result="Success" executed="True" />
                </results>
              </test-suite>
            </results>
          </test-suite>
          <test-suite type="TestFixture" name="ConvertTo-DateTime" executed="True" result="Success" success="True" time="5.2997" asserts="0" description="ConvertTo-DateTime">
            <results>
              <test-suite type="TestFixture" name="ConvertTo-DateTime.Format and return a datetime string" executed="True" result="Success" success="True" time="0.3907" asserts="0" description="ConvertTo-DateTime.Format and return a datetime string">
                <results>
                  <test-case description="Correctly formats the provided datetime" name="ConvertTo-DateTime.Format and return a datetime string.Correctly formats the provided datetime" time="0.2315" asserts="0" success="True" result="Success" executed="True" />
                </results>
              </test-suite>
            </results>
          </test-suite>
          <test-suite type="TestFixture" name="ConvertTo-Hashtable" executed="True" result="Success" success="True" time="5.871" asserts="0" description="ConvertTo-Hashtable">
            <results>
              <test-suite type="TestFixture" name="ConvertTo-Hashtable.Test conversion to hashtable" executed="True" result="Success" success="True" time="0.4256" asserts="0" description="ConvertTo-Hashtable.Test conversion to hashtable">
                <results>
                  <test-case description="Converts a PSObject into a hashtable" name="ConvertTo-Hashtable.Test conversion to hashtable.Converts a PSObject into a hashtable" time="0.2629" asserts="0" success="True" result="Success" executed="True" />
                </results>
              </test-suite>
            </results>
          </test-suite>
          <test-suite type="TestFixture" name="Get-Platform" executed="True" result="Success" success="True" time="6.6824" asserts="0" description="Get-Platform">
            <results>
              <test-suite type="TestFixture" name="Get-Platform.Ensure platform is returned" executed="True" result="Success" success="True" time="0.653" asserts="0" description="Get-Platform.Ensure platform is returned">
                <results>
                  <test-case description="Given a platform string it returns the right platform" name="Get-Platform.Ensure platform is returned.Given a platform string it returns the right platform" time="0.2623" asserts="0" success="True" result="Success" executed="True" />
                  <test-case description="Given a string that won't match, returns Windows" name="Get-Platform.Ensure platform is returned.Given a string that won't match, returns Windows" time="0.2245" asserts="0" success="True" result="Success" executed="True" />
                </results>
              </test-suite>
            </results>
          </test-suite>
          <test-suite type="TestFixture" name="Get-FileType" executed="True" result="Success" success="True" time="7.4894" asserts="0" description="Get-FileType">
            <results>
              <test-suite type="TestFixture" name="Get-FileType.Ensure file type is returned" executed="True" result="Success" success="True" time="0.6565" asserts="0" description="Get-FileType.Ensure file type is returned">
                <results>
                  <test-case description="Given a file path string it returns the right file type" name="Get-FileType.Ensure file type is returned.Given a file path string it returns the right file type" time="0.2334" asserts="0" success="True" result="Success" executed="True" />
                  <test-case description="Given an file path string without an extension it returns null" name="Get-FileType.Ensure file type is returned.Given an file path string without an extension it returns null" time="0.2493" asserts="0" success="True" result="Success" executed="True" />
                </results>
              </test-suite>
            </results>
          </test-suite>
          <test-suite type="TestFixture" name="Get-SourceForgeRepoRelease" executed="True" result="Success" success="True" time="8.7344" asserts="0" description="Get-SourceForgeRepoRelease">
            <results>
              <test-suite type="TestFixture" name="Get-SourceForgeRepoRelease.Validate function returns expected object" executed="True" result="Success" success="True" time="1.0958" asserts="0" description="Get-SourceForgeRepoRelease.Validate function returns expected object">
                <results>
                  <test-case description="Returns an object with expected properties" name="Get-SourceForgeRepoRelease.Validate function returns expected object.Returns an object with expected properties" time="0.9347" asserts="0" success="True" result="Success" executed="True" />
                </results>
              </test-suite>
            </results>
          </test-suite>
          <test-suite type="TestFixture" name="Get-FunctionResource" executed="True" result="Success" success="True" time="9.6462" asserts="0" description="Get-FunctionResource">
            <results>
              <test-suite type="TestFixture" name="Get-FunctionResource.Ensure function resources are returned" executed="True" result="Success" success="True" time="0.7734" asserts="0" description="Get-FunctionResource.Ensure function resources are returned">
                <results>
                  <test-case description="Given a valid app it returns valid data" name="Get-FunctionResource.Ensure function resources are returned.Given a valid app it returns valid data" time="0.3603" asserts="0" success="True" result="Success" executed="True" />
                  <test-case description="Given an invalid application, it throws" name="Get-FunctionResource.Ensure function resources are returned.Given an invalid application, it throws" time="0.2579" asserts="0" success="True" result="Success" executed="True" />
                </results>
              </test-suite>
            </results>
          </test-suite>
          <test-suite type="TestFixture" name="Get-ModuleResource" executed="True" result="Success" success="True" time="11.3359" asserts="0" description="Get-ModuleResource">
            <results>
              <test-suite type="TestFixture" name="Get-ModuleResource.Ensure module resources are returned" executed="True" result="Success" success="True" time="1.5503" asserts="0" description="Get-ModuleResource.Ensure module resources are returned">
                <results>
                  <test-case description="Returns the module resource" name="Get-ModuleResource.Ensure module resources are returned.Returns the module resource" time="0.3564" asserts="0" success="True" result="Success" executed="True" />
                  <test-case description="Given an invalid path, it throws" name="Get-ModuleResource.Ensure module resources are returned.Given an invalid path, it throws" time="0.2112" asserts="0" success="True" result="Success" executed="True" />
                  <test-case description="Returns an object with the expected properties" name="Get-ModuleResource.Ensure module resources are returned.Returns an object with the expected properties" time="0.8268" asserts="0" success="True" result="Success" executed="True" />
                </results>
              </test-suite>
            </results>
          </test-suite>
          <test-suite type="TestFixture" name="Invoke-RestMethodWrapper" executed="True" result="Success" success="True" time="12.1094" asserts="0" description="Invoke-RestMethodWrapper">
            <results>
              <test-suite type="TestFixture" name="Invoke-RestMethodWrapper.Ensure Invoke-RestMethodWrapper works as expected" executed="True" result="Success" success="True" time="0.6242" asserts="0" description="Invoke-RestMethodWrapper.Ensure Invoke-RestMethodWrapper works as expected">
                <results>
                  <test-case description="Returns data from a proper URL" name="Invoke-RestMethodWrapper.Ensure Invoke-RestMethodWrapper works as expected.Returns data from a proper URL" time="0.4585" asserts="0" success="True" result="Success" executed="True" />
                </results>
              </test-suite>
            </results>
          </test-suite>
          <test-suite type="TestFixture" name="Invoke-SystemNetRequest" executed="True" result="Success" success="True" time="12.9036" asserts="0" description="Invoke-SystemNetRequest">
            <results>
              <test-suite type="TestFixture" name="Invoke-SystemNetRequest.Ensure Invoke-SystemNetRequest works as expected" executed="True" result="Success" success="True" time="0.6452" asserts="0" description="Invoke-SystemNetRequest.Ensure Invoke-SystemNetRequest works as expected">
                <results>
                  <test-case description="Returns data from a URL" name="Invoke-SystemNetRequest.Ensure Invoke-SystemNetRequest works as expected.Returns data from a URL" time="0.4814" asserts="0" success="True" result="Success" executed="True" />
                </results>
              </test-suite>
            </results>
          </test-suite>
          <test-suite type="TestFixture" name="Resolve-SystemNetWebRequest" executed="True" result="Success" success="True" time="13.6506" asserts="0" description="Resolve-SystemNetWebRequest">
            <results>
              <test-suite type="TestFixture" name="Resolve-SystemNetWebRequest.Ensure Resolve-SystemNetWebRequest works as expected" executed="True" result="Success" success="True" time="0.59" asserts="0" description="Resolve-SystemNetWebRequest.Ensure Resolve-SystemNetWebRequest works as expected">
                <results>
                  <test-case description="Returns data from a URL" name="Resolve-SystemNetWebRequest.Ensure Resolve-SystemNetWebRequest works as expected.Returns data from a URL" time="0.3669" asserts="0" success="True" result="Success" executed="True" />
                </results>
              </test-suite>
            </results>
          </test-suite>
          <test-suite type="TestFixture" name="Invoke-WebRequestWrapper" executed="True" result="Success" success="True" time="14.5256" asserts="0" description="Invoke-WebRequestWrapper">
            <results>
              <test-suite type="TestFixture" name="Invoke-WebRequestWrapper.Ensure Invoke-WebRequestWrapper works as expected" executed="True" result="Success" success="True" time="0.6595" asserts="0" description="Invoke-WebRequestWrapper.Ensure Invoke-WebRequestWrapper works as expected">
                <results>
                  <test-case description="Returns data from a URL" name="Invoke-WebRequestWrapper.Ensure Invoke-WebRequestWrapper works as expected.Returns data from a URL" time="0.4945" asserts="0" success="True" result="Success" executed="True" />
                </results>
              </test-suite>
            </results>
          </test-suite>
          <test-suite type="TestFixture" name="New-EvergreenPath" executed="True" result="Success" success="True" time="15.5854" asserts="0" description="New-EvergreenPath">
            <results>
              <test-suite type="TestFixture" name="New-EvergreenPath.Ensure New-EvergreenPath works as expected" executed="True" result="Success" success="True" time="0.7728" asserts="0" description="New-EvergreenPath.Ensure New-EvergreenPath works as expected">
                <results>
                  <test-case description="Does not throw when creating a directory" name="New-EvergreenPath.Ensure New-EvergreenPath works as expected.Does not throw when creating a directory" time="0.2624" asserts="0" success="True" result="Success" executed="True" />
                  <test-case description="Returns a string when creating a directory" name="New-EvergreenPath.Ensure New-EvergreenPath works as expected.Returns a string when creating a directory" time="0.3123" asserts="0" success="True" result="Success" executed="True" />
                </results>
              </test-suite>
            </results>
          </test-suite>
          <test-suite type="TestFixture" name="Resolve-DnsNameWrapper" executed="True" result="Success" success="True" time="16.7055" asserts="0" description="Resolve-DnsNameWrapper">
            <results>
              <test-suite type="TestFixture" name="Resolve-DnsNameWrapper.Ensure Resolve-DnsNameWrapper works as expected" executed="True" result="Success" success="True" time="0.9659" asserts="0" description="Resolve-DnsNameWrapper.Ensure Resolve-DnsNameWrapper works as expected">
                <results>
                  <test-case description="Returns DNS records OK" name="Resolve-DnsNameWrapper.Ensure Resolve-DnsNameWrapper works as expected.Returns DNS records OK" time="0.7899" asserts="0" success="True" result="Success" executed="True" />
                </results>
              </test-suite>
            </results>
          </test-suite>
          <test-suite type="TestFixture" name="Resolve-InvokeWebRequest" executed="True" result="Success" success="True" time="18.3949" asserts="0" description="Resolve-InvokeWebRequest">
            <results>
              <test-suite type="TestFixture" name="Resolve-InvokeWebRequest.Ensure Resolve-InvokeWebRequest works as expected" executed="True" result="Success" success="True" time="1.5413" asserts="0" description="Resolve-InvokeWebRequest.Ensure Resolve-InvokeWebRequest works as expected">
                <results>
                  <test-case description="Returns data from a URL" name="Resolve-InvokeWebRequest.Ensure Resolve-InvokeWebRequest works as expected.Returns data from a URL" time="1.3851" asserts="0" success="True" result="Success" executed="True" />
                </results>
              </test-suite>
            </results>
          </test-suite>
          <test-suite type="TestFixture" name="Save-File" executed="True" result="Success" success="True" time="19.0525" asserts="0" description="Save-File">
            <results>
              <test-suite type="TestFixture" name="Save-File.Ensure Save-File works as expected" executed="True" result="Success" success="True" time="0.5255" asserts="0" description="Save-File.Ensure Save-File works as expected">
                <results>
                  <test-case description="Returns a string if the file is downloaded" name="Save-File.Ensure Save-File works as expected.Returns a string if the file is downloaded" time="0.3799" asserts="0" success="True" result="Success" executed="True" />
                </results>
              </test-suite>
            </results>
          </test-suite>
        </results>
      </test-suite>
      <test-suite type="TestFixture" name="C:\projects\evergreen\tests\PublicFunctions.Tests.ps1" executed="True" result="Success" success="True" time="828.1756" asserts="0" description="C:\projects\evergreen\tests\PublicFunctions.Tests.ps1">
        <results>
          <test-suite type="TestFixture" name="Get-EvergreenApp AdobeConnect" executed="True" result="Success" success="True" time="3.0164" asserts="0" description="Get-EvergreenApp AdobeConnect">
            <results>
              <test-suite type="TestFixture" name="Get-EvergreenApp AdobeConnect.Validate Get-EvergreenApp works with: AdobeConnect." executed="True" result="Success" success="True" time="1.3173" asserts="0" description="Get-EvergreenApp AdobeConnect.Validate Get-EvergreenApp works with: AdobeConnect.">
                <results>
                  <test-case description="AdobeConnect: should return something" name="Get-EvergreenApp AdobeConnect.Validate Get-EvergreenApp works with: AdobeConnect..AdobeConnect: should return something" time="0.1637" asserts="0" success="True" result="Success" executed="True" />
                  <test-case description="AdobeConnect: should return the expected output type" name="Get-EvergreenApp AdobeConnect.Validate Get-EvergreenApp works with: AdobeConnect..AdobeConnect: should return the expected output type" time="0.1919" asserts="0" success="True" result="Success" executed="True" />
                  <test-case description="AdobeConnect: should have a Version property that is a string" name="Get-EvergreenApp AdobeConnect.Validate Get-EvergreenApp works with: AdobeConnect..AdobeConnect: should have a Version property that is a string" time="0.2353" asserts="0" success="True" result="Success" executed="True" />
                  <test-case description="AdobeConnect: should have a valid version number" name="Get-EvergreenApp AdobeConnect.Validate Get-EvergreenApp works with: AdobeConnect..AdobeConnect: should have a valid version number" time="0.2606" asserts="0" success="True" result="Success" executed="True" />
                  <test-case description="AdobeConnect: should have a URI property that is a string" name="Get-EvergreenApp AdobeConnect.Validate Get-EvergreenApp works with: AdobeConnect..AdobeConnect: should have a URI property that is a string" time="0.292" asserts="0" success="True" result="Success" executed="True" />
                </results>
              </test-suite>
            </results>
          </test-suite>
          <test-suite type="TestFixture" name="Get-EvergreenApp PDFForgePDFCreator" executed="True" result="Success" success="True" time="5.1966" asserts="0" description="Get-EvergreenApp PDFForgePDFCreator">
            <results>
              <test-suite type="TestFixture" name="Get-EvergreenApp PDFForgePDFCreator.Validate Get-EvergreenApp works with: PDFForgePDFCreator." executed="True" result="Success" success="True" time="1.0606" asserts="0" description="Get-EvergreenApp PDFForgePDFCreator.Validate Get-EvergreenApp works with: PDFForgePDFCreator.">
                <results>
                  <test-case description="PDFForgePDFCreator: should return something" name="Get-EvergreenApp PDFForgePDFCreator.Validate Get-EvergreenApp works with: PDFForgePDFCreator..PDFForgePDFCreator: should return something" time="0.1737" asserts="0" success="True" result="Success" executed="True" />
                  <test-case description="PDFForgePDFCreator: should return the expected output type" name="Get-EvergreenApp PDFForgePDFCreator.Validate Get-EvergreenApp works with: PDFForgePDFCreator..PDFForgePDFCreator: should return the expected output type" time="0.1735" asserts="0" success="True" result="Success" executed="True" />
                  <test-case description="PDFForgePDFCreator: should have a Version property that is a string" name="Get-EvergreenApp PDFForgePDFCreator.Validate Get-EvergreenApp works with: PDFForgePDFCreator..PDFForgePDFCreator: should have a Version property that is a string" time="0.1782" asserts="0" success="True" result="Success" executed="True" />
                  <test-case description="PDFForgePDFCreator: should have a valid version number" name="Get-EvergreenApp PDFForgePDFCreator.Validate Get-EvergreenApp works with: PDFForgePDFCreator..PDFForgePDFCreator: should have a valid version number" time="0.176" asserts="0" success="True" result="Success" executed="True" />
                  <test-case description="PDFForgePDFCreator: should have a URI property that is a string" name="Get-EvergreenApp PDFForgePDFCreator.Validate Get-EvergreenApp works with: PDFForgePDFCreator..PDFForgePDFCreator: should have a URI property that is a string" time="0.1771" asserts="0" success="True" result="Success" executed="True" />
                </results>
              </test-suite>
            </results>
          </test-suite>
          <test-suite type="TestFixture" name="Get-EvergreenApp Minitab" executed="True" result="Success" success="True" time="6.9291" asserts="0" description="Get-EvergreenApp Minitab">
            <results>
              <test-suite type="TestFixture" name="Get-EvergreenApp Minitab.Validate Get-EvergreenApp works with: Minitab." executed="True" result="Success" success="True" time="1.0372" asserts="0" description="Get-EvergreenApp Minitab.Validate Get-EvergreenApp works with: Minitab.">
                <results>
                  <test-case description="Minitab: should return something" name="Get-EvergreenApp Minitab.Validate Get-EvergreenApp works with: Minitab..Minitab: should return something" time="0.1534" asserts="0" success="True" result="Success" executed="True" />
                  <test-case description="Minitab: should return the expected output type" name="Get-EvergreenApp Minitab.Validate Get-EvergreenApp works with: Minitab..Minitab: should return the expected output type" time="0.1689" asserts="0" success="True" result="Success" executed="True" />
                  <test-case description="Minitab: should have a Version property that is a string" name="Get-EvergreenApp Minitab.Validate Get-EvergreenApp works with: Minitab..Minitab: should have a Version property that is a string" time="0.179" asserts="0" success="True" result="Success" executed="True" />
                  <test-case description="Minitab: should have a valid version number" name="Get-EvergreenApp Minitab.Validate Get-EvergreenApp works with: Minitab..Minitab: should have a valid version number" time="0.1822" asserts="0" success="True" result="Success" executed="True" />
                  <test-case description="Minitab: should have a URI property that is a string" name="Get-EvergreenApp Minitab.Validate Get-EvergreenApp works with: Minitab..Minitab: should have a URI property that is a string" time="0.1867" asserts="0" success="True" result="Success" executed="True" />
                </results>
              </test-suite>
            </results>
          </test-suite>
          <test-suite type="TestFixture" name="Get-EvergreenApp PuTTY" executed="True" result="Success" success="True" time="9.0404" asserts="0" description="Get-EvergreenApp PuTTY">
            <results>
              <test-suite type="TestFixture" name="Get-EvergreenApp PuTTY.Validate Get-EvergreenApp works with: PuTTY." executed="True" result="Success" success="True" time="1.177" asserts="0" description="Get-EvergreenApp PuTTY.Validate Get-EvergreenApp works with: PuTTY.">
                <results>
                  <test-case description="PuTTY: should return something" name="Get-EvergreenApp PuTTY.Validate Get-EvergreenApp works with: PuTTY..PuTTY: should return something" time="0.1632" asserts="0" success="True" result="Success" executed="True" />
                  <test-case description="PuTTY: should return the expected output type" name="Get-EvergreenApp PuTTY.Validate Get-EvergreenApp works with: PuTTY..PuTTY: should return the expected output type" time="0.1802" asserts="0" success="True" result="Success" executed="True" />
                  <test-case description="PuTTY: should have a Version property that is a string" name="Get-EvergreenApp PuTTY.Validate Get-EvergreenApp works with: PuTTY..PuTTY: should have a Version property that is a string" time="0.2191" asserts="0" success="True" result="Success" executed="True" />
                  <test-case description="PuTTY: should have a valid version number" name="Get-EvergreenApp PuTTY.Validate Get-EvergreenApp works with: PuTTY..PuTTY: should have a valid version number" time="0.2223" asserts="0" success="True" result="Success" executed="True" />
                  <test-case description="PuTTY: should have a URI property that is a string" name="Get-EvergreenApp PuTTY.Validate Get-EvergreenApp works with: PuTTY..PuTTY: should have a URI property that is a string" time="0.2224" asserts="0" success="True" result="Success" executed="True" />
                </results>
              </test-suite>
            </results>
          </test-suite>
          <test-suite type="TestFixture" name="Get-EvergreenApp ImageGlass" executed="True" result="Success" success="True" time="10.8119" asserts="0" description="Get-EvergreenApp ImageGlass">
            <results>
              <test-suite type="TestFixture" name="Get-EvergreenApp ImageGlass.Validate Get-EvergreenApp works with: ImageGlass." executed="True" result="Success" success="True" time="1.0569" asserts="0" description="Get-EvergreenApp ImageGlass.Validate Get-EvergreenApp works with: ImageGlass.">
                <results>
                  <test-case description="ImageGlass: should return something" name="Get-EvergreenApp ImageGlass.Validate Get-EvergreenApp works with: ImageGlass..ImageGlass: should return something" time="0.1588" asserts="0" success="True" result="Success" executed="True" />
                  <test-case description="ImageGlass: should return the expected output type" name="Get-EvergreenApp ImageGlass.Validate Get-EvergreenApp works with: ImageGlass..ImageGlass: should return the expected output type" time="0.1711" asserts="0" success="True" result="Success" executed="True" />
                  <test-case description="ImageGlass: should have a Version property that is a string" name="Get-EvergreenApp ImageGlass.Validate Get-EvergreenApp works with: ImageGlass..ImageGlass: should have a Version property that is a string" time="0.1759" asserts="0" success="True" result="Success" executed="True" />
                  <test-case description="ImageGlass: should have a valid version number" name="Get-EvergreenApp ImageGlass.Validate Get-EvergreenApp works with: ImageGlass..ImageGlass: should have a valid version number" time="0.1894" asserts="0" success="True" result="Success" executed="True" />
                  <test-case description="ImageGlass: should have a URI property that is a string" name="Get-EvergreenApp ImageGlass.Validate Get-EvergreenApp works with: ImageGlass..ImageGlass: should have a URI property that is a string" time="0.194" asserts="0" success="True" result="Success" executed="True" />
                </results>
              </test-suite>
            </results>
          </test-suite>
          <test-suite type="TestFixture" name="Get-EvergreenApp OpenShellMenu" executed="True" result="Success" success="True" time="12.5521" asserts="0" description="Get-EvergreenApp OpenShellMenu">
            <results>
              <test-suite type="TestFixture" name="Get-EvergreenApp OpenShellMenu.Validate Get-EvergreenApp works with: OpenShellMenu." executed="True" result="Success" success="True" time="0.9862" asserts="0" description="Get-EvergreenApp OpenShellMenu.Validate Get-EvergreenApp works with: OpenShellMenu.">
                <results>
                  <test-case description="OpenShellMenu: should return something" name="Get-EvergreenApp OpenShellMenu.Validate Get-EvergreenApp works with: OpenShellMenu..OpenShellMenu: should return something" time="0.1698" asserts="0" success="True" result="Success" executed="True" />
                  <test-case description="OpenShellMenu: should return the expected output type" name="Get-EvergreenApp OpenShellMenu.Validate Get-EvergreenApp works with: OpenShellMenu..OpenShellMenu: should return the expected output type" time="0.1494" asserts="0" success="True" result="Success" executed="True" />
                  <test-case description="OpenShellMenu: should have a Version property that is a string" name="Get-EvergreenApp OpenShellMenu.Validate Get-EvergreenApp works with: OpenShellMenu..OpenShellMenu: should have a Version property that is a string" time="0.1516" asserts="0" success="True" result="Success" executed="True" />
                  <test-case description="OpenShellMenu: should have a valid version number" name="Get-EvergreenApp OpenShellMenu.Validate Get-EvergreenApp works with: OpenShellMenu..OpenShellMenu: should have a valid version number" time="0.1482" asserts="0" success="True" result="Success" executed="True" />
                  <test-case description="OpenShellMenu: should have a URI property that is a string" name="Get-EvergreenApp OpenShellMenu.Validate Get-EvergreenApp works with: OpenShellMenu..OpenShellMenu: should have a URI property that is a string" time="0.1575" asserts="0" success="True" result="Success" executed="True" />
                </results>
              </test-suite>
            </results>
          </test-suite>
          <test-suite type="TestFixture" name="Get-EvergreenApp PSAppDeployToolkit" executed="True" result="Success" success="True" time="14.2745" asserts="0" description="Get-EvergreenApp PSAppDeployToolkit">
            <results>
              <test-suite type="TestFixture" name="Get-EvergreenApp PSAppDeployToolkit.Validate Get-EvergreenApp works with: PSAppDeployToolkit." executed="True" result="Success" success="True" time="1.0029" asserts="0" description="Get-EvergreenApp PSAppDeployToolkit.Validate Get-EvergreenApp works with: PSAppDeployToolkit.">
                <results>
                  <test-case description="PSAppDeployToolkit: should return something" name="Get-EvergreenApp PSAppDeployToolkit.Validate Get-EvergreenApp works with: PSAppDeployToolkit..PSAppDeployToolkit: should return something" time="0.1642" asserts="0" success="True" result="Success" executed="True" />
                  <test-case description="PSAppDeployToolkit: should return the expected output type" name="Get-EvergreenApp PSAppDeployToolkit.Validate Get-EvergreenApp works with: PSAppDeployToolkit..PSAppDeployToolkit: should return the expected output type" time="0.1619" asserts="0" success="True" result="Success" executed="True" />
                  <test-case description="PSAppDeployToolkit: should have a Version property that is a string" name="Get-EvergreenApp PSAppDeployToolkit.Validate Get-EvergreenApp works with: PSAppDeployToolkit..PSAppDeployToolkit: should have a Version property that is a string" time="0.1682" asserts="0" success="True" result="Success" executed="True" />
                  <test-case description="PSAppDeployToolkit: should have a valid version number" name="Get-EvergreenApp PSAppDeployToolkit.Validate Get-EvergreenApp works with: PSAppDeployToolkit..PSAppDeployToolkit: should have a valid version number" time="0.1637" asserts="0" success="True" result="Success" executed="True" />
                  <test-case description="PSAppDeployToolkit: should have a URI property that is a string" name="Get-EvergreenApp PSAppDeployToolkit.Validate Get-EvergreenApp works with: PSAppDeployToolkit..PSAppDeployToolkit: should have a URI property that is a string" time="0.1703" asserts="0" success="True" result="Success" executed="True" />
                </results>
              </test-suite>
            </results>
          </test-suite>
          <test-suite type="TestFixture" name="Get-EvergreenApp KeeWeb" executed="True" result="Success" success="True" time="16.8492" asserts="0" description="Get-EvergreenApp KeeWeb">
            <results>
              <test-suite type="TestFixture" name="Get-EvergreenApp KeeWeb.Validate Get-EvergreenApp works with: KeeWeb." executed="True" result="Success" success="True" time="1.4012" asserts="0" description="Get-EvergreenApp KeeWeb.Validate Get-EvergreenApp works with: KeeWeb.">
                <results>
                  <test-case description="KeeWeb: should return something" name="Get-EvergreenApp KeeWeb.Validate Get-EvergreenApp works with: KeeWeb..KeeWeb: should return something" time="0.1534" asserts="0" success="True" result="Success" executed="True" />
                  <test-case description="KeeWeb: should return the expected output type" name="Get-EvergreenApp KeeWeb.Validate Get-EvergreenApp works with: KeeWeb..KeeWeb: should return the expected output type" time="0.2054" asserts="0" success="True" result="Success" executed="True" />
                  <test-case description="KeeWeb: should have a Version property that is a string" name="Get-EvergreenApp KeeWeb.Validate Get-EvergreenApp works with: KeeWeb..KeeWeb: should have a Version property that is a string" time="0.2931" asserts="0" success="True" result="Success" executed="True" />
                  <test-case description="KeeWeb: should have a valid version number" name="Get-EvergreenApp KeeWeb.Validate Get-EvergreenApp works with: KeeWeb..KeeWeb: should have a valid version number" time="0.285" asserts="0" success="True" result="Success" executed="True" />
                  <test-case description="KeeWeb: should have a URI property that is a string" name="Get-EvergreenApp KeeWeb.Validate Get-EvergreenApp works with: KeeWeb..KeeWeb: should have a URI property that is a string" time="0.3005" asserts="0" success="True" result="Success" executed="True" />
                </results>
              </test-suite>
            </results>
          </test-suite>
          <test-suite type="TestFixture" name="Get-EvergreenApp AppVentix" executed="True" result="Success" success="True" time="18.89" asserts="0" description="Get-EvergreenApp AppVentix">
            <results>
              <test-suite type="TestFixture" name="Get-EvergreenApp AppVentix.Validate Get-EvergreenApp works with: AppVentix." executed="True" result="Success" success="True" time="0.9503" asserts="0" description="Get-EvergreenApp AppVentix.Validate Get-EvergreenApp works with: AppVentix.">
                <results>
                  <test-case description="AppVentix: should return something" name="Get-EvergreenApp AppVentix.Validate Get-EvergreenApp works with: AppVentix..AppVentix: should return something" time="0.1531" asserts="0" success="True" result="Success" executed="True" />
                  <test-case description="AppVentix: should return the expected output type" name="Get-EvergreenApp AppVentix.Validate Get-EvergreenApp works with: AppVentix..AppVentix: should return the expected output type" time="0.1584" asserts="0" success="True" result="Success" executed="True" />
                  <test-case description="AppVentix: should have a Version property that is a string" name="Get-EvergreenApp AppVentix.Validate Get-EvergreenApp works with: AppVentix..AppVentix: should have a Version property that is a string" time="0.1601" asserts="0" success="True" result="Success" executed="True" />
                  <test-case description="AppVentix: should have a valid version number" name="Get-EvergreenApp AppVentix.Validate Get-EvergreenApp works with: AppVentix..AppVentix: should have a valid version number" time="0.1534" asserts="0" success="True" result="Success" executed="True" />
                  <test-case description="AppVentix: should have a URI property that is a string" name="Get-EvergreenApp AppVentix.Validate Get-EvergreenApp works with: AppVentix..AppVentix: should have a URI property that is a string" time="0.1635" asserts="0" success="True" result="Success" executed="True" />
                </results>
              </test-suite>
            </results>
          </test-suite>
          <test-suite type="TestFixture" name="Get-EvergreenApp Nomacs" executed="True" result="Success" success="True" time="20.7055" asserts="0" description="Get-EvergreenApp Nomacs">
            <results>
              <test-suite type="TestFixture" name="Get-EvergreenApp Nomacs.Validate Get-EvergreenApp works with: Nomacs." executed="True" result="Success" success="True" time="1.0571" asserts="0" description="Get-EvergreenApp Nomacs.Validate Get-EvergreenApp works with: Nomacs.">
                <results>
                  <test-case description="Nomacs: should return something" name="Get-EvergreenApp Nomacs.Validate Get-EvergreenApp works with: Nomacs..Nomacs: should return something" time="0.1559" asserts="0" success="True" result="Success" executed="True" />
                  <test-case description="Nomacs: should return the expected output type" name="Get-EvergreenApp Nomacs.Validate Get-EvergreenApp works with: Nomacs..Nomacs: should return the expected output type" time="0.1705" asserts="0" success="True" result="Success" executed="True" />
                  <test-case description="Nomacs: should have a Version property that is a string" name="Get-EvergreenApp Nomacs.Validate Get-EvergreenApp works with: Nomacs..Nomacs: should have a Version property that is a string" time="0.1856" asserts="0" success="True" result="Success" executed="True" />
                  <test-case description="Nomacs: should have a valid version number" name="Get-EvergreenApp Nomacs.Validate Get-EvergreenApp works with: Nomacs..Nomacs: should have a valid version number" time="0.1879" asserts="0" success="True" result="Success" executed="True" />
                  <test-case description="Nomacs: should have a URI property that is a string" name="Get-EvergreenApp Nomacs.Validate Get-EvergreenApp works with: Nomacs..Nomacs: should have a URI property that is a string" time="0.1909" asserts="0" success="True" result="Success" executed="True" />
                </results>
              </test-suite>
            </results>
          </test-suite>
          <test-suite type="TestFixture" name="Get-EvergreenApp AdoptOpenJDKSemuru18" executed="True" result="Success" success="True" time="23.9139" asserts="0" description="Get-EvergreenApp AdoptOpenJDKSemuru18">
            <results>
              <test-suite type="TestFixture" name="Get-EvergreenApp AdoptOpenJDKSemuru18.Validate Get-EvergreenApp works with: AdoptOpenJDKSemuru18." executed="True" result="Success" success="True" time="1.4666" asserts="0" description="Get-EvergreenApp AdoptOpenJDKSemuru18.Validate Get-EvergreenApp works with: AdoptOpenJDKSemuru18.">
                <results>
                  <test-case description="AdoptOpenJDKSemuru18: should return something" name="Get-EvergreenApp AdoptOpenJDKSemuru18.Validate Get-EvergreenApp works with: AdoptOpenJDKSemuru18..AdoptOpenJDKSemuru18: should return something" time="0.1631" asserts="0" success="True" result="Success" executed="True" />
                  <test-case description="AdoptOpenJDKSemuru18: should return the expected output type" name="Get-EvergreenApp AdoptOpenJDKSemuru18.Validate Get-EvergreenApp works with: AdoptOpenJDKSemuru18..AdoptOpenJDKSemuru18: should return the expected output type" time="0.2178" asserts="0" success="True" result="Success" executed="True" />
                  <test-case description="AdoptOpenJDKSemuru18: should have a Version property that is a string" name="Get-EvergreenApp AdoptOpenJDKSemuru18.Validate Get-EvergreenApp works with: AdoptOpenJDKSemuru18..AdoptOpenJDKSemuru18: should have a Version property that is a string" time="0.2761" asserts="0" success="True" result="Success" executed="True" />
                  <test-case description="AdoptOpenJDKSemuru18: should have a valid version number" name="Get-EvergreenApp AdoptOpenJDKSemuru18.Validate Get-EvergreenApp works with: AdoptOpenJDKSemuru18..AdoptOpenJDKSemuru18: should have a valid version number" time="0.3075" asserts="0" success="True" result="Success" executed="True" />
                  <test-case description="AdoptOpenJDKSemuru18: should have a URI property that is a string" name="Get-EvergreenApp AdoptOpenJDKSemuru18.Validate Get-EvergreenApp works with: AdoptOpenJDKSemuru18..AdoptOpenJDKSemuru18: should have a URI property that is a string" time="0.3297" asserts="0" success="True" result="Success" executed="True" />
                </results>
              </test-suite>
            </results>
          </test-suite>
          <test-suite type="TestFixture" name="Get-EvergreenApp MicrosoftPowerToys" executed="True" result="Success" success="True" time="25.851" asserts="0" description="Get-EvergreenApp MicrosoftPowerToys">
            <results>
              <test-suite type="TestFixture" name="Get-EvergreenApp MicrosoftPowerToys.Validate Get-EvergreenApp works with: MicrosoftPowerToys." executed="True" result="Success" success="True" time="1.0161" asserts="0" description="Get-EvergreenApp MicrosoftPowerToys.Validate Get-EvergreenApp works with: MicrosoftPowerToys.">
                <results>
                  <test-case description="MicrosoftPowerToys: should return something" name="Get-EvergreenApp MicrosoftPowerToys.Validate Get-EvergreenApp works with: MicrosoftPowerToys..MicrosoftPowerToys: should return something" time="0.1505" asserts="0" success="True" result="Success" executed="True" />
                  <test-case description="MicrosoftPowerToys: should return the expected output type" name="Get-EvergreenApp MicrosoftPowerToys.Validate Get-EvergreenApp works with: MicrosoftPowerToys..MicrosoftPowerToys: should return the expected output type" time="0.1541" asserts="0" success="True" result="Success" executed="True" />
                  <test-case description="MicrosoftPowerToys: should have a Version property that is a string" name="Get-EvergreenApp MicrosoftPowerToys.Validate Get-EvergreenApp works with: MicrosoftPowerToys..MicrosoftPowerToys: should have a Version property that is a string" time="0.1677" asserts="0" success="True" result="Success" executed="True" />
                  <test-case description="MicrosoftPowerToys: should have a valid version number" name="Get-EvergreenApp MicrosoftPowerToys.Validate Get-EvergreenApp works with: MicrosoftPowerToys..MicrosoftPowerToys: should have a valid version number" time="0.1684" asserts="0" success="True" result="Success" executed="True" />
                  <test-case description="MicrosoftPowerToys: should have a URI property that is a string" name="Get-EvergreenApp MicrosoftPowerToys.Validate Get-EvergreenApp works with: MicrosoftPowerToys..MicrosoftPowerToys: should have a URI property that is a string" time="0.1847" asserts="0" success="True" result="Success" executed="True" />
                </results>
              </test-suite>
            </results>
          </test-suite>
          <test-suite type="TestFixture" name="Get-EvergreenApp JASP" executed="True" result="Success" success="True" time="27.7103" asserts="0" description="Get-EvergreenApp JASP">
            <results>
              <test-suite type="TestFixture" name="Get-EvergreenApp JASP.Validate Get-EvergreenApp works with: JASP." executed="True" result="Success" success="True" time="0.9832" asserts="0" description="Get-EvergreenApp JASP.Validate Get-EvergreenApp works with: JASP.">
                <results>
                  <test-case description="JASP: should return something" name="Get-EvergreenApp JASP.Validate Get-EvergreenApp works with: JASP..JASP: should return something" time="0.1581" asserts="0" success="True" result="Success" executed="True" />
                  <test-case description="JASP: should return the expected output type" name="Get-EvergreenApp JASP.Validate Get-EvergreenApp works with: JASP..JASP: should return the expected output type" time="0.1592" asserts="0" success="True" result="Success" executed="True" />
                  <test-case description="JASP: should have a Version property that is a string" name="Get-EvergreenApp JASP.Validate Get-EvergreenApp works with: JASP..JASP: should have a Version property that is a string" time="0.1657" asserts="0" success="True" result="Success" executed="True" />
                  <test-case description="JASP: should have a valid version number" name="Get-EvergreenApp JASP.Validate Get-EvergreenApp works with: JASP..JASP: should have a valid version number" time="0.175" asserts="0" success="True" result="Success" executed="True" />
                  <test-case description="JASP: should have a URI property that is a string" name="Get-EvergreenApp JASP.Validate Get-EvergreenApp works with: JASP..JASP: should have a URI property that is a string" time="0.1629" asserts="0" success="True" result="Success" executed="True" />
                </results>
              </test-suite>
            </results>
          </test-suite>
          <test-suite type="TestFixture" name="Get-EvergreenApp KarakunOpenWebStart" executed="True" result="Success" success="True" time="29.4969" asserts="0" description="Get-EvergreenApp KarakunOpenWebStart">
            <results>
              <test-suite type="TestFixture" name="Get-EvergreenApp KarakunOpenWebStart.Validate Get-EvergreenApp works with: KarakunOpenWebStart." executed="True" result="Success" success="True" time="1.0313" asserts="0" description="Get-EvergreenApp KarakunOpenWebStart.Validate Get-EvergreenApp works with: KarakunOpenWebStart.">
                <results>
                  <test-case description="KarakunOpenWebStart: should return something" name="Get-EvergreenApp KarakunOpenWebStart.Validate Get-EvergreenApp works with: KarakunOpenWebStart..KarakunOpenWebStart: should return something" time="0.1536" asserts="0" success="True" result="Success" executed="True" />
                  <test-case description="KarakunOpenWebStart: should return the expected output type" name="Get-EvergreenApp KarakunOpenWebStart.Validate Get-EvergreenApp works with: KarakunOpenWebStart..KarakunOpenWebStart: should return the expected output type" time="0.1651" asserts="0" success="True" result="Success" executed="True" />
                  <test-case description="KarakunOpenWebStart: should have a Version property that is a string" name="Get-EvergreenApp KarakunOpenWebStart.Validate Get-EvergreenApp works with: KarakunOpenWebStart..KarakunOpenWebStart: should have a Version property that is a string" time="0.1862" asserts="0" success="True" result="Success" executed="True" />
                  <test-case description="KarakunOpenWebStart: should have a valid version number" name="Get-EvergreenApp KarakunOpenWebStart.Validate Get-EvergreenApp works with: KarakunOpenWebStart..KarakunOpenWebStart: should have a valid version number" time="0.1784" asserts="0" success="True" result="Success" executed="True" />
                  <test-case description="KarakunOpenWebStart: should have a URI property that is a string" name="Get-EvergreenApp KarakunOpenWebStart.Validate Get-EvergreenApp works with: KarakunOpenWebStart..KarakunOpenWebStart: should have a URI property that is a string" time="0.1826" asserts="0" success="True" result="Success" executed="True" />
                </results>
              </test-suite>
            </results>
          </test-suite>
          <test-suite type="TestFixture" name="Get-EvergreenApp OracleJava8" executed="True" result="Success" success="True" time="32.0994" asserts="0" description="Get-EvergreenApp OracleJava8">
            <results>
              <test-suite type="TestFixture" name="Get-EvergreenApp OracleJava8.Validate Get-EvergreenApp works with: OracleJava8." executed="True" result="Success" success="True" time="0.9968" asserts="0" description="Get-EvergreenApp OracleJava8.Validate Get-EvergreenApp works with: OracleJava8.">
                <results>
                  <test-case description="OracleJava8: should return something" name="Get-EvergreenApp OracleJava8.Validate Get-EvergreenApp works with: OracleJava8..OracleJava8: should return something" time="0.1532" asserts="0" success="True" result="Success" executed="True" />
                  <test-case description="OracleJava8: should return the expected output type" name="Get-EvergreenApp OracleJava8.Validate Get-EvergreenApp works with: OracleJava8..OracleJava8: should return the expected output type" time="0.1581" asserts="0" success="True" result="Success" executed="True" />
                  <test-case description="OracleJava8: should have a Version property that is a string" name="Get-EvergreenApp OracleJava8.Validate Get-EvergreenApp works with: OracleJava8..OracleJava8: should have a Version property that is a string" time="0.1725" asserts="0" success="True" result="Success" executed="True" />
                  <test-case description="OracleJava8: should have a valid version number" name="Get-EvergreenApp OracleJava8.Validate Get-EvergreenApp works with: OracleJava8..OracleJava8: should have a valid version number" time="0.173" asserts="0" success="True" result="Success" executed="True" />
                  <test-case description="OracleJava8: should have a URI property that is a string" name="Get-EvergreenApp OracleJava8.Validate Get-EvergreenApp works with: OracleJava8..OracleJava8: should have a URI property that is a string" time="0.1758" asserts="0" success="True" result="Success" executed="True" />
                </results>
              </test-suite>
            </results>
          </test-suite>
          <test-suite type="TestFixture" name="Get-EvergreenApp OBSStudio" executed="True" result="Success" success="True" time="33.7348" asserts="0" description="Get-EvergreenApp OBSStudio">
            <results>
              <test-suite type="TestFixture" name="Get-EvergreenApp OBSStudio.Validate Get-EvergreenApp works with: OBSStudio." executed="True" result="Success" success="True" time="0.9965" asserts="0" description="Get-EvergreenApp OBSStudio.Validate Get-EvergreenApp works with: OBSStudio.">
                <results>
                  <test-case description="OBSStudio: should return something" name="Get-EvergreenApp OBSStudio.Validate Get-EvergreenApp works with: OBSStudio..OBSStudio: should return something" time="0.1475" asserts="0" success="True" result="Success" executed="True" />
                  <test-case description="OBSStudio: should return the expected output type" name="Get-EvergreenApp OBSStudio.Validate Get-EvergreenApp works with: OBSStudio..OBSStudio: should return the expected output type" time="0.1573" asserts="0" success="True" result="Success" executed="True" />
                  <test-case description="OBSStudio: should have a Version property that is a string" name="Get-EvergreenApp OBSStudio.Validate Get-EvergreenApp works with: OBSStudio..OBSStudio: should have a Version property that is a string" time="0.1758" asserts="0" success="True" result="Success" executed="True" />
                  <test-case description="OBSStudio: should have a valid version number" name="Get-EvergreenApp OBSStudio.Validate Get-EvergreenApp works with: OBSStudio..OBSStudio: should have a valid version number" time="0.1681" asserts="0" success="True" result="Success" executed="True" />
                  <test-case description="OBSStudio: should have a URI property that is a string" name="Get-EvergreenApp OBSStudio.Validate Get-EvergreenApp works with: OBSStudio..OBSStudio: should have a URI property that is a string" time="0.1762" asserts="0" success="True" result="Success" executed="True" />
                </results>
              </test-suite>
            </results>
          </test-suite>
          <test-suite type="TestFixture" name="Get-EvergreenApp ESETInspectConnector" executed="True" result="Success" success="True" time="35.6479" asserts="0" description="Get-EvergreenApp ESETInspectConnector">
            <results>
              <test-suite type="TestFixture" name="Get-EvergreenApp ESETInspectConnector.Validate Get-EvergreenApp works with: ESETInspectConnector." executed="True" result="Success" success="True" time="0.9849" asserts="0" description="Get-EvergreenApp ESETInspectConnector.Validate Get-EvergreenApp works with: ESETInspectConnector.">
                <results>
                  <test-case description="ESETInspectConnector: should return something" name="Get-EvergreenApp ESETInspectConnector.Validate Get-EvergreenApp works with: ESETInspectConnector..ESETInspectConnector: should return something" time="0.1458" asserts="0" success="True" result="Success" executed="True" />
                  <test-case description="ESETInspectConnector: should return the expected output type" name="Get-EvergreenApp ESETInspectConnector.Validate Get-EvergreenApp works with: ESETInspectConnector..ESETInspectConnector: should return the expected output type" time="0.156" asserts="0" success="True" result="Success" executed="True" />
                  <test-case description="ESETInspectConnector: should have a Version property that is a string" name="Get-EvergreenApp ESETInspectConnector.Validate Get-EvergreenApp works with: ESETInspectConnector..ESETInspectConnector: should have a Version property that is a string" time="0.1743" asserts="0" success="True" result="Success" executed="True" />
                  <test-case description="ESETInspectConnector: should have a valid version number" name="Get-EvergreenApp ESETInspectConnector.Validate Get-EvergreenApp works with: ESETInspectConnector..ESETInspectConnector: should have a valid version number" time="0.1691" asserts="0" success="True" result="Success" executed="True" />
                  <test-case description="ESETInspectConnector: should have a URI property that is a string" name="Get-EvergreenApp ESETInspectConnector.Validate Get-EvergreenApp works with: ESETInspectConnector..ESETInspectConnector: should have a URI property that is a string" time="0.184" asserts="0" success="True" result="Success" executed="True" />
                </results>
              </test-suite>
            </results>
          </test-suite>
          <test-suite type="TestFixture" name="Get-EvergreenApp jrsoftwareInnoSetup" executed="True" result="Success" success="True" time="37.8692" asserts="0" description="Get-EvergreenApp jrsoftwareInnoSetup">
            <results>
              <test-suite type="TestFixture" name="Get-EvergreenApp jrsoftwareInnoSetup.Validate Get-EvergreenApp works with: jrsoftwareInnoSetup." executed="True" result="Success" success="True" time="1.0563" asserts="0" description="Get-EvergreenApp jrsoftwareInnoSetup.Validate Get-EvergreenApp works with: jrsoftwareInnoSetup.">
                <results>
                  <test-case description="jrsoftwareInnoSetup: should return something" name="Get-EvergreenApp jrsoftwareInnoSetup.Validate Get-EvergreenApp works with: jrsoftwareInnoSetup..jrsoftwareInnoSetup: should return something" time="0.1739" asserts="0" success="True" result="Success" executed="True" />
                  <test-case description="jrsoftwareInnoSetup: should return the expected output type" name="Get-EvergreenApp jrsoftwareInnoSetup.Validate Get-EvergreenApp works with: jrsoftwareInnoSetup..jrsoftwareInnoSetup: should return the expected output type" time="0.1769" asserts="0" success="True" result="Success" executed="True" />
                  <test-case description="jrsoftwareInnoSetup: should have a Version property that is a string" name="Get-EvergreenApp jrsoftwareInnoSetup.Validate Get-EvergreenApp works with: jrsoftwareInnoSetup..jrsoftwareInnoSetup: should have a Version property that is a string" time="0.1706" asserts="0" success="True" result="Success" executed="True" />
                  <test-case description="jrsoftwareInnoSetup: should have a valid version number" name="Get-EvergreenApp jrsoftwareInnoSetup.Validate Get-EvergreenApp works with: jrsoftwareInnoSetup..jrsoftwareInnoSetup: should have a valid version number" time="0.1752" asserts="0" success="True" result="Success" executed="True" />
                  <test-case description="jrsoftwareInnoSetup: should have a URI property that is a string" name="Get-EvergreenApp jrsoftwareInnoSetup.Validate Get-EvergreenApp works with: jrsoftwareInnoSetup..jrsoftwareInnoSetup: should have a URI property that is a string" time="0.1753" asserts="0" success="True" result="Success" executed="True" />
                </results>
              </test-suite>
            </results>
          </test-suite>
          <test-suite type="TestFixture" name="Get-EvergreenApp Gephi" executed="True" result="Success" success="True" time="39.5971" asserts="0" description="Get-EvergreenApp Gephi">
            <results>
              <test-suite type="TestFixture" name="Get-EvergreenApp Gephi.Validate Get-EvergreenApp works with: Gephi." executed="True" result="Success" success="True" time="0.9596" asserts="0" description="Get-EvergreenApp Gephi.Validate Get-EvergreenApp works with: Gephi.">
                <results>
                  <test-case description="Gephi: should return something" name="Get-EvergreenApp Gephi.Validate Get-EvergreenApp works with: Gephi..Gephi: should return something" time="0.1456" asserts="0" success="True" result="Success" executed="True" />
                  <test-case description="Gephi: should return the expected output type" name="Get-EvergreenApp Gephi.Validate Get-EvergreenApp works with: Gephi..Gephi: should return the expected output type" time="0.1543" asserts="0" success="True" result="Success" executed="True" />
                  <test-case description="Gephi: should have a Version property that is a string" name="Get-EvergreenApp Gephi.Validate Get-EvergreenApp works with: Gephi..Gephi: should have a Version property that is a string" time="0.1677" asserts="0" success="True" result="Success" executed="True" />
                  <test-case description="Gephi: should have a valid version number" name="Get-EvergreenApp Gephi.Validate Get-EvergreenApp works with: Gephi..Gephi: should have a valid version number" time="0.166" asserts="0" success="True" result="Success" executed="True" />
                  <test-case description="Gephi: should have a URI property that is a string" name="Get-EvergreenApp Gephi.Validate Get-EvergreenApp works with: Gephi..Gephi: should have a URI property that is a string" time="0.1698" asserts="0" success="True" result="Success" executed="True" />
                </results>
              </test-suite>
            </results>
          </test-suite>
          <test-suite type="TestFixture" name="Get-EvergreenApp AdobeBrackets" executed="True" result="Success" success="True" time="41.2717" asserts="0" description="Get-EvergreenApp AdobeBrackets">
            <results>
              <test-suite type="TestFixture" name="Get-EvergreenApp AdobeBrackets.Validate Get-EvergreenApp works with: AdobeBrackets." executed="True" result="Success" success="True" time="0.8819" asserts="0" description="Get-EvergreenApp AdobeBrackets.Validate Get-EvergreenApp works with: AdobeBrackets.">
                <results>
                  <test-case description="AdobeBrackets: should return something" name="Get-EvergreenApp AdobeBrackets.Validate Get-EvergreenApp works with: AdobeBrackets..AdobeBrackets: should return something" time="0.1461" asserts="0" success="True" result="Success" executed="True" />
                  <test-case description="AdobeBrackets: should return the expected output type" name="Get-EvergreenApp AdobeBrackets.Validate Get-EvergreenApp works with: AdobeBrackets..AdobeBrackets: should return the expected output type" time="0.1427" asserts="0" success="True" result="Success" executed="True" />
                  <test-case description="AdobeBrackets: should have a Version property that is a string" name="Get-EvergreenApp AdobeBrackets.Validate Get-EvergreenApp works with: AdobeBrackets..AdobeBrackets: should have a Version property that is a string" time="0.1455" asserts="0" success="True" result="Success" executed="True" />
                  <test-case description="AdobeBrackets: should have a valid version number" name="Get-EvergreenApp AdobeBrackets.Validate Get-EvergreenApp works with: AdobeBrackets..AdobeBrackets: should have a valid version number" time="0.1453" asserts="0" success="True" result="Success" executed="True" />
                  <test-case description="AdobeBrackets: should have a URI property that is a string" name="Get-EvergreenApp AdobeBrackets.Validate Get-EvergreenApp works with: AdobeBrackets..AdobeBrackets: should have a URI property that is a string" time="0.148" asserts="0" success="True" result="Success" executed="True" />
                </results>
              </test-suite>
            </results>
          </test-suite>
          <test-suite type="TestFixture" name="Get-EvergreenApp MicrosoftVisualStudioCode" executed="True" result="Success" success="True" time="47.0875" asserts="0" description="Get-EvergreenApp MicrosoftVisualStudioCode">
            <results>
              <test-suite type="TestFixture" name="Get-EvergreenApp MicrosoftVisualStudioCode.Validate Get-EvergreenApp works with: MicrosoftVisualStudioCode." executed="True" result="Success" success="True" time="1.859" asserts="0" description="Get-EvergreenApp MicrosoftVisualStudioCode.Validate Get-EvergreenApp works with: MicrosoftVisualStudioCode.">
                <results>
                  <test-case description="MicrosoftVisualStudioCode: should return something" name="Get-EvergreenApp MicrosoftVisualStudioCode.Validate Get-EvergreenApp works with: MicrosoftVisualStudioCode..MicrosoftVisualStudioCode: should return something" time="0.1575" asserts="0" success="True" result="Success" executed="True" />
                  <test-case description="MicrosoftVisualStudioCode: should return the expected output type" name="Get-EvergreenApp MicrosoftVisualStudioCode.Validate Get-EvergreenApp works with: MicrosoftVisualStudioCode..MicrosoftVisualStudioCode: should return the expected output type" time="0.2668" asserts="0" success="True" result="Success" executed="True" />
                  <test-case description="MicrosoftVisualStudioCode: should have a Version property that is a string" name="Get-EvergreenApp MicrosoftVisualStudioCode.Validate Get-EvergreenApp works with: MicrosoftVisualStudioCode..MicrosoftVisualStudioCode: should have a Version property that is a string" time="0.4288" asserts="0" success="True" result="Success" executed="True" />
                  <test-case description="MicrosoftVisualStudioCode: should have a valid version number" name="Get-EvergreenApp MicrosoftVisualStudioCode.Validate Get-EvergreenApp works with: MicrosoftVisualStudioCode..MicrosoftVisualStudioCode: should have a valid version number" time="0.4234" asserts="0" success="True" result="Success" executed="True" />
                  <test-case description="MicrosoftVisualStudioCode: should have a URI property that is a string" name="Get-EvergreenApp MicrosoftVisualStudioCode.Validate Get-EvergreenApp works with: MicrosoftVisualStudioCode..MicrosoftVisualStudioCode: should have a URI property that is a string" time="0.4206" asserts="0" success="True" result="Success" executed="True" />
                </results>
              </test-suite>
            </results>
          </test-suite>
          <test-suite type="TestFixture" name="Get-EvergreenApp DockerDesktop" executed="True" result="Success" success="True" time="48.4183" asserts="0" description="Get-EvergreenApp DockerDesktop">
            <results>
              <test-suite type="TestFixture" name="Get-EvergreenApp DockerDesktop.Validate Get-EvergreenApp works with: DockerDesktop." executed="True" result="Success" success="True" time="0.9811" asserts="0" description="Get-EvergreenApp DockerDesktop.Validate Get-EvergreenApp works with: DockerDesktop.">
                <results>
                  <test-case description="DockerDesktop: should return something" name="Get-EvergreenApp DockerDesktop.Validate Get-EvergreenApp works with: DockerDesktop..DockerDesktop: should return something" time="0.1727" asserts="0" success="True" result="Success" executed="True" />
                  <test-case description="DockerDesktop: should return the expected output type" name="Get-EvergreenApp DockerDesktop.Validate Get-EvergreenApp works with: DockerDesktop..DockerDesktop: should return the expected output type" time="0.1579" asserts="0" success="True" result="Success" executed="True" />
                  <test-case description="DockerDesktop: should have a Version property that is a string" name="Get-EvergreenApp DockerDesktop.Validate Get-EvergreenApp works with: DockerDesktop..DockerDesktop: should have a Version property that is a string" time="0.1674" asserts="0" success="True" result="Success" executed="True" />
                  <test-case description="DockerDesktop: should have a valid version number" name="Get-EvergreenApp DockerDesktop.Validate Get-EvergreenApp works with: DockerDesktop..DockerDesktop: should have a valid version number" time="0.1626" asserts="0" success="True" result="Success" executed="True" />
                  <test-case description="DockerDesktop: should have a URI property that is a string" name="Get-EvergreenApp DockerDesktop.Validate Get-EvergreenApp works with: DockerDesktop..DockerDesktop: should have a URI property that is a string" time="0.1618" asserts="0" success="True" result="Success" executed="True" />
                </results>
              </test-suite>
            </results>
          </test-suite>
          <test-suite type="TestFixture" name="Get-EvergreenApp MicrosoftAzureStorageExplorer" executed="True" result="Success" success="True" time="50.1393" asserts="0" description="Get-EvergreenApp MicrosoftAzureStorageExplorer">
            <results>
              <test-suite type="TestFixture" name="Get-EvergreenApp MicrosoftAzureStorageExplorer.Validate Get-EvergreenApp works with: MicrosoftAzureStorageExplorer." executed="True" result="Success" success="True" time="0.9416" asserts="0" description="Get-EvergreenApp MicrosoftAzureStorageExplorer.Validate Get-EvergreenApp works with: MicrosoftAzureStorageExplorer.">
                <results>
                  <test-case description="MicrosoftAzureStorageExplorer: should return something" name="Get-EvergreenApp MicrosoftAzureStorageExplorer.Validate Get-EvergreenApp works with: MicrosoftAzureStorageExplorer..MicrosoftAzureStorageExplorer: should return something" time="0.1534" asserts="0" success="True" result="Success" executed="True" />
                  <test-case description="MicrosoftAzureStorageExplorer: should return the expected output type" name="Get-EvergreenApp MicrosoftAzureStorageExplorer.Validate Get-EvergreenApp works with: MicrosoftAzureStorageExplorer..MicrosoftAzureStorageExplorer: should return the expected output type" time="0.1564" asserts="0" success="True" result="Success" executed="True" />
                  <test-case description="MicrosoftAzureStorageExplorer: should have a Version property that is a string" name="Get-EvergreenApp MicrosoftAzureStorageExplorer.Validate Get-EvergreenApp works with: MicrosoftAzureStorageExplorer..MicrosoftAzureStorageExplorer: should have a Version property that is a string" time="0.154" asserts="0" success="True" result="Success" executed="True" />
                  <test-case description="MicrosoftAzureStorageExplorer: should have a valid version number" name="Get-EvergreenApp MicrosoftAzureStorageExplorer.Validate Get-EvergreenApp works with: MicrosoftAzureStorageExplorer..MicrosoftAzureStorageExplorer: should have a valid version number" time="0.1558" asserts="0" success="True" result="Success" executed="True" />
                  <test-case description="MicrosoftAzureStorageExplorer: should have a URI property that is a string" name="Get-EvergreenApp MicrosoftAzureStorageExplorer.Validate Get-EvergreenApp works with: MicrosoftAzureStorageExplorer..MicrosoftAzureStorageExplorer: should have a URI property that is a string" time="0.1603" asserts="0" success="True" result="Success" executed="True" />
                </results>
              </test-suite>
            </results>
          </test-suite>
          <test-suite type="TestFixture" name="Get-EvergreenApp YubicoAuthenticator" executed="True" result="Success" success="True" time="53.5775" asserts="0" description="Get-EvergreenApp YubicoAuthenticator">
            <results>
              <test-suite type="TestFixture" name="Get-EvergreenApp YubicoAuthenticator.Validate Get-EvergreenApp works with: YubicoAuthenticator." executed="True" result="Success" success="True" time="0.9496" asserts="0" description="Get-EvergreenApp YubicoAuthenticator.Validate Get-EvergreenApp works with: YubicoAuthenticator.">
                <results>
                  <test-case description="YubicoAuthenticator: should return something" name="Get-EvergreenApp YubicoAuthenticator.Validate Get-EvergreenApp works with: YubicoAuthenticator..YubicoAuthenticator: should return something" time="0.1595" asserts="0" success="True" result="Success" executed="True" />
                  <test-case description="YubicoAuthenticator: should return the expected output type" name="Get-EvergreenApp YubicoAuthenticator.Validate Get-EvergreenApp works with: YubicoAuthenticator..YubicoAuthenticator: should return the expected output type" time="0.1539" asserts="0" success="True" result="Success" executed="True" />
                  <test-case description="YubicoAuthenticator: should have a Version property that is a string" name="Get-EvergreenApp YubicoAuthenticator.Validate Get-EvergreenApp works with: YubicoAuthenticator..YubicoAuthenticator: should have a Version property that is a string" time="0.1567" asserts="0" success="True" result="Success" executed="True" />
                  <test-case description="YubicoAuthenticator: should have a valid version number" name="Get-EvergreenApp YubicoAuthenticator.Validate Get-EvergreenApp works with: YubicoAuthenticator..YubicoAuthenticator: should have a valid version number" time="0.1533" asserts="0" success="True" result="Success" executed="True" />
                  <test-case description="YubicoAuthenticator: should have a URI property that is a string" name="Get-EvergreenApp YubicoAuthenticator.Validate Get-EvergreenApp works with: YubicoAuthenticator..YubicoAuthenticator: should have a URI property that is a string" time="0.1586" asserts="0" success="True" result="Success" executed="True" />
                </results>
              </test-suite>
            </results>
          </test-suite>
          <test-suite type="TestFixture" name="Get-EvergreenApp KDiff3" executed="True" result="Success" success="True" time="55.3467" asserts="0" description="Get-EvergreenApp KDiff3">
            <results>
              <test-suite type="TestFixture" name="Get-EvergreenApp KDiff3.Validate Get-EvergreenApp works with: KDiff3." executed="True" result="Success" success="True" time="1.0285" asserts="0" description="Get-EvergreenApp KDiff3.Validate Get-EvergreenApp works with: KDiff3.">
                <results>
                  <test-case description="KDiff3: should return something" name="Get-EvergreenApp KDiff3.Validate Get-EvergreenApp works with: KDiff3..KDiff3: should return something" time="0.1571" asserts="0" success="True" result="Success" executed="True" />
                  <test-case description="KDiff3: should return the expected output type" name="Get-EvergreenApp KDiff3.Validate Get-EvergreenApp works with: KDiff3..KDiff3: should return the expected output type" time="0.1599" asserts="0" success="True" result="Success" executed="True" />
                  <test-case description="KDiff3: should have a Version property that is a string" name="Get-EvergreenApp KDiff3.Validate Get-EvergreenApp works with: KDiff3..KDiff3: should have a Version property that is a string" time="0.1775" asserts="0" success="True" result="Success" executed="True" />
                  <test-case description="KDiff3: should have a valid version number" name="Get-EvergreenApp KDiff3.Validate Get-EvergreenApp works with: KDiff3..KDiff3: should have a valid version number" time="0.1764" asserts="0" success="True" result="Success" executed="True" />
                  <test-case description="KDiff3: should have a URI property that is a string" name="Get-EvergreenApp KDiff3.Validate Get-EvergreenApp works with: KDiff3..KDiff3: should have a URI property that is a string" time="0.1822" asserts="0" success="True" result="Success" executed="True" />
                </results>
              </test-suite>
            </results>
          </test-suite>
          <test-suite type="TestFixture" name="Get-EvergreenApp jq" executed="True" result="Success" success="True" time="57.1192" asserts="0" description="Get-EvergreenApp jq">
            <results>
              <test-suite type="TestFixture" name="Get-EvergreenApp jq.Validate Get-EvergreenApp works with: jq." executed="True" result="Success" success="True" time="1.0305" asserts="0" description="Get-EvergreenApp jq.Validate Get-EvergreenApp works with: jq.">
                <results>
                  <test-case description="jq: should return something" name="Get-EvergreenApp jq.Validate Get-EvergreenApp works with: jq..jq: should return something" time="0.1533" asserts="0" success="True" result="Success" executed="True" />
                  <test-case description="jq: should return the expected output type" name="Get-EvergreenApp jq.Validate Get-EvergreenApp works with: jq..jq: should return the expected output type" time="0.167" asserts="0" success="True" result="Success" executed="True" />
                  <test-case description="jq: should have a Version property that is a string" name="Get-EvergreenApp jq.Validate Get-EvergreenApp works with: jq..jq: should have a Version property that is a string" time="0.1807" asserts="0" success="True" result="Success" executed="True" />
                  <test-case description="jq: should have a valid version number" name="Get-EvergreenApp jq.Validate Get-EvergreenApp works with: jq..jq: should have a valid version number" time="0.1787" asserts="0" success="True" result="Success" executed="True" />
                  <test-case description="jq: should have a URI property that is a string" name="Get-EvergreenApp jq.Validate Get-EvergreenApp works with: jq..jq: should have a URI property that is a string" time="0.1811" asserts="0" success="True" result="Success" executed="True" />
                </results>
              </test-suite>
            </results>
          </test-suite>
          <test-suite type="TestFixture" name="Get-EvergreenApp BeekeeperStudio" executed="True" result="Success" success="True" time="58.9474" asserts="0" description="Get-EvergreenApp BeekeeperStudio">
            <results>
              <test-suite type="TestFixture" name="Get-EvergreenApp BeekeeperStudio.Validate Get-EvergreenApp works with: BeekeeperStudio." executed="True" result="Success" success="True" time="0.9941" asserts="0" description="Get-EvergreenApp BeekeeperStudio.Validate Get-EvergreenApp works with: BeekeeperStudio.">
                <results>
                  <test-case description="BeekeeperStudio: should return something" name="Get-EvergreenApp BeekeeperStudio.Validate Get-EvergreenApp works with: BeekeeperStudio..BeekeeperStudio: should return something" time="0.1487" asserts="0" success="True" result="Success" executed="True" />
                  <test-case description="BeekeeperStudio: should return the expected output type" name="Get-EvergreenApp BeekeeperStudio.Validate Get-EvergreenApp works with: BeekeeperStudio..BeekeeperStudio: should return the expected output type" time="0.155" asserts="0" success="True" result="Success" executed="True" />
                  <test-case description="BeekeeperStudio: should have a Version property that is a string" name="Get-EvergreenApp BeekeeperStudio.Validate Get-EvergreenApp works with: BeekeeperStudio..BeekeeperStudio: should have a Version property that is a string" time="0.1681" asserts="0" success="True" result="Success" executed="True" />
                  <test-case description="BeekeeperStudio: should have a valid version number" name="Get-EvergreenApp BeekeeperStudio.Validate Get-EvergreenApp works with: BeekeeperStudio..BeekeeperStudio: should have a valid version number" time="0.1811" asserts="0" success="True" result="Success" executed="True" />
                  <test-case description="BeekeeperStudio: should have a URI property that is a string" name="Get-EvergreenApp BeekeeperStudio.Validate Get-EvergreenApp works with: BeekeeperStudio..BeekeeperStudio: should have a URI property that is a string" time="0.1839" asserts="0" success="True" result="Success" executed="True" />
                </results>
              </test-suite>
            </results>
          </test-suite>
          <test-suite type="TestFixture" name="Get-EvergreenApp JetBrainsPyCharm" executed="True" result="Success" success="True" time="61.4775" asserts="0" description="Get-EvergreenApp JetBrainsPyCharm">
            <results>
              <test-suite type="TestFixture" name="Get-EvergreenApp JetBrainsPyCharm.Validate Get-EvergreenApp works with: JetBrainsPyCharm." executed="True" result="Success" success="True" time="1.115" asserts="0" description="Get-EvergreenApp JetBrainsPyCharm.Validate Get-EvergreenApp works with: JetBrainsPyCharm.">
                <results>
                  <test-case description="JetBrainsPyCharm: should return something" name="Get-EvergreenApp JetBrainsPyCharm.Validate Get-EvergreenApp works with: JetBrainsPyCharm..JetBrainsPyCharm: should return something" time="0.1591" asserts="0" success="True" result="Success" executed="True" />
                  <test-case description="JetBrainsPyCharm: should return the expected output type" name="Get-EvergreenApp JetBrainsPyCharm.Validate Get-EvergreenApp works with: JetBrainsPyCharm..JetBrainsPyCharm: should return the expected output type" time="0.182" asserts="0" success="True" result="Success" executed="True" />
                  <test-case description="JetBrainsPyCharm: should have a Version property that is a string" name="Get-EvergreenApp JetBrainsPyCharm.Validate Get-EvergreenApp works with: JetBrainsPyCharm..JetBrainsPyCharm: should have a Version property that is a string" time="0.2085" asserts="0" success="True" result="Success" executed="True" />
                  <test-case description="JetBrainsPyCharm: should have a valid version number" name="Get-EvergreenApp JetBrainsPyCharm.Validate Get-EvergreenApp works with: JetBrainsPyCharm..JetBrainsPyCharm: should have a valid version number" time="0.2062" asserts="0" success="True" result="Success" executed="True" />
                  <test-case description="JetBrainsPyCharm: should have a URI property that is a string" name="Get-EvergreenApp JetBrainsPyCharm.Validate Get-EvergreenApp works with: JetBrainsPyCharm..JetBrainsPyCharm: should have a URI property that is a string" time="0.1945" asserts="0" success="True" result="Success" executed="True" />
                </results>
              </test-suite>
            </results>
          </test-suite>
          <test-suite type="TestFixture" name="Get-EvergreenApp NevcairielLAVFilters" executed="True" result="Success" success="True" time="63.105" asserts="0" description="Get-EvergreenApp NevcairielLAVFilters">
            <results>
              <test-suite type="TestFixture" name="Get-EvergreenApp NevcairielLAVFilters.Validate Get-EvergreenApp works with: NevcairielLAVFilters." executed="True" result="Success" success="True" time="0.9392" asserts="0" description="Get-EvergreenApp NevcairielLAVFilters.Validate Get-EvergreenApp works with: NevcairielLAVFilters.">
                <results>
                  <test-case description="NevcairielLAVFilters: should return something" name="Get-EvergreenApp NevcairielLAVFilters.Validate Get-EvergreenApp works with: NevcairielLAVFilters..NevcairielLAVFilters: should return something" time="0.1553" asserts="0" success="True" result="Success" executed="True" />
                  <test-case description="NevcairielLAVFilters: should return the expected output type" name="Get-EvergreenApp NevcairielLAVFilters.Validate Get-EvergreenApp works with: NevcairielLAVFilters..NevcairielLAVFilters: should return the expected output type" time="0.1491" asserts="0" success="True" result="Success" executed="True" />
                  <test-case description="NevcairielLAVFilters: should have a Version property that is a string" name="Get-EvergreenApp NevcairielLAVFilters.Validate Get-EvergreenApp works with: NevcairielLAVFilters..NevcairielLAVFilters: should have a Version property that is a string" time="0.1566" asserts="0" success="True" result="Success" executed="True" />
                  <test-case description="NevcairielLAVFilters: should have a valid version number" name="Get-EvergreenApp NevcairielLAVFilters.Validate Get-EvergreenApp works with: NevcairielLAVFilters..NevcairielLAVFilters: should have a valid version number" time="0.1534" asserts="0" success="True" result="Success" executed="True" />
                  <test-case description="NevcairielLAVFilters: should have a URI property that is a string" name="Get-EvergreenApp NevcairielLAVFilters.Validate Get-EvergreenApp works with: NevcairielLAVFilters..NevcairielLAVFilters: should have a URI property that is a string" time="0.1578" asserts="0" success="True" result="Success" executed="True" />
                </results>
              </test-suite>
            </results>
          </test-suite>
          <test-suite type="TestFixture" name="Get-EvergreenApp Naps2" executed="True" result="Success" success="True" time="64.8681" asserts="0" description="Get-EvergreenApp Naps2">
            <results>
              <test-suite type="TestFixture" name="Get-EvergreenApp Naps2.Validate Get-EvergreenApp works with: Naps2." executed="True" result="Success" success="True" time="0.9883" asserts="0" description="Get-EvergreenApp Naps2.Validate Get-EvergreenApp works with: Naps2.">
                <results>
                  <test-case description="Naps2: should return something" name="Get-EvergreenApp Naps2.Validate Get-EvergreenApp works with: Naps2..Naps2: should return something" time="0.1489" asserts="0" success="True" result="Success" executed="True" />
                  <test-case description="Naps2: should return the expected output type" name="Get-EvergreenApp Naps2.Validate Get-EvergreenApp works with: Naps2..Naps2: should return the expected output type" time="0.1497" asserts="0" success="True" result="Success" executed="True" />
                  <test-case description="Naps2: should have a Version property that is a string" name="Get-EvergreenApp Naps2.Validate Get-EvergreenApp works with: Naps2..Naps2: should have a Version property that is a string" time="0.1717" asserts="0" success="True" result="Success" executed="True" />
                  <test-case description="Naps2: should have a valid version number" name="Get-EvergreenApp Naps2.Validate Get-EvergreenApp works with: Naps2..Naps2: should have a valid version number" time="0.1737" asserts="0" success="True" result="Success" executed="True" />
                  <test-case description="Naps2: should have a URI property that is a string" name="Get-EvergreenApp Naps2.Validate Get-EvergreenApp works with: Naps2..Naps2: should have a URI property that is a string" time="0.1857" asserts="0" success="True" result="Success" executed="True" />
                </results>
              </test-suite>
            </results>
          </test-suite>
          <test-suite type="TestFixture" name="Get-EvergreenApp ControlUpConsole" executed="True" result="Success" success="True" time="66.3955" asserts="0" description="Get-EvergreenApp ControlUpConsole">
            <results>
              <test-suite type="TestFixture" name="Get-EvergreenApp ControlUpConsole.Validate Get-EvergreenApp works with: ControlUpConsole." executed="True" result="Success" success="True" time="0.9553" asserts="0" description="Get-EvergreenApp ControlUpConsole.Validate Get-EvergreenApp works with: ControlUpConsole.">
                <results>
                  <test-case description="ControlUpConsole: should return something" name="Get-EvergreenApp ControlUpConsole.Validate Get-EvergreenApp works with: ControlUpConsole..ControlUpConsole: should return something" time="0.1605" asserts="0" success="True" result="Success" executed="True" />
                  <test-case description="ControlUpConsole: should return the expected output type" name="Get-EvergreenApp ControlUpConsole.Validate Get-EvergreenApp works with: ControlUpConsole..ControlUpConsole: should return the expected output type" time="0.1575" asserts="0" success="True" result="Success" executed="True" />
                  <test-case description="ControlUpConsole: should have a Version property that is a string" name="Get-EvergreenApp ControlUpConsole.Validate Get-EvergreenApp works with: ControlUpConsole..ControlUpConsole: should have a Version property that is a string" time="0.1566" asserts="0" success="True" result="Success" executed="True" />
                  <test-case description="ControlUpConsole: should have a valid version number" name="Get-EvergreenApp ControlUpConsole.Validate Get-EvergreenApp works with: ControlUpConsole..ControlUpConsole: should have a valid version number" time="0.1598" asserts="0" success="True" result="Success" executed="True" />
                  <test-case description="ControlUpConsole: should have a URI property that is a string" name="Get-EvergreenApp ControlUpConsole.Validate Get-EvergreenApp works with: ControlUpConsole..ControlUpConsole: should have a URI property that is a string" time="0.1547" asserts="0" success="True" result="Success" executed="True" />
                </results>
              </test-suite>
            </results>
          </test-suite>
          <test-suite type="TestFixture" name="Get-EvergreenApp ESETEndpointSecurity" executed="True" result="Success" success="True" time="104.7706" asserts="0" description="Get-EvergreenApp ESETEndpointSecurity">
            <results>
              <test-suite type="TestFixture" name="Get-EvergreenApp ESETEndpointSecurity.Validate Get-EvergreenApp works with: ESETEndpointSecurity." executed="True" result="Success" success="True" time="19.6254" asserts="0" description="Get-EvergreenApp ESETEndpointSecurity.Validate Get-EvergreenApp works with: ESETEndpointSecurity.">
                <results>
                  <test-case description="ESETEndpointSecurity: should return something" name="Get-EvergreenApp ESETEndpointSecurity.Validate Get-EvergreenApp works with: ESETEndpointSecurity..ESETEndpointSecurity: should return something" time="0.1818" asserts="0" success="True" result="Success" executed="True" />
                  <test-case description="ESETEndpointSecurity: should return the expected output type" name="Get-EvergreenApp ESETEndpointSecurity.Validate Get-EvergreenApp works with: ESETEndpointSecurity..ESETEndpointSecurity: should return the expected output type" time="2.4212" asserts="0" success="True" result="Success" executed="True" />
                  <test-case description="ESETEndpointSecurity: should have a Version property that is a string" name="Get-EvergreenApp ESETEndpointSecurity.Validate Get-EvergreenApp works with: ESETEndpointSecurity..ESETEndpointSecurity: should have a Version property that is a string" time="5.5279" asserts="0" success="True" result="Success" executed="True" />
                  <test-case description="ESETEndpointSecurity: should have a valid version number" name="Get-EvergreenApp ESETEndpointSecurity.Validate Get-EvergreenApp works with: ESETEndpointSecurity..ESETEndpointSecurity: should have a valid version number" time="5.5746" asserts="0" success="True" result="Success" executed="True" />
                  <test-case description="ESETEndpointSecurity: should have a URI property that is a string" name="Get-EvergreenApp ESETEndpointSecurity.Validate Get-EvergreenApp works with: ESETEndpointSecurity..ESETEndpointSecurity: should have a URI property that is a string" time="5.7442" asserts="0" success="True" result="Success" executed="True" />
                </results>
              </test-suite>
            </results>
          </test-suite>
          <test-suite type="TestFixture" name="Get-EvergreenApp AmazonCorretto" executed="True" result="Success" success="True" time="109.0385" asserts="0" description="Get-EvergreenApp AmazonCorretto">
            <results>
              <test-suite type="TestFixture" name="Get-EvergreenApp AmazonCorretto.Validate Get-EvergreenApp works with: AmazonCorretto." executed="True" result="Success" success="True" time="1.6016" asserts="0" description="Get-EvergreenApp AmazonCorretto.Validate Get-EvergreenApp works with: AmazonCorretto.">
                <results>
                  <test-case description="AmazonCorretto: should return something" name="Get-EvergreenApp AmazonCorretto.Validate Get-EvergreenApp works with: AmazonCorretto..AmazonCorretto: should return something" time="0.1615" asserts="0" success="True" result="Success" executed="True" />
                  <test-case description="AmazonCorretto: should return the expected output type" name="Get-EvergreenApp AmazonCorretto.Validate Get-EvergreenApp works with: AmazonCorretto..AmazonCorretto: should return the expected output type" time="0.2321" asserts="0" success="True" result="Success" executed="True" />
                  <test-case description="AmazonCorretto: should have a Version property that is a string" name="Get-EvergreenApp AmazonCorretto.Validate Get-EvergreenApp works with: AmazonCorretto..AmazonCorretto: should have a Version property that is a string" time="0.3496" asserts="0" success="True" result="Success" executed="True" />
                  <test-case description="AmazonCorretto: should have a valid version number" name="Get-EvergreenApp AmazonCorretto.Validate Get-EvergreenApp works with: AmazonCorretto..AmazonCorretto: should have a valid version number" time="0.3511" asserts="0" success="True" result="Success" executed="True" />
                  <test-case description="AmazonCorretto: should have a URI property that is a string" name="Get-EvergreenApp AmazonCorretto.Validate Get-EvergreenApp works with: AmazonCorretto..AmazonCorretto: should have a URI property that is a string" time="0.3461" asserts="0" success="True" result="Success" executed="True" />
                </results>
              </test-suite>
            </results>
          </test-suite>
          <test-suite type="TestFixture" name="Get-EvergreenApp ProgressChefInfraClient" executed="True" result="Success" success="True" time="121.5566" asserts="0" description="Get-EvergreenApp ProgressChefInfraClient">
            <results>
              <test-suite type="TestFixture" name="Get-EvergreenApp ProgressChefInfraClient.Validate Get-EvergreenApp works with: ProgressChefInfraClient." executed="True" result="Success" success="True" time="2.3443" asserts="0" description="Get-EvergreenApp ProgressChefInfraClient.Validate Get-EvergreenApp works with: ProgressChefInfraClient.">
                <results>
                  <test-case description="ProgressChefInfraClient: should return something" name="Get-EvergreenApp ProgressChefInfraClient.Validate Get-EvergreenApp works with: ProgressChefInfraClient..ProgressChefInfraClient: should return something" time="0.1562" asserts="0" success="True" result="Success" executed="True" />
                  <test-case description="ProgressChefInfraClient: should return the expected output type" name="Get-EvergreenApp ProgressChefInfraClient.Validate Get-EvergreenApp works with: ProgressChefInfraClient..ProgressChefInfraClient: should return the expected output type" time="0.3279" asserts="0" success="True" result="Success" executed="True" />
                  <test-case description="ProgressChefInfraClient: should have a Version property that is a string" name="Get-EvergreenApp ProgressChefInfraClient.Validate Get-EvergreenApp works with: ProgressChefInfraClient..ProgressChefInfraClient: should have a Version property that is a string" time="0.5691" asserts="0" success="True" result="Success" executed="True" />
                  <test-case description="ProgressChefInfraClient: should have a valid version number" name="Get-EvergreenApp ProgressChefInfraClient.Validate Get-EvergreenApp works with: ProgressChefInfraClient..ProgressChefInfraClient: should have a valid version number" time="0.5545" asserts="0" success="True" result="Success" executed="True" />
                  <test-case description="ProgressChefInfraClient: should have a URI property that is a string" name="Get-EvergreenApp ProgressChefInfraClient.Validate Get-EvergreenApp works with: ProgressChefInfraClient..ProgressChefInfraClient: should have a URI property that is a string" time="0.5779" asserts="0" success="True" result="Success" executed="True" />
                </results>
              </test-suite>
            </results>
          </test-suite>
          <test-suite type="TestFixture" name="Get-EvergreenApp RDAnalyzer" executed="True" result="Success" success="True" time="123.243" asserts="0" description="Get-EvergreenApp RDAnalyzer">
            <results>
              <test-suite type="TestFixture" name="Get-EvergreenApp RDAnalyzer.Validate Get-EvergreenApp works with: RDAnalyzer." executed="True" result="Success" success="True" time="0.9451" asserts="0" description="Get-EvergreenApp RDAnalyzer.Validate Get-EvergreenApp works with: RDAnalyzer.">
                <results>
                  <test-case description="RDAnalyzer: should return something" name="Get-EvergreenApp RDAnalyzer.Validate Get-EvergreenApp works with: RDAnalyzer..RDAnalyzer: should return something" time="0.1521" asserts="0" success="True" result="Success" executed="True" />
                  <test-case description="RDAnalyzer: should return the expected output type" name="Get-EvergreenApp RDAnalyzer.Validate Get-EvergreenApp works with: RDAnalyzer..RDAnalyzer: should return the expected output type" time="0.1561" asserts="0" success="True" result="Success" executed="True" />
                  <test-case description="RDAnalyzer: should have a Version property that is a string" name="Get-EvergreenApp RDAnalyzer.Validate Get-EvergreenApp works with: RDAnalyzer..RDAnalyzer: should have a Version property that is a string" time="0.1611" asserts="0" success="True" result="Success" executed="True" />
                  <test-case description="RDAnalyzer: should have a valid version number" name="Get-EvergreenApp RDAnalyzer.Validate Get-EvergreenApp works with: RDAnalyzer..RDAnalyzer: should have a valid version number" time="0.1523" asserts="0" success="True" result="Success" executed="True" />
                  <test-case description="RDAnalyzer: should have a URI property that is a string" name="Get-EvergreenApp RDAnalyzer.Validate Get-EvergreenApp works with: RDAnalyzer..RDAnalyzer: should have a URI property that is a string" time="0.1582" asserts="0" success="True" result="Success" executed="True" />
                </results>
              </test-suite>
            </results>
          </test-suite>
          <test-suite type="TestFixture" name="Get-EvergreenApp OpenLens" executed="True" result="Success" success="True" time="125.1207" asserts="0" description="Get-EvergreenApp OpenLens">
            <results>
              <test-suite type="TestFixture" name="Get-EvergreenApp OpenLens.Validate Get-EvergreenApp works with: OpenLens." executed="True" result="Success" success="True" time="0.9777" asserts="0" description="Get-EvergreenApp OpenLens.Validate Get-EvergreenApp works with: OpenLens.">
                <results>
                  <test-case description="OpenLens: should return something" name="Get-EvergreenApp OpenLens.Validate Get-EvergreenApp works with: OpenLens..OpenLens: should return something" time="0.1644" asserts="0" success="True" result="Success" executed="True" />
                  <test-case description="OpenLens: should return the expected output type" name="Get-EvergreenApp OpenLens.Validate Get-EvergreenApp works with: OpenLens..OpenLens: should return the expected output type" time="0.1577" asserts="0" success="True" result="Success" executed="True" />
                  <test-case description="OpenLens: should have a Version property that is a string" name="Get-EvergreenApp OpenLens.Validate Get-EvergreenApp works with: OpenLens..OpenLens: should have a Version property that is a string" time="0.1588" asserts="0" success="True" result="Success" executed="True" />
                  <test-case description="OpenLens: should have a valid version number" name="Get-EvergreenApp OpenLens.Validate Get-EvergreenApp works with: OpenLens..OpenLens: should have a valid version number" time="0.1553" asserts="0" success="True" result="Success" executed="True" />
                  <test-case description="OpenLens: should have a URI property that is a string" name="Get-EvergreenApp OpenLens.Validate Get-EvergreenApp works with: OpenLens..OpenLens: should have a URI property that is a string" time="0.1577" asserts="0" success="True" result="Success" executed="True" />
                </results>
              </test-suite>
            </results>
          </test-suite>
          <test-suite type="TestFixture" name="Get-EvergreenApp Zotero" executed="True" result="Success" success="True" time="127.8384" asserts="0" description="Get-EvergreenApp Zotero">
            <results>
              <test-suite type="TestFixture" name="Get-EvergreenApp Zotero.Validate Get-EvergreenApp works with: Zotero." executed="True" result="Success" success="True" time="0.8962" asserts="0" description="Get-EvergreenApp Zotero.Validate Get-EvergreenApp works with: Zotero.">
                <results>
                  <test-case description="Zotero: should return something" name="Get-EvergreenApp Zotero.Validate Get-EvergreenApp works with: Zotero..Zotero: should return something" time="0.1458" asserts="0" success="True" result="Success" executed="True" />
                  <test-case description="Zotero: should return the expected output type" name="Get-EvergreenApp Zotero.Validate Get-EvergreenApp works with: Zotero..Zotero: should return the expected output type" time="0.1513" asserts="0" success="True" result="Success" executed="True" />
                  <test-case description="Zotero: should have a Version property that is a string" name="Get-EvergreenApp Zotero.Validate Get-EvergreenApp works with: Zotero..Zotero: should have a Version property that is a string" time="0.1434" asserts="0" success="True" result="Success" executed="True" />
                  <test-case description="Zotero: should have a valid version number" name="Get-EvergreenApp Zotero.Validate Get-EvergreenApp works with: Zotero..Zotero: should have a valid version number" time="0.1485" asserts="0" success="True" result="Success" executed="True" />
                  <test-case description="Zotero: should have a URI property that is a string" name="Get-EvergreenApp Zotero.Validate Get-EvergreenApp works with: Zotero..Zotero: should have a URI property that is a string" time="0.1519" asserts="0" success="True" result="Success" executed="True" />
                </results>
              </test-suite>
            </results>
          </test-suite>
          <test-suite type="TestFixture" name="Get-EvergreenApp Praat" executed="True" result="Success" success="True" time="129.6203" asserts="0" description="Get-EvergreenApp Praat">
            <results>
              <test-suite type="TestFixture" name="Get-EvergreenApp Praat.Validate Get-EvergreenApp works with: Praat." executed="True" result="Success" success="True" time="0.9998" asserts="0" description="Get-EvergreenApp Praat.Validate Get-EvergreenApp works with: Praat.">
                <results>
                  <test-case description="Praat: should return something" name="Get-EvergreenApp Praat.Validate Get-EvergreenApp works with: Praat..Praat: should return something" time="0.1592" asserts="0" success="True" result="Success" executed="True" />
                  <test-case description="Praat: should return the expected output type" name="Get-EvergreenApp Praat.Validate Get-EvergreenApp works with: Praat..Praat: should return the expected output type" time="0.1594" asserts="0" success="True" result="Success" executed="True" />
                  <test-case description="Praat: should have a Version property that is a string" name="Get-EvergreenApp Praat.Validate Get-EvergreenApp works with: Praat..Praat: should have a Version property that is a string" time="0.1714" asserts="0" success="True" result="Success" executed="True" />
                  <test-case description="Praat: should have a valid version number" name="Get-EvergreenApp Praat.Validate Get-EvergreenApp works with: Praat..Praat: should have a valid version number" time="0.1727" asserts="0" success="True" result="Success" executed="True" />
                  <test-case description="Praat: should have a URI property that is a string" name="Get-EvergreenApp Praat.Validate Get-EvergreenApp works with: Praat..Praat: should have a URI property that is a string" time="0.1744" asserts="0" success="True" result="Success" executed="True" />
                </results>
              </test-suite>
            </results>
          </test-suite>
          <test-suite type="TestFixture" name="Get-EvergreenApp Greenshot" executed="True" result="Success" success="True" time="131.4713" asserts="0" description="Get-EvergreenApp Greenshot">
            <results>
              <test-suite type="TestFixture" name="Get-EvergreenApp Greenshot.Validate Get-EvergreenApp works with: Greenshot." executed="True" result="Success" success="True" time="1.0594" asserts="0" description="Get-EvergreenApp Greenshot.Validate Get-EvergreenApp works with: Greenshot.">
                <results>
                  <test-case description="Greenshot: should return something" name="Get-EvergreenApp Greenshot.Validate Get-EvergreenApp works with: Greenshot..Greenshot: should return something" time="0.1482" asserts="0" success="True" result="Success" executed="True" />
                  <test-case description="Greenshot: should return the expected output type" name="Get-EvergreenApp Greenshot.Validate Get-EvergreenApp works with: Greenshot..Greenshot: should return the expected output type" time="0.1663" asserts="0" success="True" result="Success" executed="True" />
                  <test-case description="Greenshot: should have a Version property that is a string" name="Get-EvergreenApp Greenshot.Validate Get-EvergreenApp works with: Greenshot..Greenshot: should have a Version property that is a string" time="0.1981" asserts="0" success="True" result="Success" executed="True" />
                  <test-case description="Greenshot: should have a valid version number" name="Get-EvergreenApp Greenshot.Validate Get-EvergreenApp works with: Greenshot..Greenshot: should have a valid version number" time="0.1914" asserts="0" success="True" result="Success" executed="True" />
                  <test-case description="Greenshot: should have a URI property that is a string" name="Get-EvergreenApp Greenshot.Validate Get-EvergreenApp works with: Greenshot..Greenshot: should have a URI property that is a string" time="0.2063" asserts="0" success="True" result="Success" executed="True" />
                </results>
              </test-suite>
            </results>
          </test-suite>
          <test-suite type="TestFixture" name="Get-EvergreenApp AtlassianSourcetree" executed="True" result="Success" success="True" time="133.0375" asserts="0" description="Get-EvergreenApp AtlassianSourcetree">
            <results>
              <test-suite type="TestFixture" name="Get-EvergreenApp AtlassianSourcetree.Validate Get-EvergreenApp works with: AtlassianSourcetree." executed="True" result="Success" success="True" time="0.9805" asserts="0" description="Get-EvergreenApp AtlassianSourcetree.Validate Get-EvergreenApp works with: AtlassianSourcetree.">
                <results>
                  <test-case description="AtlassianSourcetree: should return something" name="Get-EvergreenApp AtlassianSourcetree.Validate Get-EvergreenApp works with: AtlassianSourcetree..AtlassianSourcetree: should return something" time="0.1486" asserts="0" success="True" result="Success" executed="True" />
                  <test-case description="AtlassianSourcetree: should return the expected output type" name="Get-EvergreenApp AtlassianSourcetree.Validate Get-EvergreenApp works with: AtlassianSourcetree..AtlassianSourcetree: should return the expected output type" time="0.1547" asserts="0" success="True" result="Success" executed="True" />
                  <test-case description="AtlassianSourcetree: should have a Version property that is a string" name="Get-EvergreenApp AtlassianSourcetree.Validate Get-EvergreenApp works with: AtlassianSourcetree..AtlassianSourcetree: should have a Version property that is a string" time="0.1733" asserts="0" success="True" result="Success" executed="True" />
                  <test-case description="AtlassianSourcetree: should have a valid version number" name="Get-EvergreenApp AtlassianSourcetree.Validate Get-EvergreenApp works with: AtlassianSourcetree..AtlassianSourcetree: should have a valid version number" time="0.1717" asserts="0" success="True" result="Success" executed="True" />
                  <test-case description="AtlassianSourcetree: should have a URI property that is a string" name="Get-EvergreenApp AtlassianSourcetree.Validate Get-EvergreenApp works with: AtlassianSourcetree..AtlassianSourcetree: should have a URI property that is a string" time="0.1766" asserts="0" success="True" result="Success" executed="True" />
                </results>
              </test-suite>
            </results>
          </test-suite>
          <test-suite type="TestFixture" name="Get-EvergreenApp MicrosoftFSLogixApps" executed="True" result="Success" success="True" time="135.096" asserts="0" description="Get-EvergreenApp MicrosoftFSLogixApps">
            <results>
              <test-suite type="TestFixture" name="Get-EvergreenApp MicrosoftFSLogixApps.Validate Get-EvergreenApp works with: MicrosoftFSLogixApps." executed="True" result="Success" success="True" time="1.055" asserts="0" description="Get-EvergreenApp MicrosoftFSLogixApps.Validate Get-EvergreenApp works with: MicrosoftFSLogixApps.">
                <results>
                  <test-case description="MicrosoftFSLogixApps: should return something" name="Get-EvergreenApp MicrosoftFSLogixApps.Validate Get-EvergreenApp works with: MicrosoftFSLogixApps..MicrosoftFSLogixApps: should return something" time="0.1763" asserts="0" success="True" result="Success" executed="True" />
                  <test-case description="MicrosoftFSLogixApps: should return the expected output type" name="Get-EvergreenApp MicrosoftFSLogixApps.Validate Get-EvergreenApp works with: MicrosoftFSLogixApps..MicrosoftFSLogixApps: should return the expected output type" time="0.1712" asserts="0" success="True" result="Success" executed="True" />
                  <test-case description="MicrosoftFSLogixApps: should have a Version property that is a string" name="Get-EvergreenApp MicrosoftFSLogixApps.Validate Get-EvergreenApp works with: MicrosoftFSLogixApps..MicrosoftFSLogixApps: should have a Version property that is a string" time="0.1729" asserts="0" success="True" result="Success" executed="True" />
                  <test-case description="MicrosoftFSLogixApps: should have a valid version number" name="Get-EvergreenApp MicrosoftFSLogixApps.Validate Get-EvergreenApp works with: MicrosoftFSLogixApps..MicrosoftFSLogixApps: should have a valid version number" time="0.1702" asserts="0" success="True" result="Success" executed="True" />
                  <test-case description="MicrosoftFSLogixApps: should have a URI property that is a string" name="Get-EvergreenApp MicrosoftFSLogixApps.Validate Get-EvergreenApp works with: MicrosoftFSLogixApps..MicrosoftFSLogixApps: should have a URI property that is a string" time="0.1769" asserts="0" success="True" result="Success" executed="True" />
                </results>
              </test-suite>
            </results>
          </test-suite>
          <test-suite type="TestFixture" name="Get-EvergreenApp RCoreTeamRforWindows" executed="True" result="Success" success="True" time="137.0307" asserts="0" description="Get-EvergreenApp RCoreTeamRforWindows">
            <results>
              <test-suite type="TestFixture" name="Get-EvergreenApp RCoreTeamRforWindows.Validate Get-EvergreenApp works with: RCoreTeamRforWindows." executed="True" result="Success" success="True" time="0.9031" asserts="0" description="Get-EvergreenApp RCoreTeamRforWindows.Validate Get-EvergreenApp works with: RCoreTeamRforWindows.">
                <results>
                  <test-case description="RCoreTeamRforWindows: should return something" name="Get-EvergreenApp RCoreTeamRforWindows.Validate Get-EvergreenApp works with: RCoreTeamRforWindows..RCoreTeamRforWindows: should return something" time="0.1469" asserts="0" success="True" result="Success" executed="True" />
                  <test-case description="RCoreTeamRforWindows: should return the expected output type" name="Get-EvergreenApp RCoreTeamRforWindows.Validate Get-EvergreenApp works with: RCoreTeamRforWindows..RCoreTeamRforWindows: should return the expected output type" time="0.1416" asserts="0" success="True" result="Success" executed="True" />
                  <test-case description="RCoreTeamRforWindows: should have a Version property that is a string" name="Get-EvergreenApp RCoreTeamRforWindows.Validate Get-EvergreenApp works with: RCoreTeamRforWindows..RCoreTeamRforWindows: should have a Version property that is a string" time="0.1506" asserts="0" success="True" result="Success" executed="True" />
                  <test-case description="RCoreTeamRforWindows: should have a valid version number" name="Get-EvergreenApp RCoreTeamRforWindows.Validate Get-EvergreenApp works with: RCoreTeamRforWindows..RCoreTeamRforWindows: should have a valid version number" time="0.146" asserts="0" success="True" result="Success" executed="True" />
                  <test-case description="RCoreTeamRforWindows: should have a URI property that is a string" name="Get-EvergreenApp RCoreTeamRforWindows.Validate Get-EvergreenApp works with: RCoreTeamRforWindows..RCoreTeamRforWindows: should have a URI property that is a string" time="0.152" asserts="0" success="True" result="Success" executed="True" />
                </results>
              </test-suite>
            </results>
          </test-suite>
          <test-suite type="TestFixture" name="Get-EvergreenApp Slack" executed="True" result="Success" success="True" time="139.1303" asserts="0" description="Get-EvergreenApp Slack">
            <results>
              <test-suite type="TestFixture" name="Get-EvergreenApp Slack.Validate Get-EvergreenApp works with: Slack." executed="True" result="Success" success="True" time="1.0377" asserts="0" description="Get-EvergreenApp Slack.Validate Get-EvergreenApp works with: Slack.">
                <results>
                  <test-case description="Slack: should return something" name="Get-EvergreenApp Slack.Validate Get-EvergreenApp works with: Slack..Slack: should return something" time="0.1453" asserts="0" success="True" result="Success" executed="True" />
                  <test-case description="Slack: should return the expected output type" name="Get-EvergreenApp Slack.Validate Get-EvergreenApp works with: Slack..Slack: should return the expected output type" time="0.1652" asserts="0" success="True" result="Success" executed="True" />
                  <test-case description="Slack: should have a Version property that is a string" name="Get-EvergreenApp Slack.Validate Get-EvergreenApp works with: Slack..Slack: should have a Version property that is a string" time="0.1876" asserts="0" success="True" result="Success" executed="True" />
                  <test-case description="Slack: should have a valid version number" name="Get-EvergreenApp Slack.Validate Get-EvergreenApp works with: Slack..Slack: should have a valid version number" time="0.1952" asserts="0" success="True" result="Success" executed="True" />
                  <test-case description="Slack: should have a URI property that is a string" name="Get-EvergreenApp Slack.Validate Get-EvergreenApp works with: Slack..Slack: should have a URI property that is a string" time="0.1932" asserts="0" success="True" result="Success" executed="True" />
                </results>
              </test-suite>
            </results>
          </test-suite>
          <test-suite type="TestFixture" name="Get-EvergreenApp KeePass" executed="True" result="Success" success="True" time="141.4211" asserts="0" description="Get-EvergreenApp KeePass">
            <results>
              <test-suite type="TestFixture" name="Get-EvergreenApp KeePass.Validate Get-EvergreenApp works with: KeePass." executed="True" result="Success" success="True" time="1.1968" asserts="0" description="Get-EvergreenApp KeePass.Validate Get-EvergreenApp works with: KeePass.">
                <results>
                  <test-case description="KeePass: should return something" name="Get-EvergreenApp KeePass.Validate Get-EvergreenApp works with: KeePass..KeePass: should return something" time="0.1986" asserts="0" success="True" result="Success" executed="True" />
                  <test-case description="KeePass: should return the expected output type" name="Get-EvergreenApp KeePass.Validate Get-EvergreenApp works with: KeePass..KeePass: should return the expected output type" time="0.1761" asserts="0" success="True" result="Success" executed="True" />
                  <test-case description="KeePass: should have a Version property that is a string" name="Get-EvergreenApp KeePass.Validate Get-EvergreenApp works with: KeePass..KeePass: should have a Version property that is a string" time="0.1994" asserts="0" success="True" result="Success" executed="True" />
                  <test-case description="KeePass: should have a valid version number" name="Get-EvergreenApp KeePass.Validate Get-EvergreenApp works with: KeePass..KeePass: should have a valid version number" time="0.1993" asserts="0" success="True" result="Success" executed="True" />
                  <test-case description="KeePass: should have a URI property that is a string" name="Get-EvergreenApp KeePass.Validate Get-EvergreenApp works with: KeePass..KeePass: should have a URI property that is a string" time="0.2011" asserts="0" success="True" result="Success" executed="True" />
                </results>
              </test-suite>
            </results>
          </test-suite>
          <test-suite type="TestFixture" name="Get-EvergreenApp AdoptOpenJDKIcedTeaWeb" executed="True" result="Success" success="True" time="143.4765" asserts="0" description="Get-EvergreenApp AdoptOpenJDKIcedTeaWeb">
            <results>
              <test-suite type="TestFixture" name="Get-EvergreenApp AdoptOpenJDKIcedTeaWeb.Validate Get-EvergreenApp works with: AdoptOpenJDKIcedTeaWeb." executed="True" result="Success" success="True" time="1.1189" asserts="0" description="Get-EvergreenApp AdoptOpenJDKIcedTeaWeb.Validate Get-EvergreenApp works with: AdoptOpenJDKIcedTeaWeb.">
                <results>
                  <test-case description="AdoptOpenJDKIcedTeaWeb: should return something" name="Get-EvergreenApp AdoptOpenJDKIcedTeaWeb.Validate Get-EvergreenApp works with: AdoptOpenJDKIcedTeaWeb..AdoptOpenJDKIcedTeaWeb: should return something" time="0.1733" asserts="0" success="True" result="Success" executed="True" />
                  <test-case description="AdoptOpenJDKIcedTeaWeb: should return the expected output type" name="Get-EvergreenApp AdoptOpenJDKIcedTeaWeb.Validate Get-EvergreenApp works with: AdoptOpenJDKIcedTeaWeb..AdoptOpenJDKIcedTeaWeb: should return the expected output type" time="0.1925" asserts="0" success="True" result="Success" executed="True" />
                  <test-case description="AdoptOpenJDKIcedTeaWeb: should have a Version property that is a string" name="Get-EvergreenApp AdoptOpenJDKIcedTeaWeb.Validate Get-EvergreenApp works with: AdoptOpenJDKIcedTeaWeb..AdoptOpenJDKIcedTeaWeb: should have a Version property that is a string" time="0.2112" asserts="0" success="True" result="Success" executed="True" />
                  <test-case description="AdoptOpenJDKIcedTeaWeb: should have a valid version number" name="Get-EvergreenApp AdoptOpenJDKIcedTeaWeb.Validate Get-EvergreenApp works with: AdoptOpenJDKIcedTeaWeb..AdoptOpenJDKIcedTeaWeb: should have a valid version number" time="0.1864" asserts="0" success="True" result="Success" executed="True" />
                  <test-case description="AdoptOpenJDKIcedTeaWeb: should have a URI property that is a string" name="Get-EvergreenApp AdoptOpenJDKIcedTeaWeb.Validate Get-EvergreenApp works with: AdoptOpenJDKIcedTeaWeb..AdoptOpenJDKIcedTeaWeb: should have a URI property that is a string" time="0.1979" asserts="0" success="True" result="Success" executed="True" />
                </results>
              </test-suite>
            </results>
          </test-suite>
          <test-suite type="TestFixture" name="Get-EvergreenApp MicrosoftTerminal" executed="True" result="Success" success="True" time="145.2111" asserts="0" description="Get-EvergreenApp MicrosoftTerminal">
            <results>
              <test-suite type="TestFixture" name="Get-EvergreenApp MicrosoftTerminal.Validate Get-EvergreenApp works with: MicrosoftTerminal." executed="True" result="Success" success="True" time="0.965" asserts="0" description="Get-EvergreenApp MicrosoftTerminal.Validate Get-EvergreenApp works with: MicrosoftTerminal.">
                <results>
                  <test-case description="MicrosoftTerminal: should return something" name="Get-EvergreenApp MicrosoftTerminal.Validate Get-EvergreenApp works with: MicrosoftTerminal..MicrosoftTerminal: should return something" time="0.1438" asserts="0" success="True" result="Success" executed="True" />
                  <test-case description="MicrosoftTerminal: should return the expected output type" name="Get-EvergreenApp MicrosoftTerminal.Validate Get-EvergreenApp works with: MicrosoftTerminal..MicrosoftTerminal: should return the expected output type" time="0.1574" asserts="0" success="True" result="Success" executed="True" />
                  <test-case description="MicrosoftTerminal: should have a Version property that is a string" name="Get-EvergreenApp MicrosoftTerminal.Validate Get-EvergreenApp works with: MicrosoftTerminal..MicrosoftTerminal: should have a Version property that is a string" time="0.1726" asserts="0" success="True" result="Success" executed="True" />
                  <test-case description="MicrosoftTerminal: should have a valid version number" name="Get-EvergreenApp MicrosoftTerminal.Validate Get-EvergreenApp works with: MicrosoftTerminal..MicrosoftTerminal: should have a valid version number" time="0.1665" asserts="0" success="True" result="Success" executed="True" />
                  <test-case description="MicrosoftTerminal: should have a URI property that is a string" name="Get-EvergreenApp MicrosoftTerminal.Validate Get-EvergreenApp works with: MicrosoftTerminal..MicrosoftTerminal: should have a URI property that is a string" time="0.1696" asserts="0" success="True" result="Success" executed="True" />
                </results>
              </test-suite>
            </results>
          </test-suite>
          <test-suite type="TestFixture" name="Get-EvergreenApp MicrosoftEdge" executed="True" result="Success" success="True" time="154.3993" asserts="0" description="Get-EvergreenApp MicrosoftEdge">
            <results>
              <test-suite type="TestFixture" name="Get-EvergreenApp MicrosoftEdge.Validate Get-EvergreenApp works with: MicrosoftEdge." executed="True" result="Success" success="True" time="2.6146" asserts="0" description="Get-EvergreenApp MicrosoftEdge.Validate Get-EvergreenApp works with: MicrosoftEdge.">
                <results>
                  <test-case description="MicrosoftEdge: should return something" name="Get-EvergreenApp MicrosoftEdge.Validate Get-EvergreenApp works with: MicrosoftEdge..MicrosoftEdge: should return something" time="0.1576" asserts="0" success="True" result="Success" executed="True" />
                  <test-case description="MicrosoftEdge: should return the expected output type" name="Get-EvergreenApp MicrosoftEdge.Validate Get-EvergreenApp works with: MicrosoftEdge..MicrosoftEdge: should return the expected output type" time="0.3544" asserts="0" success="True" result="Success" executed="True" />
                  <test-case description="MicrosoftEdge: should have a Version property that is a string" name="Get-EvergreenApp MicrosoftEdge.Validate Get-EvergreenApp works with: MicrosoftEdge..MicrosoftEdge: should have a Version property that is a string" time="0.6946" asserts="0" success="True" result="Success" executed="True" />
                  <test-case description="MicrosoftEdge: should have a valid version number" name="Get-EvergreenApp MicrosoftEdge.Validate Get-EvergreenApp works with: MicrosoftEdge..MicrosoftEdge: should have a valid version number" time="0.6488" asserts="0" success="True" result="Success" executed="True" />
                  <test-case description="MicrosoftEdge: should have a URI property that is a string" name="Get-EvergreenApp MicrosoftEdge.Validate Get-EvergreenApp works with: MicrosoftEdge..MicrosoftEdge: should have a URI property that is a string" time="0.6009" asserts="0" success="True" result="Success" executed="True" />
                </results>
              </test-suite>
            </results>
          </test-suite>
          <test-suite type="TestFixture" name="Get-EvergreenApp HashicorpConsul" executed="True" result="Success" success="True" time="156.2277" asserts="0" description="Get-EvergreenApp HashicorpConsul">
            <results>
              <test-suite type="TestFixture" name="Get-EvergreenApp HashicorpConsul.Validate Get-EvergreenApp works with: HashicorpConsul." executed="True" result="Success" success="True" time="1.0993" asserts="0" description="Get-EvergreenApp HashicorpConsul.Validate Get-EvergreenApp works with: HashicorpConsul.">
                <results>
                  <test-case description="HashicorpConsul: should return something" name="Get-EvergreenApp HashicorpConsul.Validate Get-EvergreenApp works with: HashicorpConsul..HashicorpConsul: should return something" time="0.1622" asserts="0" success="True" result="Success" executed="True" />
                  <test-case description="HashicorpConsul: should return the expected output type" name="Get-EvergreenApp HashicorpConsul.Validate Get-EvergreenApp works with: HashicorpConsul..HashicorpConsul: should return the expected output type" time="0.1673" asserts="0" success="True" result="Success" executed="True" />
                  <test-case description="HashicorpConsul: should have a Version property that is a string" name="Get-EvergreenApp HashicorpConsul.Validate Get-EvergreenApp works with: HashicorpConsul..HashicorpConsul: should have a Version property that is a string" time="0.1934" asserts="0" success="True" result="Success" executed="True" />
                  <test-case description="HashicorpConsul: should have a valid version number" name="Get-EvergreenApp HashicorpConsul.Validate Get-EvergreenApp works with: HashicorpConsul..HashicorpConsul: should have a valid version number" time="0.1908" asserts="0" success="True" result="Success" executed="True" />
                  <test-case description="HashicorpConsul: should have a URI property that is a string" name="Get-EvergreenApp HashicorpConsul.Validate Get-EvergreenApp works with: HashicorpConsul..HashicorpConsul: should have a URI property that is a string" time="0.2098" asserts="0" success="True" result="Success" executed="True" />
                </results>
              </test-suite>
            </results>
          </test-suite>
          <test-suite type="TestFixture" name="Get-EvergreenApp MicrosoftAzureWindowsVMAgent" executed="True" result="Success" success="True" time="158.0874" asserts="0" description="Get-EvergreenApp MicrosoftAzureWindowsVMAgent">
            <results>
              <test-suite type="TestFixture" name="Get-EvergreenApp MicrosoftAzureWindowsVMAgent.Validate Get-EvergreenApp works with: MicrosoftAzureWindowsVMAgent." executed="True" result="Success" success="True" time="1.0477" asserts="0" description="Get-EvergreenApp MicrosoftAzureWindowsVMAgent.Validate Get-EvergreenApp works with: MicrosoftAzureWindowsVMAgent.">
                <results>
                  <test-case description="MicrosoftAzureWindowsVMAgent: should return something" name="Get-EvergreenApp MicrosoftAzureWindowsVMAgent.Validate Get-EvergreenApp works with: MicrosoftAzureWindowsVMAgent..MicrosoftAzureWindowsVMAgent: should return something" time="0.1701" asserts="0" success="True" result="Success" executed="True" />
                  <test-case description="MicrosoftAzureWindowsVMAgent: should return the expected output type" name="Get-EvergreenApp MicrosoftAzureWindowsVMAgent.Validate Get-EvergreenApp works with: MicrosoftAzureWindowsVMAgent..MicrosoftAzureWindowsVMAgent: should return the expected output type" time="0.1806" asserts="0" success="True" result="Success" executed="True" />
                  <test-case description="MicrosoftAzureWindowsVMAgent: should have a Version property that is a string" name="Get-EvergreenApp MicrosoftAzureWindowsVMAgent.Validate Get-EvergreenApp works with: MicrosoftAzureWindowsVMAgent..MicrosoftAzureWindowsVMAgent: should have a Version property that is a string" time="0.1817" asserts="0" success="True" result="Success" executed="True" />
                  <test-case description="MicrosoftAzureWindowsVMAgent: should have a valid version number" name="Get-EvergreenApp MicrosoftAzureWindowsVMAgent.Validate Get-EvergreenApp works with: MicrosoftAzureWindowsVMAgent..MicrosoftAzureWindowsVMAgent: should have a valid version number" time="0.1727" asserts="0" success="True" result="Success" executed="True" />
                  <test-case description="MicrosoftAzureWindowsVMAgent: should have a URI property that is a string" name="Get-EvergreenApp MicrosoftAzureWindowsVMAgent.Validate Get-EvergreenApp works with: MicrosoftAzureWindowsVMAgent..MicrosoftAzureWindowsVMAgent: should have a URI property that is a string" time="0.1734" asserts="0" success="True" result="Success" executed="True" />
                </results>
              </test-suite>
            </results>
          </test-suite>
          <test-suite type="TestFixture" name="Get-EvergreenApp MicrosoftOutlook" executed="True" result="Success" success="True" time="159.8829" asserts="0" description="Get-EvergreenApp MicrosoftOutlook">
            <results>
              <test-suite type="TestFixture" name="Get-EvergreenApp MicrosoftOutlook.Validate Get-EvergreenApp works with: MicrosoftOutlook." executed="True" result="Success" success="True" time="0.9801" asserts="0" description="Get-EvergreenApp MicrosoftOutlook.Validate Get-EvergreenApp works with: MicrosoftOutlook.">
                <results>
                  <test-case description="MicrosoftOutlook: should return something" name="Get-EvergreenApp MicrosoftOutlook.Validate Get-EvergreenApp works with: MicrosoftOutlook..MicrosoftOutlook: should return something" time="0.1483" asserts="0" success="True" result="Success" executed="True" />
                  <test-case description="MicrosoftOutlook: should return the expected output type" name="Get-EvergreenApp MicrosoftOutlook.Validate Get-EvergreenApp works with: MicrosoftOutlook..MicrosoftOutlook: should return the expected output type" time="0.1586" asserts="0" success="True" result="Success" executed="True" />
                  <test-case description="MicrosoftOutlook: should have a Version property that is a string" name="Get-EvergreenApp MicrosoftOutlook.Validate Get-EvergreenApp works with: MicrosoftOutlook..MicrosoftOutlook: should have a Version property that is a string" time="0.1548" asserts="0" success="True" result="Success" executed="True" />
                  <test-case description="MicrosoftOutlook: should have a valid version number" name="Get-EvergreenApp MicrosoftOutlook.Validate Get-EvergreenApp works with: MicrosoftOutlook..MicrosoftOutlook: should have a valid version number" time="0.1692" asserts="0" success="True" result="Success" executed="True" />
                  <test-case description="MicrosoftOutlook: should have a URI property that is a string" name="Get-EvergreenApp MicrosoftOutlook.Validate Get-EvergreenApp works with: MicrosoftOutlook..MicrosoftOutlook: should have a URI property that is a string" time="0.1805" asserts="0" success="True" result="Success" executed="True" />
                </results>
              </test-suite>
            </results>
          </test-suite>
          <test-suite type="TestFixture" name="Get-EvergreenApp Win32OpenSSH" executed="True" result="Success" success="True" time="161.7743" asserts="0" description="Get-EvergreenApp Win32OpenSSH">
            <results>
              <test-suite type="TestFixture" name="Get-EvergreenApp Win32OpenSSH.Validate Get-EvergreenApp works with: Win32OpenSSH." executed="True" result="Success" success="True" time="1.0288" asserts="0" description="Get-EvergreenApp Win32OpenSSH.Validate Get-EvergreenApp works with: Win32OpenSSH.">
                <results>
                  <test-case description="Win32OpenSSH: should return something" name="Get-EvergreenApp Win32OpenSSH.Validate Get-EvergreenApp works with: Win32OpenSSH..Win32OpenSSH: should return something" time="0.1519" asserts="0" success="True" result="Success" executed="True" />
                  <test-case description="Win32OpenSSH: should return the expected output type" name="Get-EvergreenApp Win32OpenSSH.Validate Get-EvergreenApp works with: Win32OpenSSH..Win32OpenSSH: should return the expected output type" time="0.1573" asserts="0" success="True" result="Success" executed="True" />
                  <test-case description="Win32OpenSSH: should have a Version property that is a string" name="Get-EvergreenApp Win32OpenSSH.Validate Get-EvergreenApp works with: Win32OpenSSH..Win32OpenSSH: should have a Version property that is a string" time="0.1833" asserts="0" success="True" result="Success" executed="True" />
                  <test-case description="Win32OpenSSH: should have a valid version number" name="Get-EvergreenApp Win32OpenSSH.Validate Get-EvergreenApp works with: Win32OpenSSH..Win32OpenSSH: should have a valid version number" time="0.1785" asserts="0" success="True" result="Success" executed="True" />
                  <test-case description="Win32OpenSSH: should have a URI property that is a string" name="Get-EvergreenApp Win32OpenSSH.Validate Get-EvergreenApp works with: Win32OpenSSH..Win32OpenSSH: should have a URI property that is a string" time="0.185" asserts="0" success="True" result="Success" executed="True" />
                </results>
              </test-suite>
            </results>
          </test-suite>
          <test-suite type="TestFixture" name="Get-EvergreenApp BISF" executed="True" result="Success" success="True" time="163.5015" asserts="0" description="Get-EvergreenApp BISF">
            <results>
              <test-suite type="TestFixture" name="Get-EvergreenApp BISF.Validate Get-EvergreenApp works with: BISF." executed="True" result="Success" success="True" time="0.9804" asserts="0" description="Get-EvergreenApp BISF.Validate Get-EvergreenApp works with: BISF.">
                <results>
                  <test-case description="BISF: should return something" name="Get-EvergreenApp BISF.Validate Get-EvergreenApp works with: BISF..BISF: should return something" time="0.1588" asserts="0" success="True" result="Success" executed="True" />
                  <test-case description="BISF: should return the expected output type" name="Get-EvergreenApp BISF.Validate Get-EvergreenApp works with: BISF..BISF: should return the expected output type" time="0.1516" asserts="0" success="True" result="Success" executed="True" />
                  <test-case description="BISF: should have a Version property that is a string" name="Get-EvergreenApp BISF.Validate Get-EvergreenApp works with: BISF..BISF: should have a Version property that is a string" time="0.1691" asserts="0" success="True" result="Success" executed="True" />
                  <test-case description="BISF: should have a valid version number" name="Get-EvergreenApp BISF.Validate Get-EvergreenApp works with: BISF..BISF: should have a valid version number" time="0.1681" asserts="0" success="True" result="Success" executed="True" />
                  <test-case description="BISF: should have a URI property that is a string" name="Get-EvergreenApp BISF.Validate Get-EvergreenApp works with: BISF..BISF: should have a URI property that is a string" time="0.169" asserts="0" success="True" result="Success" executed="True" />
                </results>
              </test-suite>
            </results>
          </test-suite>
          <test-suite type="TestFixture" name="Get-EvergreenApp HashicorpPacker" executed="True" result="Success" success="True" time="165.2792" asserts="0" description="Get-EvergreenApp HashicorpPacker">
            <results>
              <test-suite type="TestFixture" name="Get-EvergreenApp HashicorpPacker.Validate Get-EvergreenApp works with: HashicorpPacker." executed="True" result="Success" success="True" time="1.0408" asserts="0" description="Get-EvergreenApp HashicorpPacker.Validate Get-EvergreenApp works with: HashicorpPacker.">
                <results>
                  <test-case description="HashicorpPacker: should return something" name="Get-EvergreenApp HashicorpPacker.Validate Get-EvergreenApp works with: HashicorpPacker..HashicorpPacker: should return something" time="0.1597" asserts="0" success="True" result="Success" executed="True" />
                  <test-case description="HashicorpPacker: should return the expected output type" name="Get-EvergreenApp HashicorpPacker.Validate Get-EvergreenApp works with: HashicorpPacker..HashicorpPacker: should return the expected output type" time="0.1578" asserts="0" success="True" result="Success" executed="True" />
                  <test-case description="HashicorpPacker: should have a Version property that is a string" name="Get-EvergreenApp HashicorpPacker.Validate Get-EvergreenApp works with: HashicorpPacker..HashicorpPacker: should have a Version property that is a string" time="0.1868" asserts="0" success="True" result="Success" executed="True" />
                  <test-case description="HashicorpPacker: should have a valid version number" name="Get-EvergreenApp HashicorpPacker.Validate Get-EvergreenApp works with: HashicorpPacker..HashicorpPacker: should have a valid version number" time="0.1843" asserts="0" success="True" result="Success" executed="True" />
                  <test-case description="HashicorpPacker: should have a URI property that is a string" name="Get-EvergreenApp HashicorpPacker.Validate Get-EvergreenApp works with: HashicorpPacker..HashicorpPacker: should have a URI property that is a string" time="0.1825" asserts="0" success="True" result="Success" executed="True" />
                </results>
              </test-suite>
            </results>
          </test-suite>
          <test-suite type="TestFixture" name="Get-EvergreenApp Handbrake" executed="True" result="Success" success="True" time="167.673" asserts="0" description="Get-EvergreenApp Handbrake">
            <results>
              <test-suite type="TestFixture" name="Get-EvergreenApp Handbrake.Validate Get-EvergreenApp works with: Handbrake." executed="True" result="Success" success="True" time="1.4171" asserts="0" description="Get-EvergreenApp Handbrake.Validate Get-EvergreenApp works with: Handbrake.">
                <results>
                  <test-case description="Handbrake: should return something" name="Get-EvergreenApp Handbrake.Validate Get-EvergreenApp works with: Handbrake..Handbrake: should return something" time="0.1464" asserts="0" success="True" result="Success" executed="True" />
                  <test-case description="Handbrake: should return the expected output type" name="Get-EvergreenApp Handbrake.Validate Get-EvergreenApp works with: Handbrake..Handbrake: should return the expected output type" time="0.1971" asserts="0" success="True" result="Success" executed="True" />
                  <test-case description="Handbrake: should have a Version property that is a string" name="Get-EvergreenApp Handbrake.Validate Get-EvergreenApp works with: Handbrake..Handbrake: should have a Version property that is a string" time="0.3053" asserts="0" success="True" result="Success" executed="True" />
                  <test-case description="Handbrake: should have a valid version number" name="Get-EvergreenApp Handbrake.Validate Get-EvergreenApp works with: Handbrake..Handbrake: should have a valid version number" time="0.2988" asserts="0" success="True" result="Success" executed="True" />
                  <test-case description="Handbrake: should have a URI property that is a string" name="Get-EvergreenApp Handbrake.Validate Get-EvergreenApp works with: Handbrake..Handbrake: should have a URI property that is a string" time="0.3045" asserts="0" success="True" result="Success" executed="True" />
                </results>
              </test-suite>
            </results>
          </test-suite>
          <test-suite type="TestFixture" name="Get-EvergreenApp Tower" executed="True" result="Success" success="True" time="169.6746" asserts="0" description="Get-EvergreenApp Tower">
            <results>
              <test-suite type="TestFixture" name="Get-EvergreenApp Tower.Validate Get-EvergreenApp works with: Tower." executed="True" result="Success" success="True" time="1.3117" asserts="0" description="Get-EvergreenApp Tower.Validate Get-EvergreenApp works with: Tower.">
                <results>
                  <test-case description="Tower: should return something" name="Get-EvergreenApp Tower.Validate Get-EvergreenApp works with: Tower..Tower: should return something" time="0.1678" asserts="0" success="True" result="Success" executed="True" />
                  <test-case description="Tower: should return the expected output type" name="Get-EvergreenApp Tower.Validate Get-EvergreenApp works with: Tower..Tower: should return the expected output type" time="0.2004" asserts="0" success="True" result="Success" executed="True" />
                  <test-case description="Tower: should have a Version property that is a string" name="Get-EvergreenApp Tower.Validate Get-EvergreenApp works with: Tower..Tower: should have a Version property that is a string" time="0.256" asserts="0" success="True" result="Success" executed="True" />
                  <test-case description="Tower: should have a valid version number" name="Get-EvergreenApp Tower.Validate Get-EvergreenApp works with: Tower..Tower: should have a valid version number" time="0.2504" asserts="0" success="True" result="Success" executed="True" />
                  <test-case description="Tower: should have a URI property that is a string" name="Get-EvergreenApp Tower.Validate Get-EvergreenApp works with: Tower..Tower: should have a URI property that is a string" time="0.2547" asserts="0" success="True" result="Success" executed="True" />
                </results>
              </test-suite>
            </results>
          </test-suite>
          <test-suite type="TestFixture" name="Get-EvergreenApp ESETFullDiskEncryption" executed="True" result="Success" success="True" time="175.0325" asserts="0" description="Get-EvergreenApp ESETFullDiskEncryption">
            <results>
              <test-suite type="TestFixture" name="Get-EvergreenApp ESETFullDiskEncryption.Validate Get-EvergreenApp works with: ESETFullDiskEncryption." executed="True" result="Success" success="True" time="4.0261" asserts="0" description="Get-EvergreenApp ESETFullDiskEncryption.Validate Get-EvergreenApp works with: ESETFullDiskEncryption.">
                <results>
                  <test-case description="ESETFullDiskEncryption: should return something" name="Get-EvergreenApp ESETFullDiskEncryption.Validate Get-EvergreenApp works with: ESETFullDiskEncryption..ESETFullDiskEncryption: should return something" time="0.1427" asserts="0" success="True" result="Success" executed="True" />
                  <test-case description="ESETFullDiskEncryption: should return the expected output type" name="Get-EvergreenApp ESETFullDiskEncryption.Validate Get-EvergreenApp works with: ESETFullDiskEncryption..ESETFullDiskEncryption: should return the expected output type" time="0.5171" asserts="0" success="True" result="Success" executed="True" />
                  <test-case description="ESETFullDiskEncryption: should have a Version property that is a string" name="Get-EvergreenApp ESETFullDiskEncryption.Validate Get-EvergreenApp works with: ESETFullDiskEncryption..ESETFullDiskEncryption: should have a Version property that is a string" time="1.063" asserts="0" success="True" result="Success" executed="True" />
                  <test-case description="ESETFullDiskEncryption: should have a valid version number" name="Get-EvergreenApp ESETFullDiskEncryption.Validate Get-EvergreenApp works with: ESETFullDiskEncryption..ESETFullDiskEncryption: should have a valid version number" time="1.0574" asserts="0" success="True" result="Success" executed="True" />
                  <test-case description="ESETFullDiskEncryption: should have a URI property that is a string" name="Get-EvergreenApp ESETFullDiskEncryption.Validate Get-EvergreenApp works with: ESETFullDiskEncryption..ESETFullDiskEncryption: should have a URI property that is a string" time="1.0947" asserts="0" success="True" result="Success" executed="True" />
                </results>
              </test-suite>
            </results>
          </test-suite>
          <test-suite type="TestFixture" name="Get-EvergreenApp AdoptOpenJDKSemuru8" executed="True" result="Success" success="True" time="178.582" asserts="0" description="Get-EvergreenApp AdoptOpenJDKSemuru8">
            <results>
              <test-suite type="TestFixture" name="Get-EvergreenApp AdoptOpenJDKSemuru8.Validate Get-EvergreenApp works with: AdoptOpenJDKSemuru8." executed="True" result="Success" success="True" time="1.7491" asserts="0" description="Get-EvergreenApp AdoptOpenJDKSemuru8.Validate Get-EvergreenApp works with: AdoptOpenJDKSemuru8.">
                <results>
                  <test-case description="AdoptOpenJDKSemuru8: should return something" name="Get-EvergreenApp AdoptOpenJDKSemuru8.Validate Get-EvergreenApp works with: AdoptOpenJDKSemuru8..AdoptOpenJDKSemuru8: should return something" time="0.1504" asserts="0" success="True" result="Success" executed="True" />
                  <test-case description="AdoptOpenJDKSemuru8: should return the expected output type" name="Get-EvergreenApp AdoptOpenJDKSemuru8.Validate Get-EvergreenApp works with: AdoptOpenJDKSemuru8..AdoptOpenJDKSemuru8: should return the expected output type" time="0.2578" asserts="0" success="True" result="Success" executed="True" />
                  <test-case description="AdoptOpenJDKSemuru8: should have a Version property that is a string" name="Get-EvergreenApp AdoptOpenJDKSemuru8.Validate Get-EvergreenApp works with: AdoptOpenJDKSemuru8..AdoptOpenJDKSemuru8: should have a Version property that is a string" time="0.3928" asserts="0" success="True" result="Success" executed="True" />
                  <test-case description="AdoptOpenJDKSemuru8: should have a valid version number" name="Get-EvergreenApp AdoptOpenJDKSemuru8.Validate Get-EvergreenApp works with: AdoptOpenJDKSemuru8..AdoptOpenJDKSemuru8: should have a valid version number" time="0.3944" asserts="0" success="True" result="Success" executed="True" />
                  <test-case description="AdoptOpenJDKSemuru8: should have a URI property that is a string" name="Get-EvergreenApp AdoptOpenJDKSemuru8.Validate Get-EvergreenApp works with: AdoptOpenJDKSemuru8..AdoptOpenJDKSemuru8: should have a URI property that is a string" time="0.4012" asserts="0" success="True" result="Success" executed="True" />
                </results>
              </test-suite>
            </results>
          </test-suite>
          <test-suite type="TestFixture" name="Get-EvergreenApp SmartBearSoapUI" executed="True" result="Success" success="True" time="180.2436" asserts="0" description="Get-EvergreenApp SmartBearSoapUI">
            <results>
              <test-suite type="TestFixture" name="Get-EvergreenApp SmartBearSoapUI.Validate Get-EvergreenApp works with: SmartBearSoapUI." executed="True" result="Success" success="True" time="0.885" asserts="0" description="Get-EvergreenApp SmartBearSoapUI.Validate Get-EvergreenApp works with: SmartBearSoapUI.">
                <results>
                  <test-case description="SmartBearSoapUI: should return something" name="Get-EvergreenApp SmartBearSoapUI.Validate Get-EvergreenApp works with: SmartBearSoapUI..SmartBearSoapUI: should return something" time="0.1447" asserts="0" success="True" result="Success" executed="True" />
                  <test-case description="SmartBearSoapUI: should return the expected output type" name="Get-EvergreenApp SmartBearSoapUI.Validate Get-EvergreenApp works with: SmartBearSoapUI..SmartBearSoapUI: should return the expected output type" time="0.146" asserts="0" success="True" result="Success" executed="True" />
                  <test-case description="SmartBearSoapUI: should have a Version property that is a string" name="Get-EvergreenApp SmartBearSoapUI.Validate Get-EvergreenApp works with: SmartBearSoapUI..SmartBearSoapUI: should have a Version property that is a string" time="0.1397" asserts="0" success="True" result="Success" executed="True" />
                  <test-case description="SmartBearSoapUI: should have a valid version number" name="Get-EvergreenApp SmartBearSoapUI.Validate Get-EvergreenApp works with: SmartBearSoapUI..SmartBearSoapUI: should have a valid version number" time="0.1433" asserts="0" success="True" result="Success" executed="True" />
                  <test-case description="SmartBearSoapUI: should have a URI property that is a string" name="Get-EvergreenApp SmartBearSoapUI.Validate Get-EvergreenApp works with: SmartBearSoapUI..SmartBearSoapUI: should have a URI property that is a string" time="0.1476" asserts="0" success="True" result="Success" executed="True" />
                </results>
              </test-suite>
            </results>
          </test-suite>
          <test-suite type="TestFixture" name="Get-EvergreenApp VideoLanVlcPlayer" executed="True" result="Success" success="True" time="183.0177" asserts="0" description="Get-EvergreenApp VideoLanVlcPlayer">
            <results>
              <test-suite type="TestFixture" name="Get-EvergreenApp VideoLanVlcPlayer.Validate Get-EvergreenApp works with: VideoLanVlcPlayer." executed="True" result="Success" success="True" time="1.2711" asserts="0" description="Get-EvergreenApp VideoLanVlcPlayer.Validate Get-EvergreenApp works with: VideoLanVlcPlayer.">
                <results>
                  <test-case description="VideoLanVlcPlayer: should return something" name="Get-EvergreenApp VideoLanVlcPlayer.Validate Get-EvergreenApp works with: VideoLanVlcPlayer..VideoLanVlcPlayer: should return something" time="0.1446" asserts="0" success="True" result="Success" executed="True" />
                  <test-case description="VideoLanVlcPlayer: should return the expected output type" name="Get-EvergreenApp VideoLanVlcPlayer.Validate Get-EvergreenApp works with: VideoLanVlcPlayer..VideoLanVlcPlayer: should return the expected output type" time="0.1915" asserts="0" success="True" result="Success" executed="True" />
                  <test-case description="VideoLanVlcPlayer: should have a Version property that is a string" name="Get-EvergreenApp VideoLanVlcPlayer.Validate Get-EvergreenApp works with: VideoLanVlcPlayer..VideoLanVlcPlayer: should have a Version property that is a string" time="0.2642" asserts="0" success="True" result="Success" executed="True" />
                  <test-case description="VideoLanVlcPlayer: should have a valid version number" name="Get-EvergreenApp VideoLanVlcPlayer.Validate Get-EvergreenApp works with: VideoLanVlcPlayer..VideoLanVlcPlayer: should have a valid version number" time="0.2585" asserts="0" success="True" result="Success" executed="True" />
                  <test-case description="VideoLanVlcPlayer: should have a URI property that is a string" name="Get-EvergreenApp VideoLanVlcPlayer.Validate Get-EvergreenApp works with: VideoLanVlcPlayer..VideoLanVlcPlayer: should have a URI property that is a string" time="0.2616" asserts="0" success="True" result="Success" executed="True" />
                </results>
              </test-suite>
            </results>
          </test-suite>
          <test-suite type="TestFixture" name="Get-EvergreenApp TelerikFiddlerEverywhere" executed="True" result="Success" success="True" time="184.6361" asserts="0" description="Get-EvergreenApp TelerikFiddlerEverywhere">
            <results>
              <test-suite type="TestFixture" name="Get-EvergreenApp TelerikFiddlerEverywhere.Validate Get-EvergreenApp works with: TelerikFiddlerEverywhere." executed="True" result="Success" success="True" time="1.0112" asserts="0" description="Get-EvergreenApp TelerikFiddlerEverywhere.Validate Get-EvergreenApp works with: TelerikFiddlerEverywhere.">
                <results>
                  <test-case description="TelerikFiddlerEverywhere: should return something" name="Get-EvergreenApp TelerikFiddlerEverywhere.Validate Get-EvergreenApp works with: TelerikFiddlerEverywhere..TelerikFiddlerEverywhere: should return something" time="0.1674" asserts="0" success="True" result="Success" executed="True" />
                  <test-case description="TelerikFiddlerEverywhere: should return the expected output type" name="Get-EvergreenApp TelerikFiddlerEverywhere.Validate Get-EvergreenApp works with: TelerikFiddlerEverywhere..TelerikFiddlerEverywhere: should return the expected output type" time="0.163" asserts="0" success="True" result="Success" executed="True" />
                  <test-case description="TelerikFiddlerEverywhere: should have a Version property that is a string" name="Get-EvergreenApp TelerikFiddlerEverywhere.Validate Get-EvergreenApp works with: TelerikFiddlerEverywhere..TelerikFiddlerEverywhere: should have a Version property that is a string" time="0.1697" asserts="0" success="True" result="Success" executed="True" />
                  <test-case description="TelerikFiddlerEverywhere: should have a valid version number" name="Get-EvergreenApp TelerikFiddlerEverywhere.Validate Get-EvergreenApp works with: TelerikFiddlerEverywhere..TelerikFiddlerEverywhere: should have a valid version number" time="0.1665" asserts="0" success="True" result="Success" executed="True" />
                  <test-case description="TelerikFiddlerEverywhere: should have a URI property that is a string" name="Get-EvergreenApp TelerikFiddlerEverywhere.Validate Get-EvergreenApp works with: TelerikFiddlerEverywhere..TelerikFiddlerEverywhere: should have a URI property that is a string" time="0.1696" asserts="0" success="True" result="Success" executed="True" />
                </results>
              </test-suite>
            </results>
          </test-suite>
          <test-suite type="TestFixture" name="Get-EvergreenApp WinSCP" executed="True" result="Success" success="True" time="186.3148" asserts="0" description="Get-EvergreenApp WinSCP">
            <results>
              <test-suite type="TestFixture" name="Get-EvergreenApp WinSCP.Validate Get-EvergreenApp works with: WinSCP." executed="True" result="Success" success="True" time="0.8988" asserts="0" description="Get-EvergreenApp WinSCP.Validate Get-EvergreenApp works with: WinSCP.">
                <results>
                  <test-case description="WinSCP: should return something" name="Get-EvergreenApp WinSCP.Validate Get-EvergreenApp works with: WinSCP..WinSCP: should return something" time="0.1486" asserts="0" success="True" result="Success" executed="True" />
                  <test-case description="WinSCP: should return the expected output type" name="Get-EvergreenApp WinSCP.Validate Get-EvergreenApp works with: WinSCP..WinSCP: should return the expected output type" time="0.1461" asserts="0" success="True" result="Success" executed="True" />
                  <test-case description="WinSCP: should have a Version property that is a string" name="Get-EvergreenApp WinSCP.Validate Get-EvergreenApp works with: WinSCP..WinSCP: should have a Version property that is a string" time="0.1475" asserts="0" success="True" result="Success" executed="True" />
                  <test-case description="WinSCP: should have a valid version number" name="Get-EvergreenApp WinSCP.Validate Get-EvergreenApp works with: WinSCP..WinSCP: should have a valid version number" time="0.1515" asserts="0" success="True" result="Success" executed="True" />
                  <test-case description="WinSCP: should have a URI property that is a string" name="Get-EvergreenApp WinSCP.Validate Get-EvergreenApp works with: WinSCP..WinSCP: should have a URI property that is a string" time="0.1519" asserts="0" success="True" result="Success" executed="True" />
                </results>
              </test-suite>
            </results>
          </test-suite>
          <test-suite type="TestFixture" name="Get-EvergreenApp SumatraPDFReader" executed="True" result="Success" success="True" time="187.9292" asserts="0" description="Get-EvergreenApp SumatraPDFReader">
            <results>
              <test-suite type="TestFixture" name="Get-EvergreenApp SumatraPDFReader.Validate Get-EvergreenApp works with: SumatraPDFReader." executed="True" result="Success" success="True" time="1.0057" asserts="0" description="Get-EvergreenApp SumatraPDFReader.Validate Get-EvergreenApp works with: SumatraPDFReader.">
                <results>
                  <test-case description="SumatraPDFReader: should return something" name="Get-EvergreenApp SumatraPDFReader.Validate Get-EvergreenApp works with: SumatraPDFReader..SumatraPDFReader: should return something" time="0.1487" asserts="0" success="True" result="Success" executed="True" />
                  <test-case description="SumatraPDFReader: should return the expected output type" name="Get-EvergreenApp SumatraPDFReader.Validate Get-EvergreenApp works with: SumatraPDFReader..SumatraPDFReader: should return the expected output type" time="0.1618" asserts="0" success="True" result="Success" executed="True" />
                  <test-case description="SumatraPDFReader: should have a Version property that is a string" name="Get-EvergreenApp SumatraPDFReader.Validate Get-EvergreenApp works with: SumatraPDFReader..SumatraPDFReader: should have a Version property that is a string" time="0.1751" asserts="0" success="True" result="Success" executed="True" />
                  <test-case description="SumatraPDFReader: should have a valid version number" name="Get-EvergreenApp SumatraPDFReader.Validate Get-EvergreenApp works with: SumatraPDFReader..SumatraPDFReader: should have a valid version number" time="0.1756" asserts="0" success="True" result="Success" executed="True" />
                  <test-case description="SumatraPDFReader: should have a URI property that is a string" name="Get-EvergreenApp SumatraPDFReader.Validate Get-EvergreenApp works with: SumatraPDFReader..SumatraPDFReader: should have a URI property that is a string" time="0.1811" asserts="0" success="True" result="Success" executed="True" />
                </results>
              </test-suite>
            </results>
          </test-suite>
          <test-suite type="TestFixture" name="Get-EvergreenApp TorProjectTorBrowser" executed="True" result="Success" success="True" time="195.7915" asserts="0" description="Get-EvergreenApp TorProjectTorBrowser">
            <results>
              <test-suite type="TestFixture" name="Get-EvergreenApp TorProjectTorBrowser.Validate Get-EvergreenApp works with: TorProjectTorBrowser." executed="True" result="Success" success="True" time="6.5389" asserts="0" description="Get-EvergreenApp TorProjectTorBrowser.Validate Get-EvergreenApp works with: TorProjectTorBrowser.">
                <results>
                  <test-case description="TorProjectTorBrowser: should return something" name="Get-EvergreenApp TorProjectTorBrowser.Validate Get-EvergreenApp works with: TorProjectTorBrowser..TorProjectTorBrowser: should return something" time="0.1482" asserts="0" success="True" result="Success" executed="True" />
                  <test-case description="TorProjectTorBrowser: should return the expected output type" name="Get-EvergreenApp TorProjectTorBrowser.Validate Get-EvergreenApp works with: TorProjectTorBrowser..TorProjectTorBrowser: should return the expected output type" time="0.8484" asserts="0" success="True" result="Success" executed="True" />
                  <test-case description="TorProjectTorBrowser: should have a Version property that is a string" name="Get-EvergreenApp TorProjectTorBrowser.Validate Get-EvergreenApp works with: TorProjectTorBrowser..TorProjectTorBrowser: should have a Version property that is a string" time="1.8543" asserts="0" success="True" result="Success" executed="True" />
                  <test-case description="TorProjectTorBrowser: should have a valid version number" name="Get-EvergreenApp TorProjectTorBrowser.Validate Get-EvergreenApp works with: TorProjectTorBrowser..TorProjectTorBrowser: should have a valid version number" time="1.7706" asserts="0" success="True" result="Success" executed="True" />
                  <test-case description="TorProjectTorBrowser: should have a URI property that is a string" name="Get-EvergreenApp TorProjectTorBrowser.Validate Get-EvergreenApp works with: TorProjectTorBrowser..TorProjectTorBrowser: should have a URI property that is a string" time="1.7612" asserts="0" success="True" result="Success" executed="True" />
                </results>
              </test-suite>
            </results>
          </test-suite>
          <test-suite type="TestFixture" name="Get-EvergreenApp ShareX" executed="True" result="Success" success="True" time="197.5443" asserts="0" description="Get-EvergreenApp ShareX">
            <results>
              <test-suite type="TestFixture" name="Get-EvergreenApp ShareX.Validate Get-EvergreenApp works with: ShareX." executed="True" result="Success" success="True" time="0.9614" asserts="0" description="Get-EvergreenApp ShareX.Validate Get-EvergreenApp works with: ShareX.">
                <results>
                  <test-case description="ShareX: should return something" name="Get-EvergreenApp ShareX.Validate Get-EvergreenApp works with: ShareX..ShareX: should return something" time="0.1458" asserts="0" success="True" result="Success" executed="True" />
                  <test-case description="ShareX: should return the expected output type" name="Get-EvergreenApp ShareX.Validate Get-EvergreenApp works with: ShareX..ShareX: should return the expected output type" time="0.1527" asserts="0" success="True" result="Success" executed="True" />
                  <test-case description="ShareX: should have a Version property that is a string" name="Get-EvergreenApp ShareX.Validate Get-EvergreenApp works with: ShareX..ShareX: should have a Version property that is a string" time="0.1652" asserts="0" success="True" result="Success" executed="True" />
                  <test-case description="ShareX: should have a valid version number" name="Get-EvergreenApp ShareX.Validate Get-EvergreenApp works with: ShareX..ShareX: should have a valid version number" time="0.1738" asserts="0" success="True" result="Success" executed="True" />
                  <test-case description="ShareX: should have a URI property that is a string" name="Get-EvergreenApp ShareX.Validate Get-EvergreenApp works with: ShareX..ShareX: should have a URI property that is a string" time="0.1756" asserts="0" success="True" result="Success" executed="True" />
                </results>
              </test-suite>
            </results>
          </test-suite>
          <test-suite type="TestFixture" name="Get-EvergreenApp VeraCrypt" executed="True" result="Success" success="True" time="199.332" asserts="0" description="Get-EvergreenApp VeraCrypt">
            <results>
              <test-suite type="TestFixture" name="Get-EvergreenApp VeraCrypt.Validate Get-EvergreenApp works with: VeraCrypt." executed="True" result="Success" success="True" time="1.0781" asserts="0" description="Get-EvergreenApp VeraCrypt.Validate Get-EvergreenApp works with: VeraCrypt.">
                <results>
                  <test-case description="VeraCrypt: should return something" name="Get-EvergreenApp VeraCrypt.Validate Get-EvergreenApp works with: VeraCrypt..VeraCrypt: should return something" time="0.1489" asserts="0" success="True" result="Success" executed="True" />
                  <test-case description="VeraCrypt: should return the expected output type" name="Get-EvergreenApp VeraCrypt.Validate Get-EvergreenApp works with: VeraCrypt..VeraCrypt: should return the expected output type" time="0.1716" asserts="0" success="True" result="Success" executed="True" />
                  <test-case description="VeraCrypt: should have a Version property that is a string" name="Get-EvergreenApp VeraCrypt.Validate Get-EvergreenApp works with: VeraCrypt..VeraCrypt: should have a Version property that is a string" time="0.2028" asserts="0" success="True" result="Success" executed="True" />
                  <test-case description="VeraCrypt: should have a valid version number" name="Get-EvergreenApp VeraCrypt.Validate Get-EvergreenApp works with: VeraCrypt..VeraCrypt: should have a valid version number" time="0.1994" asserts="0" success="True" result="Success" executed="True" />
                  <test-case description="VeraCrypt: should have a URI property that is a string" name="Get-EvergreenApp VeraCrypt.Validate Get-EvergreenApp works with: VeraCrypt..VeraCrypt: should have a URI property that is a string" time="0.2004" asserts="0" success="True" result="Success" executed="True" />
                </results>
              </test-suite>
            </results>
          </test-suite>
          <test-suite type="TestFixture" name="Get-EvergreenApp MicrosoftBotFrameworkEmulator" executed="True" result="Success" success="True" time="201.0575" asserts="0" description="Get-EvergreenApp MicrosoftBotFrameworkEmulator">
            <results>
              <test-suite type="TestFixture" name="Get-EvergreenApp MicrosoftBotFrameworkEmulator.Validate Get-EvergreenApp works with: MicrosoftBotFrameworkEmulator." executed="True" result="Success" success="True" time="0.9099" asserts="0" description="Get-EvergreenApp MicrosoftBotFrameworkEmulator.Validate Get-EvergreenApp works with: MicrosoftBotFrameworkEmulator.">
                <results>
                  <test-case description="MicrosoftBotFrameworkEmulator: should return something" name="Get-EvergreenApp MicrosoftBotFrameworkEmulator.Validate Get-EvergreenApp works with: MicrosoftBotFrameworkEmulator..MicrosoftBotFrameworkEmulator: should return something" time="0.15" asserts="0" success="True" result="Success" executed="True" />
                  <test-case description="MicrosoftBotFrameworkEmulator: should return the expected output type" name="Get-EvergreenApp MicrosoftBotFrameworkEmulator.Validate Get-EvergreenApp works with: MicrosoftBotFrameworkEmulator..MicrosoftBotFrameworkEmulator: should return the expected output type" time="0.1473" asserts="0" success="True" result="Success" executed="True" />
                  <test-case description="MicrosoftBotFrameworkEmulator: should have a Version property that is a string" name="Get-EvergreenApp MicrosoftBotFrameworkEmulator.Validate Get-EvergreenApp works with: MicrosoftBotFrameworkEmulator..MicrosoftBotFrameworkEmulator: should have a Version property that is a string" time="0.152" asserts="0" success="True" result="Success" executed="True" />
                  <test-case description="MicrosoftBotFrameworkEmulator: should have a valid version number" name="Get-EvergreenApp MicrosoftBotFrameworkEmulator.Validate Get-EvergreenApp works with: MicrosoftBotFrameworkEmulator..MicrosoftBotFrameworkEmulator: should have a valid version number" time="0.1469" asserts="0" success="True" result="Success" executed="True" />
                  <test-case description="MicrosoftBotFrameworkEmulator: should have a URI property that is a string" name="Get-EvergreenApp MicrosoftBotFrameworkEmulator.Validate Get-EvergreenApp works with: MicrosoftBotFrameworkEmulator..MicrosoftBotFrameworkEmulator: should have a URI property that is a string" time="0.1541" asserts="0" success="True" result="Success" executed="True" />
                </results>
              </test-suite>
            </results>
          </test-suite>
          <test-suite type="TestFixture" name="Get-EvergreenApp BitwardenDesktop" executed="True" result="Success" success="True" time="202.9466" asserts="0" description="Get-EvergreenApp BitwardenDesktop">
            <results>
              <test-suite type="TestFixture" name="Get-EvergreenApp BitwardenDesktop.Validate Get-EvergreenApp works with: BitwardenDesktop." executed="True" result="Success" success="True" time="0.9839" asserts="0" description="Get-EvergreenApp BitwardenDesktop.Validate Get-EvergreenApp works with: BitwardenDesktop.">
                <results>
                  <test-case description="BitwardenDesktop: should return something" name="Get-EvergreenApp BitwardenDesktop.Validate Get-EvergreenApp works with: BitwardenDesktop..BitwardenDesktop: should return something" time="0.1733" asserts="0" success="True" result="Success" executed="True" />
                  <test-case description="BitwardenDesktop: should return the expected output type" name="Get-EvergreenApp BitwardenDesktop.Validate Get-EvergreenApp works with: BitwardenDesktop..BitwardenDesktop: should return the expected output type" time="0.1637" asserts="0" success="True" result="Success" executed="True" />
                  <test-case description="BitwardenDesktop: should have a Version property that is a string" name="Get-EvergreenApp BitwardenDesktop.Validate Get-EvergreenApp works with: BitwardenDesktop..BitwardenDesktop: should have a Version property that is a string" time="0.1551" asserts="0" success="True" result="Success" executed="True" />
                  <test-case description="BitwardenDesktop: should have a valid version number" name="Get-EvergreenApp BitwardenDesktop.Validate Get-EvergreenApp works with: BitwardenDesktop..BitwardenDesktop: should have a valid version number" time="0.1568" asserts="0" success="True" result="Success" executed="True" />
                  <test-case description="BitwardenDesktop: should have a URI property that is a string" name="Get-EvergreenApp BitwardenDesktop.Validate Get-EvergreenApp works with: BitwardenDesktop..BitwardenDesktop: should have a URI property that is a string" time="0.1624" asserts="0" success="True" result="Success" executed="True" />
                </results>
              </test-suite>
            </results>
          </test-suite>
          <test-suite type="TestFixture" name="Get-EvergreenApp MicrosoftTeams" executed="True" result="Success" success="True" time="214.0608" asserts="0" description="Get-EvergreenApp MicrosoftTeams">
            <results>
              <test-suite type="TestFixture" name="Get-EvergreenApp MicrosoftTeams.Validate Get-EvergreenApp works with: MicrosoftTeams." executed="True" result="Success" success="True" time="4.775" asserts="0" description="Get-EvergreenApp MicrosoftTeams.Validate Get-EvergreenApp works with: MicrosoftTeams.">
                <results>
                  <test-case description="MicrosoftTeams: should return something" name="Get-EvergreenApp MicrosoftTeams.Validate Get-EvergreenApp works with: MicrosoftTeams..MicrosoftTeams: should return something" time="0.1557" asserts="0" success="True" result="Success" executed="True" />
                  <test-case description="MicrosoftTeams: should return the expected output type" name="Get-EvergreenApp MicrosoftTeams.Validate Get-EvergreenApp works with: MicrosoftTeams..MicrosoftTeams: should return the expected output type" time="0.633" asserts="0" success="True" result="Success" executed="True" />
                  <test-case description="MicrosoftTeams: should have a Version property that is a string" name="Get-EvergreenApp MicrosoftTeams.Validate Get-EvergreenApp works with: MicrosoftTeams..MicrosoftTeams: should have a Version property that is a string" time="1.294" asserts="0" success="True" result="Success" executed="True" />
                  <test-case description="MicrosoftTeams: should have a valid version number" name="Get-EvergreenApp MicrosoftTeams.Validate Get-EvergreenApp works with: MicrosoftTeams..MicrosoftTeams: should have a valid version number" time="1.2526" asserts="0" success="True" result="Success" executed="True" />
                  <test-case description="MicrosoftTeams: should have a URI property that is a string" name="Get-EvergreenApp MicrosoftTeams.Validate Get-EvergreenApp works with: MicrosoftTeams..MicrosoftTeams: should have a URI property that is a string" time="1.2743" asserts="0" success="True" result="Success" executed="True" />
                </results>
              </test-suite>
            </results>
          </test-suite>
          <test-suite type="TestFixture" name="Get-EvergreenApp MicrosoftBicep" executed="True" result="Success" success="True" time="215.9984" asserts="0" description="Get-EvergreenApp MicrosoftBicep">
            <results>
              <test-suite type="TestFixture" name="Get-EvergreenApp MicrosoftBicep.Validate Get-EvergreenApp works with: MicrosoftBicep." executed="True" result="Success" success="True" time="1.0248" asserts="0" description="Get-EvergreenApp MicrosoftBicep.Validate Get-EvergreenApp works with: MicrosoftBicep.">
                <results>
                  <test-case description="MicrosoftBicep: should return something" name="Get-EvergreenApp MicrosoftBicep.Validate Get-EvergreenApp works with: MicrosoftBicep..MicrosoftBicep: should return something" time="0.1451" asserts="0" success="True" result="Success" executed="True" />
                  <test-case description="MicrosoftBicep: should return the expected output type" name="Get-EvergreenApp MicrosoftBicep.Validate Get-EvergreenApp works with: MicrosoftBicep..MicrosoftBicep: should return the expected output type" time="0.1626" asserts="0" success="True" result="Success" executed="True" />
                  <test-case description="MicrosoftBicep: should have a Version property that is a string" name="Get-EvergreenApp MicrosoftBicep.Validate Get-EvergreenApp works with: MicrosoftBicep..MicrosoftBicep: should have a Version property that is a string" time="0.1877" asserts="0" success="True" result="Success" executed="True" />
                  <test-case description="MicrosoftBicep: should have a valid version number" name="Get-EvergreenApp MicrosoftBicep.Validate Get-EvergreenApp works with: MicrosoftBicep..MicrosoftBicep: should have a valid version number" time="0.1895" asserts="0" success="True" result="Success" executed="True" />
                  <test-case description="MicrosoftBicep: should have a URI property that is a string" name="Get-EvergreenApp MicrosoftBicep.Validate Get-EvergreenApp works with: MicrosoftBicep..MicrosoftBicep: should have a URI property that is a string" time="0.1948" asserts="0" success="True" result="Success" executed="True" />
                </results>
              </test-suite>
            </results>
          </test-suite>
          <test-suite type="TestFixture" name="Get-EvergreenApp Maximus5ConEmu" executed="True" result="Success" success="True" time="217.8955" asserts="0" description="Get-EvergreenApp Maximus5ConEmu">
            <results>
              <test-suite type="TestFixture" name="Get-EvergreenApp Maximus5ConEmu.Validate Get-EvergreenApp works with: Maximus5ConEmu." executed="True" result="Success" success="True" time="1.0812" asserts="0" description="Get-EvergreenApp Maximus5ConEmu.Validate Get-EvergreenApp works with: Maximus5ConEmu.">
                <results>
                  <test-case description="Maximus5ConEmu: should return something" name="Get-EvergreenApp Maximus5ConEmu.Validate Get-EvergreenApp works with: Maximus5ConEmu..Maximus5ConEmu: should return something" time="0.1473" asserts="0" success="True" result="Success" executed="True" />
                  <test-case description="Maximus5ConEmu: should return the expected output type" name="Get-EvergreenApp Maximus5ConEmu.Validate Get-EvergreenApp works with: Maximus5ConEmu..Maximus5ConEmu: should return the expected output type" time="0.1719" asserts="0" success="True" result="Success" executed="True" />
                  <test-case description="Maximus5ConEmu: should have a Version property that is a string" name="Get-EvergreenApp Maximus5ConEmu.Validate Get-EvergreenApp works with: Maximus5ConEmu..Maximus5ConEmu: should have a Version property that is a string" time="0.1971" asserts="0" success="True" result="Success" executed="True" />
                  <test-case description="Maximus5ConEmu: should have a valid version number" name="Get-EvergreenApp Maximus5ConEmu.Validate Get-EvergreenApp works with: Maximus5ConEmu..Maximus5ConEmu: should have a valid version number" time="0.1967" asserts="0" success="True" result="Success" executed="True" />
                  <test-case description="Maximus5ConEmu: should have a URI property that is a string" name="Get-EvergreenApp Maximus5ConEmu.Validate Get-EvergreenApp works with: Maximus5ConEmu..Maximus5ConEmu: should have a URI property that is a string" time="0.2039" asserts="0" success="True" result="Success" executed="True" />
                </results>
              </test-suite>
            </results>
          </test-suite>
          <test-suite type="TestFixture" name="Get-EvergreenApp RStudio" executed="True" result="Success" success="True" time="221.1767" asserts="0" description="Get-EvergreenApp RStudio">
            <results>
              <test-suite type="TestFixture" name="Get-EvergreenApp RStudio.Validate Get-EvergreenApp works with: RStudio." executed="True" result="Success" success="True" time="2.1388" asserts="0" description="Get-EvergreenApp RStudio.Validate Get-EvergreenApp works with: RStudio.">
                <results>
                  <test-case description="RStudio: should return something" name="Get-EvergreenApp RStudio.Validate Get-EvergreenApp works with: RStudio..RStudio: should return something" time="0.1527" asserts="0" success="True" result="Success" executed="True" />
                  <test-case description="RStudio: should return the expected output type" name="Get-EvergreenApp RStudio.Validate Get-EvergreenApp works with: RStudio..RStudio: should return the expected output type" time="0.3263" asserts="0" success="True" result="Success" executed="True" />
                  <test-case description="RStudio: should have a Version property that is a string" name="Get-EvergreenApp RStudio.Validate Get-EvergreenApp works with: RStudio..RStudio: should have a Version property that is a string" time="0.5253" asserts="0" success="True" result="Success" executed="True" />
                  <test-case description="RStudio: should have a valid version number" name="Get-EvergreenApp RStudio.Validate Get-EvergreenApp works with: RStudio..RStudio: should have a valid version number" time="0.4924" asserts="0" success="True" result="Success" executed="True" />
                  <test-case description="RStudio: should have a URI property that is a string" name="Get-EvergreenApp RStudio.Validate Get-EvergreenApp works with: RStudio..RStudio: should have a URI property that is a string" time="0.4902" asserts="0" success="True" result="Success" executed="True" />
                </results>
              </test-suite>
            </results>
          </test-suite>
          <test-suite type="TestFixture" name="Get-EvergreenApp Gpg4win" executed="True" result="Success" success="True" time="224.4237" asserts="0" description="Get-EvergreenApp Gpg4win">
            <results>
              <test-suite type="TestFixture" name="Get-EvergreenApp Gpg4win.Validate Get-EvergreenApp works with: Gpg4win." executed="True" result="Success" success="True" time="0.8554" asserts="0" description="Get-EvergreenApp Gpg4win.Validate Get-EvergreenApp works with: Gpg4win.">
                <results>
                  <test-case description="Gpg4win: should return something" name="Get-EvergreenApp Gpg4win.Validate Get-EvergreenApp works with: Gpg4win..Gpg4win: should return something" time="0.1385" asserts="0" success="True" result="Success" executed="True" />
                  <test-case description="Gpg4win: should return the expected output type" name="Get-EvergreenApp Gpg4win.Validate Get-EvergreenApp works with: Gpg4win..Gpg4win: should return the expected output type" time="0.1411" asserts="0" success="True" result="Success" executed="True" />
                  <test-case description="Gpg4win: should have a Version property that is a string" name="Get-EvergreenApp Gpg4win.Validate Get-EvergreenApp works with: Gpg4win..Gpg4win: should have a Version property that is a string" time="0.1445" asserts="0" success="True" result="Success" executed="True" />
                  <test-case description="Gpg4win: should have a valid version number" name="Get-EvergreenApp Gpg4win.Validate Get-EvergreenApp works with: Gpg4win..Gpg4win: should have a valid version number" time="0.1388" asserts="0" success="True" result="Success" executed="True" />
                  <test-case description="Gpg4win: should have a URI property that is a string" name="Get-EvergreenApp Gpg4win.Validate Get-EvergreenApp works with: Gpg4win..Gpg4win: should have a URI property that is a string" time="0.1453" asserts="0" success="True" result="Success" executed="True" />
                </results>
              </test-suite>
            </results>
          </test-suite>
          <test-suite type="TestFixture" name="Get-EvergreenApp MicrosoftAzureFunctionsCoreTools" executed="True" result="Success" success="True" time="226.1385" asserts="0" description="Get-EvergreenApp MicrosoftAzureFunctionsCoreTools">
            <results>
              <test-suite type="TestFixture" name="Get-EvergreenApp MicrosoftAzureFunctionsCoreTools.Validate Get-EvergreenApp works with: MicrosoftAzureFunctionsCoreTools." executed="True" result="Success" success="True" time="0.9385" asserts="0" description="Get-EvergreenApp MicrosoftAzureFunctionsCoreTools.Validate Get-EvergreenApp works with: MicrosoftAzureFunctionsCoreTools.">
                <results>
                  <test-case description="MicrosoftAzureFunctionsCoreTools: should return something" name="Get-EvergreenApp MicrosoftAzureFunctionsCoreTools.Validate Get-EvergreenApp works with: MicrosoftAzureFunctionsCoreTools..MicrosoftAzureFunctionsCoreTools: should return something" time="0.1429" asserts="0" success="True" result="Success" executed="True" />
                  <test-case description="MicrosoftAzureFunctionsCoreTools: should return the expected output type" name="Get-EvergreenApp MicrosoftAzureFunctionsCoreTools.Validate Get-EvergreenApp works with: MicrosoftAzureFunctionsCoreTools..MicrosoftAzureFunctionsCoreTools: should return the expected output type" time="0.1465" asserts="0" success="True" result="Success" executed="True" />
                  <test-case description="MicrosoftAzureFunctionsCoreTools: should have a Version property that is a string" name="Get-EvergreenApp MicrosoftAzureFunctionsCoreTools.Validate Get-EvergreenApp works with: MicrosoftAzureFunctionsCoreTools..MicrosoftAzureFunctionsCoreTools: should have a Version property that is a string" time="0.1656" asserts="0" success="True" result="Success" executed="True" />
                  <test-case description="MicrosoftAzureFunctionsCoreTools: should have a valid version number" name="Get-EvergreenApp MicrosoftAzureFunctionsCoreTools.Validate Get-EvergreenApp works with: MicrosoftAzureFunctionsCoreTools..MicrosoftAzureFunctionsCoreTools: should have a valid version number" time="0.1634" asserts="0" success="True" result="Success" executed="True" />
                  <test-case description="MicrosoftAzureFunctionsCoreTools: should have a URI property that is a string" name="Get-EvergreenApp MicrosoftAzureFunctionsCoreTools.Validate Get-EvergreenApp works with: MicrosoftAzureFunctionsCoreTools..MicrosoftAzureFunctionsCoreTools: should have a URI property that is a string" time="0.1682" asserts="0" success="True" result="Success" executed="True" />
                </results>
              </test-suite>
            </results>
          </test-suite>
          <test-suite type="TestFixture" name="Get-EvergreenApp 7ZipZS" executed="True" result="Success" success="True" time="228.0363" asserts="0" description="Get-EvergreenApp 7ZipZS">
            <results>
              <test-suite type="TestFixture" name="Get-EvergreenApp 7ZipZS.Validate Get-EvergreenApp works with: 7ZipZS." executed="True" result="Success" success="True" time="1.0816" asserts="0" description="Get-EvergreenApp 7ZipZS.Validate Get-EvergreenApp works with: 7ZipZS.">
                <results>
                  <test-case description="7ZipZS: should return something" name="Get-EvergreenApp 7ZipZS.Validate Get-EvergreenApp works with: 7ZipZS..7ZipZS: should return something" time="0.1386" asserts="0" success="True" result="Success" executed="True" />
                  <test-case description="7ZipZS: should return the expected output type" name="Get-EvergreenApp 7ZipZS.Validate Get-EvergreenApp works with: 7ZipZS..7ZipZS: should return the expected output type" time="0.1674" asserts="0" success="True" result="Success" executed="True" />
                  <test-case description="7ZipZS: should have a Version property that is a string" name="Get-EvergreenApp 7ZipZS.Validate Get-EvergreenApp works with: 7ZipZS..7ZipZS: should have a Version property that is a string" time="0.2077" asserts="0" success="True" result="Success" executed="True" />
                  <test-case description="7ZipZS: should have a valid version number" name="Get-EvergreenApp 7ZipZS.Validate Get-EvergreenApp works with: 7ZipZS..7ZipZS: should have a valid version number" time="0.2039" asserts="0" success="True" result="Success" executed="True" />
                  <test-case description="7ZipZS: should have a URI property that is a string" name="Get-EvergreenApp 7ZipZS.Validate Get-EvergreenApp works with: 7ZipZS..7ZipZS: should have a URI property that is a string" time="0.2115" asserts="0" success="True" result="Success" executed="True" />
                </results>
              </test-suite>
            </results>
          </test-suite>
          <test-suite type="TestFixture" name="Get-EvergreenApp FoxitPDFEditor" executed="True" result="Success" success="True" time="236.8086" asserts="0" description="Get-EvergreenApp FoxitPDFEditor">
            <results>
              <test-suite type="TestFixture" name="Get-EvergreenApp FoxitPDFEditor.Validate Get-EvergreenApp works with: FoxitPDFEditor." executed="True" result="Success" success="True" time="1.9144" asserts="0" description="Get-EvergreenApp FoxitPDFEditor.Validate Get-EvergreenApp works with: FoxitPDFEditor.">
                <results>
                  <test-case description="FoxitPDFEditor: should return something" name="Get-EvergreenApp FoxitPDFEditor.Validate Get-EvergreenApp works with: FoxitPDFEditor..FoxitPDFEditor: should return something" time="0.15" asserts="0" success="True" result="Success" executed="True" />
                  <test-case description="FoxitPDFEditor: should return the expected output type" name="Get-EvergreenApp FoxitPDFEditor.Validate Get-EvergreenApp works with: FoxitPDFEditor..FoxitPDFEditor: should return the expected output type" time="0.2693" asserts="0" success="True" result="Success" executed="True" />
                  <test-case description="FoxitPDFEditor: should have a Version property that is a string" name="Get-EvergreenApp FoxitPDFEditor.Validate Get-EvergreenApp works with: FoxitPDFEditor..FoxitPDFEditor: should have a Version property that is a string" time="0.4532" asserts="0" success="True" result="Success" executed="True" />
                  <test-case description="FoxitPDFEditor: should have a valid version number" name="Get-EvergreenApp FoxitPDFEditor.Validate Get-EvergreenApp works with: FoxitPDFEditor..FoxitPDFEditor: should have a valid version number" time="0.4379" asserts="0" success="True" result="Success" executed="True" />
                  <test-case description="FoxitPDFEditor: should have a URI property that is a string" name="Get-EvergreenApp FoxitPDFEditor.Validate Get-EvergreenApp works with: FoxitPDFEditor..FoxitPDFEditor: should have a URI property that is a string" time="0.449" asserts="0" success="True" result="Success" executed="True" />
                </results>
              </test-suite>
            </results>
          </test-suite>
          <test-suite type="TestFixture" name="Get-EvergreenApp TechSmithSnagit" executed="True" result="Success" success="True" time="238.4113" asserts="0" description="Get-EvergreenApp TechSmithSnagit">
            <results>
              <test-suite type="TestFixture" name="Get-EvergreenApp TechSmithSnagit.Validate Get-EvergreenApp works with: TechSmithSnagit." executed="True" result="Success" success="True" time="1.0059" asserts="0" description="Get-EvergreenApp TechSmithSnagit.Validate Get-EvergreenApp works with: TechSmithSnagit.">
                <results>
                  <test-case description="TechSmithSnagit: should return something" name="Get-EvergreenApp TechSmithSnagit.Validate Get-EvergreenApp works with: TechSmithSnagit..TechSmithSnagit: should return something" time="0.136" asserts="0" success="True" result="Success" executed="True" />
                  <test-case description="TechSmithSnagit: should return the expected output type" name="Get-EvergreenApp TechSmithSnagit.Validate Get-EvergreenApp works with: TechSmithSnagit..TechSmithSnagit: should return the expected output type" time="0.1593" asserts="0" success="True" result="Success" executed="True" />
                  <test-case description="TechSmithSnagit: should have a Version property that is a string" name="Get-EvergreenApp TechSmithSnagit.Validate Get-EvergreenApp works with: TechSmithSnagit..TechSmithSnagit: should have a Version property that is a string" time="0.1869" asserts="0" success="True" result="Success" executed="True" />
                  <test-case description="TechSmithSnagit: should have a valid version number" name="Get-EvergreenApp TechSmithSnagit.Validate Get-EvergreenApp works with: TechSmithSnagit..TechSmithSnagit: should have a valid version number" time="0.1843" asserts="0" success="True" result="Success" executed="True" />
                  <test-case description="TechSmithSnagit: should have a URI property that is a string" name="Get-EvergreenApp TechSmithSnagit.Validate Get-EvergreenApp works with: TechSmithSnagit..TechSmithSnagit: should have a URI property that is a string" time="0.1895" asserts="0" success="True" result="Success" executed="True" />
                </results>
              </test-suite>
            </results>
          </test-suite>
          <test-suite type="TestFixture" name="Get-EvergreenApp ArtifexGhostscript" executed="True" result="Success" success="True" time="240.1969" asserts="0" description="Get-EvergreenApp ArtifexGhostscript">
            <results>
              <test-suite type="TestFixture" name="Get-EvergreenApp ArtifexGhostscript.Validate Get-EvergreenApp works with: ArtifexGhostscript." executed="True" result="Success" success="True" time="0.9334" asserts="0" description="Get-EvergreenApp ArtifexGhostscript.Validate Get-EvergreenApp works with: ArtifexGhostscript.">
                <results>
                  <test-case description="ArtifexGhostscript: should return something" name="Get-EvergreenApp ArtifexGhostscript.Validate Get-EvergreenApp works with: ArtifexGhostscript..ArtifexGhostscript: should return something" time="0.1403" asserts="0" success="True" result="Success" executed="True" />
                  <test-case description="ArtifexGhostscript: should return the expected output type" name="Get-EvergreenApp ArtifexGhostscript.Validate Get-EvergreenApp works with: ArtifexGhostscript..ArtifexGhostscript: should return the expected output type" time="0.1474" asserts="0" success="True" result="Success" executed="True" />
                  <test-case description="ArtifexGhostscript: should have a Version property that is a string" name="Get-EvergreenApp ArtifexGhostscript.Validate Get-EvergreenApp works with: ArtifexGhostscript..ArtifexGhostscript: should have a Version property that is a string" time="0.1603" asserts="0" success="True" result="Success" executed="True" />
                  <test-case description="ArtifexGhostscript: should have a valid version number" name="Get-EvergreenApp ArtifexGhostscript.Validate Get-EvergreenApp works with: ArtifexGhostscript..ArtifexGhostscript: should have a valid version number" time="0.1638" asserts="0" success="True" result="Success" executed="True" />
                  <test-case description="ArtifexGhostscript: should have a URI property that is a string" name="Get-EvergreenApp ArtifexGhostscript.Validate Get-EvergreenApp works with: ArtifexGhostscript..ArtifexGhostscript: should have a URI property that is a string" time="0.1649" asserts="0" success="True" result="Success" executed="True" />
                </results>
              </test-suite>
            </results>
          </test-suite>
          <test-suite type="TestFixture" name="Get-EvergreenApp OperaCryptoBrowser" executed="True" result="Success" success="True" time="242.1193" asserts="0" description="Get-EvergreenApp OperaCryptoBrowser">
            <results>
              <test-suite type="TestFixture" name="Get-EvergreenApp OperaCryptoBrowser.Validate Get-EvergreenApp works with: OperaCryptoBrowser." executed="True" result="Success" success="True" time="0.9496" asserts="0" description="Get-EvergreenApp OperaCryptoBrowser.Validate Get-EvergreenApp works with: OperaCryptoBrowser.">
                <results>
                  <test-case description="OperaCryptoBrowser: should return something" name="Get-EvergreenApp OperaCryptoBrowser.Validate Get-EvergreenApp works with: OperaCryptoBrowser..OperaCryptoBrowser: should return something" time="0.1491" asserts="0" success="True" result="Success" executed="True" />
                  <test-case description="OperaCryptoBrowser: should return the expected output type" name="Get-EvergreenApp OperaCryptoBrowser.Validate Get-EvergreenApp works with: OperaCryptoBrowser..OperaCryptoBrowser: should return the expected output type" time="0.1576" asserts="0" success="True" result="Success" executed="True" />
                  <test-case description="OperaCryptoBrowser: should have a Version property that is a string" name="Get-EvergreenApp OperaCryptoBrowser.Validate Get-EvergreenApp works with: OperaCryptoBrowser..OperaCryptoBrowser: should have a Version property that is a string" time="0.1601" asserts="0" success="True" result="Success" executed="True" />
                  <test-case description="OperaCryptoBrowser: should have a valid version number" name="Get-EvergreenApp OperaCryptoBrowser.Validate Get-EvergreenApp works with: OperaCryptoBrowser..OperaCryptoBrowser: should have a valid version number" time="0.1524" asserts="0" success="True" result="Success" executed="True" />
                  <test-case description="OperaCryptoBrowser: should have a URI property that is a string" name="Get-EvergreenApp OperaCryptoBrowser.Validate Get-EvergreenApp works with: OperaCryptoBrowser..OperaCryptoBrowser: should have a URI property that is a string" time="0.1685" asserts="0" success="True" result="Success" executed="True" />
                </results>
              </test-suite>
            </results>
          </test-suite>
          <test-suite type="TestFixture" name="Get-EvergreenApp ESETEndpointAntivirus" executed="True" result="Success" success="True" time="272.984" asserts="0" description="Get-EvergreenApp ESETEndpointAntivirus">
            <results>
              <test-suite type="TestFixture" name="Get-EvergreenApp ESETEndpointAntivirus.Validate Get-EvergreenApp works with: ESETEndpointAntivirus." executed="True" result="Success" success="True" time="18.9408" asserts="0" description="Get-EvergreenApp ESETEndpointAntivirus.Validate Get-EvergreenApp works with: ESETEndpointAntivirus.">
                <results>
                  <test-case description="ESETEndpointAntivirus: should return something" name="Get-EvergreenApp ESETEndpointAntivirus.Validate Get-EvergreenApp works with: ESETEndpointAntivirus..ESETEndpointAntivirus: should return something" time="0.1757" asserts="0" success="True" result="Success" executed="True" />
                  <test-case description="ESETEndpointAntivirus: should return the expected output type" name="Get-EvergreenApp ESETEndpointAntivirus.Validate Get-EvergreenApp works with: ESETEndpointAntivirus..ESETEndpointAntivirus: should return the expected output type" time="2.4615" asserts="0" success="True" result="Success" executed="True" />
                  <test-case description="ESETEndpointAntivirus: should have a Version property that is a string" name="Get-EvergreenApp ESETEndpointAntivirus.Validate Get-EvergreenApp works with: ESETEndpointAntivirus..ESETEndpointAntivirus: should have a Version property that is a string" time="5.5678" asserts="0" success="True" result="Success" executed="True" />
                  <test-case description="ESETEndpointAntivirus: should have a valid version number" name="Get-EvergreenApp ESETEndpointAntivirus.Validate Get-EvergreenApp works with: ESETEndpointAntivirus..ESETEndpointAntivirus: should have a valid version number" time="5.0861" asserts="0" success="True" result="Success" executed="True" />
                  <test-case description="ESETEndpointAntivirus: should have a URI property that is a string" name="Get-EvergreenApp ESETEndpointAntivirus.Validate Get-EvergreenApp works with: ESETEndpointAntivirus..ESETEndpointAntivirus: should have a URI property that is a string" time="5.4844" asserts="0" success="True" result="Success" executed="True" />
                </results>
              </test-suite>
            </results>
          </test-suite>
          <test-suite type="TestFixture" name="Get-EvergreenApp FreeFem" executed="True" result="Success" success="True" time="274.8335" asserts="0" description="Get-EvergreenApp FreeFem">
            <results>
              <test-suite type="TestFixture" name="Get-EvergreenApp FreeFem.Validate Get-EvergreenApp works with: FreeFem." executed="True" result="Success" success="True" time="1.0546" asserts="0" description="Get-EvergreenApp FreeFem.Validate Get-EvergreenApp works with: FreeFem.">
                <results>
                  <test-case description="FreeFem: should return something" name="Get-EvergreenApp FreeFem.Validate Get-EvergreenApp works with: FreeFem..FreeFem: should return something" time="0.1493" asserts="0" success="True" result="Success" executed="True" />
                  <test-case description="FreeFem: should return the expected output type" name="Get-EvergreenApp FreeFem.Validate Get-EvergreenApp works with: FreeFem..FreeFem: should return the expected output type" time="0.1645" asserts="0" success="True" result="Success" executed="True" />
                  <test-case description="FreeFem: should have a Version property that is a string" name="Get-EvergreenApp FreeFem.Validate Get-EvergreenApp works with: FreeFem..FreeFem: should have a Version property that is a string" time="0.1944" asserts="0" success="True" result="Success" executed="True" />
                  <test-case description="FreeFem: should have a valid version number" name="Get-EvergreenApp FreeFem.Validate Get-EvergreenApp works with: FreeFem..FreeFem: should have a valid version number" time="0.1929" asserts="0" success="True" result="Success" executed="True" />
                  <test-case description="FreeFem: should have a URI property that is a string" name="Get-EvergreenApp FreeFem.Validate Get-EvergreenApp works with: FreeFem..FreeFem: should have a URI property that is a string" time="0.1957" asserts="0" success="True" result="Success" executed="True" />
                </results>
              </test-suite>
            </results>
          </test-suite>
          <test-suite type="TestFixture" name="Get-EvergreenApp SoberLemurPDFSamBasic" executed="True" result="Success" success="True" time="276.5532" asserts="0" description="Get-EvergreenApp SoberLemurPDFSamBasic">
            <results>
              <test-suite type="TestFixture" name="Get-EvergreenApp SoberLemurPDFSamBasic.Validate Get-EvergreenApp works with: SoberLemurPDFSamBasic." executed="True" result="Success" success="True" time="0.9641" asserts="0" description="Get-EvergreenApp SoberLemurPDFSamBasic.Validate Get-EvergreenApp works with: SoberLemurPDFSamBasic.">
                <results>
                  <test-case description="SoberLemurPDFSamBasic: should return something" name="Get-EvergreenApp SoberLemurPDFSamBasic.Validate Get-EvergreenApp works with: SoberLemurPDFSamBasic..SoberLemurPDFSamBasic: should return something" time="0.1482" asserts="0" success="True" result="Success" executed="True" />
                  <test-case description="SoberLemurPDFSamBasic: should return the expected output type" name="Get-EvergreenApp SoberLemurPDFSamBasic.Validate Get-EvergreenApp works with: SoberLemurPDFSamBasic..SoberLemurPDFSamBasic: should return the expected output type" time="0.1544" asserts="0" success="True" result="Success" executed="True" />
                  <test-case description="SoberLemurPDFSamBasic: should have a Version property that is a string" name="Get-EvergreenApp SoberLemurPDFSamBasic.Validate Get-EvergreenApp works with: SoberLemurPDFSamBasic..SoberLemurPDFSamBasic: should have a Version property that is a string" time="0.1688" asserts="0" success="True" result="Success" executed="True" />
                  <test-case description="SoberLemurPDFSamBasic: should have a valid version number" name="Get-EvergreenApp SoberLemurPDFSamBasic.Validate Get-EvergreenApp works with: SoberLemurPDFSamBasic..SoberLemurPDFSamBasic: should have a valid version number" time="0.1703" asserts="0" success="True" result="Success" executed="True" />
                  <test-case description="SoberLemurPDFSamBasic: should have a URI property that is a string" name="Get-EvergreenApp SoberLemurPDFSamBasic.Validate Get-EvergreenApp works with: SoberLemurPDFSamBasic..SoberLemurPDFSamBasic: should have a URI property that is a string" time="0.1716" asserts="0" success="True" result="Success" executed="True" />
                </results>
              </test-suite>
            </results>
          </test-suite>
          <test-suite type="TestFixture" name="Get-EvergreenApp AdobeAcrobatDC" executed="True" result="Success" success="True" time="278.4947" asserts="0" description="Get-EvergreenApp AdobeAcrobatDC">
            <results>
              <test-suite type="TestFixture" name="Get-EvergreenApp AdobeAcrobatDC.Validate Get-EvergreenApp works with: AdobeAcrobatDC." executed="True" result="Success" success="True" time="1.3109" asserts="0" description="Get-EvergreenApp AdobeAcrobatDC.Validate Get-EvergreenApp works with: AdobeAcrobatDC.">
                <results>
                  <test-case description="AdobeAcrobatDC: should return something" name="Get-EvergreenApp AdobeAcrobatDC.Validate Get-EvergreenApp works with: AdobeAcrobatDC..AdobeAcrobatDC: should return something" time="0.1475" asserts="0" success="True" result="Success" executed="True" />
                  <test-case description="AdobeAcrobatDC: should return the expected output type" name="Get-EvergreenApp AdobeAcrobatDC.Validate Get-EvergreenApp works with: AdobeAcrobatDC..AdobeAcrobatDC: should return the expected output type" time="0.1965" asserts="0" success="True" result="Success" executed="True" />
                  <test-case description="AdobeAcrobatDC: should have a Version property that is a string" name="Get-EvergreenApp AdobeAcrobatDC.Validate Get-EvergreenApp works with: AdobeAcrobatDC..AdobeAcrobatDC: should have a Version property that is a string" time="0.2747" asserts="0" success="True" result="Success" executed="True" />
                  <test-case description="AdobeAcrobatDC: should have a valid version number" name="Get-EvergreenApp AdobeAcrobatDC.Validate Get-EvergreenApp works with: AdobeAcrobatDC..AdobeAcrobatDC: should have a valid version number" time="0.2639" asserts="0" success="True" result="Success" executed="True" />
                  <test-case description="AdobeAcrobatDC: should have a URI property that is a string" name="Get-EvergreenApp AdobeAcrobatDC.Validate Get-EvergreenApp works with: AdobeAcrobatDC..AdobeAcrobatDC: should have a URI property that is a string" time="0.2693" asserts="0" success="True" result="Success" executed="True" />
                </results>
              </test-suite>
            </results>
          </test-suite>
          <test-suite type="TestFixture" name="Get-EvergreenApp VMwareTools" executed="True" result="Success" success="True" time="280.1735" asserts="0" description="Get-EvergreenApp VMwareTools">
            <results>
              <test-suite type="TestFixture" name="Get-EvergreenApp VMwareTools.Validate Get-EvergreenApp works with: VMwareTools." executed="True" result="Success" success="True" time="0.9608" asserts="0" description="Get-EvergreenApp VMwareTools.Validate Get-EvergreenApp works with: VMwareTools.">
                <results>
                  <test-case description="VMwareTools: should return something" name="Get-EvergreenApp VMwareTools.Validate Get-EvergreenApp works with: VMwareTools..VMwareTools: should return something" time="0.1455" asserts="0" success="True" result="Success" executed="True" />
                  <test-case description="VMwareTools: should return the expected output type" name="Get-EvergreenApp VMwareTools.Validate Get-EvergreenApp works with: VMwareTools..VMwareTools: should return the expected output type" time="0.1706" asserts="0" success="True" result="Success" executed="True" />
                  <test-case description="VMwareTools: should have a Version property that is a string" name="Get-EvergreenApp VMwareTools.Validate Get-EvergreenApp works with: VMwareTools..VMwareTools: should have a Version property that is a string" time="0.1608" asserts="0" success="True" result="Success" executed="True" />
                  <test-case description="VMwareTools: should have a valid version number" name="Get-EvergreenApp VMwareTools.Validate Get-EvergreenApp works with: VMwareTools..VMwareTools: should have a valid version number" time="0.1601" asserts="0" success="True" result="Success" executed="True" />
                  <test-case description="VMwareTools: should have a URI property that is a string" name="Get-EvergreenApp VMwareTools.Validate Get-EvergreenApp works with: VMwareTools..VMwareTools: should have a URI property that is a string" time="0.1649" asserts="0" success="True" result="Success" executed="True" />
                </results>
              </test-suite>
            </results>
          </test-suite>
          <test-suite type="TestFixture" name="Get-EvergreenApp OracleVirtualBox" executed="True" result="Success" success="True" time="283.6433" asserts="0" description="Get-EvergreenApp OracleVirtualBox">
            <results>
              <test-suite type="TestFixture" name="Get-EvergreenApp OracleVirtualBox.Validate Get-EvergreenApp works with: OracleVirtualBox." executed="True" result="Success" success="True" time="1.2874" asserts="0" description="Get-EvergreenApp OracleVirtualBox.Validate Get-EvergreenApp works with: OracleVirtualBox.">
                <results>
                  <test-case description="OracleVirtualBox: should return something" name="Get-EvergreenApp OracleVirtualBox.Validate Get-EvergreenApp works with: OracleVirtualBox..OracleVirtualBox: should return something" time="0.1453" asserts="0" success="True" result="Success" executed="True" />
                  <test-case description="OracleVirtualBox: should return the expected output type" name="Get-EvergreenApp OracleVirtualBox.Validate Get-EvergreenApp works with: OracleVirtualBox..OracleVirtualBox: should return the expected output type" time="0.1947" asserts="0" success="True" result="Success" executed="True" />
                  <test-case description="OracleVirtualBox: should have a Version property that is a string" name="Get-EvergreenApp OracleVirtualBox.Validate Get-EvergreenApp works with: OracleVirtualBox..OracleVirtualBox: should have a Version property that is a string" time="0.2727" asserts="0" success="True" result="Success" executed="True" />
                  <test-case description="OracleVirtualBox: should have a valid version number" name="Get-EvergreenApp OracleVirtualBox.Validate Get-EvergreenApp works with: OracleVirtualBox..OracleVirtualBox: should have a valid version number" time="0.2586" asserts="0" success="True" result="Success" executed="True" />
                  <test-case description="OracleVirtualBox: should have a URI property that is a string" name="Get-EvergreenApp OracleVirtualBox.Validate Get-EvergreenApp works with: OracleVirtualBox..OracleVirtualBox: should have a URI property that is a string" time="0.263" asserts="0" success="True" result="Success" executed="True" />
                </results>
              </test-suite>
            </results>
          </test-suite>
          <test-suite type="TestFixture" name="Get-EvergreenApp LogMeInGoToOpener" executed="True" result="Success" success="True" time="285.0651" asserts="0" description="Get-EvergreenApp LogMeInGoToOpener">
            <results>
              <test-suite type="TestFixture" name="Get-EvergreenApp LogMeInGoToOpener.Validate Get-EvergreenApp works with: LogMeInGoToOpener." executed="True" result="Success" success="True" time="0.8945" asserts="0" description="Get-EvergreenApp LogMeInGoToOpener.Validate Get-EvergreenApp works with: LogMeInGoToOpener.">
                <results>
                  <test-case description="LogMeInGoToOpener: should return something" name="Get-EvergreenApp LogMeInGoToOpener.Validate Get-EvergreenApp works with: LogMeInGoToOpener..LogMeInGoToOpener: should return something" time="0.144" asserts="0" success="True" result="Success" executed="True" />
                  <test-case description="LogMeInGoToOpener: should return the expected output type" name="Get-EvergreenApp LogMeInGoToOpener.Validate Get-EvergreenApp works with: LogMeInGoToOpener..LogMeInGoToOpener: should return the expected output type" time="0.151" asserts="0" success="True" result="Success" executed="True" />
                  <test-case description="LogMeInGoToOpener: should have a Version property that is a string" name="Get-EvergreenApp LogMeInGoToOpener.Validate Get-EvergreenApp works with: LogMeInGoToOpener..LogMeInGoToOpener: should have a Version property that is a string" time="0.1458" asserts="0" success="True" result="Success" executed="True" />
                  <test-case description="LogMeInGoToOpener: should have a valid version number" name="Get-EvergreenApp LogMeInGoToOpener.Validate Get-EvergreenApp works with: LogMeInGoToOpener..LogMeInGoToOpener: should have a valid version number" time="0.1426" asserts="0" success="True" result="Success" executed="True" />
                  <test-case description="LogMeInGoToOpener: should have a URI property that is a string" name="Get-EvergreenApp LogMeInGoToOpener.Validate Get-EvergreenApp works with: LogMeInGoToOpener..LogMeInGoToOpener: should have a URI property that is a string" time="0.1496" asserts="0" success="True" result="Success" executed="True" />
                </results>
              </test-suite>
            </results>
          </test-suite>
          <test-suite type="TestFixture" name="Get-EvergreenApp Scratch" executed="True" result="Success" success="True" time="286.3427" asserts="0" description="Get-EvergreenApp Scratch">
            <results>
              <test-suite type="TestFixture" name="Get-EvergreenApp Scratch.Validate Get-EvergreenApp works with: Scratch." executed="True" result="Success" success="True" time="0.8488" asserts="0" description="Get-EvergreenApp Scratch.Validate Get-EvergreenApp works with: Scratch.">
                <results>
                  <test-case description="Scratch: should return something" name="Get-EvergreenApp Scratch.Validate Get-EvergreenApp works with: Scratch..Scratch: should return something" time="0.1392" asserts="0" success="True" result="Success" executed="True" />
                  <test-case description="Scratch: should return the expected output type" name="Get-EvergreenApp Scratch.Validate Get-EvergreenApp works with: Scratch..Scratch: should return the expected output type" time="0.1412" asserts="0" success="True" result="Success" executed="True" />
                  <test-case description="Scratch: should have a Version property that is a string" name="Get-EvergreenApp Scratch.Validate Get-EvergreenApp works with: Scratch..Scratch: should have a Version property that is a string" time="0.1376" asserts="0" success="True" result="Success" executed="True" />
                  <test-case description="Scratch: should have a valid version number" name="Get-EvergreenApp Scratch.Validate Get-EvergreenApp works with: Scratch..Scratch: should have a valid version number" time="0.1393" asserts="0" success="True" result="Success" executed="True" />
                  <test-case description="Scratch: should have a URI property that is a string" name="Get-EvergreenApp Scratch.Validate Get-EvergreenApp works with: Scratch..Scratch: should have a URI property that is a string" time="0.1408" asserts="0" success="True" result="Success" executed="True" />
                </results>
              </test-suite>
            </results>
          </test-suite>
          <test-suite type="TestFixture" name="Get-EvergreenApp GhislerTotalCommander" executed="True" result="Success" success="True" time="287.6211" asserts="0" description="Get-EvergreenApp GhislerTotalCommander">
            <results>
              <test-suite type="TestFixture" name="Get-EvergreenApp GhislerTotalCommander.Validate Get-EvergreenApp works with: GhislerTotalCommander." executed="True" result="Success" success="True" time="0.9101" asserts="0" description="Get-EvergreenApp GhislerTotalCommander.Validate Get-EvergreenApp works with: GhislerTotalCommander.">
                <results>
                  <test-case description="GhislerTotalCommander: should return something" name="Get-EvergreenApp GhislerTotalCommander.Validate Get-EvergreenApp works with: GhislerTotalCommander..GhislerTotalCommander: should return something" time="0.1389" asserts="0" success="True" result="Success" executed="True" />
                  <test-case description="GhislerTotalCommander: should return the expected output type" name="Get-EvergreenApp GhislerTotalCommander.Validate Get-EvergreenApp works with: GhislerTotalCommander..GhislerTotalCommander: should return the expected output type" time="0.1438" asserts="0" success="True" result="Success" executed="True" />
                  <test-case description="GhislerTotalCommander: should have a Version property that is a string" name="Get-EvergreenApp GhislerTotalCommander.Validate Get-EvergreenApp works with: GhislerTotalCommander..GhislerTotalCommander: should have a Version property that is a string" time="0.1685" asserts="0" success="True" result="Success" executed="True" />
                  <test-case description="GhislerTotalCommander: should have a valid version number" name="Get-EvergreenApp GhislerTotalCommander.Validate Get-EvergreenApp works with: GhislerTotalCommander..GhislerTotalCommander: should have a valid version number" time="0.1534" asserts="0" success="True" result="Success" executed="True" />
                  <test-case description="GhislerTotalCommander: should have a URI property that is a string" name="Get-EvergreenApp GhislerTotalCommander.Validate Get-EvergreenApp works with: GhislerTotalCommander..GhislerTotalCommander: should have a URI property that is a string" time="0.1588" asserts="0" success="True" result="Success" executed="True" />
                </results>
              </test-suite>
            </results>
          </test-suite>
          <test-suite type="TestFixture" name="Get-EvergreenApp AdoptiumTemurin17" executed="True" result="Success" success="True" time="289.5352" asserts="0" description="Get-EvergreenApp AdoptiumTemurin17">
            <results>
              <test-suite type="TestFixture" name="Get-EvergreenApp AdoptiumTemurin17.Validate Get-EvergreenApp works with: AdoptiumTemurin17." executed="True" result="Success" success="True" time="1.207" asserts="0" description="Get-EvergreenApp AdoptiumTemurin17.Validate Get-EvergreenApp works with: AdoptiumTemurin17.">
                <results>
                  <test-case description="AdoptiumTemurin17: should return something" name="Get-EvergreenApp AdoptiumTemurin17.Validate Get-EvergreenApp works with: AdoptiumTemurin17..AdoptiumTemurin17: should return something" time="0.158" asserts="0" success="True" result="Success" executed="True" />
                  <test-case description="AdoptiumTemurin17: should return the expected output type" name="Get-EvergreenApp AdoptiumTemurin17.Validate Get-EvergreenApp works with: AdoptiumTemurin17..AdoptiumTemurin17: should return the expected output type" time="0.1922" asserts="0" success="True" result="Success" executed="True" />
                  <test-case description="AdoptiumTemurin17: should have a Version property that is a string" name="Get-EvergreenApp AdoptiumTemurin17.Validate Get-EvergreenApp works with: AdoptiumTemurin17..AdoptiumTemurin17: should have a Version property that is a string" time="0.2402" asserts="0" success="True" result="Success" executed="True" />
                  <test-case description="AdoptiumTemurin17: should have a valid version number" name="Get-EvergreenApp AdoptiumTemurin17.Validate Get-EvergreenApp works with: AdoptiumTemurin17..AdoptiumTemurin17: should have a valid version number" time="0.236" asserts="0" success="True" result="Success" executed="True" />
                  <test-case description="AdoptiumTemurin17: should have a URI property that is a string" name="Get-EvergreenApp AdoptiumTemurin17.Validate Get-EvergreenApp works with: AdoptiumTemurin17..AdoptiumTemurin17: should have a URI property that is a string" time="0.2166" asserts="0" success="True" result="Success" executed="True" />
                </results>
              </test-suite>
            </results>
          </test-suite>
          <test-suite type="TestFixture" name="Get-EvergreenApp FreedomScientificFusion" executed="True" result="Success" success="True" time="291.2332" asserts="0" description="Get-EvergreenApp FreedomScientificFusion">
            <results>
              <test-suite type="TestFixture" name="Get-EvergreenApp FreedomScientificFusion.Validate Get-EvergreenApp works with: FreedomScientificFusion." executed="True" result="Success" success="True" time="0.8761" asserts="0" description="Get-EvergreenApp FreedomScientificFusion.Validate Get-EvergreenApp works with: FreedomScientificFusion.">
                <results>
                  <test-case description="FreedomScientificFusion: should return something" name="Get-EvergreenApp FreedomScientificFusion.Validate Get-EvergreenApp works with: FreedomScientificFusion..FreedomScientificFusion: should return something" time="0.143" asserts="0" success="True" result="Success" executed="True" />
                  <test-case description="FreedomScientificFusion: should return the expected output type" name="Get-EvergreenApp FreedomScientificFusion.Validate Get-EvergreenApp works with: FreedomScientificFusion..FreedomScientificFusion: should return the expected output type" time="0.1463" asserts="0" success="True" result="Success" executed="True" />
                  <test-case description="FreedomScientificFusion: should have a Version property that is a string" name="Get-EvergreenApp FreedomScientificFusion.Validate Get-EvergreenApp works with: FreedomScientificFusion..FreedomScientificFusion: should have a Version property that is a string" time="0.139" asserts="0" success="True" result="Success" executed="True" />
                  <test-case description="FreedomScientificFusion: should have a valid version number" name="Get-EvergreenApp FreedomScientificFusion.Validate Get-EvergreenApp works with: FreedomScientificFusion..FreedomScientificFusion: should have a valid version number" time="0.1437" asserts="0" success="True" result="Success" executed="True" />
                  <test-case description="FreedomScientificFusion: should have a URI property that is a string" name="Get-EvergreenApp FreedomScientificFusion.Validate Get-EvergreenApp works with: FreedomScientificFusion..FreedomScientificFusion: should have a URI property that is a string" time="0.151" asserts="0" success="True" result="Success" executed="True" />
                </results>
              </test-suite>
            </results>
          </test-suite>
          <test-suite type="TestFixture" name="Get-EvergreenApp Microsoft.NET" executed="True" result="Success" success="True" time="298.1865" asserts="0" description="Get-EvergreenApp Microsoft.NET">
            <results>
              <test-suite type="TestFixture" name="Get-EvergreenApp Microsoft.NET.Validate Get-EvergreenApp works with: Microsoft.NET." executed="True" result="Success" success="True" time="2.6919" asserts="0" description="Get-EvergreenApp Microsoft.NET.Validate Get-EvergreenApp works with: Microsoft.NET.">
                <results>
                  <test-case description="Microsoft.NET: should return something" name="Get-EvergreenApp Microsoft.NET.Validate Get-EvergreenApp works with: Microsoft.NET..Microsoft.NET: should return something" time="0.1451" asserts="0" success="True" result="Success" executed="True" />
                  <test-case description="Microsoft.NET: should return the expected output type" name="Get-EvergreenApp Microsoft.NET.Validate Get-EvergreenApp works with: Microsoft.NET..Microsoft.NET: should return the expected output type" time="0.366" asserts="0" success="True" result="Success" executed="True" />
                  <test-case description="Microsoft.NET: should have a Version property that is a string" name="Get-EvergreenApp Microsoft.NET.Validate Get-EvergreenApp works with: Microsoft.NET..Microsoft.NET: should have a Version property that is a string" time="0.689" asserts="0" success="True" result="Success" executed="True" />
                  <test-case description="Microsoft.NET: should have a valid version number" name="Get-EvergreenApp Microsoft.NET.Validate Get-EvergreenApp works with: Microsoft.NET..Microsoft.NET: should have a valid version number" time="0.6525" asserts="0" success="True" result="Success" executed="True" />
                  <test-case description="Microsoft.NET: should have a URI property that is a string" name="Get-EvergreenApp Microsoft.NET.Validate Get-EvergreenApp works with: Microsoft.NET..Microsoft.NET: should have a URI property that is a string" time="0.6836" asserts="0" success="True" result="Success" executed="True" />
                </results>
              </test-suite>
            </results>
          </test-suite>
          <test-suite type="TestFixture" name="Get-EvergreenApp AdoptOpenJDK11" executed="True" result="Success" success="True" time="300.5494" asserts="0" description="Get-EvergreenApp AdoptOpenJDK11">
            <results>
              <test-suite type="TestFixture" name="Get-EvergreenApp AdoptOpenJDK11.Validate Get-EvergreenApp works with: AdoptOpenJDK11." executed="True" result="Success" success="True" time="1.1263" asserts="0" description="Get-EvergreenApp AdoptOpenJDK11.Validate Get-EvergreenApp works with: AdoptOpenJDK11.">
                <results>
                  <test-case description="AdoptOpenJDK11: should return something" name="Get-EvergreenApp AdoptOpenJDK11.Validate Get-EvergreenApp works with: AdoptOpenJDK11..AdoptOpenJDK11: should return something" time="0.1431" asserts="0" success="True" result="Success" executed="True" />
                  <test-case description="AdoptOpenJDK11: should return the expected output type" name="Get-EvergreenApp AdoptOpenJDK11.Validate Get-EvergreenApp works with: AdoptOpenJDK11..AdoptOpenJDK11: should return the expected output type" time="0.1773" asserts="0" success="True" result="Success" executed="True" />
                  <test-case description="AdoptOpenJDK11: should have a Version property that is a string" name="Get-EvergreenApp AdoptOpenJDK11.Validate Get-EvergreenApp works with: AdoptOpenJDK11..AdoptOpenJDK11: should have a Version property that is a string" time="0.2169" asserts="0" success="True" result="Success" executed="True" />
                  <test-case description="AdoptOpenJDK11: should have a valid version number" name="Get-EvergreenApp AdoptOpenJDK11.Validate Get-EvergreenApp works with: AdoptOpenJDK11..AdoptOpenJDK11: should have a valid version number" time="0.2132" asserts="0" success="True" result="Success" executed="True" />
                  <test-case description="AdoptOpenJDK11: should have a URI property that is a string" name="Get-EvergreenApp AdoptOpenJDK11.Validate Get-EvergreenApp works with: AdoptOpenJDK11..AdoptOpenJDK11: should have a URI property that is a string" time="0.2166" asserts="0" success="True" result="Success" executed="True" />
                </results>
              </test-suite>
            </results>
          </test-suite>
          <test-suite type="TestFixture" name="Get-EvergreenApp Terminals" executed="True" result="Success" success="True" time="302.2367" asserts="0" description="Get-EvergreenApp Terminals">
            <results>
              <test-suite type="TestFixture" name="Get-EvergreenApp Terminals.Validate Get-EvergreenApp works with: Terminals." executed="True" result="Success" success="True" time="0.8852" asserts="0" description="Get-EvergreenApp Terminals.Validate Get-EvergreenApp works with: Terminals.">
                <results>
                  <test-case description="Terminals: should return something" name="Get-EvergreenApp Terminals.Validate Get-EvergreenApp works with: Terminals..Terminals: should return something" time="0.1443" asserts="0" success="True" result="Success" executed="True" />
                  <test-case description="Terminals: should return the expected output type" name="Get-EvergreenApp Terminals.Validate Get-EvergreenApp works with: Terminals..Terminals: should return the expected output type" time="0.147" asserts="0" success="True" result="Success" executed="True" />
                  <test-case description="Terminals: should have a Version property that is a string" name="Get-EvergreenApp Terminals.Validate Get-EvergreenApp works with: Terminals..Terminals: should have a Version property that is a string" time="0.1462" asserts="0" success="True" result="Success" executed="True" />
                  <test-case description="Terminals: should have a valid version number" name="Get-EvergreenApp Terminals.Validate Get-EvergreenApp works with: Terminals..Terminals: should have a valid version number" time="0.1439" asserts="0" success="True" result="Success" executed="True" />
                  <test-case description="Terminals: should have a URI property that is a string" name="Get-EvergreenApp Terminals.Validate Get-EvergreenApp works with: Terminals..Terminals: should have a URI property that is a string" time="0.1481" asserts="0" success="True" result="Success" executed="True" />
                </results>
              </test-suite>
            </results>
          </test-suite>
          <test-suite type="TestFixture" name="Get-EvergreenApp MattermostDesktop" executed="True" result="Success" success="True" time="303.7922" asserts="0" description="Get-EvergreenApp MattermostDesktop">
            <results>
              <test-suite type="TestFixture" name="Get-EvergreenApp MattermostDesktop.Validate Get-EvergreenApp works with: MattermostDesktop." executed="True" result="Success" success="True" time="1.0475" asserts="0" description="Get-EvergreenApp MattermostDesktop.Validate Get-EvergreenApp works with: MattermostDesktop.">
                <results>
                  <test-case description="MattermostDesktop: should return something" name="Get-EvergreenApp MattermostDesktop.Validate Get-EvergreenApp works with: MattermostDesktop..MattermostDesktop: should return something" time="0.1435" asserts="0" success="True" result="Success" executed="True" />
                  <test-case description="MattermostDesktop: should return the expected output type" name="Get-EvergreenApp MattermostDesktop.Validate Get-EvergreenApp works with: MattermostDesktop..MattermostDesktop: should return the expected output type" time="0.1607" asserts="0" success="True" result="Success" executed="True" />
                  <test-case description="MattermostDesktop: should have a Version property that is a string" name="Get-EvergreenApp MattermostDesktop.Validate Get-EvergreenApp works with: MattermostDesktop..MattermostDesktop: should have a Version property that is a string" time="0.1972" asserts="0" success="True" result="Success" executed="True" />
                  <test-case description="MattermostDesktop: should have a valid version number" name="Get-EvergreenApp MattermostDesktop.Validate Get-EvergreenApp works with: MattermostDesktop..MattermostDesktop: should have a valid version number" time="0.194" asserts="0" success="True" result="Success" executed="True" />
                  <test-case description="MattermostDesktop: should have a URI property that is a string" name="Get-EvergreenApp MattermostDesktop.Validate Get-EvergreenApp works with: MattermostDesktop..MattermostDesktop: should have a URI property that is a string" time="0.1943" asserts="0" success="True" result="Success" executed="True" />
                </results>
              </test-suite>
            </results>
          </test-suite>
          <test-suite type="TestFixture" name="Get-EvergreenApp CitrixWorkspaceApp" executed="True" result="Success" success="True" time="305.4066" asserts="0" description="Get-EvergreenApp CitrixWorkspaceApp">
            <results>
              <test-suite type="TestFixture" name="Get-EvergreenApp CitrixWorkspaceApp.Validate Get-EvergreenApp works with: CitrixWorkspaceApp." executed="True" result="Success" success="True" time="1.1113" asserts="0" description="Get-EvergreenApp CitrixWorkspaceApp.Validate Get-EvergreenApp works with: CitrixWorkspaceApp.">
                <results>
                  <test-case description="CitrixWorkspaceApp: should return something" name="Get-EvergreenApp CitrixWorkspaceApp.Validate Get-EvergreenApp works with: CitrixWorkspaceApp..CitrixWorkspaceApp: should return something" time="0.1442" asserts="0" success="True" result="Success" executed="True" />
                  <test-case description="CitrixWorkspaceApp: should return the expected output type" name="Get-EvergreenApp CitrixWorkspaceApp.Validate Get-EvergreenApp works with: CitrixWorkspaceApp..CitrixWorkspaceApp: should return the expected output type" time="0.176" asserts="0" success="True" result="Success" executed="True" />
                  <test-case description="CitrixWorkspaceApp: should have a Version property that is a string" name="Get-EvergreenApp CitrixWorkspaceApp.Validate Get-EvergreenApp works with: CitrixWorkspaceApp..CitrixWorkspaceApp: should have a Version property that is a string" time="0.2149" asserts="0" success="True" result="Success" executed="True" />
                  <test-case description="CitrixWorkspaceApp: should have a valid version number" name="Get-EvergreenApp CitrixWorkspaceApp.Validate Get-EvergreenApp works with: CitrixWorkspaceApp..CitrixWorkspaceApp: should have a valid version number" time="0.2098" asserts="0" success="True" result="Success" executed="True" />
                  <test-case description="CitrixWorkspaceApp: should have a URI property that is a string" name="Get-EvergreenApp CitrixWorkspaceApp.Validate Get-EvergreenApp works with: CitrixWorkspaceApp..CitrixWorkspaceApp: should have a URI property that is a string" time="0.2185" asserts="0" success="True" result="Success" executed="True" />
                </results>
              </test-suite>
            </results>
          </test-suite>
          <test-suite type="TestFixture" name="Get-EvergreenApp TogglDesktop" executed="True" result="Success" success="True" time="307.1041" asserts="0" description="Get-EvergreenApp TogglDesktop">
            <results>
              <test-suite type="TestFixture" name="Get-EvergreenApp TogglDesktop.Validate Get-EvergreenApp works with: TogglDesktop." executed="True" result="Success" success="True" time="0.9504" asserts="0" description="Get-EvergreenApp TogglDesktop.Validate Get-EvergreenApp works with: TogglDesktop.">
                <results>
                  <test-case description="TogglDesktop: should return something" name="Get-EvergreenApp TogglDesktop.Validate Get-EvergreenApp works with: TogglDesktop..TogglDesktop: should return something" time="0.1427" asserts="0" success="True" result="Success" executed="True" />
                  <test-case description="TogglDesktop: should return the expected output type" name="Get-EvergreenApp TogglDesktop.Validate Get-EvergreenApp works with: TogglDesktop..TogglDesktop: should return the expected output type" time="0.1578" asserts="0" success="True" result="Success" executed="True" />
                  <test-case description="TogglDesktop: should have a Version property that is a string" name="Get-EvergreenApp TogglDesktop.Validate Get-EvergreenApp works with: TogglDesktop..TogglDesktop: should have a Version property that is a string" time="0.1637" asserts="0" success="True" result="Success" executed="True" />
                  <test-case description="TogglDesktop: should have a valid version number" name="Get-EvergreenApp TogglDesktop.Validate Get-EvergreenApp works with: TogglDesktop..TogglDesktop: should have a valid version number" time="0.1627" asserts="0" success="True" result="Success" executed="True" />
                  <test-case description="TogglDesktop: should have a URI property that is a string" name="Get-EvergreenApp TogglDesktop.Validate Get-EvergreenApp works with: TogglDesktop..TogglDesktop: should have a URI property that is a string" time="0.1686" asserts="0" success="True" result="Success" executed="True" />
                </results>
              </test-suite>
            </results>
          </test-suite>
          <test-suite type="TestFixture" name="Get-EvergreenApp diagrams.net" executed="True" result="Success" success="True" time="309.156" asserts="0" description="Get-EvergreenApp diagrams.net">
            <results>
              <test-suite type="TestFixture" name="Get-EvergreenApp diagrams.net.Validate Get-EvergreenApp works with: diagrams.net." executed="True" result="Success" success="True" time="1.1551" asserts="0" description="Get-EvergreenApp diagrams.net.Validate Get-EvergreenApp works with: diagrams.net.">
                <results>
                  <test-case description="diagrams.net: should return something" name="Get-EvergreenApp diagrams.net.Validate Get-EvergreenApp works with: diagrams.net..diagrams.net: should return something" time="0.144" asserts="0" success="True" result="Success" executed="True" />
                  <test-case description="diagrams.net: should return the expected output type" name="Get-EvergreenApp diagrams.net.Validate Get-EvergreenApp works with: diagrams.net..diagrams.net: should return the expected output type" time="0.1839" asserts="0" success="True" result="Success" executed="True" />
                  <test-case description="diagrams.net: should have a Version property that is a string" name="Get-EvergreenApp diagrams.net.Validate Get-EvergreenApp works with: diagrams.net..diagrams.net: should have a Version property that is a string" time="0.2301" asserts="0" success="True" result="Success" executed="True" />
                  <test-case description="diagrams.net: should have a valid version number" name="Get-EvergreenApp diagrams.net.Validate Get-EvergreenApp works with: diagrams.net..diagrams.net: should have a valid version number" time="0.2187" asserts="0" success="True" result="Success" executed="True" />
                  <test-case description="diagrams.net: should have a URI property that is a string" name="Get-EvergreenApp diagrams.net.Validate Get-EvergreenApp works with: diagrams.net..diagrams.net: should have a URI property that is a string" time="0.2233" asserts="0" success="True" result="Success" executed="True" />
                </results>
              </test-suite>
            </results>
          </test-suite>
          <test-suite type="TestFixture" name="Get-EvergreenApp KeePassXCTeamKeePassXC" executed="True" result="Success" success="True" time="310.9319" asserts="0" description="Get-EvergreenApp KeePassXCTeamKeePassXC">
            <results>
              <test-suite type="TestFixture" name="Get-EvergreenApp KeePassXCTeamKeePassXC.Validate Get-EvergreenApp works with: KeePassXCTeamKeePassXC." executed="True" result="Success" success="True" time="0.9675" asserts="0" description="Get-EvergreenApp KeePassXCTeamKeePassXC.Validate Get-EvergreenApp works with: KeePassXCTeamKeePassXC.">
                <results>
                  <test-case description="KeePassXCTeamKeePassXC: should return something" name="Get-EvergreenApp KeePassXCTeamKeePassXC.Validate Get-EvergreenApp works with: KeePassXCTeamKeePassXC..KeePassXCTeamKeePassXC: should return something" time="0.1547" asserts="0" success="True" result="Success" executed="True" />
                  <test-case description="KeePassXCTeamKeePassXC: should return the expected output type" name="Get-EvergreenApp KeePassXCTeamKeePassXC.Validate Get-EvergreenApp works with: KeePassXCTeamKeePassXC..KeePassXCTeamKeePassXC: should return the expected output type" time="0.1537" asserts="0" success="True" result="Success" executed="True" />
                  <test-case description="KeePassXCTeamKeePassXC: should have a Version property that is a string" name="Get-EvergreenApp KeePassXCTeamKeePassXC.Validate Get-EvergreenApp works with: KeePassXCTeamKeePassXC..KeePassXCTeamKeePassXC: should have a Version property that is a string" time="0.1709" asserts="0" success="True" result="Success" executed="True" />
                  <test-case description="KeePassXCTeamKeePassXC: should have a valid version number" name="Get-EvergreenApp KeePassXCTeamKeePassXC.Validate Get-EvergreenApp works with: KeePassXCTeamKeePassXC..KeePassXCTeamKeePassXC: should have a valid version number" time="0.1708" asserts="0" success="True" result="Success" executed="True" />
                  <test-case description="KeePassXCTeamKeePassXC: should have a URI property that is a string" name="Get-EvergreenApp KeePassXCTeamKeePassXC.Validate Get-EvergreenApp works with: KeePassXCTeamKeePassXC..KeePassXCTeamKeePassXC: should have a URI property that is a string" time="0.1626" asserts="0" success="True" result="Success" executed="True" />
                </results>
              </test-suite>
            </results>
          </test-suite>
          <test-suite type="TestFixture" name="Get-EvergreenApp MirantisLens" executed="True" result="Success" success="True" time="313.8637" asserts="0" description="Get-EvergreenApp MirantisLens">
            <results>
              <test-suite type="TestFixture" name="Get-EvergreenApp MirantisLens.Validate Get-EvergreenApp works with: MirantisLens." executed="True" result="Success" success="True" time="0.9724" asserts="0" description="Get-EvergreenApp MirantisLens.Validate Get-EvergreenApp works with: MirantisLens.">
                <results>
                  <test-case description="MirantisLens: should return something" name="Get-EvergreenApp MirantisLens.Validate Get-EvergreenApp works with: MirantisLens..MirantisLens: should return something" time="0.1513" asserts="0" success="True" result="Success" executed="True" />
                  <test-case description="MirantisLens: should return the expected output type" name="Get-EvergreenApp MirantisLens.Validate Get-EvergreenApp works with: MirantisLens..MirantisLens: should return the expected output type" time="0.1513" asserts="0" success="True" result="Success" executed="True" />
                  <test-case description="MirantisLens: should have a Version property that is a string" name="Get-EvergreenApp MirantisLens.Validate Get-EvergreenApp works with: MirantisLens..MirantisLens: should have a Version property that is a string" time="0.1653" asserts="0" success="True" result="Success" executed="True" />
                  <test-case description="MirantisLens: should have a valid version number" name="Get-EvergreenApp MirantisLens.Validate Get-EvergreenApp works with: MirantisLens..MirantisLens: should have a valid version number" time="0.1739" asserts="0" success="True" result="Success" executed="True" />
                  <test-case description="MirantisLens: should have a URI property that is a string" name="Get-EvergreenApp MirantisLens.Validate Get-EvergreenApp works with: MirantisLens..MirantisLens: should have a URI property that is a string" time="0.1723" asserts="0" success="True" result="Success" executed="True" />
                </results>
              </test-suite>
            </results>
          </test-suite>
          <test-suite type="TestFixture" name="Get-EvergreenApp AWSCLI" executed="True" result="Success" success="True" time="315.2519" asserts="0" description="Get-EvergreenApp AWSCLI">
            <results>
              <test-suite type="TestFixture" name="Get-EvergreenApp AWSCLI.Validate Get-EvergreenApp works with: AWSCLI." executed="True" result="Success" success="True" time="0.9082" asserts="0" description="Get-EvergreenApp AWSCLI.Validate Get-EvergreenApp works with: AWSCLI.">
                <results>
                  <test-case description="AWSCLI: should return something" name="Get-EvergreenApp AWSCLI.Validate Get-EvergreenApp works with: AWSCLI..AWSCLI: should return something" time="0.1465" asserts="0" success="True" result="Success" executed="True" />
                  <test-case description="AWSCLI: should return the expected output type" name="Get-EvergreenApp AWSCLI.Validate Get-EvergreenApp works with: AWSCLI..AWSCLI: should return the expected output type" time="0.1471" asserts="0" success="True" result="Success" executed="True" />
                  <test-case description="AWSCLI: should have a Version property that is a string" name="Get-EvergreenApp AWSCLI.Validate Get-EvergreenApp works with: AWSCLI..AWSCLI: should have a Version property that is a string" time="0.1485" asserts="0" success="True" result="Success" executed="True" />
                  <test-case description="AWSCLI: should have a valid version number" name="Get-EvergreenApp AWSCLI.Validate Get-EvergreenApp works with: AWSCLI..AWSCLI: should have a valid version number" time="0.1559" asserts="0" success="True" result="Success" executed="True" />
                  <test-case description="AWSCLI: should have a URI property that is a string" name="Get-EvergreenApp AWSCLI.Validate Get-EvergreenApp works with: AWSCLI..AWSCLI: should have a URI property that is a string" time="0.1523" asserts="0" success="True" result="Success" executed="True" />
                </results>
              </test-suite>
            </results>
          </test-suite>
          <test-suite type="TestFixture" name="Get-EvergreenApp HashicorpWaypoint" executed="True" result="Success" success="True" time="316.7773" asserts="0" description="Get-EvergreenApp HashicorpWaypoint">
            <results>
              <test-suite type="TestFixture" name="Get-EvergreenApp HashicorpWaypoint.Validate Get-EvergreenApp works with: HashicorpWaypoint." executed="True" result="Success" success="True" time="0.9185" asserts="0" description="Get-EvergreenApp HashicorpWaypoint.Validate Get-EvergreenApp works with: HashicorpWaypoint.">
                <results>
                  <test-case description="HashicorpWaypoint: should return something" name="Get-EvergreenApp HashicorpWaypoint.Validate Get-EvergreenApp works with: HashicorpWaypoint..HashicorpWaypoint: should return something" time="0.1376" asserts="0" success="True" result="Success" executed="True" />
                  <test-case description="HashicorpWaypoint: should return the expected output type" name="Get-EvergreenApp HashicorpWaypoint.Validate Get-EvergreenApp works with: HashicorpWaypoint..HashicorpWaypoint: should return the expected output type" time="0.1512" asserts="0" success="True" result="Success" executed="True" />
                  <test-case description="HashicorpWaypoint: should have a Version property that is a string" name="Get-EvergreenApp HashicorpWaypoint.Validate Get-EvergreenApp works with: HashicorpWaypoint..HashicorpWaypoint: should have a Version property that is a string" time="0.1558" asserts="0" success="True" result="Success" executed="True" />
                  <test-case description="HashicorpWaypoint: should have a valid version number" name="Get-EvergreenApp HashicorpWaypoint.Validate Get-EvergreenApp works with: HashicorpWaypoint..HashicorpWaypoint: should have a valid version number" time="0.1624" asserts="0" success="True" result="Success" executed="True" />
                  <test-case description="HashicorpWaypoint: should have a URI property that is a string" name="Get-EvergreenApp HashicorpWaypoint.Validate Get-EvergreenApp works with: HashicorpWaypoint..HashicorpWaypoint: should have a URI property that is a string" time="0.1621" asserts="0" success="True" result="Success" executed="True" />
                </results>
              </test-suite>
            </results>
          </test-suite>
          <test-suite type="TestFixture" name="Get-EvergreenApp Gimp" executed="True" result="Success" success="True" time="318.5935" asserts="0" description="Get-EvergreenApp Gimp">
            <results>
              <test-suite type="TestFixture" name="Get-EvergreenApp Gimp.Validate Get-EvergreenApp works with: Gimp." executed="True" result="Success" success="True" time="0.902" asserts="0" description="Get-EvergreenApp Gimp.Validate Get-EvergreenApp works with: Gimp.">
                <results>
                  <test-case description="Gimp: should return something" name="Get-EvergreenApp Gimp.Validate Get-EvergreenApp works with: Gimp..Gimp: should return something" time="0.1489" asserts="0" success="True" result="Success" executed="True" />
                  <test-case description="Gimp: should return the expected output type" name="Get-EvergreenApp Gimp.Validate Get-EvergreenApp works with: Gimp..Gimp: should return the expected output type" time="0.1454" asserts="0" success="True" result="Success" executed="True" />
                  <test-case description="Gimp: should have a Version property that is a string" name="Get-EvergreenApp Gimp.Validate Get-EvergreenApp works with: Gimp..Gimp: should have a Version property that is a string" time="0.1469" asserts="0" success="True" result="Success" executed="True" />
                  <test-case description="Gimp: should have a valid version number" name="Get-EvergreenApp Gimp.Validate Get-EvergreenApp works with: Gimp..Gimp: should have a valid version number" time="0.1444" asserts="0" success="True" result="Success" executed="True" />
                  <test-case description="Gimp: should have a URI property that is a string" name="Get-EvergreenApp Gimp.Validate Get-EvergreenApp works with: Gimp..Gimp: should have a URI property that is a string" time="0.1511" asserts="0" success="True" result="Success" executed="True" />
                </results>
              </test-suite>
            </results>
          </test-suite>
          <test-suite type="TestFixture" name="Get-EvergreenApp AdobeAcrobatProStdDC" executed="True" result="Success" success="True" time="320.1254" asserts="0" description="Get-EvergreenApp AdobeAcrobatProStdDC">
            <results>
              <test-suite type="TestFixture" name="Get-EvergreenApp AdobeAcrobatProStdDC.Validate Get-EvergreenApp works with: AdobeAcrobatProStdDC." executed="True" result="Success" success="True" time="1.1223" asserts="0" description="Get-EvergreenApp AdobeAcrobatProStdDC.Validate Get-EvergreenApp works with: AdobeAcrobatProStdDC.">
                <results>
                  <test-case description="AdobeAcrobatProStdDC: should return something" name="Get-EvergreenApp AdobeAcrobatProStdDC.Validate Get-EvergreenApp works with: AdobeAcrobatProStdDC..AdobeAcrobatProStdDC: should return something" time="0.148" asserts="0" success="True" result="Success" executed="True" />
                  <test-case description="AdobeAcrobatProStdDC: should return the expected output type" name="Get-EvergreenApp AdobeAcrobatProStdDC.Validate Get-EvergreenApp works with: AdobeAcrobatProStdDC..AdobeAcrobatProStdDC: should return the expected output type" time="0.1712" asserts="0" success="True" result="Success" executed="True" />
                  <test-case description="AdobeAcrobatProStdDC: should have a Version property that is a string" name="Get-EvergreenApp AdobeAcrobatProStdDC.Validate Get-EvergreenApp works with: AdobeAcrobatProStdDC..AdobeAcrobatProStdDC: should have a Version property that is a string" time="0.2112" asserts="0" success="True" result="Success" executed="True" />
                  <test-case description="AdobeAcrobatProStdDC: should have a valid version number" name="Get-EvergreenApp AdobeAcrobatProStdDC.Validate Get-EvergreenApp works with: AdobeAcrobatProStdDC..AdobeAcrobatProStdDC: should have a valid version number" time="0.214" asserts="0" success="True" result="Success" executed="True" />
                  <test-case description="AdobeAcrobatProStdDC: should have a URI property that is a string" name="Get-EvergreenApp AdobeAcrobatProStdDC.Validate Get-EvergreenApp works with: AdobeAcrobatProStdDC..AdobeAcrobatProStdDC: should have a URI property that is a string" time="0.2259" asserts="0" success="True" result="Success" executed="True" />
                </results>
              </test-suite>
            </results>
          </test-suite>
          <test-suite type="TestFixture" name="Get-EvergreenApp XnSoftXnViewMP" executed="True" result="Success" success="True" time="322.0624" asserts="0" description="Get-EvergreenApp XnSoftXnViewMP">
            <results>
              <test-suite type="TestFixture" name="Get-EvergreenApp XnSoftXnViewMP.Validate Get-EvergreenApp works with: XnSoftXnViewMP." executed="True" result="Success" success="True" time="1.089" asserts="0" description="Get-EvergreenApp XnSoftXnViewMP.Validate Get-EvergreenApp works with: XnSoftXnViewMP.">
                <results>
                  <test-case description="XnSoftXnViewMP: should return something" name="Get-EvergreenApp XnSoftXnViewMP.Validate Get-EvergreenApp works with: XnSoftXnViewMP..XnSoftXnViewMP: should return something" time="0.1633" asserts="0" success="True" result="Success" executed="True" />
                  <test-case description="XnSoftXnViewMP: should return the expected output type" name="Get-EvergreenApp XnSoftXnViewMP.Validate Get-EvergreenApp works with: XnSoftXnViewMP..XnSoftXnViewMP: should return the expected output type" time="0.1696" asserts="0" success="True" result="Success" executed="True" />
                  <test-case description="XnSoftXnViewMP: should have a Version property that is a string" name="Get-EvergreenApp XnSoftXnViewMP.Validate Get-EvergreenApp works with: XnSoftXnViewMP..XnSoftXnViewMP: should have a Version property that is a string" time="0.1909" asserts="0" success="True" result="Success" executed="True" />
                  <test-case description="XnSoftXnViewMP: should have a valid version number" name="Get-EvergreenApp XnSoftXnViewMP.Validate Get-EvergreenApp works with: XnSoftXnViewMP..XnSoftXnViewMP: should have a valid version number" time="0.1864" asserts="0" success="True" result="Success" executed="True" />
                  <test-case description="XnSoftXnViewMP: should have a URI property that is a string" name="Get-EvergreenApp XnSoftXnViewMP.Validate Get-EvergreenApp works with: XnSoftXnViewMP..XnSoftXnViewMP: should have a URI property that is a string" time="0.1936" asserts="0" success="True" result="Success" executed="True" />
                </results>
              </test-suite>
            </results>
          </test-suite>
          <test-suite type="TestFixture" name="Get-EvergreenApp NotepadPlusPlus" executed="True" result="Success" success="True" time="325.1009" asserts="0" description="Get-EvergreenApp NotepadPlusPlus">
            <results>
              <test-suite type="TestFixture" name="Get-EvergreenApp NotepadPlusPlus.Validate Get-EvergreenApp works with: NotepadPlusPlus." executed="True" result="Success" success="True" time="1.9563" asserts="0" description="Get-EvergreenApp NotepadPlusPlus.Validate Get-EvergreenApp works with: NotepadPlusPlus.">
                <results>
                  <test-case description="NotepadPlusPlus: should return something" name="Get-EvergreenApp NotepadPlusPlus.Validate Get-EvergreenApp works with: NotepadPlusPlus..NotepadPlusPlus: should return something" time="0.1706" asserts="0" success="True" result="Success" executed="True" />
                  <test-case description="NotepadPlusPlus: should return the expected output type" name="Get-EvergreenApp NotepadPlusPlus.Validate Get-EvergreenApp works with: NotepadPlusPlus..NotepadPlusPlus: should return the expected output type" time="0.2823" asserts="0" success="True" result="Success" executed="True" />
                  <test-case description="NotepadPlusPlus: should have a Version property that is a string" name="Get-EvergreenApp NotepadPlusPlus.Validate Get-EvergreenApp works with: NotepadPlusPlus..NotepadPlusPlus: should have a Version property that is a string" time="0.4583" asserts="0" success="True" result="Success" executed="True" />
                  <test-case description="NotepadPlusPlus: should have a valid version number" name="Get-EvergreenApp NotepadPlusPlus.Validate Get-EvergreenApp works with: NotepadPlusPlus..NotepadPlusPlus: should have a valid version number" time="0.4419" asserts="0" success="True" result="Success" executed="True" />
                  <test-case description="NotepadPlusPlus: should have a URI property that is a string" name="Get-EvergreenApp NotepadPlusPlus.Validate Get-EvergreenApp works with: NotepadPlusPlus..NotepadPlusPlus: should have a URI property that is a string" time="0.4361" asserts="0" success="True" result="Success" executed="True" />
                </results>
              </test-suite>
            </results>
          </test-suite>
          <test-suite type="TestFixture" name="Get-EvergreenApp VMwareOSOptimizationTool" executed="True" result="Success" success="True" time="327.4081" asserts="0" description="Get-EvergreenApp VMwareOSOptimizationTool">
            <results>
              <test-suite type="TestFixture" name="Get-EvergreenApp VMwareOSOptimizationTool.Validate Get-EvergreenApp works with: VMwareOSOptimizationTool." executed="True" result="Success" success="True" time="1.067" asserts="0" description="Get-EvergreenApp VMwareOSOptimizationTool.Validate Get-EvergreenApp works with: VMwareOSOptimizationTool.">
                <results>
                  <test-case description="VMwareOSOptimizationTool: should return something" name="Get-EvergreenApp VMwareOSOptimizationTool.Validate Get-EvergreenApp works with: VMwareOSOptimizationTool..VMwareOSOptimizationTool: should return something" time="0.1675" asserts="0" success="True" result="Success" executed="True" />
                  <test-case description="VMwareOSOptimizationTool: should return the expected output type" name="Get-EvergreenApp VMwareOSOptimizationTool.Validate Get-EvergreenApp works with: VMwareOSOptimizationTool..VMwareOSOptimizationTool: should return the expected output type" time="0.1689" asserts="0" success="True" result="Success" executed="True" />
                  <test-case description="VMwareOSOptimizationTool: should have a Version property that is a string" name="Get-EvergreenApp VMwareOSOptimizationTool.Validate Get-EvergreenApp works with: VMwareOSOptimizationTool..VMwareOSOptimizationTool: should have a Version property that is a string" time="0.1855" asserts="0" success="True" result="Success" executed="True" />
                  <test-case description="VMwareOSOptimizationTool: should have a valid version number" name="Get-EvergreenApp VMwareOSOptimizationTool.Validate Get-EvergreenApp works with: VMwareOSOptimizationTool..VMwareOSOptimizationTool: should have a valid version number" time="0.1867" asserts="0" success="True" result="Success" executed="True" />
                  <test-case description="VMwareOSOptimizationTool: should have a URI property that is a string" name="Get-EvergreenApp VMwareOSOptimizationTool.Validate Get-EvergreenApp works with: VMwareOSOptimizationTool..VMwareOSOptimizationTool: should have a URI property that is a string" time="0.1882" asserts="0" success="True" result="Success" executed="True" />
                </results>
              </test-suite>
            </results>
          </test-suite>
          <test-suite type="TestFixture" name="Get-EvergreenApp ScooterBeyondCompare" executed="True" result="Success" success="True" time="331.9904" asserts="0" description="Get-EvergreenApp ScooterBeyondCompare">
            <results>
              <test-suite type="TestFixture" name="Get-EvergreenApp ScooterBeyondCompare.Validate Get-EvergreenApp works with: ScooterBeyondCompare." executed="True" result="Success" success="True" time="0.921" asserts="0" description="Get-EvergreenApp ScooterBeyondCompare.Validate Get-EvergreenApp works with: ScooterBeyondCompare.">
                <results>
                  <test-case description="ScooterBeyondCompare: should return something" name="Get-EvergreenApp ScooterBeyondCompare.Validate Get-EvergreenApp works with: ScooterBeyondCompare..ScooterBeyondCompare: should return something" time="0.1504" asserts="0" success="True" result="Success" executed="True" />
                  <test-case description="ScooterBeyondCompare: should return the expected output type" name="Get-EvergreenApp ScooterBeyondCompare.Validate Get-EvergreenApp works with: ScooterBeyondCompare..ScooterBeyondCompare: should return the expected output type" time="0.1476" asserts="0" success="True" result="Success" executed="True" />
                  <test-case description="ScooterBeyondCompare: should have a Version property that is a string" name="Get-EvergreenApp ScooterBeyondCompare.Validate Get-EvergreenApp works with: ScooterBeyondCompare..ScooterBeyondCompare: should have a Version property that is a string" time="0.1509" asserts="0" success="True" result="Success" executed="True" />
                  <test-case description="ScooterBeyondCompare: should have a valid version number" name="Get-EvergreenApp ScooterBeyondCompare.Validate Get-EvergreenApp works with: ScooterBeyondCompare..ScooterBeyondCompare: should have a valid version number" time="0.1561" asserts="0" success="True" result="Success" executed="True" />
                  <test-case description="ScooterBeyondCompare: should have a URI property that is a string" name="Get-EvergreenApp ScooterBeyondCompare.Validate Get-EvergreenApp works with: ScooterBeyondCompare..ScooterBeyondCompare: should have a URI property that is a string" time="0.1542" asserts="0" success="True" result="Success" executed="True" />
                </results>
              </test-suite>
            </results>
          </test-suite>
          <test-suite type="TestFixture" name="Get-EvergreenApp MendeleyDesktop" executed="True" result="Success" success="True" time="333.5505" asserts="0" description="Get-EvergreenApp MendeleyDesktop">
            <results>
              <test-suite type="TestFixture" name="Get-EvergreenApp MendeleyDesktop.Validate Get-EvergreenApp works with: MendeleyDesktop." executed="True" result="Success" success="True" time="0.9692" asserts="0" description="Get-EvergreenApp MendeleyDesktop.Validate Get-EvergreenApp works with: MendeleyDesktop.">
                <results>
                  <test-case description="MendeleyDesktop: should return something" name="Get-EvergreenApp MendeleyDesktop.Validate Get-EvergreenApp works with: MendeleyDesktop..MendeleyDesktop: should return something" time="0.1686" asserts="0" success="True" result="Success" executed="True" />
                  <test-case description="MendeleyDesktop: should return the expected output type" name="Get-EvergreenApp MendeleyDesktop.Validate Get-EvergreenApp works with: MendeleyDesktop..MendeleyDesktop: should return the expected output type" time="0.167" asserts="0" success="True" result="Success" executed="True" />
                  <test-case description="MendeleyDesktop: should have a Version property that is a string" name="Get-EvergreenApp MendeleyDesktop.Validate Get-EvergreenApp works with: MendeleyDesktop..MendeleyDesktop: should have a Version property that is a string" time="0.1674" asserts="0" success="True" result="Success" executed="True" />
                  <test-case description="MendeleyDesktop: should have a valid version number" name="Get-EvergreenApp MendeleyDesktop.Validate Get-EvergreenApp works with: MendeleyDesktop..MendeleyDesktop: should have a valid version number" time="0.1483" asserts="0" success="True" result="Success" executed="True" />
                  <test-case description="MendeleyDesktop: should have a URI property that is a string" name="Get-EvergreenApp MendeleyDesktop.Validate Get-EvergreenApp works with: MendeleyDesktop..MendeleyDesktop: should have a URI property that is a string" time="0.1428" asserts="0" success="True" result="Success" executed="True" />
                </results>
              </test-suite>
            </results>
          </test-suite>
          <test-suite type="TestFixture" name="Get-EvergreenApp AdoptiumTemurin11" executed="True" result="Success" success="True" time="335.2933" asserts="0" description="Get-EvergreenApp AdoptiumTemurin11">
            <results>
              <test-suite type="TestFixture" name="Get-EvergreenApp AdoptiumTemurin11.Validate Get-EvergreenApp works with: AdoptiumTemurin11." executed="True" result="Success" success="True" time="1.1344" asserts="0" description="Get-EvergreenApp AdoptiumTemurin11.Validate Get-EvergreenApp works with: AdoptiumTemurin11.">
                <results>
                  <test-case description="AdoptiumTemurin11: should return something" name="Get-EvergreenApp AdoptiumTemurin11.Validate Get-EvergreenApp works with: AdoptiumTemurin11..AdoptiumTemurin11: should return something" time="0.1528" asserts="0" success="True" result="Success" executed="True" />
                  <test-case description="AdoptiumTemurin11: should return the expected output type" name="Get-EvergreenApp AdoptiumTemurin11.Validate Get-EvergreenApp works with: AdoptiumTemurin11..AdoptiumTemurin11: should return the expected output type" time="0.1684" asserts="0" success="True" result="Success" executed="True" />
                  <test-case description="AdoptiumTemurin11: should have a Version property that is a string" name="Get-EvergreenApp AdoptiumTemurin11.Validate Get-EvergreenApp works with: AdoptiumTemurin11..AdoptiumTemurin11: should have a Version property that is a string" time="0.2183" asserts="0" success="True" result="Success" executed="True" />
                  <test-case description="AdoptiumTemurin11: should have a valid version number" name="Get-EvergreenApp AdoptiumTemurin11.Validate Get-EvergreenApp works with: AdoptiumTemurin11..AdoptiumTemurin11: should have a valid version number" time="0.2231" asserts="0" success="True" result="Success" executed="True" />
                  <test-case description="AdoptiumTemurin11: should have a URI property that is a string" name="Get-EvergreenApp AdoptiumTemurin11.Validate Get-EvergreenApp works with: AdoptiumTemurin11..AdoptiumTemurin11: should have a URI property that is a string" time="0.2147" asserts="0" success="True" result="Success" executed="True" />
                </results>
              </test-suite>
            </results>
          </test-suite>
          <test-suite type="TestFixture" name="Get-EvergreenApp HashicorpVault" executed="True" result="Success" success="True" time="336.9201" asserts="0" description="Get-EvergreenApp HashicorpVault">
            <results>
              <test-suite type="TestFixture" name="Get-EvergreenApp HashicorpVault.Validate Get-EvergreenApp works with: HashicorpVault." executed="True" result="Success" success="True" time="0.9602" asserts="0" description="Get-EvergreenApp HashicorpVault.Validate Get-EvergreenApp works with: HashicorpVault.">
                <results>
                  <test-case description="HashicorpVault: should return something" name="Get-EvergreenApp HashicorpVault.Validate Get-EvergreenApp works with: HashicorpVault..HashicorpVault: should return something" time="0.1456" asserts="0" success="True" result="Success" executed="True" />
                  <test-case description="HashicorpVault: should return the expected output type" name="Get-EvergreenApp HashicorpVault.Validate Get-EvergreenApp works with: HashicorpVault..HashicorpVault: should return the expected output type" time="0.1551" asserts="0" success="True" result="Success" executed="True" />
                  <test-case description="HashicorpVault: should have a Version property that is a string" name="Get-EvergreenApp HashicorpVault.Validate Get-EvergreenApp works with: HashicorpVault..HashicorpVault: should have a Version property that is a string" time="0.1637" asserts="0" success="True" result="Success" executed="True" />
                  <test-case description="HashicorpVault: should have a valid version number" name="Get-EvergreenApp HashicorpVault.Validate Get-EvergreenApp works with: HashicorpVault..HashicorpVault: should have a valid version number" time="0.1671" asserts="0" success="True" result="Success" executed="True" />
                  <test-case description="HashicorpVault: should have a URI property that is a string" name="Get-EvergreenApp HashicorpVault.Validate Get-EvergreenApp works with: HashicorpVault..HashicorpVault: should have a URI property that is a string" time="0.1671" asserts="0" success="True" result="Success" executed="True" />
                </results>
              </test-suite>
            </results>
          </test-suite>
          <test-suite type="TestFixture" name="Get-EvergreenApp OctopusDeployServer" executed="True" result="Success" success="True" time="338.4184" asserts="0" description="Get-EvergreenApp OctopusDeployServer">
            <results>
              <test-suite type="TestFixture" name="Get-EvergreenApp OctopusDeployServer.Validate Get-EvergreenApp works with: OctopusDeployServer." executed="True" result="Success" success="True" time="0.8783" asserts="0" description="Get-EvergreenApp OctopusDeployServer.Validate Get-EvergreenApp works with: OctopusDeployServer.">
                <results>
                  <test-case description="OctopusDeployServer: should return something" name="Get-EvergreenApp OctopusDeployServer.Validate Get-EvergreenApp works with: OctopusDeployServer..OctopusDeployServer: should return something" time="0.142" asserts="0" success="True" result="Success" executed="True" />
                  <test-case description="OctopusDeployServer: should return the expected output type" name="Get-EvergreenApp OctopusDeployServer.Validate Get-EvergreenApp works with: OctopusDeployServer..OctopusDeployServer: should return the expected output type" time="0.1404" asserts="0" success="True" result="Success" executed="True" />
                  <test-case description="OctopusDeployServer: should have a Version property that is a string" name="Get-EvergreenApp OctopusDeployServer.Validate Get-EvergreenApp works with: OctopusDeployServer..OctopusDeployServer: should have a Version property that is a string" time="0.1389" asserts="0" success="True" result="Success" executed="True" />
                  <test-case description="OctopusDeployServer: should have a valid version number" name="Get-EvergreenApp OctopusDeployServer.Validate Get-EvergreenApp works with: OctopusDeployServer..OctopusDeployServer: should have a valid version number" time="0.1442" asserts="0" success="True" result="Success" executed="True" />
                  <test-case description="OctopusDeployServer: should have a URI property that is a string" name="Get-EvergreenApp OctopusDeployServer.Validate Get-EvergreenApp works with: OctopusDeployServer..OctopusDeployServer: should have a URI property that is a string" time="0.1439" asserts="0" success="True" result="Success" executed="True" />
                </results>
              </test-suite>
            </results>
          </test-suite>
          <test-suite type="TestFixture" name="Get-EvergreenApp MasterPackager" executed="True" result="Success" success="True" time="340.2767" asserts="0" description="Get-EvergreenApp MasterPackager">
            <results>
              <test-suite type="TestFixture" name="Get-EvergreenApp MasterPackager.Validate Get-EvergreenApp works with: MasterPackager." executed="True" result="Success" success="True" time="0.8265" asserts="0" description="Get-EvergreenApp MasterPackager.Validate Get-EvergreenApp works with: MasterPackager.">
                <results>
                  <test-case description="MasterPackager: should return something" name="Get-EvergreenApp MasterPackager.Validate Get-EvergreenApp works with: MasterPackager..MasterPackager: should return something" time="0.1358" asserts="0" success="True" result="Success" executed="True" />
                  <test-case description="MasterPackager: should return the expected output type" name="Get-EvergreenApp MasterPackager.Validate Get-EvergreenApp works with: MasterPackager..MasterPackager: should return the expected output type" time="0.1332" asserts="0" success="True" result="Success" executed="True" />
                  <test-case description="MasterPackager: should have a Version property that is a string" name="Get-EvergreenApp MasterPackager.Validate Get-EvergreenApp works with: MasterPackager..MasterPackager: should have a Version property that is a string" time="0.1399" asserts="0" success="True" result="Success" executed="True" />
                  <test-case description="MasterPackager: should have a valid version number" name="Get-EvergreenApp MasterPackager.Validate Get-EvergreenApp works with: MasterPackager..MasterPackager: should have a valid version number" time="0.1322" asserts="0" success="True" result="Success" executed="True" />
                  <test-case description="MasterPackager: should have a URI property that is a string" name="Get-EvergreenApp MasterPackager.Validate Get-EvergreenApp works with: MasterPackager..MasterPackager: should have a URI property that is a string" time="0.137" asserts="0" success="True" result="Success" executed="True" />
                </results>
              </test-suite>
            </results>
          </test-suite>
          <test-suite type="TestFixture" name="Get-EvergreenApp Cyberduck" executed="True" result="Success" success="True" time="341.9363" asserts="0" description="Get-EvergreenApp Cyberduck">
            <results>
              <test-suite type="TestFixture" name="Get-EvergreenApp Cyberduck.Validate Get-EvergreenApp works with: Cyberduck." executed="True" result="Success" success="True" time="0.8585" asserts="0" description="Get-EvergreenApp Cyberduck.Validate Get-EvergreenApp works with: Cyberduck.">
                <results>
                  <test-case description="Cyberduck: should return something" name="Get-EvergreenApp Cyberduck.Validate Get-EvergreenApp works with: Cyberduck..Cyberduck: should return something" time="0.1414" asserts="0" success="True" result="Success" executed="True" />
                  <test-case description="Cyberduck: should return the expected output type" name="Get-EvergreenApp Cyberduck.Validate Get-EvergreenApp works with: Cyberduck..Cyberduck: should return the expected output type" time="0.1416" asserts="0" success="True" result="Success" executed="True" />
                  <test-case description="Cyberduck: should have a Version property that is a string" name="Get-EvergreenApp Cyberduck.Validate Get-EvergreenApp works with: Cyberduck..Cyberduck: should have a Version property that is a string" time="0.1407" asserts="0" success="True" result="Success" executed="True" />
                  <test-case description="Cyberduck: should have a valid version number" name="Get-EvergreenApp Cyberduck.Validate Get-EvergreenApp works with: Cyberduck..Cyberduck: should have a valid version number" time="0.1394" asserts="0" success="True" result="Success" executed="True" />
                  <test-case description="Cyberduck: should have a URI property that is a string" name="Get-EvergreenApp Cyberduck.Validate Get-EvergreenApp works with: Cyberduck..Cyberduck: should have a URI property that is a string" time="0.1434" asserts="0" success="True" result="Success" executed="True" />
                </results>
              </test-suite>
            </results>
          </test-suite>
          <test-suite type="TestFixture" name="Get-EvergreenApp GitExtensions" executed="True" result="Success" success="True" time="343.5788" asserts="0" description="Get-EvergreenApp GitExtensions">
            <results>
              <test-suite type="TestFixture" name="Get-EvergreenApp GitExtensions.Validate Get-EvergreenApp works with: GitExtensions." executed="True" result="Success" success="True" time="0.9585" asserts="0" description="Get-EvergreenApp GitExtensions.Validate Get-EvergreenApp works with: GitExtensions.">
                <results>
                  <test-case description="GitExtensions: should return something" name="Get-EvergreenApp GitExtensions.Validate Get-EvergreenApp works with: GitExtensions..GitExtensions: should return something" time="0.1406" asserts="0" success="True" result="Success" executed="True" />
                  <test-case description="GitExtensions: should return the expected output type" name="Get-EvergreenApp GitExtensions.Validate Get-EvergreenApp works with: GitExtensions..GitExtensions: should return the expected output type" time="0.1543" asserts="0" success="True" result="Success" executed="True" />
                  <test-case description="GitExtensions: should have a Version property that is a string" name="Get-EvergreenApp GitExtensions.Validate Get-EvergreenApp works with: GitExtensions..GitExtensions: should have a Version property that is a string" time="0.1684" asserts="0" success="True" result="Success" executed="True" />
                  <test-case description="GitExtensions: should have a valid version number" name="Get-EvergreenApp GitExtensions.Validate Get-EvergreenApp works with: GitExtensions..GitExtensions: should have a valid version number" time="0.1689" asserts="0" success="True" result="Success" executed="True" />
                  <test-case description="GitExtensions: should have a URI property that is a string" name="Get-EvergreenApp GitExtensions.Validate Get-EvergreenApp works with: GitExtensions..GitExtensions: should have a URI property that is a string" time="0.1721" asserts="0" success="True" result="Success" executed="True" />
                </results>
              </test-suite>
            </results>
          </test-suite>
          <test-suite type="TestFixture" name="Get-EvergreenApp AdoptOpenJDKSemuru11" executed="True" result="Success" success="True" time="346.2836" asserts="0" description="Get-EvergreenApp AdoptOpenJDKSemuru11">
            <results>
              <test-suite type="TestFixture" name="Get-EvergreenApp AdoptOpenJDKSemuru11.Validate Get-EvergreenApp works with: AdoptOpenJDKSemuru11." executed="True" result="Success" success="True" time="1.2393" asserts="0" description="Get-EvergreenApp AdoptOpenJDKSemuru11.Validate Get-EvergreenApp works with: AdoptOpenJDKSemuru11.">
                <results>
                  <test-case description="AdoptOpenJDKSemuru11: should return something" name="Get-EvergreenApp AdoptOpenJDKSemuru11.Validate Get-EvergreenApp works with: AdoptOpenJDKSemuru11..AdoptOpenJDKSemuru11: should return something" time="0.148" asserts="0" success="True" result="Success" executed="True" />
                  <test-case description="AdoptOpenJDKSemuru11: should return the expected output type" name="Get-EvergreenApp AdoptOpenJDKSemuru11.Validate Get-EvergreenApp works with: AdoptOpenJDKSemuru11..AdoptOpenJDKSemuru11: should return the expected output type" time="0.1902" asserts="0" success="True" result="Success" executed="True" />
                  <test-case description="AdoptOpenJDKSemuru11: should have a Version property that is a string" name="Get-EvergreenApp AdoptOpenJDKSemuru11.Validate Get-EvergreenApp works with: AdoptOpenJDKSemuru11..AdoptOpenJDKSemuru11: should have a Version property that is a string" time="0.2566" asserts="0" success="True" result="Success" executed="True" />
                  <test-case description="AdoptOpenJDKSemuru11: should have a valid version number" name="Get-EvergreenApp AdoptOpenJDKSemuru11.Validate Get-EvergreenApp works with: AdoptOpenJDKSemuru11..AdoptOpenJDKSemuru11: should have a valid version number" time="0.2373" asserts="0" success="True" result="Success" executed="True" />
                  <test-case description="AdoptOpenJDKSemuru11: should have a URI property that is a string" name="Get-EvergreenApp AdoptOpenJDKSemuru11.Validate Get-EvergreenApp works with: AdoptOpenJDKSemuru11..AdoptOpenJDKSemuru11: should have a URI property that is a string" time="0.2571" asserts="0" success="True" result="Success" executed="True" />
                </results>
              </test-suite>
            </results>
          </test-suite>
          <test-suite type="TestFixture" name="Get-EvergreenApp XnSoftXnConvert" executed="True" result="Success" success="True" time="347.8314" asserts="0" description="Get-EvergreenApp XnSoftXnConvert">
            <results>
              <test-suite type="TestFixture" name="Get-EvergreenApp XnSoftXnConvert.Validate Get-EvergreenApp works with: XnSoftXnConvert." executed="True" result="Success" success="True" time="0.894" asserts="0" description="Get-EvergreenApp XnSoftXnConvert.Validate Get-EvergreenApp works with: XnSoftXnConvert.">
                <results>
                  <test-case description="XnSoftXnConvert: should return something" name="Get-EvergreenApp XnSoftXnConvert.Validate Get-EvergreenApp works with: XnSoftXnConvert..XnSoftXnConvert: should return something" time="0.1391" asserts="0" success="True" result="Success" executed="True" />
                  <test-case description="XnSoftXnConvert: should return the expected output type" name="Get-EvergreenApp XnSoftXnConvert.Validate Get-EvergreenApp works with: XnSoftXnConvert..XnSoftXnConvert: should return the expected output type" time="0.1405" asserts="0" success="True" result="Success" executed="True" />
                  <test-case description="XnSoftXnConvert: should have a Version property that is a string" name="Get-EvergreenApp XnSoftXnConvert.Validate Get-EvergreenApp works with: XnSoftXnConvert..XnSoftXnConvert: should have a Version property that is a string" time="0.1539" asserts="0" success="True" result="Success" executed="True" />
                  <test-case description="XnSoftXnConvert: should have a valid version number" name="Get-EvergreenApp XnSoftXnConvert.Validate Get-EvergreenApp works with: XnSoftXnConvert..XnSoftXnConvert: should have a valid version number" time="0.158" asserts="0" success="True" result="Success" executed="True" />
                  <test-case description="XnSoftXnConvert: should have a URI property that is a string" name="Get-EvergreenApp XnSoftXnConvert.Validate Get-EvergreenApp works with: XnSoftXnConvert..XnSoftXnConvert: should have a URI property that is a string" time="0.1594" asserts="0" success="True" result="Success" executed="True" />
                </results>
              </test-suite>
            </results>
          </test-suite>
          <test-suite type="TestFixture" name="Get-EvergreenApp Pandoc" executed="True" result="Success" success="True" time="349.4482" asserts="0" description="Get-EvergreenApp Pandoc">
            <results>
              <test-suite type="TestFixture" name="Get-EvergreenApp Pandoc.Validate Get-EvergreenApp works with: Pandoc." executed="True" result="Success" success="True" time="0.9264" asserts="0" description="Get-EvergreenApp Pandoc.Validate Get-EvergreenApp works with: Pandoc.">
                <results>
                  <test-case description="Pandoc: should return something" name="Get-EvergreenApp Pandoc.Validate Get-EvergreenApp works with: Pandoc..Pandoc: should return something" time="0.1635" asserts="0" success="True" result="Success" executed="True" />
                  <test-case description="Pandoc: should return the expected output type" name="Get-EvergreenApp Pandoc.Validate Get-EvergreenApp works with: Pandoc..Pandoc: should return the expected output type" time="0.1673" asserts="0" success="True" result="Success" executed="True" />
                  <test-case description="Pandoc: should have a Version property that is a string" name="Get-EvergreenApp Pandoc.Validate Get-EvergreenApp works with: Pandoc..Pandoc: should have a Version property that is a string" time="0.1596" asserts="0" success="True" result="Success" executed="True" />
                  <test-case description="Pandoc: should have a valid version number" name="Get-EvergreenApp Pandoc.Validate Get-EvergreenApp works with: Pandoc..Pandoc: should have a valid version number" time="0.1433" asserts="0" success="True" result="Success" executed="True" />
                  <test-case description="Pandoc: should have a URI property that is a string" name="Get-EvergreenApp Pandoc.Validate Get-EvergreenApp works with: Pandoc..Pandoc: should have a URI property that is a string" time="0.1407" asserts="0" success="True" result="Success" executed="True" />
                </results>
              </test-suite>
            </results>
          </test-suite>
          <test-suite type="TestFixture" name="Get-EvergreenApp NETworkManager" executed="True" result="Success" success="True" time="350.9683" asserts="0" description="Get-EvergreenApp NETworkManager">
            <results>
              <test-suite type="TestFixture" name="Get-EvergreenApp NETworkManager.Validate Get-EvergreenApp works with: NETworkManager." executed="True" result="Success" success="True" time="0.8776" asserts="0" description="Get-EvergreenApp NETworkManager.Validate Get-EvergreenApp works with: NETworkManager.">
                <results>
                  <test-case description="NETworkManager: should return something" name="Get-EvergreenApp NETworkManager.Validate Get-EvergreenApp works with: NETworkManager..NETworkManager: should return something" time="0.1375" asserts="0" success="True" result="Success" executed="True" />
                  <test-case description="NETworkManager: should return the expected output type" name="Get-EvergreenApp NETworkManager.Validate Get-EvergreenApp works with: NETworkManager..NETworkManager: should return the expected output type" time="0.1364" asserts="0" success="True" result="Success" executed="True" />
                  <test-case description="NETworkManager: should have a Version property that is a string" name="Get-EvergreenApp NETworkManager.Validate Get-EvergreenApp works with: NETworkManager..NETworkManager: should have a Version property that is a string" time="0.1412" asserts="0" success="True" result="Success" executed="True" />
                  <test-case description="NETworkManager: should have a valid version number" name="Get-EvergreenApp NETworkManager.Validate Get-EvergreenApp works with: NETworkManager..NETworkManager: should have a valid version number" time="0.1674" asserts="0" success="True" result="Success" executed="True" />
                  <test-case description="NETworkManager: should have a URI property that is a string" name="Get-EvergreenApp NETworkManager.Validate Get-EvergreenApp works with: NETworkManager..NETworkManager: should have a URI property that is a string" time="0.1432" asserts="0" success="True" result="Success" executed="True" />
                </results>
              </test-suite>
            </results>
          </test-suite>
          <test-suite type="TestFixture" name="Get-EvergreenApp 1Password" executed="True" result="Success" success="True" time="352.39" asserts="0" description="Get-EvergreenApp 1Password">
            <results>
              <test-suite type="TestFixture" name="Get-EvergreenApp 1Password.Validate Get-EvergreenApp works with: 1Password." executed="True" result="Success" success="True" time="0.9829" asserts="0" description="Get-EvergreenApp 1Password.Validate Get-EvergreenApp works with: 1Password.">
                <results>
                  <test-case description="1Password: should return something" name="Get-EvergreenApp 1Password.Validate Get-EvergreenApp works with: 1Password..1Password: should return something" time="0.1622" asserts="0" success="True" result="Success" executed="True" />
                  <test-case description="1Password: should return the expected output type" name="Get-EvergreenApp 1Password.Validate Get-EvergreenApp works with: 1Password..1Password: should return the expected output type" time="0.171" asserts="0" success="True" result="Success" executed="True" />
                  <test-case description="1Password: should have a Version property that is a string" name="Get-EvergreenApp 1Password.Validate Get-EvergreenApp works with: 1Password..1Password: should have a Version property that is a string" time="0.1628" asserts="0" success="True" result="Success" executed="True" />
                  <test-case description="1Password: should have a valid version number" name="Get-EvergreenApp 1Password.Validate Get-EvergreenApp works with: 1Password..1Password: should have a valid version number" time="0.1599" asserts="0" success="True" result="Success" executed="True" />
                  <test-case description="1Password: should have a URI property that is a string" name="Get-EvergreenApp 1Password.Validate Get-EvergreenApp works with: 1Password..1Password: should have a URI property that is a string" time="0.1482" asserts="0" success="True" result="Success" executed="True" />
                </results>
              </test-suite>
            </results>
          </test-suite>
          <test-suite type="TestFixture" name="Get-EvergreenApp OperaGXBrowser" executed="True" result="Success" success="True" time="353.8097" asserts="0" description="Get-EvergreenApp OperaGXBrowser">
            <results>
              <test-suite type="TestFixture" name="Get-EvergreenApp OperaGXBrowser.Validate Get-EvergreenApp works with: OperaGXBrowser." executed="True" result="Success" success="True" time="0.9369" asserts="0" description="Get-EvergreenApp OperaGXBrowser.Validate Get-EvergreenApp works with: OperaGXBrowser.">
                <results>
                  <test-case description="OperaGXBrowser: should return something" name="Get-EvergreenApp OperaGXBrowser.Validate Get-EvergreenApp works with: OperaGXBrowser..OperaGXBrowser: should return something" time="0.143" asserts="0" success="True" result="Success" executed="True" />
                  <test-case description="OperaGXBrowser: should return the expected output type" name="Get-EvergreenApp OperaGXBrowser.Validate Get-EvergreenApp works with: OperaGXBrowser..OperaGXBrowser: should return the expected output type" time="0.1581" asserts="0" success="True" result="Success" executed="True" />
                  <test-case description="OperaGXBrowser: should have a Version property that is a string" name="Get-EvergreenApp OperaGXBrowser.Validate Get-EvergreenApp works with: OperaGXBrowser..OperaGXBrowser: should have a Version property that is a string" time="0.1587" asserts="0" success="True" result="Success" executed="True" />
                  <test-case description="OperaGXBrowser: should have a valid version number" name="Get-EvergreenApp OperaGXBrowser.Validate Get-EvergreenApp works with: OperaGXBrowser..OperaGXBrowser: should have a valid version number" time="0.1618" asserts="0" success="True" result="Success" executed="True" />
                  <test-case description="OperaGXBrowser: should have a URI property that is a string" name="Get-EvergreenApp OperaGXBrowser.Validate Get-EvergreenApp works with: OperaGXBrowser..OperaGXBrowser: should have a URI property that is a string" time="0.1596" asserts="0" success="True" result="Success" executed="True" />
                </results>
              </test-suite>
            </results>
          </test-suite>
          <test-suite type="TestFixture" name="Get-EvergreenApp VMwareWorkstationPro" executed="True" result="Success" success="True" time="355.7576" asserts="0" description="Get-EvergreenApp VMwareWorkstationPro">
            <results>
              <test-suite type="TestFixture" name="Get-EvergreenApp VMwareWorkstationPro.Validate Get-EvergreenApp works with: VMwareWorkstationPro." executed="True" result="Success" success="True" time="0.8953" asserts="0" description="Get-EvergreenApp VMwareWorkstationPro.Validate Get-EvergreenApp works with: VMwareWorkstationPro.">
                <results>
                  <test-case description="VMwareWorkstationPro: should return something" name="Get-EvergreenApp VMwareWorkstationPro.Validate Get-EvergreenApp works with: VMwareWorkstationPro..VMwareWorkstationPro: should return something" time="0.1472" asserts="0" success="True" result="Success" executed="True" />
                  <test-case description="VMwareWorkstationPro: should return the expected output type" name="Get-EvergreenApp VMwareWorkstationPro.Validate Get-EvergreenApp works with: VMwareWorkstationPro..VMwareWorkstationPro: should return the expected output type" time="0.1465" asserts="0" success="True" result="Success" executed="True" />
                  <test-case description="VMwareWorkstationPro: should have a Version property that is a string" name="Get-EvergreenApp VMwareWorkstationPro.Validate Get-EvergreenApp works with: VMwareWorkstationPro..VMwareWorkstationPro: should have a Version property that is a string" time="0.1514" asserts="0" success="True" result="Success" executed="True" />
                  <test-case description="VMwareWorkstationPro: should have a valid version number" name="Get-EvergreenApp VMwareWorkstationPro.Validate Get-EvergreenApp works with: VMwareWorkstationPro..VMwareWorkstationPro: should have a valid version number" time="0.1397" asserts="0" success="True" result="Success" executed="True" />
                  <test-case description="VMwareWorkstationPro: should have a URI property that is a string" name="Get-EvergreenApp VMwareWorkstationPro.Validate Get-EvergreenApp works with: VMwareWorkstationPro..VMwareWorkstationPro: should have a URI property that is a string" time="0.1446" asserts="0" success="True" result="Success" executed="True" />
                </results>
              </test-suite>
            </results>
          </test-suite>
          <test-suite type="TestFixture" name="Get-EvergreenApp MicrosoftWindowsPackageManagerClient" executed="True" result="Success" success="True" time="357.4388" asserts="0" description="Get-EvergreenApp MicrosoftWindowsPackageManagerClient">
            <results>
              <test-suite type="TestFixture" name="Get-EvergreenApp MicrosoftWindowsPackageManagerClient.Validate Get-EvergreenApp works with: MicrosoftWindowsPackageManagerClient." executed="True" result="Success" success="True" time="0.943" asserts="0" description="Get-EvergreenApp MicrosoftWindowsPackageManagerClient.Validate Get-EvergreenApp works with: MicrosoftWindowsPackageManagerClient.">
                <results>
                  <test-case description="MicrosoftWindowsPackageManagerClient: should return something" name="Get-EvergreenApp MicrosoftWindowsPackageManagerClient.Validate Get-EvergreenApp works with: MicrosoftWindowsPackageManagerClient..MicrosoftWindowsPackageManagerClient: should return something" time="0.1513" asserts="0" success="True" result="Success" executed="True" />
                  <test-case description="MicrosoftWindowsPackageManagerClient: should return the expected output type" name="Get-EvergreenApp MicrosoftWindowsPackageManagerClient.Validate Get-EvergreenApp works with: MicrosoftWindowsPackageManagerClient..MicrosoftWindowsPackageManagerClient: should return the expected output type" time="0.1427" asserts="0" success="True" result="Success" executed="True" />
                  <test-case description="MicrosoftWindowsPackageManagerClient: should have a Version property that is a string" name="Get-EvergreenApp MicrosoftWindowsPackageManagerClient.Validate Get-EvergreenApp works with: MicrosoftWindowsPackageManagerClient..MicrosoftWindowsPackageManagerClient: should have a Version property that is a string" time="0.1459" asserts="0" success="True" result="Success" executed="True" />
                  <test-case description="MicrosoftWindowsPackageManagerClient: should have a valid version number" name="Get-EvergreenApp MicrosoftWindowsPackageManagerClient.Validate Get-EvergreenApp works with: MicrosoftWindowsPackageManagerClient..MicrosoftWindowsPackageManagerClient: should have a valid version number" time="0.1655" asserts="0" success="True" result="Success" executed="True" />
                  <test-case description="MicrosoftWindowsPackageManagerClient: should have a URI property that is a string" name="Get-EvergreenApp MicrosoftWindowsPackageManagerClient.Validate Get-EvergreenApp works with: MicrosoftWindowsPackageManagerClient..MicrosoftWindowsPackageManagerClient: should have a URI property that is a string" time="0.1675" asserts="0" success="True" result="Success" executed="True" />
                </results>
              </test-suite>
            </results>
          </test-suite>
          <test-suite type="TestFixture" name="Get-EvergreenApp TeXstudio" executed="True" result="Success" success="True" time="358.9667" asserts="0" description="Get-EvergreenApp TeXstudio">
            <results>
              <test-suite type="TestFixture" name="Get-EvergreenApp TeXstudio.Validate Get-EvergreenApp works with: TeXstudio." executed="True" result="Success" success="True" time="0.8302" asserts="0" description="Get-EvergreenApp TeXstudio.Validate Get-EvergreenApp works with: TeXstudio.">
                <results>
                  <test-case description="TeXstudio: should return something" name="Get-EvergreenApp TeXstudio.Validate Get-EvergreenApp works with: TeXstudio..TeXstudio: should return something" time="0.137" asserts="0" success="True" result="Success" executed="True" />
                  <test-case description="TeXstudio: should return the expected output type" name="Get-EvergreenApp TeXstudio.Validate Get-EvergreenApp works with: TeXstudio..TeXstudio: should return the expected output type" time="0.137" asserts="0" success="True" result="Success" executed="True" />
                  <test-case description="TeXstudio: should have a Version property that is a string" name="Get-EvergreenApp TeXstudio.Validate Get-EvergreenApp works with: TeXstudio..TeXstudio: should have a Version property that is a string" time="0.1345" asserts="0" success="True" result="Success" executed="True" />
                  <test-case description="TeXstudio: should have a valid version number" name="Get-EvergreenApp TeXstudio.Validate Get-EvergreenApp works with: TeXstudio..TeXstudio: should have a valid version number" time="0.1391" asserts="0" success="True" result="Success" executed="True" />
                  <test-case description="TeXstudio: should have a URI property that is a string" name="Get-EvergreenApp TeXstudio.Validate Get-EvergreenApp works with: TeXstudio..TeXstudio: should have a URI property that is a string" time="0.138" asserts="0" success="True" result="Success" executed="True" />
                </results>
              </test-suite>
            </results>
          </test-suite>
          <test-suite type="TestFixture" name="Get-EvergreenApp GitHubAtom" executed="True" result="Success" success="True" time="360.7007" asserts="0" description="Get-EvergreenApp GitHubAtom">
            <results>
              <test-suite type="TestFixture" name="Get-EvergreenApp GitHubAtom.Validate Get-EvergreenApp works with: GitHubAtom." executed="True" result="Success" success="True" time="0.9723" asserts="0" description="Get-EvergreenApp GitHubAtom.Validate Get-EvergreenApp works with: GitHubAtom.">
                <results>
                  <test-case description="GitHubAtom: should return something" name="Get-EvergreenApp GitHubAtom.Validate Get-EvergreenApp works with: GitHubAtom..GitHubAtom: should return something" time="0.1447" asserts="0" success="True" result="Success" executed="True" />
                  <test-case description="GitHubAtom: should return the expected output type" name="Get-EvergreenApp GitHubAtom.Validate Get-EvergreenApp works with: GitHubAtom..GitHubAtom: should return the expected output type" time="0.1545" asserts="0" success="True" result="Success" executed="True" />
                  <test-case description="GitHubAtom: should have a Version property that is a string" name="Get-EvergreenApp GitHubAtom.Validate Get-EvergreenApp works with: GitHubAtom..GitHubAtom: should have a Version property that is a string" time="0.1728" asserts="0" success="True" result="Success" executed="True" />
                  <test-case description="GitHubAtom: should have a valid version number" name="Get-EvergreenApp GitHubAtom.Validate Get-EvergreenApp works with: GitHubAtom..GitHubAtom: should have a valid version number" time="0.1694" asserts="0" success="True" result="Success" executed="True" />
                  <test-case description="GitHubAtom: should have a URI property that is a string" name="Get-EvergreenApp GitHubAtom.Validate Get-EvergreenApp works with: GitHubAtom..GitHubAtom: should have a URI property that is a string" time="0.1785" asserts="0" success="True" result="Success" executed="True" />
                </results>
              </test-suite>
            </results>
          </test-suite>
          <test-suite type="TestFixture" name="Get-EvergreenApp FoxitReader" executed="True" result="Success" success="True" time="369.2049" asserts="0" description="Get-EvergreenApp FoxitReader">
            <results>
              <test-suite type="TestFixture" name="Get-EvergreenApp FoxitReader.Validate Get-EvergreenApp works with: FoxitReader." executed="True" result="Success" success="True" time="2.0006" asserts="0" description="Get-EvergreenApp FoxitReader.Validate Get-EvergreenApp works with: FoxitReader.">
                <results>
                  <test-case description="FoxitReader: should return something" name="Get-EvergreenApp FoxitReader.Validate Get-EvergreenApp works with: FoxitReader..FoxitReader: should return something" time="0.1633" asserts="0" success="True" result="Success" executed="True" />
                  <test-case description="FoxitReader: should return the expected output type" name="Get-EvergreenApp FoxitReader.Validate Get-EvergreenApp works with: FoxitReader..FoxitReader: should return the expected output type" time="0.2893" asserts="0" success="True" result="Success" executed="True" />
                  <test-case description="FoxitReader: should have a Version property that is a string" name="Get-EvergreenApp FoxitReader.Validate Get-EvergreenApp works with: FoxitReader..FoxitReader: should have a Version property that is a string" time="0.4569" asserts="0" success="True" result="Success" executed="True" />
                  <test-case description="FoxitReader: should have a valid version number" name="Get-EvergreenApp FoxitReader.Validate Get-EvergreenApp works with: FoxitReader..FoxitReader: should have a valid version number" time="0.4539" asserts="0" success="True" result="Success" executed="True" />
                  <test-case description="FoxitReader: should have a URI property that is a string" name="Get-EvergreenApp FoxitReader.Validate Get-EvergreenApp works with: FoxitReader..FoxitReader: should have a URI property that is a string" time="0.4647" asserts="0" success="True" result="Success" executed="True" />
                </results>
              </test-suite>
            </results>
          </test-suite>
          <test-suite type="TestFixture" name="Get-EvergreenApp gretl" executed="True" result="Success" success="True" time="371.0618" asserts="0" description="Get-EvergreenApp gretl">
            <results>
              <test-suite type="TestFixture" name="Get-EvergreenApp gretl.Validate Get-EvergreenApp works with: gretl." executed="True" result="Success" success="True" time="0.9512" asserts="0" description="Get-EvergreenApp gretl.Validate Get-EvergreenApp works with: gretl.">
                <results>
                  <test-case description="gretl: should return something" name="Get-EvergreenApp gretl.Validate Get-EvergreenApp works with: gretl..gretl: should return something" time="0.1526" asserts="0" success="True" result="Success" executed="True" />
                  <test-case description="gretl: should return the expected output type" name="Get-EvergreenApp gretl.Validate Get-EvergreenApp works with: gretl..gretl: should return the expected output type" time="0.1563" asserts="0" success="True" result="Success" executed="True" />
                  <test-case description="gretl: should have a Version property that is a string" name="Get-EvergreenApp gretl.Validate Get-EvergreenApp works with: gretl..gretl: should have a Version property that is a string" time="0.1592" asserts="0" success="True" result="Success" executed="True" />
                  <test-case description="gretl: should have a valid version number" name="Get-EvergreenApp gretl.Validate Get-EvergreenApp works with: gretl..gretl: should have a valid version number" time="0.1598" asserts="0" success="True" result="Success" executed="True" />
                  <test-case description="gretl: should have a URI property that is a string" name="Get-EvergreenApp gretl.Validate Get-EvergreenApp works with: gretl..gretl: should have a URI property that is a string" time="0.1691" asserts="0" success="True" result="Success" executed="True" />
                </results>
              </test-suite>
            </results>
          </test-suite>
          <test-suite type="TestFixture" name="Get-EvergreenApp AkeoRufus" executed="True" result="Success" success="True" time="372.9845" asserts="0" description="Get-EvergreenApp AkeoRufus">
            <results>
              <test-suite type="TestFixture" name="Get-EvergreenApp AkeoRufus.Validate Get-EvergreenApp works with: AkeoRufus." executed="True" result="Success" success="True" time="1.1458" asserts="0" description="Get-EvergreenApp AkeoRufus.Validate Get-EvergreenApp works with: AkeoRufus.">
                <results>
                  <test-case description="AkeoRufus: should return something" name="Get-EvergreenApp AkeoRufus.Validate Get-EvergreenApp works with: AkeoRufus..AkeoRufus: should return something" time="0.1531" asserts="0" success="True" result="Success" executed="True" />
                  <test-case description="AkeoRufus: should return the expected output type" name="Get-EvergreenApp AkeoRufus.Validate Get-EvergreenApp works with: AkeoRufus..AkeoRufus: should return the expected output type" time="0.1777" asserts="0" success="True" result="Success" executed="True" />
                  <test-case description="AkeoRufus: should have a Version property that is a string" name="Get-EvergreenApp AkeoRufus.Validate Get-EvergreenApp works with: AkeoRufus..AkeoRufus: should have a Version property that is a string" time="0.2193" asserts="0" success="True" result="Success" executed="True" />
                  <test-case description="AkeoRufus: should have a valid version number" name="Get-EvergreenApp AkeoRufus.Validate Get-EvergreenApp works with: AkeoRufus..AkeoRufus: should have a valid version number" time="0.2154" asserts="0" success="True" result="Success" executed="True" />
                  <test-case description="AkeoRufus: should have a URI property that is a string" name="Get-EvergreenApp AkeoRufus.Validate Get-EvergreenApp works with: AkeoRufus..AkeoRufus: should have a URI property that is a string" time="0.224" asserts="0" success="True" result="Success" executed="True" />
                </results>
              </test-suite>
            </results>
          </test-suite>
          <test-suite type="TestFixture" name="Get-EvergreenApp dnGrep" executed="True" result="Success" success="True" time="374.6364" asserts="0" description="Get-EvergreenApp dnGrep">
            <results>
              <test-suite type="TestFixture" name="Get-EvergreenApp dnGrep.Validate Get-EvergreenApp works with: dnGrep." executed="True" result="Success" success="True" time="0.9532" asserts="0" description="Get-EvergreenApp dnGrep.Validate Get-EvergreenApp works with: dnGrep.">
                <results>
                  <test-case description="dnGrep: should return something" name="Get-EvergreenApp dnGrep.Validate Get-EvergreenApp works with: dnGrep..dnGrep: should return something" time="0.1519" asserts="0" success="True" result="Success" executed="True" />
                  <test-case description="dnGrep: should return the expected output type" name="Get-EvergreenApp dnGrep.Validate Get-EvergreenApp works with: dnGrep..dnGrep: should return the expected output type" time="0.1532" asserts="0" success="True" result="Success" executed="True" />
                  <test-case description="dnGrep: should have a Version property that is a string" name="Get-EvergreenApp dnGrep.Validate Get-EvergreenApp works with: dnGrep..dnGrep: should have a Version property that is a string" time="0.1673" asserts="0" success="True" result="Success" executed="True" />
                  <test-case description="dnGrep: should have a valid version number" name="Get-EvergreenApp dnGrep.Validate Get-EvergreenApp works with: dnGrep..dnGrep: should have a valid version number" time="0.1672" asserts="0" success="True" result="Success" executed="True" />
                  <test-case description="dnGrep: should have a URI property that is a string" name="Get-EvergreenApp dnGrep.Validate Get-EvergreenApp works with: dnGrep..dnGrep: should have a URI property that is a string" time="0.1628" asserts="0" success="True" result="Success" executed="True" />
                </results>
              </test-suite>
            </results>
          </test-suite>
          <test-suite type="TestFixture" name="Get-EvergreenApp ChromiumChromeDriver" executed="True" result="Success" success="True" time="376.4151" asserts="0" description="Get-EvergreenApp ChromiumChromeDriver">
            <results>
              <test-suite type="TestFixture" name="Get-EvergreenApp ChromiumChromeDriver.Validate Get-EvergreenApp works with: ChromiumChromeDriver." executed="True" result="Success" success="True" time="0.9756" asserts="0" description="Get-EvergreenApp ChromiumChromeDriver.Validate Get-EvergreenApp works with: ChromiumChromeDriver.">
                <results>
                  <test-case description="ChromiumChromeDriver: should return something" name="Get-EvergreenApp ChromiumChromeDriver.Validate Get-EvergreenApp works with: ChromiumChromeDriver..ChromiumChromeDriver: should return something" time="0.1447" asserts="0" success="True" result="Success" executed="True" />
                  <test-case description="ChromiumChromeDriver: should return the expected output type" name="Get-EvergreenApp ChromiumChromeDriver.Validate Get-EvergreenApp works with: ChromiumChromeDriver..ChromiumChromeDriver: should return the expected output type" time="0.1595" asserts="0" success="True" result="Success" executed="True" />
                  <test-case description="ChromiumChromeDriver: should have a Version property that is a string" name="Get-EvergreenApp ChromiumChromeDriver.Validate Get-EvergreenApp works with: ChromiumChromeDriver..ChromiumChromeDriver: should have a Version property that is a string" time="0.1677" asserts="0" success="True" result="Success" executed="True" />
                  <test-case description="ChromiumChromeDriver: should have a valid version number" name="Get-EvergreenApp ChromiumChromeDriver.Validate Get-EvergreenApp works with: ChromiumChromeDriver..ChromiumChromeDriver: should have a valid version number" time="0.1737" asserts="0" success="True" result="Success" executed="True" />
                  <test-case description="ChromiumChromeDriver: should have a URI property that is a string" name="Get-EvergreenApp ChromiumChromeDriver.Validate Get-EvergreenApp works with: ChromiumChromeDriver..ChromiumChromeDriver: should have a URI property that is a string" time="0.1705" asserts="0" success="True" result="Success" executed="True" />
                </results>
              </test-suite>
            </results>
          </test-suite>
          <test-suite type="TestFixture" name="Get-EvergreenApp VMwareHorizonClient" executed="True" result="Success" success="True" time="378.1524" asserts="0" description="Get-EvergreenApp VMwareHorizonClient">
            <results>
              <test-suite type="TestFixture" name="Get-EvergreenApp VMwareHorizonClient.Validate Get-EvergreenApp works with: VMwareHorizonClient." executed="True" result="Success" success="True" time="0.8752" asserts="0" description="Get-EvergreenApp VMwareHorizonClient.Validate Get-EvergreenApp works with: VMwareHorizonClient.">
                <results>
                  <test-case description="VMwareHorizonClient: should return something" name="Get-EvergreenApp VMwareHorizonClient.Validate Get-EvergreenApp works with: VMwareHorizonClient..VMwareHorizonClient: should return something" time="0.1465" asserts="0" success="True" result="Success" executed="True" />
                  <test-case description="VMwareHorizonClient: should return the expected output type" name="Get-EvergreenApp VMwareHorizonClient.Validate Get-EvergreenApp works with: VMwareHorizonClient..VMwareHorizonClient: should return the expected output type" time="0.1409" asserts="0" success="True" result="Success" executed="True" />
                  <test-case description="VMwareHorizonClient: should have a Version property that is a string" name="Get-EvergreenApp VMwareHorizonClient.Validate Get-EvergreenApp works with: VMwareHorizonClient..VMwareHorizonClient: should have a Version property that is a string" time="0.1429" asserts="0" success="True" result="Success" executed="True" />
                  <test-case description="VMwareHorizonClient: should have a valid version number" name="Get-EvergreenApp VMwareHorizonClient.Validate Get-EvergreenApp works with: VMwareHorizonClient..VMwareHorizonClient: should have a valid version number" time="0.1466" asserts="0" success="True" result="Success" executed="True" />
                  <test-case description="VMwareHorizonClient: should have a URI property that is a string" name="Get-EvergreenApp VMwareHorizonClient.Validate Get-EvergreenApp works with: VMwareHorizonClient..VMwareHorizonClient: should have a URI property that is a string" time="0.1435" asserts="0" success="True" result="Success" executed="True" />
                </results>
              </test-suite>
            </results>
          </test-suite>
          <test-suite type="TestFixture" name="Get-EvergreenApp VastLimitsUberAgent" executed="True" result="Success" success="True" time="379.4983" asserts="0" description="Get-EvergreenApp VastLimitsUberAgent">
            <results>
              <test-suite type="TestFixture" name="Get-EvergreenApp VastLimitsUberAgent.Validate Get-EvergreenApp works with: VastLimitsUberAgent." executed="True" result="Success" success="True" time="0.8617" asserts="0" description="Get-EvergreenApp VastLimitsUberAgent.Validate Get-EvergreenApp works with: VastLimitsUberAgent.">
                <results>
                  <test-case description="VastLimitsUberAgent: should return something" name="Get-EvergreenApp VastLimitsUberAgent.Validate Get-EvergreenApp works with: VastLimitsUberAgent..VastLimitsUberAgent: should return something" time="0.1432" asserts="0" success="True" result="Success" executed="True" />
                  <test-case description="VastLimitsUberAgent: should return the expected output type" name="Get-EvergreenApp VastLimitsUberAgent.Validate Get-EvergreenApp works with: VastLimitsUberAgent..VastLimitsUberAgent: should return the expected output type" time="0.1401" asserts="0" success="True" result="Success" executed="True" />
                  <test-case description="VastLimitsUberAgent: should have a Version property that is a string" name="Get-EvergreenApp VastLimitsUberAgent.Validate Get-EvergreenApp works with: VastLimitsUberAgent..VastLimitsUberAgent: should have a Version property that is a string" time="0.1469" asserts="0" success="True" result="Success" executed="True" />
                  <test-case description="VastLimitsUberAgent: should have a valid version number" name="Get-EvergreenApp VastLimitsUberAgent.Validate Get-EvergreenApp works with: VastLimitsUberAgent..VastLimitsUberAgent: should have a valid version number" time="0.1429" asserts="0" success="True" result="Success" executed="True" />
                  <test-case description="VastLimitsUberAgent: should have a URI property that is a string" name="Get-EvergreenApp VastLimitsUberAgent.Validate Get-EvergreenApp works with: VastLimitsUberAgent..VastLimitsUberAgent: should have a URI property that is a string" time="0.139" asserts="0" success="True" result="Success" executed="True" />
                </results>
              </test-suite>
            </results>
          </test-suite>
          <test-suite type="TestFixture" name="Get-EvergreenApp AdoptiumTemurin16" executed="True" result="Success" success="True" time="380.9014" asserts="0" description="Get-EvergreenApp AdoptiumTemurin16">
            <results>
              <test-suite type="TestFixture" name="Get-EvergreenApp AdoptiumTemurin16.Validate Get-EvergreenApp works with: AdoptiumTemurin16." executed="True" result="Success" success="True" time="0.936" asserts="0" description="Get-EvergreenApp AdoptiumTemurin16.Validate Get-EvergreenApp works with: AdoptiumTemurin16.">
                <results>
                  <test-case description="AdoptiumTemurin16: should return something" name="Get-EvergreenApp AdoptiumTemurin16.Validate Get-EvergreenApp works with: AdoptiumTemurin16..AdoptiumTemurin16: should return something" time="0.1349" asserts="0" success="True" result="Success" executed="True" />
                  <test-case description="AdoptiumTemurin16: should return the expected output type" name="Get-EvergreenApp AdoptiumTemurin16.Validate Get-EvergreenApp works with: AdoptiumTemurin16..AdoptiumTemurin16: should return the expected output type" time="0.1457" asserts="0" success="True" result="Success" executed="True" />
                  <test-case description="AdoptiumTemurin16: should have a Version property that is a string" name="Get-EvergreenApp AdoptiumTemurin16.Validate Get-EvergreenApp works with: AdoptiumTemurin16..AdoptiumTemurin16: should have a Version property that is a string" time="0.1702" asserts="0" success="True" result="Success" executed="True" />
                  <test-case description="AdoptiumTemurin16: should have a valid version number" name="Get-EvergreenApp AdoptiumTemurin16.Validate Get-EvergreenApp works with: AdoptiumTemurin16..AdoptiumTemurin16: should have a valid version number" time="0.1664" asserts="0" success="True" result="Success" executed="True" />
                  <test-case description="AdoptiumTemurin16: should have a URI property that is a string" name="Get-EvergreenApp AdoptiumTemurin16.Validate Get-EvergreenApp works with: AdoptiumTemurin16..AdoptiumTemurin16: should have a URI property that is a string" time="0.1716" asserts="0" success="True" result="Success" executed="True" />
                </results>
              </test-suite>
            </results>
          </test-suite>
          <test-suite type="TestFixture" name="Get-EvergreenApp PeaZipPeaZip" executed="True" result="Success" success="True" time="382.784" asserts="0" description="Get-EvergreenApp PeaZipPeaZip">
            <results>
              <test-suite type="TestFixture" name="Get-EvergreenApp PeaZipPeaZip.Validate Get-EvergreenApp works with: PeaZipPeaZip." executed="True" result="Success" success="True" time="1.0275" asserts="0" description="Get-EvergreenApp PeaZipPeaZip.Validate Get-EvergreenApp works with: PeaZipPeaZip.">
                <results>
                  <test-case description="PeaZipPeaZip: should return something" name="Get-EvergreenApp PeaZipPeaZip.Validate Get-EvergreenApp works with: PeaZipPeaZip..PeaZipPeaZip: should return something" time="0.1664" asserts="0" success="True" result="Success" executed="True" />
                  <test-case description="PeaZipPeaZip: should return the expected output type" name="Get-EvergreenApp PeaZipPeaZip.Validate Get-EvergreenApp works with: PeaZipPeaZip..PeaZipPeaZip: should return the expected output type" time="0.1705" asserts="0" success="True" result="Success" executed="True" />
                  <test-case description="PeaZipPeaZip: should have a Version property that is a string" name="Get-EvergreenApp PeaZipPeaZip.Validate Get-EvergreenApp works with: PeaZipPeaZip..PeaZipPeaZip: should have a Version property that is a string" time="0.1917" asserts="0" success="True" result="Success" executed="True" />
                  <test-case description="PeaZipPeaZip: should have a valid version number" name="Get-EvergreenApp PeaZipPeaZip.Validate Get-EvergreenApp works with: PeaZipPeaZip..PeaZipPeaZip: should have a valid version number" time="0.1709" asserts="0" success="True" result="Success" executed="True" />
                  <test-case description="PeaZipPeaZip: should have a URI property that is a string" name="Get-EvergreenApp PeaZipPeaZip.Validate Get-EvergreenApp works with: PeaZipPeaZip..PeaZipPeaZip: should have a URI property that is a string" time="0.1644" asserts="0" success="True" result="Success" executed="True" />
                </results>
              </test-suite>
            </results>
          </test-suite>
          <test-suite type="TestFixture" name="Get-EvergreenApp WinMerge" executed="True" result="Success" success="True" time="384.7271" asserts="0" description="Get-EvergreenApp WinMerge">
            <results>
              <test-suite type="TestFixture" name="Get-EvergreenApp WinMerge.Validate Get-EvergreenApp works with: WinMerge." executed="True" result="Success" success="True" time="1.1471" asserts="0" description="Get-EvergreenApp WinMerge.Validate Get-EvergreenApp works with: WinMerge.">
                <results>
                  <test-case description="WinMerge: should return something" name="Get-EvergreenApp WinMerge.Validate Get-EvergreenApp works with: WinMerge..WinMerge: should return something" time="0.1458" asserts="0" success="True" result="Success" executed="True" />
                  <test-case description="WinMerge: should return the expected output type" name="Get-EvergreenApp WinMerge.Validate Get-EvergreenApp works with: WinMerge..WinMerge: should return the expected output type" time="0.1754" asserts="0" success="True" result="Success" executed="True" />
                  <test-case description="WinMerge: should have a Version property that is a string" name="Get-EvergreenApp WinMerge.Validate Get-EvergreenApp works with: WinMerge..WinMerge: should have a Version property that is a string" time="0.2236" asserts="0" success="True" result="Success" executed="True" />
                  <test-case description="WinMerge: should have a valid version number" name="Get-EvergreenApp WinMerge.Validate Get-EvergreenApp works with: WinMerge..WinMerge: should have a valid version number" time="0.2205" asserts="0" success="True" result="Success" executed="True" />
                  <test-case description="WinMerge: should have a URI property that is a string" name="Get-EvergreenApp WinMerge.Validate Get-EvergreenApp works with: WinMerge..WinMerge: should have a URI property that is a string" time="0.2265" asserts="0" success="True" result="Success" executed="True" />
                </results>
              </test-suite>
            </results>
          </test-suite>
          <test-suite type="TestFixture" name="Get-EvergreenApp voidtoolsEverything" executed="True" result="Success" success="True" time="386.0992" asserts="0" description="Get-EvergreenApp voidtoolsEverything">
            <results>
              <test-suite type="TestFixture" name="Get-EvergreenApp voidtoolsEverything.Validate Get-EvergreenApp works with: voidtoolsEverything." executed="True" result="Success" success="True" time="0.9921" asserts="0" description="Get-EvergreenApp voidtoolsEverything.Validate Get-EvergreenApp works with: voidtoolsEverything.">
                <results>
                  <test-case description="voidtoolsEverything: should return something" name="Get-EvergreenApp voidtoolsEverything.Validate Get-EvergreenApp works with: voidtoolsEverything..voidtoolsEverything: should return something" time="0.1497" asserts="0" success="True" result="Success" executed="True" />
                  <test-case description="voidtoolsEverything: should return the expected output type" name="Get-EvergreenApp voidtoolsEverything.Validate Get-EvergreenApp works with: voidtoolsEverything..voidtoolsEverything: should return the expected output type" time="0.1567" asserts="0" success="True" result="Success" executed="True" />
                  <test-case description="voidtoolsEverything: should have a Version property that is a string" name="Get-EvergreenApp voidtoolsEverything.Validate Get-EvergreenApp works with: voidtoolsEverything..voidtoolsEverything: should have a Version property that is a string" time="0.1768" asserts="0" success="True" result="Success" executed="True" />
                  <test-case description="voidtoolsEverything: should have a valid version number" name="Get-EvergreenApp voidtoolsEverything.Validate Get-EvergreenApp works with: voidtoolsEverything..voidtoolsEverything: should have a valid version number" time="0.1719" asserts="0" success="True" result="Success" executed="True" />
                  <test-case description="voidtoolsEverything: should have a URI property that is a string" name="Get-EvergreenApp voidtoolsEverything.Validate Get-EvergreenApp works with: voidtoolsEverything..voidtoolsEverything: should have a URI property that is a string" time="0.1794" asserts="0" success="True" result="Success" executed="True" />
                </results>
              </test-suite>
            </results>
          </test-suite>
          <test-suite type="TestFixture" name="Get-EvergreenApp SignalDesktop" executed="True" result="Success" success="True" time="387.6965" asserts="0" description="Get-EvergreenApp SignalDesktop">
            <results>
              <test-suite type="TestFixture" name="Get-EvergreenApp SignalDesktop.Validate Get-EvergreenApp works with: SignalDesktop." executed="True" result="Success" success="True" time="0.9352" asserts="0" description="Get-EvergreenApp SignalDesktop.Validate Get-EvergreenApp works with: SignalDesktop.">
                <results>
                  <test-case description="SignalDesktop: should return something" name="Get-EvergreenApp SignalDesktop.Validate Get-EvergreenApp works with: SignalDesktop..SignalDesktop: should return something" time="0.1655" asserts="0" success="True" result="Success" executed="True" />
                  <test-case description="SignalDesktop: should return the expected output type" name="Get-EvergreenApp SignalDesktop.Validate Get-EvergreenApp works with: SignalDesktop..SignalDesktop: should return the expected output type" time="0.1644" asserts="0" success="True" result="Success" executed="True" />
                  <test-case description="SignalDesktop: should have a Version property that is a string" name="Get-EvergreenApp SignalDesktop.Validate Get-EvergreenApp works with: SignalDesktop..SignalDesktop: should have a Version property that is a string" time="0.1581" asserts="0" success="True" result="Success" executed="True" />
                  <test-case description="SignalDesktop: should have a valid version number" name="Get-EvergreenApp SignalDesktop.Validate Get-EvergreenApp works with: SignalDesktop..SignalDesktop: should have a valid version number" time="0.1392" asserts="0" success="True" result="Success" executed="True" />
                  <test-case description="SignalDesktop: should have a URI property that is a string" name="Get-EvergreenApp SignalDesktop.Validate Get-EvergreenApp works with: SignalDesktop..SignalDesktop: should have a URI property that is a string" time="0.1411" asserts="0" success="True" result="Success" executed="True" />
                </results>
              </test-suite>
            </results>
          </test-suite>
          <test-suite type="TestFixture" name="Get-EvergreenApp VMwareWorkstationPlayer" executed="True" result="Success" success="True" time="389.9843" asserts="0" description="Get-EvergreenApp VMwareWorkstationPlayer">
            <results>
              <test-suite type="TestFixture" name="Get-EvergreenApp VMwareWorkstationPlayer.Validate Get-EvergreenApp works with: VMwareWorkstationPlayer." executed="True" result="Success" success="True" time="0.8541" asserts="0" description="Get-EvergreenApp VMwareWorkstationPlayer.Validate Get-EvergreenApp works with: VMwareWorkstationPlayer.">
                <results>
                  <test-case description="VMwareWorkstationPlayer: should return something" name="Get-EvergreenApp VMwareWorkstationPlayer.Validate Get-EvergreenApp works with: VMwareWorkstationPlayer..VMwareWorkstationPlayer: should return something" time="0.1365" asserts="0" success="True" result="Success" executed="True" />
                  <test-case description="VMwareWorkstationPlayer: should return the expected output type" name="Get-EvergreenApp VMwareWorkstationPlayer.Validate Get-EvergreenApp works with: VMwareWorkstationPlayer..VMwareWorkstationPlayer: should return the expected output type" time="0.139" asserts="0" success="True" result="Success" executed="True" />
                  <test-case description="VMwareWorkstationPlayer: should have a Version property that is a string" name="Get-EvergreenApp VMwareWorkstationPlayer.Validate Get-EvergreenApp works with: VMwareWorkstationPlayer..VMwareWorkstationPlayer: should have a Version property that is a string" time="0.1394" asserts="0" success="True" result="Success" executed="True" />
                  <test-case description="VMwareWorkstationPlayer: should have a valid version number" name="Get-EvergreenApp VMwareWorkstationPlayer.Validate Get-EvergreenApp works with: VMwareWorkstationPlayer..VMwareWorkstationPlayer: should have a valid version number" time="0.1404" asserts="0" success="True" result="Success" executed="True" />
                  <test-case description="VMwareWorkstationPlayer: should have a URI property that is a string" name="Get-EvergreenApp VMwareWorkstationPlayer.Validate Get-EvergreenApp works with: VMwareWorkstationPlayer..VMwareWorkstationPlayer: should have a URI property that is a string" time="0.1457" asserts="0" success="True" result="Success" executed="True" />
                </results>
              </test-suite>
            </results>
          </test-suite>
          <test-suite type="TestFixture" name="Get-EvergreenApp AdobeAcrobat" executed="True" result="Success" success="True" time="392.7904" asserts="0" description="Get-EvergreenApp AdobeAcrobat">
            <results>
              <test-suite type="TestFixture" name="Get-EvergreenApp AdobeAcrobat.Validate Get-EvergreenApp works with: AdobeAcrobat." executed="True" result="Success" success="True" time="1.7272" asserts="0" description="Get-EvergreenApp AdobeAcrobat.Validate Get-EvergreenApp works with: AdobeAcrobat.">
                <results>
                  <test-case description="AdobeAcrobat: should return something" name="Get-EvergreenApp AdobeAcrobat.Validate Get-EvergreenApp works with: AdobeAcrobat..AdobeAcrobat: should return something" time="0.154" asserts="0" success="True" result="Success" executed="True" />
                  <test-case description="AdobeAcrobat: should return the expected output type" name="Get-EvergreenApp AdobeAcrobat.Validate Get-EvergreenApp works with: AdobeAcrobat..AdobeAcrobat: should return the expected output type" time="0.2555" asserts="0" success="True" result="Success" executed="True" />
                  <test-case description="AdobeAcrobat: should have a Version property that is a string" name="Get-EvergreenApp AdobeAcrobat.Validate Get-EvergreenApp works with: AdobeAcrobat..AdobeAcrobat: should have a Version property that is a string" time="0.4183" asserts="0" success="True" result="Success" executed="True" />
                  <test-case description="AdobeAcrobat: should have a valid version number" name="Get-EvergreenApp AdobeAcrobat.Validate Get-EvergreenApp works with: AdobeAcrobat..AdobeAcrobat: should have a valid version number" time="0.3671" asserts="0" success="True" result="Success" executed="True" />
                  <test-case description="AdobeAcrobat: should have a URI property that is a string" name="Get-EvergreenApp AdobeAcrobat.Validate Get-EvergreenApp works with: AdobeAcrobat..AdobeAcrobat: should have a URI property that is a string" time="0.3761" asserts="0" success="True" result="Success" executed="True" />
                </results>
              </test-suite>
            </results>
          </test-suite>
          <test-suite type="TestFixture" name="Get-EvergreenApp SafeExamBrowser" executed="True" result="Success" success="True" time="394.7087" asserts="0" description="Get-EvergreenApp SafeExamBrowser">
            <results>
              <test-suite type="TestFixture" name="Get-EvergreenApp SafeExamBrowser.Validate Get-EvergreenApp works with: SafeExamBrowser." executed="True" result="Success" success="True" time="1.1713" asserts="0" description="Get-EvergreenApp SafeExamBrowser.Validate Get-EvergreenApp works with: SafeExamBrowser.">
                <results>
                  <test-case description="SafeExamBrowser: should return something" name="Get-EvergreenApp SafeExamBrowser.Validate Get-EvergreenApp works with: SafeExamBrowser..SafeExamBrowser: should return something" time="0.1716" asserts="0" success="True" result="Success" executed="True" />
                  <test-case description="SafeExamBrowser: should return the expected output type" name="Get-EvergreenApp SafeExamBrowser.Validate Get-EvergreenApp works with: SafeExamBrowser..SafeExamBrowser: should return the expected output type" time="0.1821" asserts="0" success="True" result="Success" executed="True" />
                  <test-case description="SafeExamBrowser: should have a Version property that is a string" name="Get-EvergreenApp SafeExamBrowser.Validate Get-EvergreenApp works with: SafeExamBrowser..SafeExamBrowser: should have a Version property that is a string" time="0.2152" asserts="0" success="True" result="Success" executed="True" />
                  <test-case description="SafeExamBrowser: should have a valid version number" name="Get-EvergreenApp SafeExamBrowser.Validate Get-EvergreenApp works with: SafeExamBrowser..SafeExamBrowser: should have a valid version number" time="0.2106" asserts="0" success="True" result="Success" executed="True" />
                  <test-case description="SafeExamBrowser: should have a URI property that is a string" name="Get-EvergreenApp SafeExamBrowser.Validate Get-EvergreenApp works with: SafeExamBrowser..SafeExamBrowser: should have a URI property that is a string" time="0.2194" asserts="0" success="True" result="Success" executed="True" />
                </results>
              </test-suite>
            </results>
          </test-suite>
          <test-suite type="TestFixture" name="Get-EvergreenApp 7zip" executed="True" result="Success" success="True" time="396.7595" asserts="0" description="Get-EvergreenApp 7zip">
            <results>
              <test-suite type="TestFixture" name="Get-EvergreenApp 7zip.Validate Get-EvergreenApp works with: 7zip." executed="True" result="Success" success="True" time="1.2776" asserts="0" description="Get-EvergreenApp 7zip.Validate Get-EvergreenApp works with: 7zip.">
                <results>
                  <test-case description="7zip: should return something" name="Get-EvergreenApp 7zip.Validate Get-EvergreenApp works with: 7zip..7zip: should return something" time="0.137" asserts="0" success="True" result="Success" executed="True" />
                  <test-case description="7zip: should return the expected output type" name="Get-EvergreenApp 7zip.Validate Get-EvergreenApp works with: 7zip..7zip: should return the expected output type" time="0.2064" asserts="0" success="True" result="Success" executed="True" />
                  <test-case description="7zip: should have a Version property that is a string" name="Get-EvergreenApp 7zip.Validate Get-EvergreenApp works with: 7zip..7zip: should have a Version property that is a string" time="0.2635" asserts="0" success="True" result="Success" executed="True" />
                  <test-case description="7zip: should have a valid version number" name="Get-EvergreenApp 7zip.Validate Get-EvergreenApp works with: 7zip..7zip: should have a valid version number" time="0.2567" asserts="0" success="True" result="Success" executed="True" />
                  <test-case description="7zip: should have a URI property that is a string" name="Get-EvergreenApp 7zip.Validate Get-EvergreenApp works with: 7zip..7zip: should have a URI property that is a string" time="0.2667" asserts="0" success="True" result="Success" executed="True" />
                </results>
              </test-suite>
            </results>
          </test-suite>
          <test-suite type="TestFixture" name="Get-EvergreenApp Wireshark" executed="True" result="Success" success="True" time="398.4601" asserts="0" description="Get-EvergreenApp Wireshark">
            <results>
              <test-suite type="TestFixture" name="Get-EvergreenApp Wireshark.Validate Get-EvergreenApp works with: Wireshark." executed="True" result="Success" success="True" time="1.1141" asserts="0" description="Get-EvergreenApp Wireshark.Validate Get-EvergreenApp works with: Wireshark.">
                <results>
                  <test-case description="Wireshark: should return something" name="Get-EvergreenApp Wireshark.Validate Get-EvergreenApp works with: Wireshark..Wireshark: should return something" time="0.1457" asserts="0" success="True" result="Success" executed="True" />
                  <test-case description="Wireshark: should return the expected output type" name="Get-EvergreenApp Wireshark.Validate Get-EvergreenApp works with: Wireshark..Wireshark: should return the expected output type" time="0.1692" asserts="0" success="True" result="Success" executed="True" />
                  <test-case description="Wireshark: should have a Version property that is a string" name="Get-EvergreenApp Wireshark.Validate Get-EvergreenApp works with: Wireshark..Wireshark: should have a Version property that is a string" time="0.2125" asserts="0" success="True" result="Success" executed="True" />
                  <test-case description="Wireshark: should have a valid version number" name="Get-EvergreenApp Wireshark.Validate Get-EvergreenApp works with: Wireshark..Wireshark: should have a valid version number" time="0.211" asserts="0" success="True" result="Success" executed="True" />
                  <test-case description="Wireshark: should have a URI property that is a string" name="Get-EvergreenApp Wireshark.Validate Get-EvergreenApp works with: Wireshark..Wireshark: should have a URI property that is a string" time="0.2179" asserts="0" success="True" result="Success" executed="True" />
                </results>
              </test-suite>
            </results>
          </test-suite>
          <test-suite type="TestFixture" name="Get-EvergreenApp MicrosoftEdgeDriver" executed="True" result="Success" success="True" time="400.7432" asserts="0" description="Get-EvergreenApp MicrosoftEdgeDriver">
            <results>
              <test-suite type="TestFixture" name="Get-EvergreenApp MicrosoftEdgeDriver.Validate Get-EvergreenApp works with: MicrosoftEdgeDriver." executed="True" result="Success" success="True" time="1.6383" asserts="0" description="Get-EvergreenApp MicrosoftEdgeDriver.Validate Get-EvergreenApp works with: MicrosoftEdgeDriver.">
                <results>
                  <test-case description="MicrosoftEdgeDriver: should return something" name="Get-EvergreenApp MicrosoftEdgeDriver.Validate Get-EvergreenApp works with: MicrosoftEdgeDriver..MicrosoftEdgeDriver: should return something" time="0.1656" asserts="0" success="True" result="Success" executed="True" />
                  <test-case description="MicrosoftEdgeDriver: should return the expected output type" name="Get-EvergreenApp MicrosoftEdgeDriver.Validate Get-EvergreenApp works with: MicrosoftEdgeDriver..MicrosoftEdgeDriver: should return the expected output type" time="0.2484" asserts="0" success="True" result="Success" executed="True" />
                  <test-case description="MicrosoftEdgeDriver: should have a Version property that is a string" name="Get-EvergreenApp MicrosoftEdgeDriver.Validate Get-EvergreenApp works with: MicrosoftEdgeDriver..MicrosoftEdgeDriver: should have a Version property that is a string" time="0.3764" asserts="0" success="True" result="Success" executed="True" />
                  <test-case description="MicrosoftEdgeDriver: should have a valid version number" name="Get-EvergreenApp MicrosoftEdgeDriver.Validate Get-EvergreenApp works with: MicrosoftEdgeDriver..MicrosoftEdgeDriver: should have a valid version number" time="0.3316" asserts="0" success="True" result="Success" executed="True" />
                  <test-case description="MicrosoftEdgeDriver: should have a URI property that is a string" name="Get-EvergreenApp MicrosoftEdgeDriver.Validate Get-EvergreenApp works with: MicrosoftEdgeDriver..MicrosoftEdgeDriver: should have a URI property that is a string" time="0.3467" asserts="0" success="True" result="Success" executed="True" />
                </results>
              </test-suite>
            </results>
          </test-suite>
          <test-suite type="TestFixture" name="Get-EvergreenApp stealthpuppyWindowsCustomisedDefaults" executed="True" result="Success" success="True" time="402.4806" asserts="0" description="Get-EvergreenApp stealthpuppyWindowsCustomisedDefaults">
            <results>
              <test-suite type="TestFixture" name="Get-EvergreenApp stealthpuppyWindowsCustomisedDefaults.Validate Get-EvergreenApp works with: stealthpuppyWindowsCustomisedDefaults." executed="True" result="Success" success="True" time="0.9336" asserts="0" description="Get-EvergreenApp stealthpuppyWindowsCustomisedDefaults.Validate Get-EvergreenApp works with: stealthpuppyWindowsCustomisedDefaults.">
                <results>
                  <test-case description="stealthpuppyWindowsCustomisedDefaults: should return something" name="Get-EvergreenApp stealthpuppyWindowsCustomisedDefaults.Validate Get-EvergreenApp works with: stealthpuppyWindowsCustomisedDefaults..stealthpuppyWindowsCustomisedDefaults: should return something" time="0.1493" asserts="0" success="True" result="Success" executed="True" />
                  <test-case description="stealthpuppyWindowsCustomisedDefaults: should return the expected output type" name="Get-EvergreenApp stealthpuppyWindowsCustomisedDefaults.Validate Get-EvergreenApp works with: stealthpuppyWindowsCustomisedDefaults..stealthpuppyWindowsCustomisedDefaults: should return the expected output type" time="0.146" asserts="0" success="True" result="Success" executed="True" />
                  <test-case description="stealthpuppyWindowsCustomisedDefaults: should have a Version property that is a string" name="Get-EvergreenApp stealthpuppyWindowsCustomisedDefaults.Validate Get-EvergreenApp works with: stealthpuppyWindowsCustomisedDefaults..stealthpuppyWindowsCustomisedDefaults: should have a Version property that is a string" time="0.1623" asserts="0" success="True" result="Success" executed="True" />
                  <test-case description="stealthpuppyWindowsCustomisedDefaults: should have a valid version number" name="Get-EvergreenApp stealthpuppyWindowsCustomisedDefaults.Validate Get-EvergreenApp works with: stealthpuppyWindowsCustomisedDefaults..stealthpuppyWindowsCustomisedDefaults: should have a valid version number" time="0.1579" asserts="0" success="True" result="Success" executed="True" />
                  <test-case description="stealthpuppyWindowsCustomisedDefaults: should have a URI property that is a string" name="Get-EvergreenApp stealthpuppyWindowsCustomisedDefaults.Validate Get-EvergreenApp works with: stealthpuppyWindowsCustomisedDefaults..stealthpuppyWindowsCustomisedDefaults: should have a URI property that is a string" time="0.1654" asserts="0" success="True" result="Success" executed="True" />
                </results>
              </test-suite>
            </results>
          </test-suite>
          <test-suite type="TestFixture" name="Get-EvergreenApp AdoptOpenJDK8" executed="True" result="Success" success="True" time="404.8202" asserts="0" description="Get-EvergreenApp AdoptOpenJDK8">
            <results>
              <test-suite type="TestFixture" name="Get-EvergreenApp AdoptOpenJDK8.Validate Get-EvergreenApp works with: AdoptOpenJDK8." executed="True" result="Success" success="True" time="1.0759" asserts="0" description="Get-EvergreenApp AdoptOpenJDK8.Validate Get-EvergreenApp works with: AdoptOpenJDK8.">
                <results>
                  <test-case description="AdoptOpenJDK8: should return something" name="Get-EvergreenApp AdoptOpenJDK8.Validate Get-EvergreenApp works with: AdoptOpenJDK8..AdoptOpenJDK8: should return something" time="0.144" asserts="0" success="True" result="Success" executed="True" />
                  <test-case description="AdoptOpenJDK8: should return the expected output type" name="Get-EvergreenApp AdoptOpenJDK8.Validate Get-EvergreenApp works with: AdoptOpenJDK8..AdoptOpenJDK8: should return the expected output type" time="0.1727" asserts="0" success="True" result="Success" executed="True" />
                  <test-case description="AdoptOpenJDK8: should have a Version property that is a string" name="Get-EvergreenApp AdoptOpenJDK8.Validate Get-EvergreenApp works with: AdoptOpenJDK8..AdoptOpenJDK8: should have a Version property that is a string" time="0.2144" asserts="0" success="True" result="Success" executed="True" />
                  <test-case description="AdoptOpenJDK8: should have a valid version number" name="Get-EvergreenApp AdoptOpenJDK8.Validate Get-EvergreenApp works with: AdoptOpenJDK8..AdoptOpenJDK8: should have a valid version number" time="0.1993" asserts="0" success="True" result="Success" executed="True" />
                  <test-case description="AdoptOpenJDK8: should have a URI property that is a string" name="Get-EvergreenApp AdoptOpenJDK8.Validate Get-EvergreenApp works with: AdoptOpenJDK8..AdoptOpenJDK8: should have a URI property that is a string" time="0.1939" asserts="0" success="True" result="Success" executed="True" />
                </results>
              </test-suite>
            </results>
          </test-suite>
          <test-suite type="TestFixture" name="Get-EvergreenApp MicrosoftOneDrive" executed="True" result="Success" success="True" time="407.7556" asserts="0" description="Get-EvergreenApp MicrosoftOneDrive">
            <results>
              <test-suite type="TestFixture" name="Get-EvergreenApp MicrosoftOneDrive.Validate Get-EvergreenApp works with: MicrosoftOneDrive." executed="True" result="Success" success="True" time="2.0679" asserts="0" description="Get-EvergreenApp MicrosoftOneDrive.Validate Get-EvergreenApp works with: MicrosoftOneDrive.">
                <results>
                  <test-case description="MicrosoftOneDrive: should return something" name="Get-EvergreenApp MicrosoftOneDrive.Validate Get-EvergreenApp works with: MicrosoftOneDrive..MicrosoftOneDrive: should return something" time="0.2303" asserts="0" success="True" result="Success" executed="True" />
                  <test-case description="MicrosoftOneDrive: should return the expected output type" name="Get-EvergreenApp MicrosoftOneDrive.Validate Get-EvergreenApp works with: MicrosoftOneDrive..MicrosoftOneDrive: should return the expected output type" time="0.2619" asserts="0" success="True" result="Success" executed="True" />
                  <test-case description="MicrosoftOneDrive: should have a Version property that is a string" name="Get-EvergreenApp MicrosoftOneDrive.Validate Get-EvergreenApp works with: MicrosoftOneDrive..MicrosoftOneDrive: should have a Version property that is a string" time="0.4366" asserts="0" success="True" result="Success" executed="True" />
                  <test-case description="MicrosoftOneDrive: should have a valid version number" name="Get-EvergreenApp MicrosoftOneDrive.Validate Get-EvergreenApp works with: MicrosoftOneDrive..MicrosoftOneDrive: should have a valid version number" time="0.4795" asserts="0" success="True" result="Success" executed="True" />
                  <test-case description="MicrosoftOneDrive: should have a URI property that is a string" name="Get-EvergreenApp MicrosoftOneDrive.Validate Get-EvergreenApp works with: MicrosoftOneDrive..MicrosoftOneDrive: should have a URI property that is a string" time="0.4506" asserts="0" success="True" result="Success" executed="True" />
                </results>
              </test-suite>
            </results>
          </test-suite>
          <test-suite type="TestFixture" name="Get-EvergreenApp MuseScore" executed="True" result="Success" success="True" time="409.5215" asserts="0" description="Get-EvergreenApp MuseScore">
            <results>
              <test-suite type="TestFixture" name="Get-EvergreenApp MuseScore.Validate Get-EvergreenApp works with: MuseScore." executed="True" result="Success" success="True" time="0.9599" asserts="0" description="Get-EvergreenApp MuseScore.Validate Get-EvergreenApp works with: MuseScore.">
                <results>
                  <test-case description="MuseScore: should return something" name="Get-EvergreenApp MuseScore.Validate Get-EvergreenApp works with: MuseScore..MuseScore: should return something" time="0.1383" asserts="0" success="True" result="Success" executed="True" />
                  <test-case description="MuseScore: should return the expected output type" name="Get-EvergreenApp MuseScore.Validate Get-EvergreenApp works with: MuseScore..MuseScore: should return the expected output type" time="0.1573" asserts="0" success="True" result="Success" executed="True" />
                  <test-case description="MuseScore: should have a Version property that is a string" name="Get-EvergreenApp MuseScore.Validate Get-EvergreenApp works with: MuseScore..MuseScore: should have a Version property that is a string" time="0.1692" asserts="0" success="True" result="Success" executed="True" />
                  <test-case description="MuseScore: should have a valid version number" name="Get-EvergreenApp MuseScore.Validate Get-EvergreenApp works with: MuseScore..MuseScore: should have a valid version number" time="0.1725" asserts="0" success="True" result="Success" executed="True" />
                  <test-case description="MuseScore: should have a URI property that is a string" name="Get-EvergreenApp MuseScore.Validate Get-EvergreenApp works with: MuseScore..MuseScore: should have a URI property that is a string" time="0.1766" asserts="0" success="True" result="Success" executed="True" />
                </results>
              </test-suite>
            </results>
          </test-suite>
          <test-suite type="TestFixture" name="Get-EvergreenApp CitrixVMTools" executed="True" result="Success" success="True" time="411.0426" asserts="0" description="Get-EvergreenApp CitrixVMTools">
            <results>
              <test-suite type="TestFixture" name="Get-EvergreenApp CitrixVMTools.Validate Get-EvergreenApp works with: CitrixVMTools." executed="True" result="Success" success="True" time="1.0663" asserts="0" description="Get-EvergreenApp CitrixVMTools.Validate Get-EvergreenApp works with: CitrixVMTools.">
                <results>
                  <test-case description="CitrixVMTools: should return something" name="Get-EvergreenApp CitrixVMTools.Validate Get-EvergreenApp works with: CitrixVMTools..CitrixVMTools: should return something" time="0.1401" asserts="0" success="True" result="Success" executed="True" />
                  <test-case description="CitrixVMTools: should return the expected output type" name="Get-EvergreenApp CitrixVMTools.Validate Get-EvergreenApp works with: CitrixVMTools..CitrixVMTools: should return the expected output type" time="0.165" asserts="0" success="True" result="Success" executed="True" />
                  <test-case description="CitrixVMTools: should have a Version property that is a string" name="Get-EvergreenApp CitrixVMTools.Validate Get-EvergreenApp works with: CitrixVMTools..CitrixVMTools: should have a Version property that is a string" time="0.2095" asserts="0" success="True" result="Success" executed="True" />
                  <test-case description="CitrixVMTools: should have a valid version number" name="Get-EvergreenApp CitrixVMTools.Validate Get-EvergreenApp works with: CitrixVMTools..CitrixVMTools: should have a valid version number" time="0.2049" asserts="0" success="True" result="Success" executed="True" />
                  <test-case description="CitrixVMTools: should have a URI property that is a string" name="Get-EvergreenApp CitrixVMTools.Validate Get-EvergreenApp works with: CitrixVMTools..CitrixVMTools: should have a URI property that is a string" time="0.2018" asserts="0" success="True" result="Success" executed="True" />
                </results>
              </test-suite>
            </results>
          </test-suite>
          <test-suite type="TestFixture" name="Get-EvergreenApp ProgressChefInSpec" executed="True" result="Success" success="True" time="419.2347" asserts="0" description="Get-EvergreenApp ProgressChefInSpec">
            <results>
              <test-suite type="TestFixture" name="Get-EvergreenApp ProgressChefInSpec.Validate Get-EvergreenApp works with: ProgressChefInSpec." executed="True" result="Success" success="True" time="1.7675" asserts="0" description="Get-EvergreenApp ProgressChefInSpec.Validate Get-EvergreenApp works with: ProgressChefInSpec.">
                <results>
                  <test-case description="ProgressChefInSpec: should return something" name="Get-EvergreenApp ProgressChefInSpec.Validate Get-EvergreenApp works with: ProgressChefInSpec..ProgressChefInSpec: should return something" time="0.1423" asserts="0" success="True" result="Success" executed="True" />
                  <test-case description="ProgressChefInSpec: should return the expected output type" name="Get-EvergreenApp ProgressChefInSpec.Validate Get-EvergreenApp works with: ProgressChefInSpec..ProgressChefInSpec: should return the expected output type" time="0.2559" asserts="0" success="True" result="Success" executed="True" />
                  <test-case description="ProgressChefInSpec: should have a Version property that is a string" name="Get-EvergreenApp ProgressChefInSpec.Validate Get-EvergreenApp works with: ProgressChefInSpec..ProgressChefInSpec: should have a Version property that is a string" time="0.3975" asserts="0" success="True" result="Success" executed="True" />
                  <test-case description="ProgressChefInSpec: should have a valid version number" name="Get-EvergreenApp ProgressChefInSpec.Validate Get-EvergreenApp works with: ProgressChefInSpec..ProgressChefInSpec: should have a valid version number" time="0.3985" asserts="0" success="True" result="Success" executed="True" />
                  <test-case description="ProgressChefInSpec: should have a URI property that is a string" name="Get-EvergreenApp ProgressChefInSpec.Validate Get-EvergreenApp works with: ProgressChefInSpec..ProgressChefInSpec: should have a URI property that is a string" time="0.4115" asserts="0" success="True" result="Success" executed="True" />
                </results>
              </test-suite>
            </results>
          </test-suite>
          <test-suite type="TestFixture" name="Get-EvergreenApp MicrosoftEdgeWebView2Runtime" executed="True" result="Success" success="True" time="421.4883" asserts="0" description="Get-EvergreenApp MicrosoftEdgeWebView2Runtime">
            <results>
              <test-suite type="TestFixture" name="Get-EvergreenApp MicrosoftEdgeWebView2Runtime.Validate Get-EvergreenApp works with: MicrosoftEdgeWebView2Runtime." executed="True" result="Success" success="True" time="0.9931" asserts="0" description="Get-EvergreenApp MicrosoftEdgeWebView2Runtime.Validate Get-EvergreenApp works with: MicrosoftEdgeWebView2Runtime.">
                <results>
                  <test-case description="MicrosoftEdgeWebView2Runtime: should return something" name="Get-EvergreenApp MicrosoftEdgeWebView2Runtime.Validate Get-EvergreenApp works with: MicrosoftEdgeWebView2Runtime..MicrosoftEdgeWebView2Runtime: should return something" time="0.1372" asserts="0" success="True" result="Success" executed="True" />
                  <test-case description="MicrosoftEdgeWebView2Runtime: should return the expected output type" name="Get-EvergreenApp MicrosoftEdgeWebView2Runtime.Validate Get-EvergreenApp works with: MicrosoftEdgeWebView2Runtime..MicrosoftEdgeWebView2Runtime: should return the expected output type" time="0.1503" asserts="0" success="True" result="Success" executed="True" />
                  <test-case description="MicrosoftEdgeWebView2Runtime: should have a Version property that is a string" name="Get-EvergreenApp MicrosoftEdgeWebView2Runtime.Validate Get-EvergreenApp works with: MicrosoftEdgeWebView2Runtime..MicrosoftEdgeWebView2Runtime: should have a Version property that is a string" time="0.1783" asserts="0" success="True" result="Success" executed="True" />
                  <test-case description="MicrosoftEdgeWebView2Runtime: should have a valid version number" name="Get-EvergreenApp MicrosoftEdgeWebView2Runtime.Validate Get-EvergreenApp works with: MicrosoftEdgeWebView2Runtime..MicrosoftEdgeWebView2Runtime: should have a valid version number" time="0.1814" asserts="0" success="True" result="Success" executed="True" />
                  <test-case description="MicrosoftEdgeWebView2Runtime: should have a URI property that is a string" name="Get-EvergreenApp MicrosoftEdgeWebView2Runtime.Validate Get-EvergreenApp works with: MicrosoftEdgeWebView2Runtime..MicrosoftEdgeWebView2Runtime: should have a URI property that is a string" time="0.1945" asserts="0" success="True" result="Success" executed="True" />
                </results>
              </test-suite>
            </results>
          </test-suite>
          <test-suite type="TestFixture" name="Get-EvergreenApp ProjectLibre" executed="True" result="Success" success="True" time="423.0384" asserts="0" description="Get-EvergreenApp ProjectLibre">
            <results>
              <test-suite type="TestFixture" name="Get-EvergreenApp ProjectLibre.Validate Get-EvergreenApp works with: ProjectLibre." executed="True" result="Success" success="True" time="0.827" asserts="0" description="Get-EvergreenApp ProjectLibre.Validate Get-EvergreenApp works with: ProjectLibre.">
                <results>
                  <test-case description="ProjectLibre: should return something" name="Get-EvergreenApp ProjectLibre.Validate Get-EvergreenApp works with: ProjectLibre..ProjectLibre: should return something" time="0.141" asserts="0" success="True" result="Success" executed="True" />
                  <test-case description="ProjectLibre: should return the expected output type" name="Get-EvergreenApp ProjectLibre.Validate Get-EvergreenApp works with: ProjectLibre..ProjectLibre: should return the expected output type" time="0.1346" asserts="0" success="True" result="Success" executed="True" />
                  <test-case description="ProjectLibre: should have a Version property that is a string" name="Get-EvergreenApp ProjectLibre.Validate Get-EvergreenApp works with: ProjectLibre..ProjectLibre: should have a Version property that is a string" time="0.1342" asserts="0" success="True" result="Success" executed="True" />
                  <test-case description="ProjectLibre: should have a valid version number" name="Get-EvergreenApp ProjectLibre.Validate Get-EvergreenApp works with: ProjectLibre..ProjectLibre: should have a valid version number" time="0.1338" asserts="0" success="True" result="Success" executed="True" />
                  <test-case description="ProjectLibre: should have a URI property that is a string" name="Get-EvergreenApp ProjectLibre.Validate Get-EvergreenApp works with: ProjectLibre..ProjectLibre: should have a URI property that is a string" time="0.143" asserts="0" success="True" result="Success" executed="True" />
                </results>
              </test-suite>
            </results>
          </test-suite>
          <test-suite type="TestFixture" name="Get-EvergreenApp Obsidian" executed="True" result="Success" success="True" time="424.8301" asserts="0" description="Get-EvergreenApp Obsidian">
            <results>
              <test-suite type="TestFixture" name="Get-EvergreenApp Obsidian.Validate Get-EvergreenApp works with: Obsidian." executed="True" result="Success" success="True" time="1.0032" asserts="0" description="Get-EvergreenApp Obsidian.Validate Get-EvergreenApp works with: Obsidian.">
                <results>
                  <test-case description="Obsidian: should return something" name="Get-EvergreenApp Obsidian.Validate Get-EvergreenApp works with: Obsidian..Obsidian: should return something" time="0.1455" asserts="0" success="True" result="Success" executed="True" />
                  <test-case description="Obsidian: should return the expected output type" name="Get-EvergreenApp Obsidian.Validate Get-EvergreenApp works with: Obsidian..Obsidian: should return the expected output type" time="0.1669" asserts="0" success="True" result="Success" executed="True" />
                  <test-case description="Obsidian: should have a Version property that is a string" name="Get-EvergreenApp Obsidian.Validate Get-EvergreenApp works with: Obsidian..Obsidian: should have a Version property that is a string" time="0.185" asserts="0" success="True" result="Success" executed="True" />
                  <test-case description="Obsidian: should have a valid version number" name="Get-EvergreenApp Obsidian.Validate Get-EvergreenApp works with: Obsidian..Obsidian: should have a valid version number" time="0.1782" asserts="0" success="True" result="Success" executed="True" />
                  <test-case description="Obsidian: should have a URI property that is a string" name="Get-EvergreenApp Obsidian.Validate Get-EvergreenApp works with: Obsidian..Obsidian: should have a URI property that is a string" time="0.1785" asserts="0" success="True" result="Success" executed="True" />
                </results>
              </test-suite>
            </results>
          </test-suite>
          <test-suite type="TestFixture" name="Get-EvergreenApp Anaconda" executed="True" result="Success" success="True" time="426.1616" asserts="0" description="Get-EvergreenApp Anaconda">
            <results>
              <test-suite type="TestFixture" name="Get-EvergreenApp Anaconda.Validate Get-EvergreenApp works with: Anaconda." executed="True" result="Success" success="True" time="0.8367" asserts="0" description="Get-EvergreenApp Anaconda.Validate Get-EvergreenApp works with: Anaconda.">
                <results>
                  <test-case description="Anaconda: should return something" name="Get-EvergreenApp Anaconda.Validate Get-EvergreenApp works with: Anaconda..Anaconda: should return something" time="0.1459" asserts="0" success="True" result="Success" executed="True" />
                  <test-case description="Anaconda: should return the expected output type" name="Get-EvergreenApp Anaconda.Validate Get-EvergreenApp works with: Anaconda..Anaconda: should return the expected output type" time="0.1318" asserts="0" success="True" result="Success" executed="True" />
                  <test-case description="Anaconda: should have a Version property that is a string" name="Get-EvergreenApp Anaconda.Validate Get-EvergreenApp works with: Anaconda..Anaconda: should have a Version property that is a string" time="0.1341" asserts="0" success="True" result="Success" executed="True" />
                  <test-case description="Anaconda: should have a valid version number" name="Get-EvergreenApp Anaconda.Validate Get-EvergreenApp works with: Anaconda..Anaconda: should have a valid version number" time="0.1353" asserts="0" success="True" result="Success" executed="True" />
                  <test-case description="Anaconda: should have a URI property that is a string" name="Get-EvergreenApp Anaconda.Validate Get-EvergreenApp works with: Anaconda..Anaconda: should have a URI property that is a string" time="0.1418" asserts="0" success="True" result="Success" executed="True" />
                </results>
              </test-suite>
            </results>
          </test-suite>
          <test-suite type="TestFixture" name="Get-EvergreenApp GitForWindows" executed="True" result="Success" success="True" time="428.7015" asserts="0" description="Get-EvergreenApp GitForWindows">
            <results>
              <test-suite type="TestFixture" name="Get-EvergreenApp GitForWindows.Validate Get-EvergreenApp works with: GitForWindows." executed="True" result="Success" success="True" time="1.5378" asserts="0" description="Get-EvergreenApp GitForWindows.Validate Get-EvergreenApp works with: GitForWindows.">
                <results>
                  <test-case description="GitForWindows: should return something" name="Get-EvergreenApp GitForWindows.Validate Get-EvergreenApp works with: GitForWindows..GitForWindows: should return something" time="0.1474" asserts="0" success="True" result="Success" executed="True" />
                  <test-case description="GitForWindows: should return the expected output type" name="Get-EvergreenApp GitForWindows.Validate Get-EvergreenApp works with: GitForWindows..GitForWindows: should return the expected output type" time="0.2354" asserts="0" success="True" result="Success" executed="True" />
                  <test-case description="GitForWindows: should have a Version property that is a string" name="Get-EvergreenApp GitForWindows.Validate Get-EvergreenApp works with: GitForWindows..GitForWindows: should have a Version property that is a string" time="0.353" asserts="0" success="True" result="Success" executed="True" />
                  <test-case description="GitForWindows: should have a valid version number" name="Get-EvergreenApp GitForWindows.Validate Get-EvergreenApp works with: GitForWindows..GitForWindows: should have a valid version number" time="0.3239" asserts="0" success="True" result="Success" executed="True" />
                  <test-case description="GitForWindows: should have a URI property that is a string" name="Get-EvergreenApp GitForWindows.Validate Get-EvergreenApp works with: GitForWindows..GitForWindows: should have a URI property that is a string" time="0.3336" asserts="0" success="True" result="Success" executed="True" />
                </results>
              </test-suite>
            </results>
          </test-suite>
          <test-suite type="TestFixture" name="Get-EvergreenApp HashicorpNomad" executed="True" result="Success" success="True" time="430.2879" asserts="0" description="Get-EvergreenApp HashicorpNomad">
            <results>
              <test-suite type="TestFixture" name="Get-EvergreenApp HashicorpNomad.Validate Get-EvergreenApp works with: HashicorpNomad." executed="True" result="Success" success="True" time="0.9082" asserts="0" description="Get-EvergreenApp HashicorpNomad.Validate Get-EvergreenApp works with: HashicorpNomad.">
                <results>
                  <test-case description="HashicorpNomad: should return something" name="Get-EvergreenApp HashicorpNomad.Validate Get-EvergreenApp works with: HashicorpNomad..HashicorpNomad: should return something" time="0.133" asserts="0" success="True" result="Success" executed="True" />
                  <test-case description="HashicorpNomad: should return the expected output type" name="Get-EvergreenApp HashicorpNomad.Validate Get-EvergreenApp works with: HashicorpNomad..HashicorpNomad: should return the expected output type" time="0.143" asserts="0" success="True" result="Success" executed="True" />
                  <test-case description="HashicorpNomad: should have a Version property that is a string" name="Get-EvergreenApp HashicorpNomad.Validate Get-EvergreenApp works with: HashicorpNomad..HashicorpNomad: should have a Version property that is a string" time="0.1525" asserts="0" success="True" result="Success" executed="True" />
                  <test-case description="HashicorpNomad: should have a valid version number" name="Get-EvergreenApp HashicorpNomad.Validate Get-EvergreenApp works with: HashicorpNomad..HashicorpNomad: should have a valid version number" time="0.164" asserts="0" success="True" result="Success" executed="True" />
                  <test-case description="HashicorpNomad: should have a URI property that is a string" name="Get-EvergreenApp HashicorpNomad.Validate Get-EvergreenApp works with: HashicorpNomad..HashicorpNomad: should have a URI property that is a string" time="0.1698" asserts="0" success="True" result="Success" executed="True" />
                </results>
              </test-suite>
            </results>
          </test-suite>
          <test-suite type="TestFixture" name="Get-EvergreenApp USBPcap" executed="True" result="Success" success="True" time="431.8339" asserts="0" description="Get-EvergreenApp USBPcap">
            <results>
              <test-suite type="TestFixture" name="Get-EvergreenApp USBPcap.Validate Get-EvergreenApp works with: USBPcap." executed="True" result="Success" success="True" time="0.8246" asserts="0" description="Get-EvergreenApp USBPcap.Validate Get-EvergreenApp works with: USBPcap.">
                <results>
                  <test-case description="USBPcap: should return something" name="Get-EvergreenApp USBPcap.Validate Get-EvergreenApp works with: USBPcap..USBPcap: should return something" time="0.133" asserts="0" success="True" result="Success" executed="True" />
                  <test-case description="USBPcap: should return the expected output type" name="Get-EvergreenApp USBPcap.Validate Get-EvergreenApp works with: USBPcap..USBPcap: should return the expected output type" time="0.1317" asserts="0" success="True" result="Success" executed="True" />
                  <test-case description="USBPcap: should have a Version property that is a string" name="Get-EvergreenApp USBPcap.Validate Get-EvergreenApp works with: USBPcap..USBPcap: should have a Version property that is a string" time="0.1313" asserts="0" success="True" result="Success" executed="True" />
                  <test-case description="USBPcap: should have a valid version number" name="Get-EvergreenApp USBPcap.Validate Get-EvergreenApp works with: USBPcap..USBPcap: should have a valid version number" time="0.1381" asserts="0" success="True" result="Success" executed="True" />
                  <test-case description="USBPcap: should have a URI property that is a string" name="Get-EvergreenApp USBPcap.Validate Get-EvergreenApp works with: USBPcap..USBPcap: should have a URI property that is a string" time="0.1487" asserts="0" success="True" result="Success" executed="True" />
                </results>
              </test-suite>
            </results>
          </test-suite>
          <test-suite type="TestFixture" name="Get-EvergreenApp ESETServerSecurity" executed="True" result="Success" success="True" time="433.771" asserts="0" description="Get-EvergreenApp ESETServerSecurity">
            <results>
              <test-suite type="TestFixture" name="Get-EvergreenApp ESETServerSecurity.Validate Get-EvergreenApp works with: ESETServerSecurity." executed="True" result="Success" success="True" time="0.7786" asserts="0" description="Get-EvergreenApp ESETServerSecurity.Validate Get-EvergreenApp works with: ESETServerSecurity.">
                <results>
                  <test-case description="ESETServerSecurity: should return something" name="Get-EvergreenApp ESETServerSecurity.Validate Get-EvergreenApp works with: ESETServerSecurity..ESETServerSecurity: should return something" time="0.1331" asserts="0" success="True" result="Success" executed="True" />
                  <test-case description="ESETServerSecurity: should return the expected output type" name="Get-EvergreenApp ESETServerSecurity.Validate Get-EvergreenApp works with: ESETServerSecurity..ESETServerSecurity: should return the expected output type" time="0.1276" asserts="0" success="True" result="Success" executed="True" />
                  <test-case description="ESETServerSecurity: should have a Version property that is a string" name="Get-EvergreenApp ESETServerSecurity.Validate Get-EvergreenApp works with: ESETServerSecurity..ESETServerSecurity: should have a Version property that is a string" time="0.1266" asserts="0" success="True" result="Success" executed="True" />
                  <test-case description="ESETServerSecurity: should have a valid version number" name="Get-EvergreenApp ESETServerSecurity.Validate Get-EvergreenApp works with: ESETServerSecurity..ESETServerSecurity: should have a valid version number" time="0.1277" asserts="0" success="True" result="Success" executed="True" />
                  <test-case description="ESETServerSecurity: should have a URI property that is a string" name="Get-EvergreenApp ESETServerSecurity.Validate Get-EvergreenApp works with: ESETServerSecurity..ESETServerSecurity: should have a URI property that is a string" time="0.127" asserts="0" success="True" result="Success" executed="True" />
                </results>
              </test-suite>
            </results>
          </test-suite>
          <test-suite type="TestFixture" name="Get-EvergreenApp TechSmithCamtasia" executed="True" result="Success" success="True" time="435.1647" asserts="0" description="Get-EvergreenApp TechSmithCamtasia">
            <results>
              <test-suite type="TestFixture" name="Get-EvergreenApp TechSmithCamtasia.Validate Get-EvergreenApp works with: TechSmithCamtasia." executed="True" result="Success" success="True" time="0.8475" asserts="0" description="Get-EvergreenApp TechSmithCamtasia.Validate Get-EvergreenApp works with: TechSmithCamtasia.">
                <results>
                  <test-case description="TechSmithCamtasia: should return something" name="Get-EvergreenApp TechSmithCamtasia.Validate Get-EvergreenApp works with: TechSmithCamtasia..TechSmithCamtasia: should return something" time="0.1333" asserts="0" success="True" result="Success" executed="True" />
                  <test-case description="TechSmithCamtasia: should return the expected output type" name="Get-EvergreenApp TechSmithCamtasia.Validate Get-EvergreenApp works with: TechSmithCamtasia..TechSmithCamtasia: should return the expected output type" time="0.1385" asserts="0" success="True" result="Success" executed="True" />
                  <test-case description="TechSmithCamtasia: should have a Version property that is a string" name="Get-EvergreenApp TechSmithCamtasia.Validate Get-EvergreenApp works with: TechSmithCamtasia..TechSmithCamtasia: should have a Version property that is a string" time="0.1453" asserts="0" success="True" result="Success" executed="True" />
                  <test-case description="TechSmithCamtasia: should have a valid version number" name="Get-EvergreenApp TechSmithCamtasia.Validate Get-EvergreenApp works with: TechSmithCamtasia..TechSmithCamtasia: should have a valid version number" time="0.1461" asserts="0" success="True" result="Success" executed="True" />
                  <test-case description="TechSmithCamtasia: should have a URI property that is a string" name="Get-EvergreenApp TechSmithCamtasia.Validate Get-EvergreenApp works with: TechSmithCamtasia..TechSmithCamtasia: should have a URI property that is a string" time="0.1461" asserts="0" success="True" result="Success" executed="True" />
                </results>
              </test-suite>
            </results>
          </test-suite>
          <test-suite type="TestFixture" name="Get-EvergreenApp OnlyOfficeDesktopEditors" executed="True" result="Success" success="True" time="437.0465" asserts="0" description="Get-EvergreenApp OnlyOfficeDesktopEditors">
            <results>
              <test-suite type="TestFixture" name="Get-EvergreenApp OnlyOfficeDesktopEditors.Validate Get-EvergreenApp works with: OnlyOfficeDesktopEditors." executed="True" result="Success" success="True" time="1.0677" asserts="0" description="Get-EvergreenApp OnlyOfficeDesktopEditors.Validate Get-EvergreenApp works with: OnlyOfficeDesktopEditors.">
                <results>
                  <test-case description="OnlyOfficeDesktopEditors: should return something" name="Get-EvergreenApp OnlyOfficeDesktopEditors.Validate Get-EvergreenApp works with: OnlyOfficeDesktopEditors..OnlyOfficeDesktopEditors: should return something" time="0.1364" asserts="0" success="True" result="Success" executed="True" />
                  <test-case description="OnlyOfficeDesktopEditors: should return the expected output type" name="Get-EvergreenApp OnlyOfficeDesktopEditors.Validate Get-EvergreenApp works with: OnlyOfficeDesktopEditors..OnlyOfficeDesktopEditors: should return the expected output type" time="0.164" asserts="0" success="True" result="Success" executed="True" />
                  <test-case description="OnlyOfficeDesktopEditors: should have a Version property that is a string" name="Get-EvergreenApp OnlyOfficeDesktopEditors.Validate Get-EvergreenApp works with: OnlyOfficeDesktopEditors..OnlyOfficeDesktopEditors: should have a Version property that is a string" time="0.2072" asserts="0" success="True" result="Success" executed="True" />
                  <test-case description="OnlyOfficeDesktopEditors: should have a valid version number" name="Get-EvergreenApp OnlyOfficeDesktopEditors.Validate Get-EvergreenApp works with: OnlyOfficeDesktopEditors..OnlyOfficeDesktopEditors: should have a valid version number" time="0.198" asserts="0" success="True" result="Success" executed="True" />
                  <test-case description="OnlyOfficeDesktopEditors: should have a URI property that is a string" name="Get-EvergreenApp OnlyOfficeDesktopEditors.Validate Get-EvergreenApp works with: OnlyOfficeDesktopEditors..OnlyOfficeDesktopEditors: should have a URI property that is a string" time="0.2049" asserts="0" success="True" result="Success" executed="True" />
                </results>
              </test-suite>
            </results>
          </test-suite>
          <test-suite type="TestFixture" name="Get-EvergreenApp RizonesoftNotepad3" executed="True" result="Success" success="True" time="438.905" asserts="0" description="Get-EvergreenApp RizonesoftNotepad3">
            <results>
              <test-suite type="TestFixture" name="Get-EvergreenApp RizonesoftNotepad3.Validate Get-EvergreenApp works with: RizonesoftNotepad3." executed="True" result="Success" success="True" time="1.0846" asserts="0" description="Get-EvergreenApp RizonesoftNotepad3.Validate Get-EvergreenApp works with: RizonesoftNotepad3.">
                <results>
                  <test-case description="RizonesoftNotepad3: should return something" name="Get-EvergreenApp RizonesoftNotepad3.Validate Get-EvergreenApp works with: RizonesoftNotepad3..RizonesoftNotepad3: should return something" time="0.1311" asserts="0" success="True" result="Success" executed="True" />
                  <test-case description="RizonesoftNotepad3: should return the expected output type" name="Get-EvergreenApp RizonesoftNotepad3.Validate Get-EvergreenApp works with: RizonesoftNotepad3..RizonesoftNotepad3: should return the expected output type" time="0.1644" asserts="0" success="True" result="Success" executed="True" />
                  <test-case description="RizonesoftNotepad3: should have a Version property that is a string" name="Get-EvergreenApp RizonesoftNotepad3.Validate Get-EvergreenApp works with: RizonesoftNotepad3..RizonesoftNotepad3: should have a Version property that is a string" time="0.2107" asserts="0" success="True" result="Success" executed="True" />
                  <test-case description="RizonesoftNotepad3: should have a valid version number" name="Get-EvergreenApp RizonesoftNotepad3.Validate Get-EvergreenApp works with: RizonesoftNotepad3..RizonesoftNotepad3: should have a valid version number" time="0.2215" asserts="0" success="True" result="Success" executed="True" />
                  <test-case description="RizonesoftNotepad3: should have a URI property that is a string" name="Get-EvergreenApp RizonesoftNotepad3.Validate Get-EvergreenApp works with: RizonesoftNotepad3..RizonesoftNotepad3: should have a URI property that is a string" time="0.2169" asserts="0" success="True" result="Success" executed="True" />
                </results>
              </test-suite>
            </results>
          </test-suite>
          <test-suite type="TestFixture" name="Get-EvergreenApp ConnectionExperienceIndicator" executed="True" result="Success" success="True" time="440.5756" asserts="0" description="Get-EvergreenApp ConnectionExperienceIndicator">
            <results>
              <test-suite type="TestFixture" name="Get-EvergreenApp ConnectionExperienceIndicator.Validate Get-EvergreenApp works with: ConnectionExperienceIndicator." executed="True" result="Success" success="True" time="0.9463" asserts="0" description="Get-EvergreenApp ConnectionExperienceIndicator.Validate Get-EvergreenApp works with: ConnectionExperienceIndicator.">
                <results>
                  <test-case description="ConnectionExperienceIndicator: should return something" name="Get-EvergreenApp ConnectionExperienceIndicator.Validate Get-EvergreenApp works with: ConnectionExperienceIndicator..ConnectionExperienceIndicator: should return something" time="0.141" asserts="0" success="True" result="Success" executed="True" />
                  <test-case description="ConnectionExperienceIndicator: should return the expected output type" name="Get-EvergreenApp ConnectionExperienceIndicator.Validate Get-EvergreenApp works with: ConnectionExperienceIndicator..ConnectionExperienceIndicator: should return the expected output type" time="0.1403" asserts="0" success="True" result="Success" executed="True" />
                  <test-case description="ConnectionExperienceIndicator: should have a Version property that is a string" name="Get-EvergreenApp ConnectionExperienceIndicator.Validate Get-EvergreenApp works with: ConnectionExperienceIndicator..ConnectionExperienceIndicator: should have a Version property that is a string" time="0.1414" asserts="0" success="True" result="Success" executed="True" />
                  <test-case description="ConnectionExperienceIndicator: should have a valid version number" name="Get-EvergreenApp ConnectionExperienceIndicator.Validate Get-EvergreenApp works with: ConnectionExperienceIndicator..ConnectionExperienceIndicator: should have a valid version number" time="0.1448" asserts="0" success="True" result="Success" executed="True" />
                  <test-case description="ConnectionExperienceIndicator: should have a URI property that is a string" name="Get-EvergreenApp ConnectionExperienceIndicator.Validate Get-EvergreenApp works with: ConnectionExperienceIndicator..ConnectionExperienceIndicator: should have a URI property that is a string" time="0.1727" asserts="0" success="True" result="Success" executed="True" />
                </results>
              </test-suite>
            </results>
          </test-suite>
          <test-suite type="TestFixture" name="Get-EvergreenApp VisualCppRedistAIO" executed="True" result="Success" success="True" time="442.1161" asserts="0" description="Get-EvergreenApp VisualCppRedistAIO">
            <results>
              <test-suite type="TestFixture" name="Get-EvergreenApp VisualCppRedistAIO.Validate Get-EvergreenApp works with: VisualCppRedistAIO." executed="True" result="Success" success="True" time="0.8572" asserts="0" description="Get-EvergreenApp VisualCppRedistAIO.Validate Get-EvergreenApp works with: VisualCppRedistAIO.">
                <results>
                  <test-case description="VisualCppRedistAIO: should return something" name="Get-EvergreenApp VisualCppRedistAIO.Validate Get-EvergreenApp works with: VisualCppRedistAIO..VisualCppRedistAIO: should return something" time="0.137" asserts="0" success="True" result="Success" executed="True" />
                  <test-case description="VisualCppRedistAIO: should return the expected output type" name="Get-EvergreenApp VisualCppRedistAIO.Validate Get-EvergreenApp works with: VisualCppRedistAIO..VisualCppRedistAIO: should return the expected output type" time="0.1426" asserts="0" success="True" result="Success" executed="True" />
                  <test-case description="VisualCppRedistAIO: should have a Version property that is a string" name="Get-EvergreenApp VisualCppRedistAIO.Validate Get-EvergreenApp works with: VisualCppRedistAIO..VisualCppRedistAIO: should have a Version property that is a string" time="0.1492" asserts="0" success="True" result="Success" executed="True" />
                  <test-case description="VisualCppRedistAIO: should have a valid version number" name="Get-EvergreenApp VisualCppRedistAIO.Validate Get-EvergreenApp works with: VisualCppRedistAIO..VisualCppRedistAIO: should have a valid version number" time="0.1428" asserts="0" success="True" result="Success" executed="True" />
                  <test-case description="VisualCppRedistAIO: should have a URI property that is a string" name="Get-EvergreenApp VisualCppRedistAIO.Validate Get-EvergreenApp works with: VisualCppRedistAIO..VisualCppRedistAIO: should have a URI property that is a string" time="0.1352" asserts="0" success="True" result="Success" executed="True" />
                </results>
              </test-suite>
            </results>
          </test-suite>
          <test-suite type="TestFixture" name="Get-EvergreenApp Fork" executed="True" result="Success" success="True" time="443.3453" asserts="0" description="Get-EvergreenApp Fork">
            <results>
              <test-suite type="TestFixture" name="Get-EvergreenApp Fork.Validate Get-EvergreenApp works with: Fork." executed="True" result="Success" success="True" time="0.8237" asserts="0" description="Get-EvergreenApp Fork.Validate Get-EvergreenApp works with: Fork.">
                <results>
                  <test-case description="Fork: should return something" name="Get-EvergreenApp Fork.Validate Get-EvergreenApp works with: Fork..Fork: should return something" time="0.1381" asserts="0" success="True" result="Success" executed="True" />
                  <test-case description="Fork: should return the expected output type" name="Get-EvergreenApp Fork.Validate Get-EvergreenApp works with: Fork..Fork: should return the expected output type" time="0.1292" asserts="0" success="True" result="Success" executed="True" />
                  <test-case description="Fork: should have a Version property that is a string" name="Get-EvergreenApp Fork.Validate Get-EvergreenApp works with: Fork..Fork: should have a Version property that is a string" time="0.1346" asserts="0" success="True" result="Success" executed="True" />
                  <test-case description="Fork: should have a valid version number" name="Get-EvergreenApp Fork.Validate Get-EvergreenApp works with: Fork..Fork: should have a valid version number" time="0.1419" asserts="0" success="True" result="Success" executed="True" />
                  <test-case description="Fork: should have a URI property that is a string" name="Get-EvergreenApp Fork.Validate Get-EvergreenApp works with: Fork..Fork: should have a URI property that is a string" time="0.1408" asserts="0" success="True" result="Success" executed="True" />
                </results>
              </test-suite>
            </results>
          </test-suite>
          <test-suite type="TestFixture" name="Get-EvergreenApp dbeaver" executed="True" result="Success" success="True" time="444.8768" asserts="0" description="Get-EvergreenApp dbeaver">
            <results>
              <test-suite type="TestFixture" name="Get-EvergreenApp dbeaver.Validate Get-EvergreenApp works with: dbeaver." executed="True" result="Success" success="True" time="0.8157" asserts="0" description="Get-EvergreenApp dbeaver.Validate Get-EvergreenApp works with: dbeaver.">
                <results>
                  <test-case description="dbeaver: should return something" name="Get-EvergreenApp dbeaver.Validate Get-EvergreenApp works with: dbeaver..dbeaver: should return something" time="0.1323" asserts="0" success="True" result="Success" executed="True" />
                  <test-case description="dbeaver: should return the expected output type" name="Get-EvergreenApp dbeaver.Validate Get-EvergreenApp works with: dbeaver..dbeaver: should return the expected output type" time="0.1361" asserts="0" success="True" result="Success" executed="True" />
                  <test-case description="dbeaver: should have a Version property that is a string" name="Get-EvergreenApp dbeaver.Validate Get-EvergreenApp works with: dbeaver..dbeaver: should have a Version property that is a string" time="0.1335" asserts="0" success="True" result="Success" executed="True" />
                  <test-case description="dbeaver: should have a valid version number" name="Get-EvergreenApp dbeaver.Validate Get-EvergreenApp works with: dbeaver..dbeaver: should have a valid version number" time="0.1354" asserts="0" success="True" result="Success" executed="True" />
                  <test-case description="dbeaver: should have a URI property that is a string" name="Get-EvergreenApp dbeaver.Validate Get-EvergreenApp works with: dbeaver..dbeaver: should have a URI property that is a string" time="0.1339" asserts="0" success="True" result="Success" executed="True" />
                </results>
              </test-suite>
            </results>
          </test-suite>
          <test-suite type="TestFixture" name="Get-EvergreenApp BlenderLauncher" executed="True" result="Success" success="True" time="446.5405" asserts="0" description="Get-EvergreenApp BlenderLauncher">
            <results>
              <test-suite type="TestFixture" name="Get-EvergreenApp BlenderLauncher.Validate Get-EvergreenApp works with: BlenderLauncher." executed="True" result="Success" success="True" time="0.8911" asserts="0" description="Get-EvergreenApp BlenderLauncher.Validate Get-EvergreenApp works with: BlenderLauncher.">
                <results>
                  <test-case description="BlenderLauncher: should return something" name="Get-EvergreenApp BlenderLauncher.Validate Get-EvergreenApp works with: BlenderLauncher..BlenderLauncher: should return something" time="0.1359" asserts="0" success="True" result="Success" executed="True" />
                  <test-case description="BlenderLauncher: should return the expected output type" name="Get-EvergreenApp BlenderLauncher.Validate Get-EvergreenApp works with: BlenderLauncher..BlenderLauncher: should return the expected output type" time="0.1403" asserts="0" success="True" result="Success" executed="True" />
                  <test-case description="BlenderLauncher: should have a Version property that is a string" name="Get-EvergreenApp BlenderLauncher.Validate Get-EvergreenApp works with: BlenderLauncher..BlenderLauncher: should have a Version property that is a string" time="0.1584" asserts="0" success="True" result="Success" executed="True" />
                  <test-case description="BlenderLauncher: should have a valid version number" name="Get-EvergreenApp BlenderLauncher.Validate Get-EvergreenApp works with: BlenderLauncher..BlenderLauncher: should have a valid version number" time="0.1503" asserts="0" success="True" result="Success" executed="True" />
                  <test-case description="BlenderLauncher: should have a URI property that is a string" name="Get-EvergreenApp BlenderLauncher.Validate Get-EvergreenApp works with: BlenderLauncher..BlenderLauncher: should have a URI property that is a string" time="0.1595" asserts="0" success="True" result="Success" executed="True" />
                </results>
              </test-suite>
            </results>
          </test-suite>
          <test-suite type="TestFixture" name="Get-EvergreenApp VercelHyper" executed="True" result="Success" success="True" time="448.3342" asserts="0" description="Get-EvergreenApp VercelHyper">
            <results>
              <test-suite type="TestFixture" name="Get-EvergreenApp VercelHyper.Validate Get-EvergreenApp works with: VercelHyper." executed="True" result="Success" success="True" time="0.8688" asserts="0" description="Get-EvergreenApp VercelHyper.Validate Get-EvergreenApp works with: VercelHyper.">
                <results>
                  <test-case description="VercelHyper: should return something" name="Get-EvergreenApp VercelHyper.Validate Get-EvergreenApp works with: VercelHyper..VercelHyper: should return something" time="0.1403" asserts="0" success="True" result="Success" executed="True" />
                  <test-case description="VercelHyper: should return the expected output type" name="Get-EvergreenApp VercelHyper.Validate Get-EvergreenApp works with: VercelHyper..VercelHyper: should return the expected output type" time="0.1431" asserts="0" success="True" result="Success" executed="True" />
                  <test-case description="VercelHyper: should have a Version property that is a string" name="Get-EvergreenApp VercelHyper.Validate Get-EvergreenApp works with: VercelHyper..VercelHyper: should have a Version property that is a string" time="0.1428" asserts="0" success="True" result="Success" executed="True" />
                  <test-case description="VercelHyper: should have a valid version number" name="Get-EvergreenApp VercelHyper.Validate Get-EvergreenApp works with: VercelHyper..VercelHyper: should have a valid version number" time="0.1412" asserts="0" success="True" result="Success" executed="True" />
                  <test-case description="VercelHyper: should have a URI property that is a string" name="Get-EvergreenApp VercelHyper.Validate Get-EvergreenApp works with: VercelHyper..VercelHyper: should have a URI property that is a string" time="0.1488" asserts="0" success="True" result="Success" executed="True" />
                </results>
              </test-suite>
            </results>
          </test-suite>
          <test-suite type="TestFixture" name="Get-EvergreenApp DebaucheeBarrier" executed="True" result="Success" success="True" time="450.0062" asserts="0" description="Get-EvergreenApp DebaucheeBarrier">
            <results>
              <test-suite type="TestFixture" name="Get-EvergreenApp DebaucheeBarrier.Validate Get-EvergreenApp works with: DebaucheeBarrier." executed="True" result="Success" success="True" time="0.9414" asserts="0" description="Get-EvergreenApp DebaucheeBarrier.Validate Get-EvergreenApp works with: DebaucheeBarrier.">
                <results>
                  <test-case description="DebaucheeBarrier: should return something" name="Get-EvergreenApp DebaucheeBarrier.Validate Get-EvergreenApp works with: DebaucheeBarrier..DebaucheeBarrier: should return something" time="0.1535" asserts="0" success="True" result="Success" executed="True" />
                  <test-case description="DebaucheeBarrier: should return the expected output type" name="Get-EvergreenApp DebaucheeBarrier.Validate Get-EvergreenApp works with: DebaucheeBarrier..DebaucheeBarrier: should return the expected output type" time="0.1552" asserts="0" success="True" result="Success" executed="True" />
                  <test-case description="DebaucheeBarrier: should have a Version property that is a string" name="Get-EvergreenApp DebaucheeBarrier.Validate Get-EvergreenApp works with: DebaucheeBarrier..DebaucheeBarrier: should have a Version property that is a string" time="0.1569" asserts="0" success="True" result="Success" executed="True" />
                  <test-case description="DebaucheeBarrier: should have a valid version number" name="Get-EvergreenApp DebaucheeBarrier.Validate Get-EvergreenApp works with: DebaucheeBarrier..DebaucheeBarrier: should have a valid version number" time="0.1548" asserts="0" success="True" result="Success" executed="True" />
                  <test-case description="DebaucheeBarrier: should have a URI property that is a string" name="Get-EvergreenApp DebaucheeBarrier.Validate Get-EvergreenApp works with: DebaucheeBarrier..DebaucheeBarrier: should have a URI property that is a string" time="0.1563" asserts="0" success="True" result="Success" executed="True" />
                </results>
              </test-suite>
            </results>
          </test-suite>
          <test-suite type="TestFixture" name="Get-EvergreenApp TrackerSoftwarePDFXChangeEditor" executed="True" result="Success" success="True" time="451.7836" asserts="0" description="Get-EvergreenApp TrackerSoftwarePDFXChangeEditor">
            <results>
              <test-suite type="TestFixture" name="Get-EvergreenApp TrackerSoftwarePDFXChangeEditor.Validate Get-EvergreenApp works with: TrackerSoftwarePDFXChangeEditor." executed="True" result="Success" success="True" time="1.108" asserts="0" description="Get-EvergreenApp TrackerSoftwarePDFXChangeEditor.Validate Get-EvergreenApp works with: TrackerSoftwarePDFXChangeEditor.">
                <results>
                  <test-case description="TrackerSoftwarePDFXChangeEditor: should return something" name="Get-EvergreenApp TrackerSoftwarePDFXChangeEditor.Validate Get-EvergreenApp works with: TrackerSoftwarePDFXChangeEditor..TrackerSoftwarePDFXChangeEditor: should return something" time="0.1396" asserts="0" success="True" result="Success" executed="True" />
                  <test-case description="TrackerSoftwarePDFXChangeEditor: should return the expected output type" name="Get-EvergreenApp TrackerSoftwarePDFXChangeEditor.Validate Get-EvergreenApp works with: TrackerSoftwarePDFXChangeEditor..TrackerSoftwarePDFXChangeEditor: should return the expected output type" time="0.1587" asserts="0" success="True" result="Success" executed="True" />
                  <test-case description="TrackerSoftwarePDFXChangeEditor: should have a Version property that is a string" name="Get-EvergreenApp TrackerSoftwarePDFXChangeEditor.Validate Get-EvergreenApp works with: TrackerSoftwarePDFXChangeEditor..TrackerSoftwarePDFXChangeEditor: should have a Version property that is a string" time="0.1951" asserts="0" success="True" result="Success" executed="True" />
                  <test-case description="TrackerSoftwarePDFXChangeEditor: should have a valid version number" name="Get-EvergreenApp TrackerSoftwarePDFXChangeEditor.Validate Get-EvergreenApp works with: TrackerSoftwarePDFXChangeEditor..TrackerSoftwarePDFXChangeEditor: should have a valid version number" time="0.2108" asserts="0" success="True" result="Success" executed="True" />
                  <test-case description="TrackerSoftwarePDFXChangeEditor: should have a URI property that is a string" name="Get-EvergreenApp TrackerSoftwarePDFXChangeEditor.Validate Get-EvergreenApp works with: TrackerSoftwarePDFXChangeEditor..TrackerSoftwarePDFXChangeEditor: should have a URI property that is a string" time="0.234" asserts="0" success="True" result="Success" executed="True" />
                </results>
              </test-suite>
            </results>
          </test-suite>
          <test-suite type="TestFixture" name="Get-EvergreenApp ESETPROTECTServer" executed="True" result="Success" success="True" time="453.3298" asserts="0" description="Get-EvergreenApp ESETPROTECTServer">
            <results>
              <test-suite type="TestFixture" name="Get-EvergreenApp ESETPROTECTServer.Validate Get-EvergreenApp works with: ESETPROTECTServer." executed="True" result="Success" success="True" time="0.8628" asserts="0" description="Get-EvergreenApp ESETPROTECTServer.Validate Get-EvergreenApp works with: ESETPROTECTServer.">
                <results>
                  <test-case description="ESETPROTECTServer: should return something" name="Get-EvergreenApp ESETPROTECTServer.Validate Get-EvergreenApp works with: ESETPROTECTServer..ESETPROTECTServer: should return something" time="0.1414" asserts="0" success="True" result="Success" executed="True" />
                  <test-case description="ESETPROTECTServer: should return the expected output type" name="Get-EvergreenApp ESETPROTECTServer.Validate Get-EvergreenApp works with: ESETPROTECTServer..ESETPROTECTServer: should return the expected output type" time="0.1468" asserts="0" success="True" result="Success" executed="True" />
                  <test-case description="ESETPROTECTServer: should have a Version property that is a string" name="Get-EvergreenApp ESETPROTECTServer.Validate Get-EvergreenApp works with: ESETPROTECTServer..ESETPROTECTServer: should have a Version property that is a string" time="0.1409" asserts="0" success="True" result="Success" executed="True" />
                  <test-case description="ESETPROTECTServer: should have a valid version number" name="Get-EvergreenApp ESETPROTECTServer.Validate Get-EvergreenApp works with: ESETPROTECTServer..ESETPROTECTServer: should have a valid version number" time="0.1389" asserts="0" success="True" result="Success" executed="True" />
                  <test-case description="ESETPROTECTServer: should have a URI property that is a string" name="Get-EvergreenApp ESETPROTECTServer.Validate Get-EvergreenApp works with: ESETPROTECTServer..ESETPROTECTServer: should have a URI property that is a string" time="0.1417" asserts="0" success="True" result="Success" executed="True" />
                </results>
              </test-suite>
            </results>
          </test-suite>
          <test-suite type="TestFixture" name="Get-EvergreenApp CodelerityApacheNetBeans" executed="True" result="Success" success="True" time="455.0264" asserts="0" description="Get-EvergreenApp CodelerityApacheNetBeans">
            <results>
              <test-suite type="TestFixture" name="Get-EvergreenApp CodelerityApacheNetBeans.Validate Get-EvergreenApp works with: CodelerityApacheNetBeans." executed="True" result="Success" success="True" time="0.952" asserts="0" description="Get-EvergreenApp CodelerityApacheNetBeans.Validate Get-EvergreenApp works with: CodelerityApacheNetBeans.">
                <results>
                  <test-case description="CodelerityApacheNetBeans: should return something" name="Get-EvergreenApp CodelerityApacheNetBeans.Validate Get-EvergreenApp works with: CodelerityApacheNetBeans..CodelerityApacheNetBeans: should return something" time="0.1552" asserts="0" success="True" result="Success" executed="True" />
                  <test-case description="CodelerityApacheNetBeans: should return the expected output type" name="Get-EvergreenApp CodelerityApacheNetBeans.Validate Get-EvergreenApp works with: CodelerityApacheNetBeans..CodelerityApacheNetBeans: should return the expected output type" time="0.1587" asserts="0" success="True" result="Success" executed="True" />
                  <test-case description="CodelerityApacheNetBeans: should have a Version property that is a string" name="Get-EvergreenApp CodelerityApacheNetBeans.Validate Get-EvergreenApp works with: CodelerityApacheNetBeans..CodelerityApacheNetBeans: should have a Version property that is a string" time="0.1564" asserts="0" success="True" result="Success" executed="True" />
                  <test-case description="CodelerityApacheNetBeans: should have a valid version number" name="Get-EvergreenApp CodelerityApacheNetBeans.Validate Get-EvergreenApp works with: CodelerityApacheNetBeans..CodelerityApacheNetBeans: should have a valid version number" time="0.158" asserts="0" success="True" result="Success" executed="True" />
                  <test-case description="CodelerityApacheNetBeans: should have a URI property that is a string" name="Get-EvergreenApp CodelerityApacheNetBeans.Validate Get-EvergreenApp works with: CodelerityApacheNetBeans..CodelerityApacheNetBeans: should have a URI property that is a string" time="0.1574" asserts="0" success="True" result="Success" executed="True" />
                </results>
              </test-suite>
            </results>
          </test-suite>
          <test-suite type="TestFixture" name="Get-EvergreenApp MicrosoftAzureDataStudio" executed="True" result="Success" success="True" time="457.9077" asserts="0" description="Get-EvergreenApp MicrosoftAzureDataStudio">
            <results>
              <test-suite type="TestFixture" name="Get-EvergreenApp MicrosoftAzureDataStudio.Validate Get-EvergreenApp works with: MicrosoftAzureDataStudio." executed="True" result="Success" success="True" time="1.0796" asserts="0" description="Get-EvergreenApp MicrosoftAzureDataStudio.Validate Get-EvergreenApp works with: MicrosoftAzureDataStudio.">
                <results>
                  <test-case description="MicrosoftAzureDataStudio: should return something" name="Get-EvergreenApp MicrosoftAzureDataStudio.Validate Get-EvergreenApp works with: MicrosoftAzureDataStudio..MicrosoftAzureDataStudio: should return something" time="0.1372" asserts="0" success="True" result="Success" executed="True" />
                  <test-case description="MicrosoftAzureDataStudio: should return the expected output type" name="Get-EvergreenApp MicrosoftAzureDataStudio.Validate Get-EvergreenApp works with: MicrosoftAzureDataStudio..MicrosoftAzureDataStudio: should return the expected output type" time="0.1609" asserts="0" success="True" result="Success" executed="True" />
                  <test-case description="MicrosoftAzureDataStudio: should have a Version property that is a string" name="Get-EvergreenApp MicrosoftAzureDataStudio.Validate Get-EvergreenApp works with: MicrosoftAzureDataStudio..MicrosoftAzureDataStudio: should have a Version property that is a string" time="0.2046" asserts="0" success="True" result="Success" executed="True" />
                  <test-case description="MicrosoftAzureDataStudio: should have a valid version number" name="Get-EvergreenApp MicrosoftAzureDataStudio.Validate Get-EvergreenApp works with: MicrosoftAzureDataStudio..MicrosoftAzureDataStudio: should have a valid version number" time="0.2126" asserts="0" success="True" result="Success" executed="True" />
                  <test-case description="MicrosoftAzureDataStudio: should have a URI property that is a string" name="Get-EvergreenApp MicrosoftAzureDataStudio.Validate Get-EvergreenApp works with: MicrosoftAzureDataStudio..MicrosoftAzureDataStudio: should have a URI property that is a string" time="0.2213" asserts="0" success="True" result="Success" executed="True" />
                </results>
              </test-suite>
            </results>
          </test-suite>
          <test-suite type="TestFixture" name="Get-EvergreenApp Zoom" executed="True" result="Success" success="True" time="463.8567" asserts="0" description="Get-EvergreenApp Zoom">
            <results>
              <test-suite type="TestFixture" name="Get-EvergreenApp Zoom.Validate Get-EvergreenApp works with: Zoom." executed="True" result="Success" success="True" time="2.1057" asserts="0" description="Get-EvergreenApp Zoom.Validate Get-EvergreenApp works with: Zoom.">
                <results>
                  <test-case description="Zoom: should return something" name="Get-EvergreenApp Zoom.Validate Get-EvergreenApp works with: Zoom..Zoom: should return something" time="0.1366" asserts="0" success="True" result="Success" executed="True" />
                  <test-case description="Zoom: should return the expected output type" name="Get-EvergreenApp Zoom.Validate Get-EvergreenApp works with: Zoom..Zoom: should return the expected output type" time="0.2909" asserts="0" success="True" result="Success" executed="True" />
                  <test-case description="Zoom: should have a Version property that is a string" name="Get-EvergreenApp Zoom.Validate Get-EvergreenApp works with: Zoom..Zoom: should have a Version property that is a string" time="0.4895" asserts="0" success="True" result="Success" executed="True" />
                  <test-case description="Zoom: should have a valid version number" name="Get-EvergreenApp Zoom.Validate Get-EvergreenApp works with: Zoom..Zoom: should have a valid version number" time="0.4766" asserts="0" success="True" result="Success" executed="True" />
                  <test-case description="Zoom: should have a URI property that is a string" name="Get-EvergreenApp Zoom.Validate Get-EvergreenApp works with: Zoom..Zoom: should have a URI property that is a string" time="0.5549" asserts="0" success="True" result="Success" executed="True" />
                </results>
              </test-suite>
            </results>
          </test-suite>
          <test-suite type="TestFixture" name="Get-EvergreenApp mRemoteNG" executed="True" result="Success" success="True" time="465.3893" asserts="0" description="Get-EvergreenApp mRemoteNG">
            <results>
              <test-suite type="TestFixture" name="Get-EvergreenApp mRemoteNG.Validate Get-EvergreenApp works with: mRemoteNG." executed="True" result="Success" success="True" time="0.7962" asserts="0" description="Get-EvergreenApp mRemoteNG.Validate Get-EvergreenApp works with: mRemoteNG.">
                <results>
                  <test-case description="mRemoteNG: should return something" name="Get-EvergreenApp mRemoteNG.Validate Get-EvergreenApp works with: mRemoteNG..mRemoteNG: should return something" time="0.1284" asserts="0" success="True" result="Success" executed="True" />
                  <test-case description="mRemoteNG: should return the expected output type" name="Get-EvergreenApp mRemoteNG.Validate Get-EvergreenApp works with: mRemoteNG..mRemoteNG: should return the expected output type" time="0.1313" asserts="0" success="True" result="Success" executed="True" />
                  <test-case description="mRemoteNG: should have a Version property that is a string" name="Get-EvergreenApp mRemoteNG.Validate Get-EvergreenApp works with: mRemoteNG..mRemoteNG: should have a Version property that is a string" time="0.1298" asserts="0" success="True" result="Success" executed="True" />
                  <test-case description="mRemoteNG: should have a valid version number" name="Get-EvergreenApp mRemoteNG.Validate Get-EvergreenApp works with: mRemoteNG..mRemoteNG: should have a valid version number" time="0.1299" asserts="0" success="True" result="Success" executed="True" />
                  <test-case description="mRemoteNG: should have a URI property that is a string" name="Get-EvergreenApp mRemoteNG.Validate Get-EvergreenApp works with: mRemoteNG..mRemoteNG: should have a URI property that is a string" time="0.1335" asserts="0" success="True" result="Success" executed="True" />
                </results>
              </test-suite>
            </results>
          </test-suite>
          <test-suite type="TestFixture" name="Get-EvergreenApp Microsoft365Apps" executed="True" result="Success" success="True" time="467.5379" asserts="0" description="Get-EvergreenApp Microsoft365Apps">
            <results>
              <test-suite type="TestFixture" name="Get-EvergreenApp Microsoft365Apps.Validate Get-EvergreenApp works with: Microsoft365Apps." executed="True" result="Success" success="True" time="1.414" asserts="0" description="Get-EvergreenApp Microsoft365Apps.Validate Get-EvergreenApp works with: Microsoft365Apps.">
                <results>
                  <test-case description="Microsoft365Apps: should return something" name="Get-EvergreenApp Microsoft365Apps.Validate Get-EvergreenApp works with: Microsoft365Apps..Microsoft365Apps: should return something" time="0.1621" asserts="0" success="True" result="Success" executed="True" />
                  <test-case description="Microsoft365Apps: should return the expected output type" name="Get-EvergreenApp Microsoft365Apps.Validate Get-EvergreenApp works with: Microsoft365Apps..Microsoft365Apps: should return the expected output type" time="0.2327" asserts="0" success="True" result="Success" executed="True" />
                  <test-case description="Microsoft365Apps: should have a Version property that is a string" name="Get-EvergreenApp Microsoft365Apps.Validate Get-EvergreenApp works with: Microsoft365Apps..Microsoft365Apps: should have a Version property that is a string" time="0.3014" asserts="0" success="True" result="Success" executed="True" />
                  <test-case description="Microsoft365Apps: should have a valid version number" name="Get-EvergreenApp Microsoft365Apps.Validate Get-EvergreenApp works with: Microsoft365Apps..Microsoft365Apps: should have a valid version number" time="0.2805" asserts="0" success="True" result="Success" executed="True" />
                  <test-case description="Microsoft365Apps: should have a URI property that is a string" name="Get-EvergreenApp Microsoft365Apps.Validate Get-EvergreenApp works with: Microsoft365Apps..Microsoft365Apps: should have a URI property that is a string" time="0.2854" asserts="0" success="True" result="Success" executed="True" />
                </results>
              </test-suite>
            </results>
          </test-suite>
          <test-suite type="TestFixture" name="Get-EvergreenApp OpenWebStart" executed="True" result="Success" success="True" time="469.2393" asserts="0" description="Get-EvergreenApp OpenWebStart">
            <results>
              <test-suite type="TestFixture" name="Get-EvergreenApp OpenWebStart.Validate Get-EvergreenApp works with: OpenWebStart." executed="True" result="Success" success="True" time="0.985" asserts="0" description="Get-EvergreenApp OpenWebStart.Validate Get-EvergreenApp works with: OpenWebStart.">
                <results>
                  <test-case description="OpenWebStart: should return something" name="Get-EvergreenApp OpenWebStart.Validate Get-EvergreenApp works with: OpenWebStart..OpenWebStart: should return something" time="0.1543" asserts="0" success="True" result="Success" executed="True" />
                  <test-case description="OpenWebStart: should return the expected output type" name="Get-EvergreenApp OpenWebStart.Validate Get-EvergreenApp works with: OpenWebStart..OpenWebStart: should return the expected output type" time="0.1601" asserts="0" success="True" result="Success" executed="True" />
                  <test-case description="OpenWebStart: should have a Version property that is a string" name="Get-EvergreenApp OpenWebStart.Validate Get-EvergreenApp works with: OpenWebStart..OpenWebStart: should have a Version property that is a string" time="0.1699" asserts="0" success="True" result="Success" executed="True" />
                  <test-case description="OpenWebStart: should have a valid version number" name="Get-EvergreenApp OpenWebStart.Validate Get-EvergreenApp works with: OpenWebStart..OpenWebStart: should have a valid version number" time="0.1702" asserts="0" success="True" result="Success" executed="True" />
                  <test-case description="OpenWebStart: should have a URI property that is a string" name="Get-EvergreenApp OpenWebStart.Validate Get-EvergreenApp works with: OpenWebStart..OpenWebStart: should have a URI property that is a string" time="0.1694" asserts="0" success="True" result="Success" executed="True" />
                </results>
              </test-suite>
            </results>
          </test-suite>
          <test-suite type="TestFixture" name="Get-EvergreenApp CendioThinLinc" executed="True" result="Success" success="True" time="471.1878" asserts="0" description="Get-EvergreenApp CendioThinLinc">
            <results>
              <test-suite type="TestFixture" name="Get-EvergreenApp CendioThinLinc.Validate Get-EvergreenApp works with: CendioThinLinc." executed="True" result="Success" success="True" time="0.9474" asserts="0" description="Get-EvergreenApp CendioThinLinc.Validate Get-EvergreenApp works with: CendioThinLinc.">
                <results>
                  <test-case description="CendioThinLinc: should return something" name="Get-EvergreenApp CendioThinLinc.Validate Get-EvergreenApp works with: CendioThinLinc..CendioThinLinc: should return something" time="0.1552" asserts="0" success="True" result="Success" executed="True" />
                  <test-case description="CendioThinLinc: should return the expected output type" name="Get-EvergreenApp CendioThinLinc.Validate Get-EvergreenApp works with: CendioThinLinc..CendioThinLinc: should return the expected output type" time="0.1537" asserts="0" success="True" result="Success" executed="True" />
                  <test-case description="CendioThinLinc: should have a Version property that is a string" name="Get-EvergreenApp CendioThinLinc.Validate Get-EvergreenApp works with: CendioThinLinc..CendioThinLinc: should have a Version property that is a string" time="0.159" asserts="0" success="True" result="Success" executed="True" />
                  <test-case description="CendioThinLinc: should have a valid version number" name="Get-EvergreenApp CendioThinLinc.Validate Get-EvergreenApp works with: CendioThinLinc..CendioThinLinc: should have a valid version number" time="0.1515" asserts="0" success="True" result="Success" executed="True" />
                  <test-case description="CendioThinLinc: should have a URI property that is a string" name="Get-EvergreenApp CendioThinLinc.Validate Get-EvergreenApp works with: CendioThinLinc..CendioThinLinc: should have a URI property that is a string" time="0.1553" asserts="0" success="True" result="Success" executed="True" />
                </results>
              </test-suite>
            </results>
          </test-suite>
          <test-suite type="TestFixture" name="Get-EvergreenApp JetBrainsIntelliJIDEA" executed="True" result="Success" success="True" time="473.7195" asserts="0" description="Get-EvergreenApp JetBrainsIntelliJIDEA">
            <results>
              <test-suite type="TestFixture" name="Get-EvergreenApp JetBrainsIntelliJIDEA.Validate Get-EvergreenApp works with: JetBrainsIntelliJIDEA." executed="True" result="Success" success="True" time="1.0183" asserts="0" description="Get-EvergreenApp JetBrainsIntelliJIDEA.Validate Get-EvergreenApp works with: JetBrainsIntelliJIDEA.">
                <results>
                  <test-case description="JetBrainsIntelliJIDEA: should return something" name="Get-EvergreenApp JetBrainsIntelliJIDEA.Validate Get-EvergreenApp works with: JetBrainsIntelliJIDEA..JetBrainsIntelliJIDEA: should return something" time="0.1397" asserts="0" success="True" result="Success" executed="True" />
                  <test-case description="JetBrainsIntelliJIDEA: should return the expected output type" name="Get-EvergreenApp JetBrainsIntelliJIDEA.Validate Get-EvergreenApp works with: JetBrainsIntelliJIDEA..JetBrainsIntelliJIDEA: should return the expected output type" time="0.1584" asserts="0" success="True" result="Success" executed="True" />
                  <test-case description="JetBrainsIntelliJIDEA: should have a Version property that is a string" name="Get-EvergreenApp JetBrainsIntelliJIDEA.Validate Get-EvergreenApp works with: JetBrainsIntelliJIDEA..JetBrainsIntelliJIDEA: should have a Version property that is a string" time="0.1894" asserts="0" success="True" result="Success" executed="True" />
                  <test-case description="JetBrainsIntelliJIDEA: should have a valid version number" name="Get-EvergreenApp JetBrainsIntelliJIDEA.Validate Get-EvergreenApp works with: JetBrainsIntelliJIDEA..JetBrainsIntelliJIDEA: should have a valid version number" time="0.1843" asserts="0" success="True" result="Success" executed="True" />
                  <test-case description="JetBrainsIntelliJIDEA: should have a URI property that is a string" name="Get-EvergreenApp JetBrainsIntelliJIDEA.Validate Get-EvergreenApp works with: JetBrainsIntelliJIDEA..JetBrainsIntelliJIDEA: should have a URI property that is a string" time="0.1913" asserts="0" success="True" result="Success" executed="True" />
                </results>
              </test-suite>
            </results>
          </test-suite>
          <test-suite type="TestFixture" name="Get-EvergreenApp MicrosoftVisualStudio" executed="True" result="Success" success="True" time="475.3109" asserts="0" description="Get-EvergreenApp MicrosoftVisualStudio">
            <results>
              <test-suite type="TestFixture" name="Get-EvergreenApp MicrosoftVisualStudio.Validate Get-EvergreenApp works with: MicrosoftVisualStudio." executed="True" result="Success" success="True" time="0.8298" asserts="0" description="Get-EvergreenApp MicrosoftVisualStudio.Validate Get-EvergreenApp works with: MicrosoftVisualStudio.">
                <results>
                  <test-case description="MicrosoftVisualStudio: should return something" name="Get-EvergreenApp MicrosoftVisualStudio.Validate Get-EvergreenApp works with: MicrosoftVisualStudio..MicrosoftVisualStudio: should return something" time="0.1386" asserts="0" success="True" result="Success" executed="True" />
                  <test-case description="MicrosoftVisualStudio: should return the expected output type" name="Get-EvergreenApp MicrosoftVisualStudio.Validate Get-EvergreenApp works with: MicrosoftVisualStudio..MicrosoftVisualStudio: should return the expected output type" time="0.1382" asserts="0" success="True" result="Success" executed="True" />
                  <test-case description="MicrosoftVisualStudio: should have a Version property that is a string" name="Get-EvergreenApp MicrosoftVisualStudio.Validate Get-EvergreenApp works with: MicrosoftVisualStudio..MicrosoftVisualStudio: should have a Version property that is a string" time="0.1482" asserts="0" success="True" result="Success" executed="True" />
                  <test-case description="MicrosoftVisualStudio: should have a valid version number" name="Get-EvergreenApp MicrosoftVisualStudio.Validate Get-EvergreenApp works with: MicrosoftVisualStudio..MicrosoftVisualStudio: should have a valid version number" time="0.128" asserts="0" success="True" result="Success" executed="True" />
                  <test-case description="MicrosoftVisualStudio: should have a URI property that is a string" name="Get-EvergreenApp MicrosoftVisualStudio.Validate Get-EvergreenApp works with: MicrosoftVisualStudio..MicrosoftVisualStudio: should have a URI property that is a string" time="0.1313" asserts="0" success="True" result="Success" executed="True" />
                </results>
              </test-suite>
            </results>
          </test-suite>
          <test-suite type="TestFixture" name="Get-EvergreenApp ScreenToGif" executed="True" result="Success" success="True" time="478.2767" asserts="0" description="Get-EvergreenApp ScreenToGif">
            <results>
              <test-suite type="TestFixture" name="Get-EvergreenApp ScreenToGif.Validate Get-EvergreenApp works with: ScreenToGif." executed="True" result="Success" success="True" time="1.949" asserts="0" description="Get-EvergreenApp ScreenToGif.Validate Get-EvergreenApp works with: ScreenToGif.">
                <results>
                  <test-case description="ScreenToGif: should return something" name="Get-EvergreenApp ScreenToGif.Validate Get-EvergreenApp works with: ScreenToGif..ScreenToGif: should return something" time="0.1404" asserts="0" success="True" result="Success" executed="True" />
                  <test-case description="ScreenToGif: should return the expected output type" name="Get-EvergreenApp ScreenToGif.Validate Get-EvergreenApp works with: ScreenToGif..ScreenToGif: should return the expected output type" time="0.301" asserts="0" success="True" result="Success" executed="True" />
                  <test-case description="ScreenToGif: should have a Version property that is a string" name="Get-EvergreenApp ScreenToGif.Validate Get-EvergreenApp works with: ScreenToGif..ScreenToGif: should have a Version property that is a string" time="0.4768" asserts="0" success="True" result="Success" executed="True" />
                  <test-case description="ScreenToGif: should have a valid version number" name="Get-EvergreenApp ScreenToGif.Validate Get-EvergreenApp works with: ScreenToGif..ScreenToGif: should have a valid version number" time="0.4223" asserts="0" success="True" result="Success" executed="True" />
                  <test-case description="ScreenToGif: should have a URI property that is a string" name="Get-EvergreenApp ScreenToGif.Validate Get-EvergreenApp works with: ScreenToGif..ScreenToGif: should have a URI property that is a string" time="0.4617" asserts="0" success="True" result="Success" executed="True" />
                </results>
              </test-suite>
            </results>
          </test-suite>
          <test-suite type="TestFixture" name="Get-EvergreenApp DoubleCommander" executed="True" result="Success" success="True" time="480.3787" asserts="0" description="Get-EvergreenApp DoubleCommander">
            <results>
              <test-suite type="TestFixture" name="Get-EvergreenApp DoubleCommander.Validate Get-EvergreenApp works with: DoubleCommander." executed="True" result="Success" success="True" time="1.2258" asserts="0" description="Get-EvergreenApp DoubleCommander.Validate Get-EvergreenApp works with: DoubleCommander.">
                <results>
                  <test-case description="DoubleCommander: should return something" name="Get-EvergreenApp DoubleCommander.Validate Get-EvergreenApp works with: DoubleCommander..DoubleCommander: should return something" time="0.1477" asserts="0" success="True" result="Success" executed="True" />
                  <test-case description="DoubleCommander: should return the expected output type" name="Get-EvergreenApp DoubleCommander.Validate Get-EvergreenApp works with: DoubleCommander..DoubleCommander: should return the expected output type" time="0.1757" asserts="0" success="True" result="Success" executed="True" />
                  <test-case description="DoubleCommander: should have a Version property that is a string" name="Get-EvergreenApp DoubleCommander.Validate Get-EvergreenApp works with: DoubleCommander..DoubleCommander: should have a Version property that is a string" time="0.2407" asserts="0" success="True" result="Success" executed="True" />
                  <test-case description="DoubleCommander: should have a valid version number" name="Get-EvergreenApp DoubleCommander.Validate Get-EvergreenApp works with: DoubleCommander..DoubleCommander: should have a valid version number" time="0.2423" asserts="0" success="True" result="Success" executed="True" />
                  <test-case description="DoubleCommander: should have a URI property that is a string" name="Get-EvergreenApp DoubleCommander.Validate Get-EvergreenApp works with: DoubleCommander..DoubleCommander: should have a URI property that is a string" time="0.2573" asserts="0" success="True" result="Success" executed="True" />
                </results>
              </test-suite>
            </results>
          </test-suite>
          <test-suite type="TestFixture" name="Get-EvergreenApp MestrelabMnova" executed="True" result="Success" success="True" time="483.3735" asserts="0" description="Get-EvergreenApp MestrelabMnova">
            <results>
              <test-suite type="TestFixture" name="Get-EvergreenApp MestrelabMnova.Validate Get-EvergreenApp works with: MestrelabMnova." executed="True" result="Success" success="True" time="0.886" asserts="0" description="Get-EvergreenApp MestrelabMnova.Validate Get-EvergreenApp works with: MestrelabMnova.">
                <results>
                  <test-case description="MestrelabMnova: should return something" name="Get-EvergreenApp MestrelabMnova.Validate Get-EvergreenApp works with: MestrelabMnova..MestrelabMnova: should return something" time="0.1389" asserts="0" success="True" result="Success" executed="True" />
                  <test-case description="MestrelabMnova: should return the expected output type" name="Get-EvergreenApp MestrelabMnova.Validate Get-EvergreenApp works with: MestrelabMnova..MestrelabMnova: should return the expected output type" time="0.1373" asserts="0" success="True" result="Success" executed="True" />
                  <test-case description="MestrelabMnova: should have a Version property that is a string" name="Get-EvergreenApp MestrelabMnova.Validate Get-EvergreenApp works with: MestrelabMnova..MestrelabMnova: should have a Version property that is a string" time="0.1522" asserts="0" success="True" result="Success" executed="True" />
                  <test-case description="MestrelabMnova: should have a valid version number" name="Get-EvergreenApp MestrelabMnova.Validate Get-EvergreenApp works with: MestrelabMnova..MestrelabMnova: should have a valid version number" time="0.1519" asserts="0" success="True" result="Success" executed="True" />
                  <test-case description="MestrelabMnova: should have a URI property that is a string" name="Get-EvergreenApp MestrelabMnova.Validate Get-EvergreenApp works with: MestrelabMnova..MestrelabMnova: should have a URI property that is a string" time="0.1629" asserts="0" success="True" result="Success" executed="True" />
                </results>
              </test-suite>
            </results>
          </test-suite>
          <test-suite type="TestFixture" name="Get-EvergreenApp PiriformCCleanerFree" executed="True" result="Success" success="True" time="484.9278" asserts="0" description="Get-EvergreenApp PiriformCCleanerFree">
            <results>
              <test-suite type="TestFixture" name="Get-EvergreenApp PiriformCCleanerFree.Validate Get-EvergreenApp works with: PiriformCCleanerFree." executed="True" result="Success" success="True" time="0.8438" asserts="0" description="Get-EvergreenApp PiriformCCleanerFree.Validate Get-EvergreenApp works with: PiriformCCleanerFree.">
                <results>
                  <test-case description="PiriformCCleanerFree: should return something" name="Get-EvergreenApp PiriformCCleanerFree.Validate Get-EvergreenApp works with: PiriformCCleanerFree..PiriformCCleanerFree: should return something" time="0.1294" asserts="0" success="True" result="Success" executed="True" />
                  <test-case description="PiriformCCleanerFree: should return the expected output type" name="Get-EvergreenApp PiriformCCleanerFree.Validate Get-EvergreenApp works with: PiriformCCleanerFree..PiriformCCleanerFree: should return the expected output type" time="0.1463" asserts="0" success="True" result="Success" executed="True" />
                  <test-case description="PiriformCCleanerFree: should have a Version property that is a string" name="Get-EvergreenApp PiriformCCleanerFree.Validate Get-EvergreenApp works with: PiriformCCleanerFree..PiriformCCleanerFree: should have a Version property that is a string" time="0.1523" asserts="0" success="True" result="Success" executed="True" />
                  <test-case description="PiriformCCleanerFree: should have a valid version number" name="Get-EvergreenApp PiriformCCleanerFree.Validate Get-EvergreenApp works with: PiriformCCleanerFree..PiriformCCleanerFree: should have a valid version number" time="0.146" asserts="0" success="True" result="Success" executed="True" />
                  <test-case description="PiriformCCleanerFree: should have a URI property that is a string" name="Get-EvergreenApp PiriformCCleanerFree.Validate Get-EvergreenApp works with: PiriformCCleanerFree..PiriformCCleanerFree: should have a URI property that is a string" time="0.1297" asserts="0" success="True" result="Success" executed="True" />
                </results>
              </test-suite>
            </results>
          </test-suite>
          <test-suite type="TestFixture" name="Get-EvergreenApp RingCentral" executed="True" result="Success" success="True" time="487.2244" asserts="0" description="Get-EvergreenApp RingCentral">
            <results>
              <test-suite type="TestFixture" name="Get-EvergreenApp RingCentral.Validate Get-EvergreenApp works with: RingCentral." executed="True" result="Success" success="True" time="1.1327" asserts="0" description="Get-EvergreenApp RingCentral.Validate Get-EvergreenApp works with: RingCentral.">
                <results>
                  <test-case description="RingCentral: should return something" name="Get-EvergreenApp RingCentral.Validate Get-EvergreenApp works with: RingCentral..RingCentral: should return something" time="0.1418" asserts="0" success="True" result="Success" executed="True" />
                  <test-case description="RingCentral: should return the expected output type" name="Get-EvergreenApp RingCentral.Validate Get-EvergreenApp works with: RingCentral..RingCentral: should return the expected output type" time="0.1691" asserts="0" success="True" result="Success" executed="True" />
                  <test-case description="RingCentral: should have a Version property that is a string" name="Get-EvergreenApp RingCentral.Validate Get-EvergreenApp works with: RingCentral..RingCentral: should have a Version property that is a string" time="0.2237" asserts="0" success="True" result="Success" executed="True" />
                  <test-case description="RingCentral: should have a valid version number" name="Get-EvergreenApp RingCentral.Validate Get-EvergreenApp works with: RingCentral..RingCentral: should have a valid version number" time="0.2293" asserts="0" success="True" result="Success" executed="True" />
                  <test-case description="RingCentral: should have a URI property that is a string" name="Get-EvergreenApp RingCentral.Validate Get-EvergreenApp works with: RingCentral..RingCentral: should have a URI property that is a string" time="0.2272" asserts="0" success="True" result="Success" executed="True" />
                </results>
              </test-suite>
            </results>
          </test-suite>
          <test-suite type="TestFixture" name="Get-EvergreenApp MiniZincIDE" executed="True" result="Success" success="True" time="488.8084" asserts="0" description="Get-EvergreenApp MiniZincIDE">
            <results>
              <test-suite type="TestFixture" name="Get-EvergreenApp MiniZincIDE.Validate Get-EvergreenApp works with: MiniZincIDE." executed="True" result="Success" success="True" time="0.847" asserts="0" description="Get-EvergreenApp MiniZincIDE.Validate Get-EvergreenApp works with: MiniZincIDE.">
                <results>
                  <test-case description="MiniZincIDE: should return something" name="Get-EvergreenApp MiniZincIDE.Validate Get-EvergreenApp works with: MiniZincIDE..MiniZincIDE: should return something" time="0.1383" asserts="0" success="True" result="Success" executed="True" />
                  <test-case description="MiniZincIDE: should return the expected output type" name="Get-EvergreenApp MiniZincIDE.Validate Get-EvergreenApp works with: MiniZincIDE..MiniZincIDE: should return the expected output type" time="0.1402" asserts="0" success="True" result="Success" executed="True" />
                  <test-case description="MiniZincIDE: should have a Version property that is a string" name="Get-EvergreenApp MiniZincIDE.Validate Get-EvergreenApp works with: MiniZincIDE..MiniZincIDE: should have a Version property that is a string" time="0.1428" asserts="0" success="True" result="Success" executed="True" />
                  <test-case description="MiniZincIDE: should have a valid version number" name="Get-EvergreenApp MiniZincIDE.Validate Get-EvergreenApp works with: MiniZincIDE..MiniZincIDE: should have a valid version number" time="0.1402" asserts="0" success="True" result="Success" executed="True" />
                  <test-case description="MiniZincIDE: should have a URI property that is a string" name="Get-EvergreenApp MiniZincIDE.Validate Get-EvergreenApp works with: MiniZincIDE..MiniZincIDE: should have a URI property that is a string" time="0.138" asserts="0" success="True" result="Success" executed="True" />
                </results>
              </test-suite>
            </results>
          </test-suite>
          <test-suite type="TestFixture" name="Get-EvergreenApp HashicorpBoundary" executed="True" result="Success" success="True" time="490.5336" asserts="0" description="Get-EvergreenApp HashicorpBoundary">
            <results>
              <test-suite type="TestFixture" name="Get-EvergreenApp HashicorpBoundary.Validate Get-EvergreenApp works with: HashicorpBoundary." executed="True" result="Success" success="True" time="0.9596" asserts="0" description="Get-EvergreenApp HashicorpBoundary.Validate Get-EvergreenApp works with: HashicorpBoundary.">
                <results>
                  <test-case description="HashicorpBoundary: should return something" name="Get-EvergreenApp HashicorpBoundary.Validate Get-EvergreenApp works with: HashicorpBoundary..HashicorpBoundary: should return something" time="0.1537" asserts="0" success="True" result="Success" executed="True" />
                  <test-case description="HashicorpBoundary: should return the expected output type" name="Get-EvergreenApp HashicorpBoundary.Validate Get-EvergreenApp works with: HashicorpBoundary..HashicorpBoundary: should return the expected output type" time="0.1718" asserts="0" success="True" result="Success" executed="True" />
                  <test-case description="HashicorpBoundary: should have a Version property that is a string" name="Get-EvergreenApp HashicorpBoundary.Validate Get-EvergreenApp works with: HashicorpBoundary..HashicorpBoundary: should have a Version property that is a string" time="0.1594" asserts="0" success="True" result="Success" executed="True" />
                  <test-case description="HashicorpBoundary: should have a valid version number" name="Get-EvergreenApp HashicorpBoundary.Validate Get-EvergreenApp works with: HashicorpBoundary..HashicorpBoundary: should have a valid version number" time="0.161" asserts="0" success="True" result="Success" executed="True" />
                  <test-case description="HashicorpBoundary: should have a URI property that is a string" name="Get-EvergreenApp HashicorpBoundary.Validate Get-EvergreenApp works with: HashicorpBoundary..HashicorpBoundary: should have a URI property that is a string" time="0.155" asserts="0" success="True" result="Success" executed="True" />
                </results>
              </test-suite>
            </results>
          </test-suite>
          <test-suite type="TestFixture" name="Get-EvergreenApp JamTreeSizeFree" executed="True" result="Success" success="True" time="492.25" asserts="0" description="Get-EvergreenApp JamTreeSizeFree">
            <results>
              <test-suite type="TestFixture" name="Get-EvergreenApp JamTreeSizeFree.Validate Get-EvergreenApp works with: JamTreeSizeFree." executed="True" result="Success" success="True" time="0.9457" asserts="0" description="Get-EvergreenApp JamTreeSizeFree.Validate Get-EvergreenApp works with: JamTreeSizeFree.">
                <results>
                  <test-case description="JamTreeSizeFree: should return something" name="Get-EvergreenApp JamTreeSizeFree.Validate Get-EvergreenApp works with: JamTreeSizeFree..JamTreeSizeFree: should return something" time="0.1527" asserts="0" success="True" result="Success" executed="True" />
                  <test-case description="JamTreeSizeFree: should return the expected output type" name="Get-EvergreenApp JamTreeSizeFree.Validate Get-EvergreenApp works with: JamTreeSizeFree..JamTreeSizeFree: should return the expected output type" time="0.1533" asserts="0" success="True" result="Success" executed="True" />
                  <test-case description="JamTreeSizeFree: should have a Version property that is a string" name="Get-EvergreenApp JamTreeSizeFree.Validate Get-EvergreenApp works with: JamTreeSizeFree..JamTreeSizeFree: should have a Version property that is a string" time="0.1593" asserts="0" success="True" result="Success" executed="True" />
                  <test-case description="JamTreeSizeFree: should have a valid version number" name="Get-EvergreenApp JamTreeSizeFree.Validate Get-EvergreenApp works with: JamTreeSizeFree..JamTreeSizeFree: should have a valid version number" time="0.1541" asserts="0" success="True" result="Success" executed="True" />
                  <test-case description="JamTreeSizeFree: should have a URI property that is a string" name="Get-EvergreenApp JamTreeSizeFree.Validate Get-EvergreenApp works with: JamTreeSizeFree..JamTreeSizeFree: should have a URI property that is a string" time="0.1563" asserts="0" success="True" result="Success" executed="True" />
                </results>
              </test-suite>
            </results>
          </test-suite>
          <test-suite type="TestFixture" name="Get-EvergreenApp AdoptOpenJDK16" executed="True" result="Success" success="True" time="494.4796" asserts="0" description="Get-EvergreenApp AdoptOpenJDK16">
            <results>
              <test-suite type="TestFixture" name="Get-EvergreenApp AdoptOpenJDK16.Validate Get-EvergreenApp works with: AdoptOpenJDK16." executed="True" result="Success" success="True" time="1.0283" asserts="0" description="Get-EvergreenApp AdoptOpenJDK16.Validate Get-EvergreenApp works with: AdoptOpenJDK16.">
                <results>
                  <test-case description="AdoptOpenJDK16: should return something" name="Get-EvergreenApp AdoptOpenJDK16.Validate Get-EvergreenApp works with: AdoptOpenJDK16..AdoptOpenJDK16: should return something" time="0.1584" asserts="0" success="True" result="Success" executed="True" />
                  <test-case description="AdoptOpenJDK16: should return the expected output type" name="Get-EvergreenApp AdoptOpenJDK16.Validate Get-EvergreenApp works with: AdoptOpenJDK16..AdoptOpenJDK16: should return the expected output type" time="0.1682" asserts="0" success="True" result="Success" executed="True" />
                  <test-case description="AdoptOpenJDK16: should have a Version property that is a string" name="Get-EvergreenApp AdoptOpenJDK16.Validate Get-EvergreenApp works with: AdoptOpenJDK16..AdoptOpenJDK16: should have a Version property that is a string" time="0.1835" asserts="0" success="True" result="Success" executed="True" />
                  <test-case description="AdoptOpenJDK16: should have a valid version number" name="Get-EvergreenApp AdoptOpenJDK16.Validate Get-EvergreenApp works with: AdoptOpenJDK16..AdoptOpenJDK16: should have a valid version number" time="0.1801" asserts="0" success="True" result="Success" executed="True" />
                  <test-case description="AdoptOpenJDK16: should have a URI property that is a string" name="Get-EvergreenApp AdoptOpenJDK16.Validate Get-EvergreenApp works with: AdoptOpenJDK16..AdoptOpenJDK16: should have a URI property that is a string" time="0.1787" asserts="0" success="True" result="Success" executed="True" />
                </results>
              </test-suite>
            </results>
          </test-suite>
          <test-suite type="TestFixture" name="Get-EvergreenApp ZorgmailVeiligVerzendenAddin" executed="True" result="Success" success="True" time="496.5606" asserts="0" description="Get-EvergreenApp ZorgmailVeiligVerzendenAddin">
            <results>
              <test-suite type="TestFixture" name="Get-EvergreenApp ZorgmailVeiligVerzendenAddin.Validate Get-EvergreenApp works with: ZorgmailVeiligVerzendenAddin." executed="True" result="Success" success="True" time="0.9956" asserts="0" description="Get-EvergreenApp ZorgmailVeiligVerzendenAddin.Validate Get-EvergreenApp works with: ZorgmailVeiligVerzendenAddin.">
                <results>
                  <test-case description="ZorgmailVeiligVerzendenAddin: should return something" name="Get-EvergreenApp ZorgmailVeiligVerzendenAddin.Validate Get-EvergreenApp works with: ZorgmailVeiligVerzendenAddin..ZorgmailVeiligVerzendenAddin: should return something" time="0.1331" asserts="0" success="True" result="Success" executed="True" />
                  <test-case description="ZorgmailVeiligVerzendenAddin: should return the expected output type" name="Get-EvergreenApp ZorgmailVeiligVerzendenAddin.Validate Get-EvergreenApp works with: ZorgmailVeiligVerzendenAddin..ZorgmailVeiligVerzendenAddin: should return the expected output type" time="0.1587" asserts="0" success="True" result="Success" executed="True" />
                  <test-case description="ZorgmailVeiligVerzendenAddin: should have a Version property that is a string" name="Get-EvergreenApp ZorgmailVeiligVerzendenAddin.Validate Get-EvergreenApp works with: ZorgmailVeiligVerzendenAddin..ZorgmailVeiligVerzendenAddin: should have a Version property that is a string" time="0.1818" asserts="0" success="True" result="Success" executed="True" />
                  <test-case description="ZorgmailVeiligVerzendenAddin: should have a valid version number" name="Get-EvergreenApp ZorgmailVeiligVerzendenAddin.Validate Get-EvergreenApp works with: ZorgmailVeiligVerzendenAddin..ZorgmailVeiligVerzendenAddin: should have a valid version number" time="0.1832" asserts="0" success="True" result="Success" executed="True" />
                  <test-case description="ZorgmailVeiligVerzendenAddin: should have a URI property that is a string" name="Get-EvergreenApp ZorgmailVeiligVerzendenAddin.Validate Get-EvergreenApp works with: ZorgmailVeiligVerzendenAddin..ZorgmailVeiligVerzendenAddin: should have a URI property that is a string" time="0.1865" asserts="0" success="True" result="Success" executed="True" />
                </results>
              </test-suite>
            </results>
          </test-suite>
          <test-suite type="TestFixture" name="Get-EvergreenApp Notable" executed="True" result="Success" success="True" time="498.1462" asserts="0" description="Get-EvergreenApp Notable">
            <results>
              <test-suite type="TestFixture" name="Get-EvergreenApp Notable.Validate Get-EvergreenApp works with: Notable." executed="True" result="Success" success="True" time="0.8099" asserts="0" description="Get-EvergreenApp Notable.Validate Get-EvergreenApp works with: Notable.">
                <results>
                  <test-case description="Notable: should return something" name="Get-EvergreenApp Notable.Validate Get-EvergreenApp works with: Notable..Notable: should return something" time="0.1309" asserts="0" success="True" result="Success" executed="True" />
                  <test-case description="Notable: should return the expected output type" name="Get-EvergreenApp Notable.Validate Get-EvergreenApp works with: Notable..Notable: should return the expected output type" time="0.1308" asserts="0" success="True" result="Success" executed="True" />
                  <test-case description="Notable: should have a Version property that is a string" name="Get-EvergreenApp Notable.Validate Get-EvergreenApp works with: Notable..Notable: should have a Version property that is a string" time="0.1305" asserts="0" success="True" result="Success" executed="True" />
                  <test-case description="Notable: should have a valid version number" name="Get-EvergreenApp Notable.Validate Get-EvergreenApp works with: Notable..Notable: should have a valid version number" time="0.14" asserts="0" success="True" result="Success" executed="True" />
                  <test-case description="Notable: should have a URI property that is a string" name="Get-EvergreenApp Notable.Validate Get-EvergreenApp works with: Notable..Notable: should have a URI property that is a string" time="0.1331" asserts="0" success="True" result="Success" executed="True" />
                </results>
              </test-suite>
            </results>
          </test-suite>
          <test-suite type="TestFixture" name="Get-EvergreenApp EgnyteDesktopApp" executed="True" result="Success" success="True" time="499.552" asserts="0" description="Get-EvergreenApp EgnyteDesktopApp">
            <results>
              <test-suite type="TestFixture" name="Get-EvergreenApp EgnyteDesktopApp.Validate Get-EvergreenApp works with: EgnyteDesktopApp." executed="True" result="Success" success="True" time="0.9045" asserts="0" description="Get-EvergreenApp EgnyteDesktopApp.Validate Get-EvergreenApp works with: EgnyteDesktopApp.">
                <results>
                  <test-case description="EgnyteDesktopApp: should return something" name="Get-EvergreenApp EgnyteDesktopApp.Validate Get-EvergreenApp works with: EgnyteDesktopApp..EgnyteDesktopApp: should return something" time="0.1478" asserts="0" success="True" result="Success" executed="True" />
                  <test-case description="EgnyteDesktopApp: should return the expected output type" name="Get-EvergreenApp EgnyteDesktopApp.Validate Get-EvergreenApp works with: EgnyteDesktopApp..EgnyteDesktopApp: should return the expected output type" time="0.1488" asserts="0" success="True" result="Success" executed="True" />
                  <test-case description="EgnyteDesktopApp: should have a Version property that is a string" name="Get-EvergreenApp EgnyteDesktopApp.Validate Get-EvergreenApp works with: EgnyteDesktopApp..EgnyteDesktopApp: should have a Version property that is a string" time="0.1443" asserts="0" success="True" result="Success" executed="True" />
                  <test-case description="EgnyteDesktopApp: should have a valid version number" name="Get-EvergreenApp EgnyteDesktopApp.Validate Get-EvergreenApp works with: EgnyteDesktopApp..EgnyteDesktopApp: should have a valid version number" time="0.1502" asserts="0" success="True" result="Success" executed="True" />
                  <test-case description="EgnyteDesktopApp: should have a URI property that is a string" name="Get-EvergreenApp EgnyteDesktopApp.Validate Get-EvergreenApp works with: EgnyteDesktopApp..EgnyteDesktopApp: should have a URI property that is a string" time="0.1552" asserts="0" success="True" result="Success" executed="True" />
                </results>
              </test-suite>
            </results>
          </test-suite>
          <test-suite type="TestFixture" name="Get-EvergreenApp ESETSecureAuthentication" executed="True" result="Success" success="True" time="500.9805" asserts="0" description="Get-EvergreenApp ESETSecureAuthentication">
            <results>
              <test-suite type="TestFixture" name="Get-EvergreenApp ESETSecureAuthentication.Validate Get-EvergreenApp works with: ESETSecureAuthentication." executed="True" result="Success" success="True" time="0.8465" asserts="0" description="Get-EvergreenApp ESETSecureAuthentication.Validate Get-EvergreenApp works with: ESETSecureAuthentication.">
                <results>
                  <test-case description="ESETSecureAuthentication: should return something" name="Get-EvergreenApp ESETSecureAuthentication.Validate Get-EvergreenApp works with: ESETSecureAuthentication..ESETSecureAuthentication: should return something" time="0.1406" asserts="0" success="True" result="Success" executed="True" />
                  <test-case description="ESETSecureAuthentication: should return the expected output type" name="Get-EvergreenApp ESETSecureAuthentication.Validate Get-EvergreenApp works with: ESETSecureAuthentication..ESETSecureAuthentication: should return the expected output type" time="0.1404" asserts="0" success="True" result="Success" executed="True" />
                  <test-case description="ESETSecureAuthentication: should have a Version property that is a string" name="Get-EvergreenApp ESETSecureAuthentication.Validate Get-EvergreenApp works with: ESETSecureAuthentication..ESETSecureAuthentication: should have a Version property that is a string" time="0.1382" asserts="0" success="True" result="Success" executed="True" />
                  <test-case description="ESETSecureAuthentication: should have a valid version number" name="Get-EvergreenApp ESETSecureAuthentication.Validate Get-EvergreenApp works with: ESETSecureAuthentication..ESETSecureAuthentication: should have a valid version number" time="0.1369" asserts="0" success="True" result="Success" executed="True" />
                  <test-case description="ESETSecureAuthentication: should have a URI property that is a string" name="Get-EvergreenApp ESETSecureAuthentication.Validate Get-EvergreenApp works with: ESETSecureAuthentication..ESETSecureAuthentication: should have a URI property that is a string" time="0.1403" asserts="0" success="True" result="Success" executed="True" />
                </results>
              </test-suite>
            </results>
          </test-suite>
          <test-suite type="TestFixture" name="Get-EvergreenApp SafingPortmaster" executed="True" result="Success" success="True" time="502.5691" asserts="0" description="Get-EvergreenApp SafingPortmaster">
            <results>
              <test-suite type="TestFixture" name="Get-EvergreenApp SafingPortmaster.Validate Get-EvergreenApp works with: SafingPortmaster." executed="True" result="Success" success="True" time="0.8601" asserts="0" description="Get-EvergreenApp SafingPortmaster.Validate Get-EvergreenApp works with: SafingPortmaster.">
                <results>
                  <test-case description="SafingPortmaster: should return something" name="Get-EvergreenApp SafingPortmaster.Validate Get-EvergreenApp works with: SafingPortmaster..SafingPortmaster: should return something" time="0.1393" asserts="0" success="True" result="Success" executed="True" />
                  <test-case description="SafingPortmaster: should return the expected output type" name="Get-EvergreenApp SafingPortmaster.Validate Get-EvergreenApp works with: SafingPortmaster..SafingPortmaster: should return the expected output type" time="0.139" asserts="0" success="True" result="Success" executed="True" />
                  <test-case description="SafingPortmaster: should have a Version property that is a string" name="Get-EvergreenApp SafingPortmaster.Validate Get-EvergreenApp works with: SafingPortmaster..SafingPortmaster: should have a Version property that is a string" time="0.136" asserts="0" success="True" result="Success" executed="True" />
                  <test-case description="SafingPortmaster: should have a valid version number" name="Get-EvergreenApp SafingPortmaster.Validate Get-EvergreenApp works with: SafingPortmaster..SafingPortmaster: should have a valid version number" time="0.1471" asserts="0" success="True" result="Success" executed="True" />
                  <test-case description="SafingPortmaster: should have a URI property that is a string" name="Get-EvergreenApp SafingPortmaster.Validate Get-EvergreenApp works with: SafingPortmaster..SafingPortmaster: should have a URI property that is a string" time="0.1456" asserts="0" success="True" result="Success" executed="True" />
                </results>
              </test-suite>
            </results>
          </test-suite>
          <test-suite type="TestFixture" name="Get-EvergreenApp OctopusTentacle" executed="True" result="Success" success="True" time="504.3376" asserts="0" description="Get-EvergreenApp OctopusTentacle">
            <results>
              <test-suite type="TestFixture" name="Get-EvergreenApp OctopusTentacle.Validate Get-EvergreenApp works with: OctopusTentacle." executed="True" result="Success" success="True" time="0.8572" asserts="0" description="Get-EvergreenApp OctopusTentacle.Validate Get-EvergreenApp works with: OctopusTentacle.">
                <results>
                  <test-case description="OctopusTentacle: should return something" name="Get-EvergreenApp OctopusTentacle.Validate Get-EvergreenApp works with: OctopusTentacle..OctopusTentacle: should return something" time="0.1306" asserts="0" success="True" result="Success" executed="True" />
                  <test-case description="OctopusTentacle: should return the expected output type" name="Get-EvergreenApp OctopusTentacle.Validate Get-EvergreenApp works with: OctopusTentacle..OctopusTentacle: should return the expected output type" time="0.1366" asserts="0" success="True" result="Success" executed="True" />
                  <test-case description="OctopusTentacle: should have a Version property that is a string" name="Get-EvergreenApp OctopusTentacle.Validate Get-EvergreenApp works with: OctopusTentacle..OctopusTentacle: should have a Version property that is a string" time="0.1558" asserts="0" success="True" result="Success" executed="True" />
                  <test-case description="OctopusTentacle: should have a valid version number" name="Get-EvergreenApp OctopusTentacle.Validate Get-EvergreenApp works with: OctopusTentacle..OctopusTentacle: should have a valid version number" time="0.1456" asserts="0" success="True" result="Success" executed="True" />
                  <test-case description="OctopusTentacle: should have a URI property that is a string" name="Get-EvergreenApp OctopusTentacle.Validate Get-EvergreenApp works with: OctopusTentacle..OctopusTentacle: should have a URI property that is a string" time="0.1512" asserts="0" success="True" result="Success" executed="True" />
                </results>
              </test-suite>
            </results>
          </test-suite>
          <test-suite type="TestFixture" name="Get-EvergreenApp Audacity" executed="True" result="Success" success="True" time="506.0314" asserts="0" description="Get-EvergreenApp Audacity">
            <results>
              <test-suite type="TestFixture" name="Get-EvergreenApp Audacity.Validate Get-EvergreenApp works with: Audacity." executed="True" result="Success" success="True" time="0.8604" asserts="0" description="Get-EvergreenApp Audacity.Validate Get-EvergreenApp works with: Audacity.">
                <results>
                  <test-case description="Audacity: should return something" name="Get-EvergreenApp Audacity.Validate Get-EvergreenApp works with: Audacity..Audacity: should return something" time="0.1246" asserts="0" success="True" result="Success" executed="True" />
                  <test-case description="Audacity: should return the expected output type" name="Get-EvergreenApp Audacity.Validate Get-EvergreenApp works with: Audacity..Audacity: should return the expected output type" time="0.1398" asserts="0" success="True" result="Success" executed="True" />
                  <test-case description="Audacity: should have a Version property that is a string" name="Get-EvergreenApp Audacity.Validate Get-EvergreenApp works with: Audacity..Audacity: should have a Version property that is a string" time="0.16" asserts="0" success="True" result="Success" executed="True" />
                  <test-case description="Audacity: should have a valid version number" name="Get-EvergreenApp Audacity.Validate Get-EvergreenApp works with: Audacity..Audacity: should have a valid version number" time="0.1508" asserts="0" success="True" result="Success" executed="True" />
                  <test-case description="Audacity: should have a URI property that is a string" name="Get-EvergreenApp Audacity.Validate Get-EvergreenApp works with: Audacity..Audacity: should have a URI property that is a string" time="0.1439" asserts="0" success="True" result="Success" executed="True" />
                </results>
              </test-suite>
            </results>
          </test-suite>
          <test-suite type="TestFixture" name="Get-EvergreenApp AdoptiumTemurin8" executed="True" result="Success" success="True" time="507.6381" asserts="0" description="Get-EvergreenApp AdoptiumTemurin8">
            <results>
              <test-suite type="TestFixture" name="Get-EvergreenApp AdoptiumTemurin8.Validate Get-EvergreenApp works with: AdoptiumTemurin8." executed="True" result="Success" success="True" time="1.0308" asserts="0" description="Get-EvergreenApp AdoptiumTemurin8.Validate Get-EvergreenApp works with: AdoptiumTemurin8.">
                <results>
                  <test-case description="AdoptiumTemurin8: should return something" name="Get-EvergreenApp AdoptiumTemurin8.Validate Get-EvergreenApp works with: AdoptiumTemurin8..AdoptiumTemurin8: should return something" time="0.1512" asserts="0" success="True" result="Success" executed="True" />
                  <test-case description="AdoptiumTemurin8: should return the expected output type" name="Get-EvergreenApp AdoptiumTemurin8.Validate Get-EvergreenApp works with: AdoptiumTemurin8..AdoptiumTemurin8: should return the expected output type" time="0.147" asserts="0" success="True" result="Success" executed="True" />
                  <test-case description="AdoptiumTemurin8: should have a Version property that is a string" name="Get-EvergreenApp AdoptiumTemurin8.Validate Get-EvergreenApp works with: AdoptiumTemurin8..AdoptiumTemurin8: should have a Version property that is a string" time="0.1886" asserts="0" success="True" result="Success" executed="True" />
                  <test-case description="AdoptiumTemurin8: should have a valid version number" name="Get-EvergreenApp AdoptiumTemurin8.Validate Get-EvergreenApp works with: AdoptiumTemurin8..AdoptiumTemurin8: should have a valid version number" time="0.1817" asserts="0" success="True" result="Success" executed="True" />
                  <test-case description="AdoptiumTemurin8: should have a URI property that is a string" name="Get-EvergreenApp AdoptiumTemurin8.Validate Get-EvergreenApp works with: AdoptiumTemurin8..AdoptiumTemurin8: should have a URI property that is a string" time="0.2106" asserts="0" success="True" result="Success" executed="True" />
                </results>
              </test-suite>
            </results>
          </test-suite>
          <test-suite type="TestFixture" name="Get-EvergreenApp Postman" executed="True" result="Success" success="True" time="509.9624" asserts="0" description="Get-EvergreenApp Postman">
            <results>
              <test-suite type="TestFixture" name="Get-EvergreenApp Postman.Validate Get-EvergreenApp works with: Postman." executed="True" result="Success" success="True" time="0.8576" asserts="0" description="Get-EvergreenApp Postman.Validate Get-EvergreenApp works with: Postman.">
                <results>
                  <test-case description="Postman: should return something" name="Get-EvergreenApp Postman.Validate Get-EvergreenApp works with: Postman..Postman: should return something" time="0.1331" asserts="0" success="True" result="Success" executed="True" />
                  <test-case description="Postman: should return the expected output type" name="Get-EvergreenApp Postman.Validate Get-EvergreenApp works with: Postman..Postman: should return the expected output type" time="0.1442" asserts="0" success="True" result="Success" executed="True" />
                  <test-case description="Postman: should have a Version property that is a string" name="Get-EvergreenApp Postman.Validate Get-EvergreenApp works with: Postman..Postman: should have a Version property that is a string" time="0.1506" asserts="0" success="True" result="Success" executed="True" />
                  <test-case description="Postman: should have a valid version number" name="Get-EvergreenApp Postman.Validate Get-EvergreenApp works with: Postman..Postman: should have a valid version number" time="0.15" asserts="0" success="True" result="Success" executed="True" />
                  <test-case description="Postman: should have a URI property that is a string" name="Get-EvergreenApp Postman.Validate Get-EvergreenApp works with: Postman..Postman: should have a URI property that is a string" time="0.1437" asserts="0" success="True" result="Success" executed="True" />
                </results>
              </test-suite>
            </results>
          </test-suite>
          <test-suite type="TestFixture" name="Get-EvergreenApp AdobeAcrobatReaderDC" executed="True" result="Success" success="True" time="522.3549" asserts="0" description="Get-EvergreenApp AdobeAcrobatReaderDC">
            <results>
              <test-suite type="TestFixture" name="Get-EvergreenApp AdobeAcrobatReaderDC.Validate Get-EvergreenApp works with: AdobeAcrobatReaderDC." executed="True" result="Success" success="True" time="2.8758" asserts="0" description="Get-EvergreenApp AdobeAcrobatReaderDC.Validate Get-EvergreenApp works with: AdobeAcrobatReaderDC.">
                <results>
                  <test-case description="AdobeAcrobatReaderDC: should return something" name="Get-EvergreenApp AdobeAcrobatReaderDC.Validate Get-EvergreenApp works with: AdobeAcrobatReaderDC..AdobeAcrobatReaderDC: should return something" time="0.1274" asserts="0" success="True" result="Success" executed="True" />
                  <test-case description="AdobeAcrobatReaderDC: should return the expected output type" name="Get-EvergreenApp AdobeAcrobatReaderDC.Validate Get-EvergreenApp works with: AdobeAcrobatReaderDC..AdobeAcrobatReaderDC: should return the expected output type" time="0.3767" asserts="0" success="True" result="Success" executed="True" />
                  <test-case description="AdobeAcrobatReaderDC: should have a Version property that is a string" name="Get-EvergreenApp AdobeAcrobatReaderDC.Validate Get-EvergreenApp works with: AdobeAcrobatReaderDC..AdobeAcrobatReaderDC: should have a Version property that is a string" time="0.7159" asserts="0" success="True" result="Success" executed="True" />
                  <test-case description="AdobeAcrobatReaderDC: should have a valid version number" name="Get-EvergreenApp AdobeAcrobatReaderDC.Validate Get-EvergreenApp works with: AdobeAcrobatReaderDC..AdobeAcrobatReaderDC: should have a valid version number" time="0.7542" asserts="0" success="True" result="Success" executed="True" />
                  <test-case description="AdobeAcrobatReaderDC: should have a URI property that is a string" name="Get-EvergreenApp AdobeAcrobatReaderDC.Validate Get-EvergreenApp works with: AdobeAcrobatReaderDC..AdobeAcrobatReaderDC: should have a URI property that is a string" time="0.7604" asserts="0" success="True" result="Success" executed="True" />
                </results>
              </test-suite>
            </results>
          </test-suite>
          <test-suite type="TestFixture" name="Get-EvergreenApp AdoptOpenJDKSemuru17" executed="True" result="Success" success="True" time="524.9317" asserts="0" description="Get-EvergreenApp AdoptOpenJDKSemuru17">
            <results>
              <test-suite type="TestFixture" name="Get-EvergreenApp AdoptOpenJDKSemuru17.Validate Get-EvergreenApp works with: AdoptOpenJDKSemuru17." executed="True" result="Success" success="True" time="1.2026" asserts="0" description="Get-EvergreenApp AdoptOpenJDKSemuru17.Validate Get-EvergreenApp works with: AdoptOpenJDKSemuru17.">
                <results>
                  <test-case description="AdoptOpenJDKSemuru17: should return something" name="Get-EvergreenApp AdoptOpenJDKSemuru17.Validate Get-EvergreenApp works with: AdoptOpenJDKSemuru17..AdoptOpenJDKSemuru17: should return something" time="0.1343" asserts="0" success="True" result="Success" executed="True" />
                  <test-case description="AdoptOpenJDKSemuru17: should return the expected output type" name="Get-EvergreenApp AdoptOpenJDKSemuru17.Validate Get-EvergreenApp works with: AdoptOpenJDKSemuru17..AdoptOpenJDKSemuru17: should return the expected output type" time="0.1799" asserts="0" success="True" result="Success" executed="True" />
                  <test-case description="AdoptOpenJDKSemuru17: should have a Version property that is a string" name="Get-EvergreenApp AdoptOpenJDKSemuru17.Validate Get-EvergreenApp works with: AdoptOpenJDKSemuru17..AdoptOpenJDKSemuru17: should have a Version property that is a string" time="0.249" asserts="0" success="True" result="Success" executed="True" />
                  <test-case description="AdoptOpenJDKSemuru17: should have a valid version number" name="Get-EvergreenApp AdoptOpenJDKSemuru17.Validate Get-EvergreenApp works with: AdoptOpenJDKSemuru17..AdoptOpenJDKSemuru17: should have a valid version number" time="0.2416" asserts="0" success="True" result="Success" executed="True" />
                  <test-case description="AdoptOpenJDKSemuru17: should have a URI property that is a string" name="Get-EvergreenApp AdoptOpenJDKSemuru17.Validate Get-EvergreenApp works with: AdoptOpenJDKSemuru17..AdoptOpenJDKSemuru17: should have a URI property that is a string" time="0.2473" asserts="0" success="True" result="Success" executed="True" />
                </results>
              </test-suite>
            </results>
          </test-suite>
          <test-suite type="TestFixture" name="Get-EvergreenApp Miniconda" executed="True" result="Success" success="True" time="526.5888" asserts="0" description="Get-EvergreenApp Miniconda">
            <results>
              <test-suite type="TestFixture" name="Get-EvergreenApp Miniconda.Validate Get-EvergreenApp works with: Miniconda." executed="True" result="Success" success="True" time="1.1994" asserts="0" description="Get-EvergreenApp Miniconda.Validate Get-EvergreenApp works with: Miniconda.">
                <results>
                  <test-case description="Miniconda: should return something" name="Get-EvergreenApp Miniconda.Validate Get-EvergreenApp works with: Miniconda..Miniconda: should return something" time="0.1348" asserts="0" success="True" result="Success" executed="True" />
                  <test-case description="Miniconda: should return the expected output type" name="Get-EvergreenApp Miniconda.Validate Get-EvergreenApp works with: Miniconda..Miniconda: should return the expected output type" time="0.1812" asserts="0" success="True" result="Success" executed="True" />
                  <test-case description="Miniconda: should have a Version property that is a string" name="Get-EvergreenApp Miniconda.Validate Get-EvergreenApp works with: Miniconda..Miniconda: should have a Version property that is a string" time="0.2449" asserts="0" success="True" result="Success" executed="True" />
                  <test-case description="Miniconda: should have a valid version number" name="Get-EvergreenApp Miniconda.Validate Get-EvergreenApp works with: Miniconda..Miniconda: should have a valid version number" time="0.2476" asserts="0" success="True" result="Success" executed="True" />
                  <test-case description="Miniconda: should have a URI property that is a string" name="Get-EvergreenApp Miniconda.Validate Get-EvergreenApp works with: Miniconda..Miniconda: should have a URI property that is a string" time="0.2465" asserts="0" success="True" result="Success" executed="True" />
                </results>
              </test-suite>
            </results>
          </test-suite>
          <test-suite type="TestFixture" name="Get-EvergreenApp MicrosoftPowerShell" executed="True" result="Success" success="True" time="530.0197" asserts="0" description="Get-EvergreenApp MicrosoftPowerShell">
            <results>
              <test-suite type="TestFixture" name="Get-EvergreenApp MicrosoftPowerShell.Validate Get-EvergreenApp works with: MicrosoftPowerShell." executed="True" result="Success" success="True" time="1.1346" asserts="0" description="Get-EvergreenApp MicrosoftPowerShell.Validate Get-EvergreenApp works with: MicrosoftPowerShell.">
                <results>
                  <test-case description="MicrosoftPowerShell: should return something" name="Get-EvergreenApp MicrosoftPowerShell.Validate Get-EvergreenApp works with: MicrosoftPowerShell..MicrosoftPowerShell: should return something" time="0.1356" asserts="0" success="True" result="Success" executed="True" />
                  <test-case description="MicrosoftPowerShell: should return the expected output type" name="Get-EvergreenApp MicrosoftPowerShell.Validate Get-EvergreenApp works with: MicrosoftPowerShell..MicrosoftPowerShell: should return the expected output type" time="0.1781" asserts="0" success="True" result="Success" executed="True" />
                  <test-case description="MicrosoftPowerShell: should have a Version property that is a string" name="Get-EvergreenApp MicrosoftPowerShell.Validate Get-EvergreenApp works with: MicrosoftPowerShell..MicrosoftPowerShell: should have a Version property that is a string" time="0.2254" asserts="0" success="True" result="Success" executed="True" />
                  <test-case description="MicrosoftPowerShell: should have a valid version number" name="Get-EvergreenApp MicrosoftPowerShell.Validate Get-EvergreenApp works with: MicrosoftPowerShell..MicrosoftPowerShell: should have a valid version number" time="0.2238" asserts="0" success="True" result="Success" executed="True" />
                  <test-case description="MicrosoftPowerShell: should have a URI property that is a string" name="Get-EvergreenApp MicrosoftPowerShell.Validate Get-EvergreenApp works with: MicrosoftPowerShell..MicrosoftPowerShell: should have a URI property that is a string" time="0.2361" asserts="0" success="True" result="Success" executed="True" />
                </results>
              </test-suite>
            </results>
          </test-suite>
          <test-suite type="TestFixture" name="Get-EvergreenApp PSFPython" executed="True" result="Success" success="True" time="532.6614" asserts="0" description="Get-EvergreenApp PSFPython">
            <results>
              <test-suite type="TestFixture" name="Get-EvergreenApp PSFPython.Validate Get-EvergreenApp works with: PSFPython." executed="True" result="Success" success="True" time="1.1168" asserts="0" description="Get-EvergreenApp PSFPython.Validate Get-EvergreenApp works with: PSFPython.">
                <results>
                  <test-case description="PSFPython: should return something" name="Get-EvergreenApp PSFPython.Validate Get-EvergreenApp works with: PSFPython..PSFPython: should return something" time="0.1366" asserts="0" success="True" result="Success" executed="True" />
                  <test-case description="PSFPython: should return the expected output type" name="Get-EvergreenApp PSFPython.Validate Get-EvergreenApp works with: PSFPython..PSFPython: should return the expected output type" time="0.1804" asserts="0" success="True" result="Success" executed="True" />
                  <test-case description="PSFPython: should have a Version property that is a string" name="Get-EvergreenApp PSFPython.Validate Get-EvergreenApp works with: PSFPython..PSFPython: should have a Version property that is a string" time="0.2123" asserts="0" success="True" result="Success" executed="True" />
                  <test-case description="PSFPython: should have a valid version number" name="Get-EvergreenApp PSFPython.Validate Get-EvergreenApp works with: PSFPython..PSFPython: should have a valid version number" time="0.2097" asserts="0" success="True" result="Success" executed="True" />
                  <test-case description="PSFPython: should have a URI property that is a string" name="Get-EvergreenApp PSFPython.Validate Get-EvergreenApp works with: PSFPython..PSFPython: should have a URI property that is a string" time="0.2346" asserts="0" success="True" result="Success" executed="True" />
                </results>
              </test-suite>
            </results>
          </test-suite>
          <test-suite type="TestFixture" name="Get-EvergreenApp AutoDarkMode" executed="True" result="Success" success="True" time="534.3471" asserts="0" description="Get-EvergreenApp AutoDarkMode">
            <results>
              <test-suite type="TestFixture" name="Get-EvergreenApp AutoDarkMode.Validate Get-EvergreenApp works with: AutoDarkMode." executed="True" result="Success" success="True" time="0.9327" asserts="0" description="Get-EvergreenApp AutoDarkMode.Validate Get-EvergreenApp works with: AutoDarkMode.">
                <results>
                  <test-case description="AutoDarkMode: should return something" name="Get-EvergreenApp AutoDarkMode.Validate Get-EvergreenApp works with: AutoDarkMode..AutoDarkMode: should return something" time="0.1558" asserts="0" success="True" result="Success" executed="True" />
                  <test-case description="AutoDarkMode: should return the expected output type" name="Get-EvergreenApp AutoDarkMode.Validate Get-EvergreenApp works with: AutoDarkMode..AutoDarkMode: should return the expected output type" time="0.1436" asserts="0" success="True" result="Success" executed="True" />
                  <test-case description="AutoDarkMode: should have a Version property that is a string" name="Get-EvergreenApp AutoDarkMode.Validate Get-EvergreenApp works with: AutoDarkMode..AutoDarkMode: should have a Version property that is a string" time="0.153" asserts="0" success="True" result="Success" executed="True" />
                  <test-case description="AutoDarkMode: should have a valid version number" name="Get-EvergreenApp AutoDarkMode.Validate Get-EvergreenApp works with: AutoDarkMode..AutoDarkMode: should have a valid version number" time="0.1598" asserts="0" success="True" result="Success" executed="True" />
                  <test-case description="AutoDarkMode: should have a URI property that is a string" name="Get-EvergreenApp AutoDarkMode.Validate Get-EvergreenApp works with: AutoDarkMode..AutoDarkMode: should have a URI property that is a string" time="0.1586" asserts="0" success="True" result="Success" executed="True" />
                </results>
              </test-suite>
            </results>
          </test-suite>
          <test-suite type="TestFixture" name="Get-EvergreenApp OpenJDK" executed="True" result="Success" success="True" time="539.505" asserts="0" description="Get-EvergreenApp OpenJDK">
            <results>
              <test-suite type="TestFixture" name="Get-EvergreenApp OpenJDK.Validate Get-EvergreenApp works with: OpenJDK." executed="True" result="Success" success="True" time="2.3236" asserts="0" description="Get-EvergreenApp OpenJDK.Validate Get-EvergreenApp works with: OpenJDK.">
                <results>
                  <test-case description="OpenJDK: should return something" name="Get-EvergreenApp OpenJDK.Validate Get-EvergreenApp works with: OpenJDK..OpenJDK: should return something" time="0.1328" asserts="0" success="True" result="Success" executed="True" />
                  <test-case description="OpenJDK: should return the expected output type" name="Get-EvergreenApp OpenJDK.Validate Get-EvergreenApp works with: OpenJDK..OpenJDK: should return the expected output type" time="0.3472" asserts="0" success="True" result="Success" executed="True" />
                  <test-case description="OpenJDK: should have a Version property that is a string" name="Get-EvergreenApp OpenJDK.Validate Get-EvergreenApp works with: OpenJDK..OpenJDK: should have a Version property that is a string" time="0.6119" asserts="0" success="True" result="Success" executed="True" />
                  <test-case description="OpenJDK: should have a valid version number" name="Get-EvergreenApp OpenJDK.Validate Get-EvergreenApp works with: OpenJDK..OpenJDK: should have a valid version number" time="0.5406" asserts="0" success="True" result="Success" executed="True" />
                  <test-case description="OpenJDK: should have a URI property that is a string" name="Get-EvergreenApp OpenJDK.Validate Get-EvergreenApp works with: OpenJDK..OpenJDK: should have a URI property that is a string" time="0.5485" asserts="0" success="True" result="Success" executed="True" />
                </results>
              </test-suite>
            </results>
          </test-suite>
          <test-suite type="TestFixture" name="Get-EvergreenApp McNeelRhino" executed="True" result="Success" success="True" time="541.1586" asserts="0" description="Get-EvergreenApp McNeelRhino">
            <results>
              <test-suite type="TestFixture" name="Get-EvergreenApp McNeelRhino.Validate Get-EvergreenApp works with: McNeelRhino." executed="True" result="Success" success="True" time="0.974" asserts="0" description="Get-EvergreenApp McNeelRhino.Validate Get-EvergreenApp works with: McNeelRhino.">
                <results>
                  <test-case description="McNeelRhino: should return something" name="Get-EvergreenApp McNeelRhino.Validate Get-EvergreenApp works with: McNeelRhino..McNeelRhino: should return something" time="0.1358" asserts="0" success="True" result="Success" executed="True" />
                  <test-case description="McNeelRhino: should return the expected output type" name="Get-EvergreenApp McNeelRhino.Validate Get-EvergreenApp works with: McNeelRhino..McNeelRhino: should return the expected output type" time="0.1856" asserts="0" success="True" result="Success" executed="True" />
                  <test-case description="McNeelRhino: should have a Version property that is a string" name="Get-EvergreenApp McNeelRhino.Validate Get-EvergreenApp works with: McNeelRhino..McNeelRhino: should have a Version property that is a string" time="0.1787" asserts="0" success="True" result="Success" executed="True" />
                  <test-case description="McNeelRhino: should have a valid version number" name="Get-EvergreenApp McNeelRhino.Validate Get-EvergreenApp works with: McNeelRhino..McNeelRhino: should have a valid version number" time="0.1566" asserts="0" success="True" result="Success" executed="True" />
                  <test-case description="McNeelRhino: should have a URI property that is a string" name="Get-EvergreenApp McNeelRhino.Validate Get-EvergreenApp works with: McNeelRhino..McNeelRhino: should have a URI property that is a string" time="0.1551" asserts="0" success="True" result="Success" executed="True" />
                </results>
              </test-suite>
            </results>
          </test-suite>
          <test-suite type="TestFixture" name="Get-EvergreenApp Anki" executed="True" result="Success" success="True" time="542.7794" asserts="0" description="Get-EvergreenApp Anki">
            <results>
              <test-suite type="TestFixture" name="Get-EvergreenApp Anki.Validate Get-EvergreenApp works with: Anki." executed="True" result="Success" success="True" time="0.8721" asserts="0" description="Get-EvergreenApp Anki.Validate Get-EvergreenApp works with: Anki.">
                <results>
                  <test-case description="Anki: should return something" name="Get-EvergreenApp Anki.Validate Get-EvergreenApp works with: Anki..Anki: should return something" time="0.1321" asserts="0" success="True" result="Success" executed="True" />
                  <test-case description="Anki: should return the expected output type" name="Get-EvergreenApp Anki.Validate Get-EvergreenApp works with: Anki..Anki: should return the expected output type" time="0.1394" asserts="0" success="True" result="Success" executed="True" />
                  <test-case description="Anki: should have a Version property that is a string" name="Get-EvergreenApp Anki.Validate Get-EvergreenApp works with: Anki..Anki: should have a Version property that is a string" time="0.1532" asserts="0" success="True" result="Success" executed="True" />
                  <test-case description="Anki: should have a valid version number" name="Get-EvergreenApp Anki.Validate Get-EvergreenApp works with: Anki..Anki: should have a valid version number" time="0.1526" asserts="0" success="True" result="Success" executed="True" />
                  <test-case description="Anki: should have a URI property that is a string" name="Get-EvergreenApp Anki.Validate Get-EvergreenApp works with: Anki..Anki: should have a URI property that is a string" time="0.1538" asserts="0" success="True" result="Success" executed="True" />
                </results>
              </test-suite>
            </results>
          </test-suite>
          <test-suite type="TestFixture" name="Get-EvergreenApp GoogleChrome" executed="True" result="Success" success="True" time="544.6943" asserts="0" description="Get-EvergreenApp GoogleChrome">
            <results>
              <test-suite type="TestFixture" name="Get-EvergreenApp GoogleChrome.Validate Get-EvergreenApp works with: GoogleChrome." executed="True" result="Success" success="True" time="1.1642" asserts="0" description="Get-EvergreenApp GoogleChrome.Validate Get-EvergreenApp works with: GoogleChrome.">
                <results>
                  <test-case description="GoogleChrome: should return something" name="Get-EvergreenApp GoogleChrome.Validate Get-EvergreenApp works with: GoogleChrome..GoogleChrome: should return something" time="0.1327" asserts="0" success="True" result="Success" executed="True" />
                  <test-case description="GoogleChrome: should return the expected output type" name="Get-EvergreenApp GoogleChrome.Validate Get-EvergreenApp works with: GoogleChrome..GoogleChrome: should return the expected output type" time="0.1796" asserts="0" success="True" result="Success" executed="True" />
                  <test-case description="GoogleChrome: should have a Version property that is a string" name="Get-EvergreenApp GoogleChrome.Validate Get-EvergreenApp works with: GoogleChrome..GoogleChrome: should have a Version property that is a string" time="0.2392" asserts="0" success="True" result="Success" executed="True" />
                  <test-case description="GoogleChrome: should have a valid version number" name="Get-EvergreenApp GoogleChrome.Validate Get-EvergreenApp works with: GoogleChrome..GoogleChrome: should have a valid version number" time="0.2377" asserts="0" success="True" result="Success" executed="True" />
                  <test-case description="GoogleChrome: should have a URI property that is a string" name="Get-EvergreenApp GoogleChrome.Validate Get-EvergreenApp works with: GoogleChrome..GoogleChrome: should have a URI property that is a string" time="0.2372" asserts="0" success="True" result="Success" executed="True" />
                </results>
              </test-suite>
            </results>
          </test-suite>
          <test-suite type="TestFixture" name="Get-EvergreenApp ImageMagickStudioImageMagick" executed="True" result="Success" success="True" time="546.1495" asserts="0" description="Get-EvergreenApp ImageMagickStudioImageMagick">
            <results>
              <test-suite type="TestFixture" name="Get-EvergreenApp ImageMagickStudioImageMagick.Validate Get-EvergreenApp works with: ImageMagickStudioImageMagick." executed="True" result="Success" success="True" time="0.8094" asserts="0" description="Get-EvergreenApp ImageMagickStudioImageMagick.Validate Get-EvergreenApp works with: ImageMagickStudioImageMagick.">
                <results>
                  <test-case description="ImageMagickStudioImageMagick: should return something" name="Get-EvergreenApp ImageMagickStudioImageMagick.Validate Get-EvergreenApp works with: ImageMagickStudioImageMagick..ImageMagickStudioImageMagick: should return something" time="0.129" asserts="0" success="True" result="Success" executed="True" />
                  <test-case description="ImageMagickStudioImageMagick: should return the expected output type" name="Get-EvergreenApp ImageMagickStudioImageMagick.Validate Get-EvergreenApp works with: ImageMagickStudioImageMagick..ImageMagickStudioImageMagick: should return the expected output type" time="0.132" asserts="0" success="True" result="Success" executed="True" />
                  <test-case description="ImageMagickStudioImageMagick: should have a Version property that is a string" name="Get-EvergreenApp ImageMagickStudioImageMagick.Validate Get-EvergreenApp works with: ImageMagickStudioImageMagick..ImageMagickStudioImageMagick: should have a Version property that is a string" time="0.1342" asserts="0" success="True" result="Success" executed="True" />
                  <test-case description="ImageMagickStudioImageMagick: should have a valid version number" name="Get-EvergreenApp ImageMagickStudioImageMagick.Validate Get-EvergreenApp works with: ImageMagickStudioImageMagick..ImageMagickStudioImageMagick: should have a valid version number" time="0.1337" asserts="0" success="True" result="Success" executed="True" />
                  <test-case description="ImageMagickStudioImageMagick: should have a URI property that is a string" name="Get-EvergreenApp ImageMagickStudioImageMagick.Validate Get-EvergreenApp works with: ImageMagickStudioImageMagick..ImageMagickStudioImageMagick: should have a URI property that is a string" time="0.1354" asserts="0" success="True" result="Success" executed="True" />
                </results>
              </test-suite>
            </results>
          </test-suite>
          <test-suite type="TestFixture" name="Get-EvergreenApp FreedomScientificJAWS" executed="True" result="Success" success="True" time="547.7395" asserts="0" description="Get-EvergreenApp FreedomScientificJAWS">
            <results>
              <test-suite type="TestFixture" name="Get-EvergreenApp FreedomScientificJAWS.Validate Get-EvergreenApp works with: FreedomScientificJAWS." executed="True" result="Success" success="True" time="0.8876" asserts="0" description="Get-EvergreenApp FreedomScientificJAWS.Validate Get-EvergreenApp works with: FreedomScientificJAWS.">
                <results>
                  <test-case description="FreedomScientificJAWS: should return something" name="Get-EvergreenApp FreedomScientificJAWS.Validate Get-EvergreenApp works with: FreedomScientificJAWS..FreedomScientificJAWS: should return something" time="0.1328" asserts="0" success="True" result="Success" executed="True" />
                  <test-case description="FreedomScientificJAWS: should return the expected output type" name="Get-EvergreenApp FreedomScientificJAWS.Validate Get-EvergreenApp works with: FreedomScientificJAWS..FreedomScientificJAWS: should return the expected output type" time="0.1498" asserts="0" success="True" result="Success" executed="True" />
                  <test-case description="FreedomScientificJAWS: should have a Version property that is a string" name="Get-EvergreenApp FreedomScientificJAWS.Validate Get-EvergreenApp works with: FreedomScientificJAWS..FreedomScientificJAWS: should have a Version property that is a string" time="0.1537" asserts="0" success="True" result="Success" executed="True" />
                  <test-case description="FreedomScientificJAWS: should have a valid version number" name="Get-EvergreenApp FreedomScientificJAWS.Validate Get-EvergreenApp works with: FreedomScientificJAWS..FreedomScientificJAWS: should have a valid version number" time="0.1513" asserts="0" success="True" result="Success" executed="True" />
                  <test-case description="FreedomScientificJAWS: should have a URI property that is a string" name="Get-EvergreenApp FreedomScientificJAWS.Validate Get-EvergreenApp works with: FreedomScientificJAWS..FreedomScientificJAWS: should have a URI property that is a string" time="0.1567" asserts="0" success="True" result="Success" executed="True" />
                </results>
              </test-suite>
            </results>
          </test-suite>
          <test-suite type="TestFixture" name="Get-EvergreenApp 1Password7" executed="True" result="Success" success="True" time="548.9162" asserts="0" description="Get-EvergreenApp 1Password7">
            <results>
              <test-suite type="TestFixture" name="Get-EvergreenApp 1Password7.Validate Get-EvergreenApp works with: 1Password7." executed="True" result="Success" success="True" time="0.8227" asserts="0" description="Get-EvergreenApp 1Password7.Validate Get-EvergreenApp works with: 1Password7.">
                <results>
                  <test-case description="1Password7: should return something" name="Get-EvergreenApp 1Password7.Validate Get-EvergreenApp works with: 1Password7..1Password7: should return something" time="0.1337" asserts="0" success="True" result="Success" executed="True" />
                  <test-case description="1Password7: should return the expected output type" name="Get-EvergreenApp 1Password7.Validate Get-EvergreenApp works with: 1Password7..1Password7: should return the expected output type" time="0.1334" asserts="0" success="True" result="Success" executed="True" />
                  <test-case description="1Password7: should have a Version property that is a string" name="Get-EvergreenApp 1Password7.Validate Get-EvergreenApp works with: 1Password7..1Password7: should have a Version property that is a string" time="0.1326" asserts="0" success="True" result="Success" executed="True" />
                  <test-case description="1Password7: should have a valid version number" name="Get-EvergreenApp 1Password7.Validate Get-EvergreenApp works with: 1Password7..1Password7: should have a valid version number" time="0.1284" asserts="0" success="True" result="Success" executed="True" />
                  <test-case description="1Password7: should have a URI property that is a string" name="Get-EvergreenApp 1Password7.Validate Get-EvergreenApp works with: 1Password7..1Password7: should have a URI property that is a string" time="0.1417" asserts="0" success="True" result="Success" executed="True" />
                </results>
              </test-suite>
            </results>
          </test-suite>
          <test-suite type="TestFixture" name="Get-EvergreenApp OperaBrowser" executed="True" result="Success" success="True" time="550.9314" asserts="0" description="Get-EvergreenApp OperaBrowser">
            <results>
              <test-suite type="TestFixture" name="Get-EvergreenApp OperaBrowser.Validate Get-EvergreenApp works with: OperaBrowser." executed="True" result="Success" success="True" time="1.2823" asserts="0" description="Get-EvergreenApp OperaBrowser.Validate Get-EvergreenApp works with: OperaBrowser.">
                <results>
                  <test-case description="OperaBrowser: should return something" name="Get-EvergreenApp OperaBrowser.Validate Get-EvergreenApp works with: OperaBrowser..OperaBrowser: should return something" time="0.1507" asserts="0" success="True" result="Success" executed="True" />
                  <test-case description="OperaBrowser: should return the expected output type" name="Get-EvergreenApp OperaBrowser.Validate Get-EvergreenApp works with: OperaBrowser..OperaBrowser: should return the expected output type" time="0.2041" asserts="0" success="True" result="Success" executed="True" />
                  <test-case description="OperaBrowser: should have a Version property that is a string" name="Get-EvergreenApp OperaBrowser.Validate Get-EvergreenApp works with: OperaBrowser..OperaBrowser: should have a Version property that is a string" time="0.2696" asserts="0" success="True" result="Success" executed="True" />
                  <test-case description="OperaBrowser: should have a valid version number" name="Get-EvergreenApp OperaBrowser.Validate Get-EvergreenApp works with: OperaBrowser..OperaBrowser: should have a valid version number" time="0.263" asserts="0" success="True" result="Success" executed="True" />
                  <test-case description="OperaBrowser: should have a URI property that is a string" name="Get-EvergreenApp OperaBrowser.Validate Get-EvergreenApp works with: OperaBrowser..OperaBrowser: should have a URI property that is a string" time="0.2484" asserts="0" success="True" result="Success" executed="True" />
                </results>
              </test-suite>
            </results>
          </test-suite>
          <test-suite type="TestFixture" name="Get-EvergreenApp TelerikFiddlerClassic" executed="True" result="Success" success="True" time="552.2795" asserts="0" description="Get-EvergreenApp TelerikFiddlerClassic">
            <results>
              <test-suite type="TestFixture" name="Get-EvergreenApp TelerikFiddlerClassic.Validate Get-EvergreenApp works with: TelerikFiddlerClassic." executed="True" result="Success" success="True" time="0.8517" asserts="0" description="Get-EvergreenApp TelerikFiddlerClassic.Validate Get-EvergreenApp works with: TelerikFiddlerClassic.">
                <results>
                  <test-case description="TelerikFiddlerClassic: should return something" name="Get-EvergreenApp TelerikFiddlerClassic.Validate Get-EvergreenApp works with: TelerikFiddlerClassic..TelerikFiddlerClassic: should return something" time="0.1218" asserts="0" success="True" result="Success" executed="True" />
                  <test-case description="TelerikFiddlerClassic: should return the expected output type" name="Get-EvergreenApp TelerikFiddlerClassic.Validate Get-EvergreenApp works with: TelerikFiddlerClassic..TelerikFiddlerClassic: should return the expected output type" time="0.1464" asserts="0" success="True" result="Success" executed="True" />
                  <test-case description="TelerikFiddlerClassic: should have a Version property that is a string" name="Get-EvergreenApp TelerikFiddlerClassic.Validate Get-EvergreenApp works with: TelerikFiddlerClassic..TelerikFiddlerClassic: should have a Version property that is a string" time="0.1488" asserts="0" success="True" result="Success" executed="True" />
                  <test-case description="TelerikFiddlerClassic: should have a valid version number" name="Get-EvergreenApp TelerikFiddlerClassic.Validate Get-EvergreenApp works with: TelerikFiddlerClassic..TelerikFiddlerClassic: should have a valid version number" time="0.1479" asserts="0" success="True" result="Success" executed="True" />
                  <test-case description="TelerikFiddlerClassic: should have a URI property that is a string" name="Get-EvergreenApp TelerikFiddlerClassic.Validate Get-EvergreenApp works with: TelerikFiddlerClassic..TelerikFiddlerClassic: should have a URI property that is a string" time="0.1523" asserts="0" success="True" result="Success" executed="True" />
                </results>
              </test-suite>
            </results>
          </test-suite>
          <test-suite type="TestFixture" name="Get-EvergreenApp WixToolset" executed="True" result="Success" success="True" time="553.7904" asserts="0" description="Get-EvergreenApp WixToolset">
            <results>
              <test-suite type="TestFixture" name="Get-EvergreenApp WixToolset.Validate Get-EvergreenApp works with: WixToolset." executed="True" result="Success" success="True" time="0.8363" asserts="0" description="Get-EvergreenApp WixToolset.Validate Get-EvergreenApp works with: WixToolset.">
                <results>
                  <test-case description="WixToolset: should return something" name="Get-EvergreenApp WixToolset.Validate Get-EvergreenApp works with: WixToolset..WixToolset: should return something" time="0.152" asserts="0" success="True" result="Success" executed="True" />
                  <test-case description="WixToolset: should return the expected output type" name="Get-EvergreenApp WixToolset.Validate Get-EvergreenApp works with: WixToolset..WixToolset: should return the expected output type" time="0.1361" asserts="0" success="True" result="Success" executed="True" />
                  <test-case description="WixToolset: should have a Version property that is a string" name="Get-EvergreenApp WixToolset.Validate Get-EvergreenApp works with: WixToolset..WixToolset: should have a Version property that is a string" time="0.1454" asserts="0" success="True" result="Success" executed="True" />
                  <test-case description="WixToolset: should have a valid version number" name="Get-EvergreenApp WixToolset.Validate Get-EvergreenApp works with: WixToolset..WixToolset: should have a valid version number" time="0.1224" asserts="0" success="True" result="Success" executed="True" />
                  <test-case description="WixToolset: should have a URI property that is a string" name="Get-EvergreenApp WixToolset.Validate Get-EvergreenApp works with: WixToolset..WixToolset: should have a URI property that is a string" time="0.1265" asserts="0" success="True" result="Success" executed="True" />
                </results>
              </test-suite>
            </results>
          </test-suite>
          <test-suite type="TestFixture" name="Get-EvergreenApp SAGAGIS" executed="True" result="Success" success="True" time="555.4078" asserts="0" description="Get-EvergreenApp SAGAGIS">
            <results>
              <test-suite type="TestFixture" name="Get-EvergreenApp SAGAGIS.Validate Get-EvergreenApp works with: SAGAGIS." executed="True" result="Success" success="True" time="0.8647" asserts="0" description="Get-EvergreenApp SAGAGIS.Validate Get-EvergreenApp works with: SAGAGIS.">
                <results>
                  <test-case description="SAGAGIS: should return something" name="Get-EvergreenApp SAGAGIS.Validate Get-EvergreenApp works with: SAGAGIS..SAGAGIS: should return something" time="0.1279" asserts="0" success="True" result="Success" executed="True" />
                  <test-case description="SAGAGIS: should return the expected output type" name="Get-EvergreenApp SAGAGIS.Validate Get-EvergreenApp works with: SAGAGIS..SAGAGIS: should return the expected output type" time="0.1358" asserts="0" success="True" result="Success" executed="True" />
                  <test-case description="SAGAGIS: should have a Version property that is a string" name="Get-EvergreenApp SAGAGIS.Validate Get-EvergreenApp works with: SAGAGIS..SAGAGIS: should have a Version property that is a string" time="0.1535" asserts="0" success="True" result="Success" executed="True" />
                  <test-case description="SAGAGIS: should have a valid version number" name="Get-EvergreenApp SAGAGIS.Validate Get-EvergreenApp works with: SAGAGIS..SAGAGIS: should have a valid version number" time="0.1436" asserts="0" success="True" result="Success" executed="True" />
                  <test-case description="SAGAGIS: should have a URI property that is a string" name="Get-EvergreenApp SAGAGIS.Validate Get-EvergreenApp works with: SAGAGIS..SAGAGIS: should have a URI property that is a string" time="0.1602" asserts="0" success="True" result="Success" executed="True" />
                </results>
              </test-suite>
            </results>
          </test-suite>
          <test-suite type="TestFixture" name="Get-EvergreenApp ControlUpAgent" executed="True" result="Success" success="True" time="556.8053" asserts="0" description="Get-EvergreenApp ControlUpAgent">
            <results>
              <test-suite type="TestFixture" name="Get-EvergreenApp ControlUpAgent.Validate Get-EvergreenApp works with: ControlUpAgent." executed="True" result="Success" success="True" time="0.9719" asserts="0" description="Get-EvergreenApp ControlUpAgent.Validate Get-EvergreenApp works with: ControlUpAgent.">
                <results>
                  <test-case description="ControlUpAgent: should return something" name="Get-EvergreenApp ControlUpAgent.Validate Get-EvergreenApp works with: ControlUpAgent..ControlUpAgent: should return something" time="0.1497" asserts="0" success="True" result="Success" executed="True" />
                  <test-case description="ControlUpAgent: should return the expected output type" name="Get-EvergreenApp ControlUpAgent.Validate Get-EvergreenApp works with: ControlUpAgent..ControlUpAgent: should return the expected output type" time="0.1587" asserts="0" success="True" result="Success" executed="True" />
                  <test-case description="ControlUpAgent: should have a Version property that is a string" name="Get-EvergreenApp ControlUpAgent.Validate Get-EvergreenApp works with: ControlUpAgent..ControlUpAgent: should have a Version property that is a string" time="0.1735" asserts="0" success="True" result="Success" executed="True" />
                  <test-case description="ControlUpAgent: should have a valid version number" name="Get-EvergreenApp ControlUpAgent.Validate Get-EvergreenApp works with: ControlUpAgent..ControlUpAgent: should have a valid version number" time="0.1721" asserts="0" success="True" result="Success" executed="True" />
                  <test-case description="ControlUpAgent: should have a URI property that is a string" name="Get-EvergreenApp ControlUpAgent.Validate Get-EvergreenApp works with: ControlUpAgent..ControlUpAgent: should have a URI property that is a string" time="0.1657" asserts="0" success="True" result="Success" executed="True" />
                </results>
              </test-suite>
            </results>
          </test-suite>
          <test-suite type="TestFixture" name="Get-EvergreenApp BlueJ" executed="True" result="Success" success="True" time="558.5184" asserts="0" description="Get-EvergreenApp BlueJ">
            <results>
              <test-suite type="TestFixture" name="Get-EvergreenApp BlueJ.Validate Get-EvergreenApp works with: BlueJ." executed="True" result="Success" success="True" time="0.7638" asserts="0" description="Get-EvergreenApp BlueJ.Validate Get-EvergreenApp works with: BlueJ.">
                <results>
                  <test-case description="BlueJ: should return something" name="Get-EvergreenApp BlueJ.Validate Get-EvergreenApp works with: BlueJ..BlueJ: should return something" time="0.1274" asserts="0" success="True" result="Success" executed="True" />
                  <test-case description="BlueJ: should return the expected output type" name="Get-EvergreenApp BlueJ.Validate Get-EvergreenApp works with: BlueJ..BlueJ: should return the expected output type" time="0.1241" asserts="0" success="True" result="Success" executed="True" />
                  <test-case description="BlueJ: should have a Version property that is a string" name="Get-EvergreenApp BlueJ.Validate Get-EvergreenApp works with: BlueJ..BlueJ: should have a Version property that is a string" time="0.125" asserts="0" success="True" result="Success" executed="True" />
                  <test-case description="BlueJ: should have a valid version number" name="Get-EvergreenApp BlueJ.Validate Get-EvergreenApp works with: BlueJ..BlueJ: should have a valid version number" time="0.1253" asserts="0" success="True" result="Success" executed="True" />
                  <test-case description="BlueJ: should have a URI property that is a string" name="Get-EvergreenApp BlueJ.Validate Get-EvergreenApp works with: BlueJ..BlueJ: should have a URI property that is a string" time="0.1273" asserts="0" success="True" result="Success" executed="True" />
                </results>
              </test-suite>
            </results>
          </test-suite>
          <test-suite type="TestFixture" name="Get-EvergreenApp VMwareHorizonClientAlt" executed="True" result="Success" success="True" time="560.6517" asserts="0" description="Get-EvergreenApp VMwareHorizonClientAlt">
            <results>
              <test-suite type="TestFixture" name="Get-EvergreenApp VMwareHorizonClientAlt.Validate Get-EvergreenApp works with: VMwareHorizonClientAlt." executed="True" result="Success" success="True" time="0.8173" asserts="0" description="Get-EvergreenApp VMwareHorizonClientAlt.Validate Get-EvergreenApp works with: VMwareHorizonClientAlt.">
                <results>
                  <test-case description="VMwareHorizonClientAlt: should return something" name="Get-EvergreenApp VMwareHorizonClientAlt.Validate Get-EvergreenApp works with: VMwareHorizonClientAlt..VMwareHorizonClientAlt: should return something" time="0.1333" asserts="0" success="True" result="Success" executed="True" />
                  <test-case description="VMwareHorizonClientAlt: should return the expected output type" name="Get-EvergreenApp VMwareHorizonClientAlt.Validate Get-EvergreenApp works with: VMwareHorizonClientAlt..VMwareHorizonClientAlt: should return the expected output type" time="0.1302" asserts="0" success="True" result="Success" executed="True" />
                  <test-case description="VMwareHorizonClientAlt: should have a Version property that is a string" name="Get-EvergreenApp VMwareHorizonClientAlt.Validate Get-EvergreenApp works with: VMwareHorizonClientAlt..VMwareHorizonClientAlt: should have a Version property that is a string" time="0.1416" asserts="0" success="True" result="Success" executed="True" />
                  <test-case description="VMwareHorizonClientAlt: should have a valid version number" name="Get-EvergreenApp VMwareHorizonClientAlt.Validate Get-EvergreenApp works with: VMwareHorizonClientAlt..VMwareHorizonClientAlt: should have a valid version number" time="0.1339" asserts="0" success="True" result="Success" executed="True" />
                  <test-case description="VMwareHorizonClientAlt: should have a URI property that is a string" name="Get-EvergreenApp VMwareHorizonClientAlt.Validate Get-EvergreenApp works with: VMwareHorizonClientAlt..VMwareHorizonClientAlt: should have a URI property that is a string" time="0.1381" asserts="0" success="True" result="Success" executed="True" />
                </results>
              </test-suite>
            </results>
          </test-suite>
          <test-suite type="TestFixture" name="Get-EvergreenApp LogMeInGoToMeeting" executed="True" result="Success" success="True" time="562.3744" asserts="0" description="Get-EvergreenApp LogMeInGoToMeeting">
            <results>
              <test-suite type="TestFixture" name="Get-EvergreenApp LogMeInGoToMeeting.Validate Get-EvergreenApp works with: LogMeInGoToMeeting." executed="True" result="Success" success="True" time="1.114" asserts="0" description="Get-EvergreenApp LogMeInGoToMeeting.Validate Get-EvergreenApp works with: LogMeInGoToMeeting.">
                <results>
                  <test-case description="LogMeInGoToMeeting: should return something" name="Get-EvergreenApp LogMeInGoToMeeting.Validate Get-EvergreenApp works with: LogMeInGoToMeeting..LogMeInGoToMeeting: should return something" time="0.1526" asserts="0" success="True" result="Success" executed="True" />
                  <test-case description="LogMeInGoToMeeting: should return the expected output type" name="Get-EvergreenApp LogMeInGoToMeeting.Validate Get-EvergreenApp works with: LogMeInGoToMeeting..LogMeInGoToMeeting: should return the expected output type" time="0.1765" asserts="0" success="True" result="Success" executed="True" />
                  <test-case description="LogMeInGoToMeeting: should have a Version property that is a string" name="Get-EvergreenApp LogMeInGoToMeeting.Validate Get-EvergreenApp works with: LogMeInGoToMeeting..LogMeInGoToMeeting: should have a Version property that is a string" time="0.2262" asserts="0" success="True" result="Success" executed="True" />
                  <test-case description="LogMeInGoToMeeting: should have a valid version number" name="Get-EvergreenApp LogMeInGoToMeeting.Validate Get-EvergreenApp works with: LogMeInGoToMeeting..LogMeInGoToMeeting: should have a valid version number" time="0.2066" asserts="0" success="True" result="Success" executed="True" />
                  <test-case description="LogMeInGoToMeeting: should have a URI property that is a string" name="Get-EvergreenApp LogMeInGoToMeeting.Validate Get-EvergreenApp works with: LogMeInGoToMeeting..LogMeInGoToMeeting: should have a URI property that is a string" time="0.2016" asserts="0" success="True" result="Success" executed="True" />
                </results>
              </test-suite>
            </results>
          </test-suite>
          <test-suite type="TestFixture" name="Get-EvergreenApp GeekSoftwarePDF24Creator" executed="True" result="Success" success="True" time="564.2642" asserts="0" description="Get-EvergreenApp GeekSoftwarePDF24Creator">
            <results>
              <test-suite type="TestFixture" name="Get-EvergreenApp GeekSoftwarePDF24Creator.Validate Get-EvergreenApp works with: GeekSoftwarePDF24Creator." executed="True" result="Success" success="True" time="0.944" asserts="0" description="Get-EvergreenApp GeekSoftwarePDF24Creator.Validate Get-EvergreenApp works with: GeekSoftwarePDF24Creator.">
                <results>
                  <test-case description="GeekSoftwarePDF24Creator: should return something" name="Get-EvergreenApp GeekSoftwarePDF24Creator.Validate Get-EvergreenApp works with: GeekSoftwarePDF24Creator..GeekSoftwarePDF24Creator: should return something" time="0.1323" asserts="0" success="True" result="Success" executed="True" />
                  <test-case description="GeekSoftwarePDF24Creator: should return the expected output type" name="Get-EvergreenApp GeekSoftwarePDF24Creator.Validate Get-EvergreenApp works with: GeekSoftwarePDF24Creator..GeekSoftwarePDF24Creator: should return the expected output type" time="0.1385" asserts="0" success="True" result="Success" executed="True" />
                  <test-case description="GeekSoftwarePDF24Creator: should have a Version property that is a string" name="Get-EvergreenApp GeekSoftwarePDF24Creator.Validate Get-EvergreenApp works with: GeekSoftwarePDF24Creator..GeekSoftwarePDF24Creator: should have a Version property that is a string" time="0.1717" asserts="0" success="True" result="Success" executed="True" />
                  <test-case description="GeekSoftwarePDF24Creator: should have a valid version number" name="Get-EvergreenApp GeekSoftwarePDF24Creator.Validate Get-EvergreenApp works with: GeekSoftwarePDF24Creator..GeekSoftwarePDF24Creator: should have a valid version number" time="0.1703" asserts="0" success="True" result="Success" executed="True" />
                  <test-case description="GeekSoftwarePDF24Creator: should have a URI property that is a string" name="Get-EvergreenApp GeekSoftwarePDF24Creator.Validate Get-EvergreenApp works with: GeekSoftwarePDF24Creator..GeekSoftwarePDF24Creator: should have a URI property that is a string" time="0.1802" asserts="0" success="True" result="Success" executed="True" />
                </results>
              </test-suite>
            </results>
          </test-suite>
          <test-suite type="TestFixture" name="Get-EvergreenApp StefansToolsgregpWin" executed="True" result="Success" success="True" time="566.3523" asserts="0" description="Get-EvergreenApp StefansToolsgregpWin">
            <results>
              <test-suite type="TestFixture" name="Get-EvergreenApp StefansToolsgregpWin.Validate Get-EvergreenApp works with: StefansToolsgregpWin." executed="True" result="Success" success="True" time="0.8984" asserts="0" description="Get-EvergreenApp StefansToolsgregpWin.Validate Get-EvergreenApp works with: StefansToolsgregpWin.">
                <results>
                  <test-case description="StefansToolsgregpWin: should return something" name="Get-EvergreenApp StefansToolsgregpWin.Validate Get-EvergreenApp works with: StefansToolsgregpWin..StefansToolsgregpWin: should return something" time="0.1344" asserts="0" success="True" result="Success" executed="True" />
                  <test-case description="StefansToolsgregpWin: should return the expected output type" name="Get-EvergreenApp StefansToolsgregpWin.Validate Get-EvergreenApp works with: StefansToolsgregpWin..StefansToolsgregpWin: should return the expected output type" time="0.1454" asserts="0" success="True" result="Success" executed="True" />
                  <test-case description="StefansToolsgregpWin: should have a Version property that is a string" name="Get-EvergreenApp StefansToolsgregpWin.Validate Get-EvergreenApp works with: StefansToolsgregpWin..StefansToolsgregpWin: should have a Version property that is a string" time="0.1623" asserts="0" success="True" result="Success" executed="True" />
                  <test-case description="StefansToolsgregpWin: should have a valid version number" name="Get-EvergreenApp StefansToolsgregpWin.Validate Get-EvergreenApp works with: StefansToolsgregpWin..StefansToolsgregpWin: should have a valid version number" time="0.155" asserts="0" success="True" result="Success" executed="True" />
                  <test-case description="StefansToolsgregpWin: should have a URI property that is a string" name="Get-EvergreenApp StefansToolsgregpWin.Validate Get-EvergreenApp works with: StefansToolsgregpWin..StefansToolsgregpWin: should have a URI property that is a string" time="0.1559" asserts="0" success="True" result="Success" executed="True" />
                </results>
              </test-suite>
            </results>
          </test-suite>
          <test-suite type="TestFixture" name="Get-EvergreenApp Protege" executed="True" result="Success" success="True" time="568.4397" asserts="0" description="Get-EvergreenApp Protege">
            <results>
              <test-suite type="TestFixture" name="Get-EvergreenApp Protege.Validate Get-EvergreenApp works with: Protege." executed="True" result="Success" success="True" time="0.8426" asserts="0" description="Get-EvergreenApp Protege.Validate Get-EvergreenApp works with: Protege.">
                <results>
                  <test-case description="Protege: should return something" name="Get-EvergreenApp Protege.Validate Get-EvergreenApp works with: Protege..Protege: should return something" time="0.1536" asserts="0" success="True" result="Success" executed="True" />
                  <test-case description="Protege: should return the expected output type" name="Get-EvergreenApp Protege.Validate Get-EvergreenApp works with: Protege..Protege: should return the expected output type" time="0.138" asserts="0" success="True" result="Success" executed="True" />
                  <test-case description="Protege: should have a Version property that is a string" name="Get-EvergreenApp Protege.Validate Get-EvergreenApp works with: Protege..Protege: should have a Version property that is a string" time="0.1288" asserts="0" success="True" result="Success" executed="True" />
                  <test-case description="Protege: should have a valid version number" name="Get-EvergreenApp Protege.Validate Get-EvergreenApp works with: Protege..Protege: should have a valid version number" time="0.1331" asserts="0" success="True" result="Success" executed="True" />
                  <test-case description="Protege: should have a URI property that is a string" name="Get-EvergreenApp Protege.Validate Get-EvergreenApp works with: Protege..Protege: should have a URI property that is a string" time="0.1341" asserts="0" success="True" result="Success" executed="True" />
                </results>
              </test-suite>
            </results>
          </test-suite>
          <test-suite type="TestFixture" name="Get-EvergreenApp AirtameApp" executed="True" result="Success" success="True" time="570.7791" asserts="0" description="Get-EvergreenApp AirtameApp">
            <results>
              <test-suite type="TestFixture" name="Get-EvergreenApp AirtameApp.Validate Get-EvergreenApp works with: AirtameApp." executed="True" result="Success" success="True" time="0.9806" asserts="0" description="Get-EvergreenApp AirtameApp.Validate Get-EvergreenApp works with: AirtameApp.">
                <results>
                  <test-case description="AirtameApp: should return something" name="Get-EvergreenApp AirtameApp.Validate Get-EvergreenApp works with: AirtameApp..AirtameApp: should return something" time="0.1322" asserts="0" success="True" result="Success" executed="True" />
                  <test-case description="AirtameApp: should return the expected output type" name="Get-EvergreenApp AirtameApp.Validate Get-EvergreenApp works with: AirtameApp..AirtameApp: should return the expected output type" time="0.1469" asserts="0" success="True" result="Success" executed="True" />
                  <test-case description="AirtameApp: should have a Version property that is a string" name="Get-EvergreenApp AirtameApp.Validate Get-EvergreenApp works with: AirtameApp..AirtameApp: should have a Version property that is a string" time="0.1748" asserts="0" success="True" result="Success" executed="True" />
                  <test-case description="AirtameApp: should have a valid version number" name="Get-EvergreenApp AirtameApp.Validate Get-EvergreenApp works with: AirtameApp..AirtameApp: should have a valid version number" time="0.1956" asserts="0" success="True" result="Success" executed="True" />
                  <test-case description="AirtameApp: should have a URI property that is a string" name="Get-EvergreenApp AirtameApp.Validate Get-EvergreenApp works with: AirtameApp..AirtameApp: should have a URI property that is a string" time="0.1812" asserts="0" success="True" result="Success" executed="True" />
                </results>
              </test-suite>
            </results>
          </test-suite>
          <test-suite type="TestFixture" name="Get-EvergreenApp MicrosoftSsms" executed="True" result="Success" success="True" time="577.1438" asserts="0" description="Get-EvergreenApp MicrosoftSsms">
            <results>
              <test-suite type="TestFixture" name="Get-EvergreenApp MicrosoftSsms.Validate Get-EvergreenApp works with: MicrosoftSsms." executed="True" result="Success" success="True" time="1.5014" asserts="0" description="Get-EvergreenApp MicrosoftSsms.Validate Get-EvergreenApp works with: MicrosoftSsms.">
                <results>
                  <test-case description="MicrosoftSsms: should return something" name="Get-EvergreenApp MicrosoftSsms.Validate Get-EvergreenApp works with: MicrosoftSsms..MicrosoftSsms: should return something" time="0.1361" asserts="0" success="True" result="Success" executed="True" />
                  <test-case description="MicrosoftSsms: should return the expected output type" name="Get-EvergreenApp MicrosoftSsms.Validate Get-EvergreenApp works with: MicrosoftSsms..MicrosoftSsms: should return the expected output type" time="0.2158" asserts="0" success="True" result="Success" executed="True" />
                  <test-case description="MicrosoftSsms: should have a Version property that is a string" name="Get-EvergreenApp MicrosoftSsms.Validate Get-EvergreenApp works with: MicrosoftSsms..MicrosoftSsms: should have a Version property that is a string" time="0.3452" asserts="0" success="True" result="Success" executed="True" />
                  <test-case description="MicrosoftSsms: should have a valid version number" name="Get-EvergreenApp MicrosoftSsms.Validate Get-EvergreenApp works with: MicrosoftSsms..MicrosoftSsms: should have a valid version number" time="0.3277" asserts="0" success="True" result="Success" executed="True" />
                  <test-case description="MicrosoftSsms: should have a URI property that is a string" name="Get-EvergreenApp MicrosoftSsms.Validate Get-EvergreenApp works with: MicrosoftSsms..MicrosoftSsms: should have a URI property that is a string" time="0.3393" asserts="0" success="True" result="Success" executed="True" />
                </results>
              </test-suite>
            </results>
          </test-suite>
          <test-suite type="TestFixture" name="Get-EvergreenApp ProgressChefWorkstation" executed="True" result="Success" success="True" time="584.8814" asserts="0" description="Get-EvergreenApp ProgressChefWorkstation">
            <results>
              <test-suite type="TestFixture" name="Get-EvergreenApp ProgressChefWorkstation.Validate Get-EvergreenApp works with: ProgressChefWorkstation." executed="True" result="Success" success="True" time="1.565" asserts="0" description="Get-EvergreenApp ProgressChefWorkstation.Validate Get-EvergreenApp works with: ProgressChefWorkstation.">
                <results>
                  <test-case description="ProgressChefWorkstation: should return something" name="Get-EvergreenApp ProgressChefWorkstation.Validate Get-EvergreenApp works with: ProgressChefWorkstation..ProgressChefWorkstation: should return something" time="0.1312" asserts="0" success="True" result="Success" executed="True" />
                  <test-case description="ProgressChefWorkstation: should return the expected output type" name="Get-EvergreenApp ProgressChefWorkstation.Validate Get-EvergreenApp works with: ProgressChefWorkstation..ProgressChefWorkstation: should return the expected output type" time="0.2238" asserts="0" success="True" result="Success" executed="True" />
                  <test-case description="ProgressChefWorkstation: should have a Version property that is a string" name="Get-EvergreenApp ProgressChefWorkstation.Validate Get-EvergreenApp works with: ProgressChefWorkstation..ProgressChefWorkstation: should have a Version property that is a string" time="0.3803" asserts="0" success="True" result="Success" executed="True" />
                  <test-case description="ProgressChefWorkstation: should have a valid version number" name="Get-EvergreenApp ProgressChefWorkstation.Validate Get-EvergreenApp works with: ProgressChefWorkstation..ProgressChefWorkstation: should have a valid version number" time="0.3466" asserts="0" success="True" result="Success" executed="True" />
                  <test-case description="ProgressChefWorkstation: should have a URI property that is a string" name="Get-EvergreenApp ProgressChefWorkstation.Validate Get-EvergreenApp works with: ProgressChefWorkstation..ProgressChefWorkstation: should have a URI property that is a string" time="0.3472" asserts="0" success="True" result="Success" executed="True" />
                </results>
              </test-suite>
            </results>
          </test-suite>
          <test-suite type="TestFixture" name="Get-EvergreenApp JamTreeSizeProfessional" executed="True" result="Success" success="True" time="586.2965" asserts="0" description="Get-EvergreenApp JamTreeSizeProfessional">
            <results>
              <test-suite type="TestFixture" name="Get-EvergreenApp JamTreeSizeProfessional.Validate Get-EvergreenApp works with: JamTreeSizeProfessional." executed="True" result="Success" success="True" time="0.8017" asserts="0" description="Get-EvergreenApp JamTreeSizeProfessional.Validate Get-EvergreenApp works with: JamTreeSizeProfessional.">
                <results>
                  <test-case description="JamTreeSizeProfessional: should return something" name="Get-EvergreenApp JamTreeSizeProfessional.Validate Get-EvergreenApp works with: JamTreeSizeProfessional..JamTreeSizeProfessional: should return something" time="0.1308" asserts="0" success="True" result="Success" executed="True" />
                  <test-case description="JamTreeSizeProfessional: should return the expected output type" name="Get-EvergreenApp JamTreeSizeProfessional.Validate Get-EvergreenApp works with: JamTreeSizeProfessional..JamTreeSizeProfessional: should return the expected output type" time="0.1309" asserts="0" success="True" result="Success" executed="True" />
                  <test-case description="JamTreeSizeProfessional: should have a Version property that is a string" name="Get-EvergreenApp JamTreeSizeProfessional.Validate Get-EvergreenApp works with: JamTreeSizeProfessional..JamTreeSizeProfessional: should have a Version property that is a string" time="0.1342" asserts="0" success="True" result="Success" executed="True" />
                  <test-case description="JamTreeSizeProfessional: should have a valid version number" name="Get-EvergreenApp JamTreeSizeProfessional.Validate Get-EvergreenApp works with: JamTreeSizeProfessional..JamTreeSizeProfessional: should have a valid version number" time="0.1343" asserts="0" success="True" result="Success" executed="True" />
                  <test-case description="JamTreeSizeProfessional: should have a URI property that is a string" name="Get-EvergreenApp JamTreeSizeProfessional.Validate Get-EvergreenApp works with: JamTreeSizeProfessional..JamTreeSizeProfessional: should have a URI property that is a string" time="0.132" asserts="0" success="True" result="Success" executed="True" />
                </results>
              </test-suite>
            </results>
          </test-suite>
          <test-suite type="TestFixture" name="Get-EvergreenApp deviceTRUST" executed="True" result="Success" success="True" time="589.7078" asserts="0" description="Get-EvergreenApp deviceTRUST">
            <results>
              <test-suite type="TestFixture" name="Get-EvergreenApp deviceTRUST.Validate Get-EvergreenApp works with: deviceTRUST." executed="True" result="Success" success="True" time="2.9061" asserts="0" description="Get-EvergreenApp deviceTRUST.Validate Get-EvergreenApp works with: deviceTRUST.">
                <results>
                  <test-case description="deviceTRUST: should return something" name="Get-EvergreenApp deviceTRUST.Validate Get-EvergreenApp works with: deviceTRUST..deviceTRUST: should return something" time="0.1321" asserts="0" success="True" result="Success" executed="True" />
                  <test-case description="deviceTRUST: should return the expected output type" name="Get-EvergreenApp deviceTRUST.Validate Get-EvergreenApp works with: deviceTRUST..deviceTRUST: should return the expected output type" time="0.3808" asserts="0" success="True" result="Success" executed="True" />
                  <test-case description="deviceTRUST: should have a Version property that is a string" name="Get-EvergreenApp deviceTRUST.Validate Get-EvergreenApp works with: deviceTRUST..deviceTRUST: should have a Version property that is a string" time="0.7679" asserts="0" success="True" result="Success" executed="True" />
                  <test-case description="deviceTRUST: should have a valid version number" name="Get-EvergreenApp deviceTRUST.Validate Get-EvergreenApp works with: deviceTRUST..deviceTRUST: should have a valid version number" time="0.7836" asserts="0" success="True" result="Success" executed="True" />
                  <test-case description="deviceTRUST: should have a URI property that is a string" name="Get-EvergreenApp deviceTRUST.Validate Get-EvergreenApp works with: deviceTRUST..deviceTRUST: should have a URI property that is a string" time="0.7037" asserts="0" success="True" result="Success" executed="True" />
                </results>
              </test-suite>
            </results>
          </test-suite>
          <test-suite type="TestFixture" name="Get-EvergreenApp TelegramDesktop" executed="True" result="Success" success="True" time="591.1067" asserts="0" description="Get-EvergreenApp TelegramDesktop">
            <results>
              <test-suite type="TestFixture" name="Get-EvergreenApp TelegramDesktop.Validate Get-EvergreenApp works with: TelegramDesktop." executed="True" result="Success" success="True" time="0.7794" asserts="0" description="Get-EvergreenApp TelegramDesktop.Validate Get-EvergreenApp works with: TelegramDesktop.">
                <results>
                  <test-case description="TelegramDesktop: should return something" name="Get-EvergreenApp TelegramDesktop.Validate Get-EvergreenApp works with: TelegramDesktop..TelegramDesktop: should return something" time="0.1455" asserts="0" success="True" result="Success" executed="True" />
                  <test-case description="TelegramDesktop: should return the expected output type" name="Get-EvergreenApp TelegramDesktop.Validate Get-EvergreenApp works with: TelegramDesktop..TelegramDesktop: should return the expected output type" time="0.1221" asserts="0" success="True" result="Success" executed="True" />
                  <test-case description="TelegramDesktop: should have a Version property that is a string" name="Get-EvergreenApp TelegramDesktop.Validate Get-EvergreenApp works with: TelegramDesktop..TelegramDesktop: should have a Version property that is a string" time="0.1214" asserts="0" success="True" result="Success" executed="True" />
                  <test-case description="TelegramDesktop: should have a valid version number" name="Get-EvergreenApp TelegramDesktop.Validate Get-EvergreenApp works with: TelegramDesktop..TelegramDesktop: should have a valid version number" time="0.1254" asserts="0" success="True" result="Success" executed="True" />
                  <test-case description="TelegramDesktop: should have a URI property that is a string" name="Get-EvergreenApp TelegramDesktop.Validate Get-EvergreenApp works with: TelegramDesktop..TelegramDesktop: should have a URI property that is a string" time="0.1243" asserts="0" success="True" result="Success" executed="True" />
                </results>
              </test-suite>
            </results>
          </test-suite>
          <test-suite type="TestFixture" name="Get-EvergreenApp JeremyMainGPUProfiler" executed="True" result="Success" success="True" time="592.5268" asserts="0" description="Get-EvergreenApp JeremyMainGPUProfiler">
            <results>
              <test-suite type="TestFixture" name="Get-EvergreenApp JeremyMainGPUProfiler.Validate Get-EvergreenApp works with: JeremyMainGPUProfiler." executed="True" result="Success" success="True" time="0.7545" asserts="0" description="Get-EvergreenApp JeremyMainGPUProfiler.Validate Get-EvergreenApp works with: JeremyMainGPUProfiler.">
                <results>
                  <test-case description="JeremyMainGPUProfiler: should return something" name="Get-EvergreenApp JeremyMainGPUProfiler.Validate Get-EvergreenApp works with: JeremyMainGPUProfiler..JeremyMainGPUProfiler: should return something" time="0.1232" asserts="0" success="True" result="Success" executed="True" />
                  <test-case description="JeremyMainGPUProfiler: should return the expected output type" name="Get-EvergreenApp JeremyMainGPUProfiler.Validate Get-EvergreenApp works with: JeremyMainGPUProfiler..JeremyMainGPUProfiler: should return the expected output type" time="0.1302" asserts="0" success="True" result="Success" executed="True" />
                  <test-case description="JeremyMainGPUProfiler: should have a Version property that is a string" name="Get-EvergreenApp JeremyMainGPUProfiler.Validate Get-EvergreenApp works with: JeremyMainGPUProfiler..JeremyMainGPUProfiler: should have a Version property that is a string" time="0.123" asserts="0" success="True" result="Success" executed="True" />
                  <test-case description="JeremyMainGPUProfiler: should have a valid version number" name="Get-EvergreenApp JeremyMainGPUProfiler.Validate Get-EvergreenApp works with: JeremyMainGPUProfiler..JeremyMainGPUProfiler: should have a valid version number" time="0.1224" asserts="0" success="True" result="Success" executed="True" />
                  <test-case description="JeremyMainGPUProfiler: should have a URI property that is a string" name="Get-EvergreenApp JeremyMainGPUProfiler.Validate Get-EvergreenApp works with: JeremyMainGPUProfiler..JeremyMainGPUProfiler: should have a URI property that is a string" time="0.1246" asserts="0" success="True" result="Success" executed="True" />
                </results>
              </test-suite>
            </results>
          </test-suite>
          <test-suite type="TestFixture" name="Get-EvergreenApp VMPlexWorkstation" executed="True" result="Success" success="True" time="593.995" asserts="0" description="Get-EvergreenApp VMPlexWorkstation">
            <results>
              <test-suite type="TestFixture" name="Get-EvergreenApp VMPlexWorkstation.Validate Get-EvergreenApp works with: VMPlexWorkstation." executed="True" result="Success" success="True" time="0.8187" asserts="0" description="Get-EvergreenApp VMPlexWorkstation.Validate Get-EvergreenApp works with: VMPlexWorkstation.">
                <results>
                  <test-case description="VMPlexWorkstation: should return something" name="Get-EvergreenApp VMPlexWorkstation.Validate Get-EvergreenApp works with: VMPlexWorkstation..VMPlexWorkstation: should return something" time="0.1214" asserts="0" success="True" result="Success" executed="True" />
                  <test-case description="VMPlexWorkstation: should return the expected output type" name="Get-EvergreenApp VMPlexWorkstation.Validate Get-EvergreenApp works with: VMPlexWorkstation..VMPlexWorkstation: should return the expected output type" time="0.1314" asserts="0" success="True" result="Success" executed="True" />
                  <test-case description="VMPlexWorkstation: should have a Version property that is a string" name="Get-EvergreenApp VMPlexWorkstation.Validate Get-EvergreenApp works with: VMPlexWorkstation..VMPlexWorkstation: should have a Version property that is a string" time="0.1481" asserts="0" success="True" result="Success" executed="True" />
                  <test-case description="VMPlexWorkstation: should have a valid version number" name="Get-EvergreenApp VMPlexWorkstation.Validate Get-EvergreenApp works with: VMPlexWorkstation..VMPlexWorkstation: should have a valid version number" time="0.1435" asserts="0" success="True" result="Success" executed="True" />
                  <test-case description="VMPlexWorkstation: should have a URI property that is a string" name="Get-EvergreenApp VMPlexWorkstation.Validate Get-EvergreenApp works with: VMPlexWorkstation..VMPlexWorkstation: should have a URI property that is a string" time="0.1422" asserts="0" success="True" result="Success" executed="True" />
                </results>
              </test-suite>
            </results>
          </test-suite>
          <test-suite type="TestFixture" name="Get-EvergreenApp AWSSAMCLI" executed="True" result="Success" success="True" time="595.4436" asserts="0" description="Get-EvergreenApp AWSSAMCLI">
            <results>
              <test-suite type="TestFixture" name="Get-EvergreenApp AWSSAMCLI.Validate Get-EvergreenApp works with: AWSSAMCLI." executed="True" result="Success" success="True" time="0.8071" asserts="0" description="Get-EvergreenApp AWSSAMCLI.Validate Get-EvergreenApp works with: AWSSAMCLI.">
                <results>
                  <test-case description="AWSSAMCLI: should return something" name="Get-EvergreenApp AWSSAMCLI.Validate Get-EvergreenApp works with: AWSSAMCLI..AWSSAMCLI: should return something" time="0.1307" asserts="0" success="True" result="Success" executed="True" />
                  <test-case description="AWSSAMCLI: should return the expected output type" name="Get-EvergreenApp AWSSAMCLI.Validate Get-EvergreenApp works with: AWSSAMCLI..AWSSAMCLI: should return the expected output type" time="0.1316" asserts="0" success="True" result="Success" executed="True" />
                  <test-case description="AWSSAMCLI: should have a Version property that is a string" name="Get-EvergreenApp AWSSAMCLI.Validate Get-EvergreenApp works with: AWSSAMCLI..AWSSAMCLI: should have a Version property that is a string" time="0.1389" asserts="0" success="True" result="Success" executed="True" />
                  <test-case description="AWSSAMCLI: should have a valid version number" name="Get-EvergreenApp AWSSAMCLI.Validate Get-EvergreenApp works with: AWSSAMCLI..AWSSAMCLI: should have a valid version number" time="0.1293" asserts="0" success="True" result="Success" executed="True" />
                  <test-case description="AWSSAMCLI: should have a URI property that is a string" name="Get-EvergreenApp AWSSAMCLI.Validate Get-EvergreenApp works with: AWSSAMCLI..AWSSAMCLI: should have a URI property that is a string" time="0.135" asserts="0" success="True" result="Success" executed="True" />
                </results>
              </test-suite>
            </results>
          </test-suite>
          <test-suite type="TestFixture" name="Get-EvergreenApp AdoptiumTemurin18" executed="True" result="Success" success="True" time="596.9633" asserts="0" description="Get-EvergreenApp AdoptiumTemurin18">
            <results>
              <test-suite type="TestFixture" name="Get-EvergreenApp AdoptiumTemurin18.Validate Get-EvergreenApp works with: AdoptiumTemurin18." executed="True" result="Success" success="True" time="1.0141" asserts="0" description="Get-EvergreenApp AdoptiumTemurin18.Validate Get-EvergreenApp works with: AdoptiumTemurin18.">
                <results>
                  <test-case description="AdoptiumTemurin18: should return something" name="Get-EvergreenApp AdoptiumTemurin18.Validate Get-EvergreenApp works with: AdoptiumTemurin18..AdoptiumTemurin18: should return something" time="0.1319" asserts="0" success="True" result="Success" executed="True" />
                  <test-case description="AdoptiumTemurin18: should return the expected output type" name="Get-EvergreenApp AdoptiumTemurin18.Validate Get-EvergreenApp works with: AdoptiumTemurin18..AdoptiumTemurin18: should return the expected output type" time="0.1542" asserts="0" success="True" result="Success" executed="True" />
                  <test-case description="AdoptiumTemurin18: should have a Version property that is a string" name="Get-EvergreenApp AdoptiumTemurin18.Validate Get-EvergreenApp works with: AdoptiumTemurin18..AdoptiumTemurin18: should have a Version property that is a string" time="0.1946" asserts="0" success="True" result="Success" executed="True" />
                  <test-case description="AdoptiumTemurin18: should have a valid version number" name="Get-EvergreenApp AdoptiumTemurin18.Validate Get-EvergreenApp works with: AdoptiumTemurin18..AdoptiumTemurin18: should have a valid version number" time="0.1901" asserts="0" success="True" result="Success" executed="True" />
                  <test-case description="AdoptiumTemurin18: should have a URI property that is a string" name="Get-EvergreenApp AdoptiumTemurin18.Validate Get-EvergreenApp works with: AdoptiumTemurin18..AdoptiumTemurin18: should have a URI property that is a string" time="0.1981" asserts="0" success="True" result="Success" executed="True" />
                </results>
              </test-suite>
            </results>
          </test-suite>
          <test-suite type="TestFixture" name="Get-EvergreenApp TeamViewer" executed="True" result="Success" success="True" time="598.2076" asserts="0" description="Get-EvergreenApp TeamViewer">
            <results>
              <test-suite type="TestFixture" name="Get-EvergreenApp TeamViewer.Validate Get-EvergreenApp works with: TeamViewer." executed="True" result="Success" success="True" time="0.8058" asserts="0" description="Get-EvergreenApp TeamViewer.Validate Get-EvergreenApp works with: TeamViewer.">
                <results>
                  <test-case description="TeamViewer: should return something" name="Get-EvergreenApp TeamViewer.Validate Get-EvergreenApp works with: TeamViewer..TeamViewer: should return something" time="0.1326" asserts="0" success="True" result="Success" executed="True" />
                  <test-case description="TeamViewer: should return the expected output type" name="Get-EvergreenApp TeamViewer.Validate Get-EvergreenApp works with: TeamViewer..TeamViewer: should return the expected output type" time="0.1321" asserts="0" success="True" result="Success" executed="True" />
                  <test-case description="TeamViewer: should have a Version property that is a string" name="Get-EvergreenApp TeamViewer.Validate Get-EvergreenApp works with: TeamViewer..TeamViewer: should have a Version property that is a string" time="0.1319" asserts="0" success="True" result="Success" executed="True" />
                  <test-case description="TeamViewer: should have a valid version number" name="Get-EvergreenApp TeamViewer.Validate Get-EvergreenApp works with: TeamViewer..TeamViewer: should have a valid version number" time="0.1336" asserts="0" success="True" result="Success" executed="True" />
                  <test-case description="TeamViewer: should have a URI property that is a string" name="Get-EvergreenApp TeamViewer.Validate Get-EvergreenApp works with: TeamViewer..TeamViewer: should have a URI property that is a string" time="0.1325" asserts="0" success="True" result="Success" executed="True" />
                </results>
              </test-suite>
            </results>
          </test-suite>
          <test-suite type="TestFixture" name="Get-EvergreenApp HashicorpTerraform" executed="True" result="Success" success="True" time="599.6797" asserts="0" description="Get-EvergreenApp HashicorpTerraform">
            <results>
              <test-suite type="TestFixture" name="Get-EvergreenApp HashicorpTerraform.Validate Get-EvergreenApp works with: HashicorpTerraform." executed="True" result="Success" success="True" time="0.8165" asserts="0" description="Get-EvergreenApp HashicorpTerraform.Validate Get-EvergreenApp works with: HashicorpTerraform.">
                <results>
                  <test-case description="HashicorpTerraform: should return something" name="Get-EvergreenApp HashicorpTerraform.Validate Get-EvergreenApp works with: HashicorpTerraform..HashicorpTerraform: should return something" time="0.1225" asserts="0" success="True" result="Success" executed="True" />
                  <test-case description="HashicorpTerraform: should return the expected output type" name="Get-EvergreenApp HashicorpTerraform.Validate Get-EvergreenApp works with: HashicorpTerraform..HashicorpTerraform: should return the expected output type" time="0.129" asserts="0" success="True" result="Success" executed="True" />
                  <test-case description="HashicorpTerraform: should have a Version property that is a string" name="Get-EvergreenApp HashicorpTerraform.Validate Get-EvergreenApp works with: HashicorpTerraform..HashicorpTerraform: should have a Version property that is a string" time="0.1407" asserts="0" success="True" result="Success" executed="True" />
                  <test-case description="HashicorpTerraform: should have a valid version number" name="Get-EvergreenApp HashicorpTerraform.Validate Get-EvergreenApp works with: HashicorpTerraform..HashicorpTerraform: should have a valid version number" time="0.1496" asserts="0" success="True" result="Success" executed="True" />
                  <test-case description="HashicorpTerraform: should have a URI property that is a string" name="Get-EvergreenApp HashicorpTerraform.Validate Get-EvergreenApp works with: HashicorpTerraform..HashicorpTerraform: should have a URI property that is a string" time="0.1431" asserts="0" success="True" result="Success" executed="True" />
                </results>
              </test-suite>
            </results>
          </test-suite>
          <test-suite type="TestFixture" name="Get-EvergreenApp GitHubRelease" executed="True" result="Success" success="True" time="601.6354" asserts="0" description="Get-EvergreenApp GitHubRelease">
            <results>
              <test-suite type="TestFixture" name="Get-EvergreenApp GitHubRelease.Validate Get-EvergreenApp works with: GitHubRelease." executed="True" result="Success" success="True" time="1.1103" asserts="0" description="Get-EvergreenApp GitHubRelease.Validate Get-EvergreenApp works with: GitHubRelease.">
                <results>
                  <test-case description="GitHubRelease: should return something" name="Get-EvergreenApp GitHubRelease.Validate Get-EvergreenApp works with: GitHubRelease..GitHubRelease: should return something" time="0.1218" asserts="0" success="True" result="Success" executed="True" />
                  <test-case description="GitHubRelease: should return the expected output type" name="Get-EvergreenApp GitHubRelease.Validate Get-EvergreenApp works with: GitHubRelease..GitHubRelease: should return the expected output type" time="0.1603" asserts="0" success="True" result="Success" executed="True" />
                  <test-case description="GitHubRelease: should have a Version property that is a string" name="Get-EvergreenApp GitHubRelease.Validate Get-EvergreenApp works with: GitHubRelease..GitHubRelease: should have a Version property that is a string" time="0.2242" asserts="0" success="True" result="Success" executed="True" />
                  <test-case description="GitHubRelease: should have a valid version number" name="Get-EvergreenApp GitHubRelease.Validate Get-EvergreenApp works with: GitHubRelease..GitHubRelease: should have a valid version number" time="0.2302" asserts="0" success="True" result="Success" executed="True" />
                  <test-case description="GitHubRelease: should have a URI property that is a string" name="Get-EvergreenApp GitHubRelease.Validate Get-EvergreenApp works with: GitHubRelease..GitHubRelease: should have a URI property that is a string" time="0.2361" asserts="0" success="True" result="Success" executed="True" />
                </results>
              </test-suite>
            </results>
          </test-suite>
          <test-suite type="TestFixture" name="Get-EvergreenApp DevToys" executed="True" result="Success" success="True" time="603.0916" asserts="0" description="Get-EvergreenApp DevToys">
            <results>
              <test-suite type="TestFixture" name="Get-EvergreenApp DevToys.Validate Get-EvergreenApp works with: DevToys." executed="True" result="Success" success="True" time="0.7955" asserts="0" description="Get-EvergreenApp DevToys.Validate Get-EvergreenApp works with: DevToys.">
                <results>
                  <test-case description="DevToys: should return something" name="Get-EvergreenApp DevToys.Validate Get-EvergreenApp works with: DevToys..DevToys: should return something" time="0.1305" asserts="0" success="True" result="Success" executed="True" />
                  <test-case description="DevToys: should return the expected output type" name="Get-EvergreenApp DevToys.Validate Get-EvergreenApp works with: DevToys..DevToys: should return the expected output type" time="0.131" asserts="0" success="True" result="Success" executed="True" />
                  <test-case description="DevToys: should have a Version property that is a string" name="Get-EvergreenApp DevToys.Validate Get-EvergreenApp works with: DevToys..DevToys: should have a Version property that is a string" time="0.1292" asserts="0" success="True" result="Success" executed="True" />
                  <test-case description="DevToys: should have a valid version number" name="Get-EvergreenApp DevToys.Validate Get-EvergreenApp works with: DevToys..DevToys: should have a valid version number" time="0.1334" asserts="0" success="True" result="Success" executed="True" />
                  <test-case description="DevToys: should have a URI property that is a string" name="Get-EvergreenApp DevToys.Validate Get-EvergreenApp works with: DevToys..DevToys: should have a URI property that is a string" time="0.132" asserts="0" success="True" result="Success" executed="True" />
                </results>
              </test-suite>
            </results>
          </test-suite>
          <test-suite type="TestFixture" name="Get-EvergreenApp FreedomScientificZoomText" executed="True" result="Success" success="True" time="604.4979" asserts="0" description="Get-EvergreenApp FreedomScientificZoomText">
            <results>
              <test-suite type="TestFixture" name="Get-EvergreenApp FreedomScientificZoomText.Validate Get-EvergreenApp works with: FreedomScientificZoomText." executed="True" result="Success" success="True" time="0.7921" asserts="0" description="Get-EvergreenApp FreedomScientificZoomText.Validate Get-EvergreenApp works with: FreedomScientificZoomText.">
                <results>
                  <test-case description="FreedomScientificZoomText: should return something" name="Get-EvergreenApp FreedomScientificZoomText.Validate Get-EvergreenApp works with: FreedomScientificZoomText..FreedomScientificZoomText: should return something" time="0.1316" asserts="0" success="True" result="Success" executed="True" />
                  <test-case description="FreedomScientificZoomText: should return the expected output type" name="Get-EvergreenApp FreedomScientificZoomText.Validate Get-EvergreenApp works with: FreedomScientificZoomText..FreedomScientificZoomText: should return the expected output type" time="0.1293" asserts="0" success="True" result="Success" executed="True" />
                  <test-case description="FreedomScientificZoomText: should have a Version property that is a string" name="Get-EvergreenApp FreedomScientificZoomText.Validate Get-EvergreenApp works with: FreedomScientificZoomText..FreedomScientificZoomText: should have a Version property that is a string" time="0.1285" asserts="0" success="True" result="Success" executed="True" />
                  <test-case description="FreedomScientificZoomText: should have a valid version number" name="Get-EvergreenApp FreedomScientificZoomText.Validate Get-EvergreenApp works with: FreedomScientificZoomText..FreedomScientificZoomText: should have a valid version number" time="0.1295" asserts="0" success="True" result="Success" executed="True" />
                  <test-case description="FreedomScientificZoomText: should have a URI property that is a string" name="Get-EvergreenApp FreedomScientificZoomText.Validate Get-EvergreenApp works with: FreedomScientificZoomText..FreedomScientificZoomText: should have a URI property that is a string" time="0.1303" asserts="0" success="True" result="Success" executed="True" />
                </results>
              </test-suite>
            </results>
          </test-suite>
          <test-suite type="TestFixture" name="Get-EvergreenApp fail tests" executed="True" result="Success" success="True" time="605.1405" asserts="0" description="Get-EvergreenApp fail tests">
            <results>
              <test-suite type="TestFixture" name="Get-EvergreenApp fail tests.Validate 'Get-EvergreenApp fails gracefully" executed="True" result="Success" success="True" time="0.5266" asserts="0" description="Get-EvergreenApp fail tests.Validate 'Get-EvergreenApp fails gracefully">
                <results>
                  <test-case description="Should Throw with invalid app" name="Get-EvergreenApp fail tests.Validate 'Get-EvergreenApp fails gracefully.Should Throw with invalid app" time="0.4016" asserts="0" success="True" result="Success" executed="True" />
                </results>
              </test-suite>
            </results>
          </test-suite>
          <test-suite type="TestFixture" name="Find-EvergreenApp" executed="True" result="Success" success="True" time="607.4787" asserts="0" description="Find-EvergreenApp">
            <results>
              <test-suite type="TestFixture" name="Find-EvergreenApp.Validate Find-EvergreenApp works" executed="True" result="Success" success="True" time="1.718" asserts="0" description="Find-EvergreenApp.Validate Find-EvergreenApp works">
                <results>
                  <test-case description="Should not Throw" name="Find-EvergreenApp.Validate Find-EvergreenApp works.Should not Throw" time="0.7805" asserts="0" success="True" result="Success" executed="True" />
                  <test-case description="Should returns an object" name="Find-EvergreenApp.Validate Find-EvergreenApp works.Should returns an object" time="0.8153" asserts="0" success="True" result="Success" executed="True" />
                </results>
              </test-suite>
              <test-suite type="TestFixture" name="Find-EvergreenApp.Validate Find-EvergreenApp fails gracefully" executed="True" result="Success" success="True" time="2.2247" asserts="0" description="Find-EvergreenApp.Validate Find-EvergreenApp fails gracefully">
                <results>
                  <test-case description="Should Throw with invalid app" name="Find-EvergreenApp.Validate Find-EvergreenApp fails gracefully.Should Throw with invalid app" time="0.3855" asserts="0" success="True" result="Success" executed="True" />
                </results>
              </test-suite>
            </results>
          </test-suite>
          <test-suite type="TestFixture" name="Save-EvergreenApp" executed="True" result="Success" success="True" time="611.6056" asserts="0" description="Save-EvergreenApp">
            <results>
              <test-suite type="TestFixture" name="Save-EvergreenApp.Validate Save-EvergreenApp works with arm64." executed="True" result="Success" success="True" time="4.0114" asserts="0" description="Save-EvergreenApp.Validate Save-EvergreenApp works with arm64.">
                <results>
                  <test-case description="Save-EvergreenApp should not Throw" name="Save-EvergreenApp.Validate Save-EvergreenApp works with arm64..Save-EvergreenApp should not Throw" time="3.7279" asserts="0" success="True" result="Success" executed="True" />
                  <test-case description="Should save in the right path" name="Save-EvergreenApp.Validate Save-EvergreenApp works with arm64..Should save in the right path" time="0.1549" asserts="0" success="True" result="Success" executed="True" />
                </results>
              </test-suite>
            </results>
          </test-suite>
          <test-suite type="TestFixture" name="Save-EvergreenApp" executed="True" result="Success" success="True" time="615.5445" asserts="0" description="Save-EvergreenApp">
            <results>
              <test-suite type="TestFixture" name="Save-EvergreenApp.Validate Save-EvergreenApp works with x86." executed="True" result="Success" success="True" time="3.8158" asserts="0" description="Save-EvergreenApp.Validate Save-EvergreenApp works with x86.">
                <results>
                  <test-case description="Save-EvergreenApp should not Throw" name="Save-EvergreenApp.Validate Save-EvergreenApp works with x86..Save-EvergreenApp should not Throw" time="3.5444" asserts="0" success="True" result="Success" executed="True" />
                  <test-case description="Should save in the right path" name="Save-EvergreenApp.Validate Save-EvergreenApp works with x86..Should save in the right path" time="0.1473" asserts="0" success="True" result="Success" executed="True" />
                </results>
              </test-suite>
            </results>
          </test-suite>
          <test-suite type="TestFixture" name="Save-EvergreenApp" executed="True" result="Success" success="True" time="618.9768" asserts="0" description="Save-EvergreenApp">
            <results>
              <test-suite type="TestFixture" name="Save-EvergreenApp.Validate Save-EvergreenApp works with x64." executed="True" result="Success" success="True" time="3.3108" asserts="0" description="Save-EvergreenApp.Validate Save-EvergreenApp works with x64.">
                <results>
                  <test-case description="Save-EvergreenApp should not Throw" name="Save-EvergreenApp.Validate Save-EvergreenApp works with x64..Save-EvergreenApp should not Throw" time="3.0197" asserts="0" success="True" result="Success" executed="True" />
                  <test-case description="Should save in the right path" name="Save-EvergreenApp.Validate Save-EvergreenApp works with x64..Should save in the right path" time="0.1497" asserts="0" success="True" result="Success" executed="True" />
                </results>
              </test-suite>
            </results>
          </test-suite>
          <test-suite type="TestFixture" name="Save-EvergreenApp" executed="True" result="Success" success="True" time="620.8285" asserts="0" description="Save-EvergreenApp">
            <results>
              <test-suite type="TestFixture" name="Save-EvergreenApp.Validate Save-EvergreenApp works with x64." executed="True" result="Success" success="True" time="1.7226" asserts="0" description="Save-EvergreenApp.Validate Save-EvergreenApp works with x64.">
                <results>
                  <test-case description="Save-EvergreenApp should not Throw" name="Save-EvergreenApp.Validate Save-EvergreenApp works with x64..Save-EvergreenApp should not Throw" time="1.4364" asserts="0" success="True" result="Success" executed="True" />
                  <test-case description="Should save in the right path" name="Save-EvergreenApp.Validate Save-EvergreenApp works with x64..Should save in the right path" time="0.1548" asserts="0" success="True" result="Success" executed="True" />
                </results>
              </test-suite>
            </results>
          </test-suite>
          <test-suite type="TestFixture" name="Save-EvergreenApp" executed="True" result="Success" success="True" time="622.2126" asserts="0" description="Save-EvergreenApp">
            <results>
              <test-suite type="TestFixture" name="Save-EvergreenApp.Validate Save-EvergreenApp works with x86." executed="True" result="Success" success="True" time="1.2612" asserts="0" description="Save-EvergreenApp.Validate Save-EvergreenApp works with x86.">
                <results>
                  <test-case description="Save-EvergreenApp should not Throw" name="Save-EvergreenApp.Validate Save-EvergreenApp works with x86..Save-EvergreenApp should not Throw" time="0.9635" asserts="0" success="True" result="Success" executed="True" />
                  <test-case description="Should save in the right path" name="Save-EvergreenApp.Validate Save-EvergreenApp works with x86..Should save in the right path" time="0.1643" asserts="0" success="True" result="Success" executed="True" />
                </results>
              </test-suite>
            </results>
          </test-suite>
          <test-suite type="TestFixture" name="Save-EvergreenApp" executed="True" result="Success" success="True" time="623.6501" asserts="0" description="Save-EvergreenApp">
            <results>
              <test-suite type="TestFixture" name="Save-EvergreenApp.Validate Save-EvergreenApp works with arm64." executed="True" result="Success" success="True" time="1.3128" asserts="0" description="Save-EvergreenApp.Validate Save-EvergreenApp works with arm64.">
                <results>
                  <test-case description="Save-EvergreenApp should not Throw" name="Save-EvergreenApp.Validate Save-EvergreenApp works with arm64..Save-EvergreenApp should not Throw" time="1.0401" asserts="0" success="True" result="Success" executed="True" />
                  <test-case description="Should save in the right path" name="Save-EvergreenApp.Validate Save-EvergreenApp works with arm64..Should save in the right path" time="0.1431" asserts="0" success="True" result="Success" executed="True" />
                </results>
              </test-suite>
            </results>
          </test-suite>
          <test-suite type="TestFixture" name="Export-EvergreenManifest" executed="True" result="Success" success="True" time="624.3876" asserts="0" description="Export-EvergreenManifest">
            <results>
              <test-suite type="TestFixture" name="Export-EvergreenManifest.Validate Export-EvergreenManifest works with: AdobeConnect." executed="True" result="Success" success="True" time="0.6171" asserts="0" description="Export-EvergreenManifest.Validate Export-EvergreenManifest works with: AdobeConnect.">
                <results>
                  <test-case description="'Export-EvergreenManifest -Name AdobeConnect' should not Throw" name="Export-EvergreenManifest.Validate Export-EvergreenManifest works with: AdobeConnect..'Export-EvergreenManifest -Name AdobeConnect' should not Throw" time="0.2199" asserts="0" success="True" result="Success" executed="True" />
                  <test-case description="AdobeConnect has expected properties" name="Export-EvergreenManifest.Validate Export-EvergreenManifest works with: AdobeConnect..AdobeConnect has expected properties" time="0.2737" asserts="0" success="True" result="Success" executed="True" />
                </results>
              </test-suite>
            </results>
          </test-suite>
          <test-suite type="TestFixture" name="Export-EvergreenManifest" executed="True" result="Success" success="True" time="625.1617" asserts="0" description="Export-EvergreenManifest">
            <results>
              <test-suite type="TestFixture" name="Export-EvergreenManifest.Validate Export-EvergreenManifest works with: PDFForgePDFCreator." executed="True" result="Success" success="True" time="0.6603" asserts="0" description="Export-EvergreenManifest.Validate Export-EvergreenManifest works with: PDFForgePDFCreator.">
                <results>
                  <test-case description="'Export-EvergreenManifest -Name PDFForgePDFCreator' should not Throw" name="Export-EvergreenManifest.Validate Export-EvergreenManifest works with: PDFForgePDFCreator..'Export-EvergreenManifest -Name PDFForgePDFCreator' should not Throw" time="0.2397" asserts="0" success="True" result="Success" executed="True" />
                  <test-case description="PDFForgePDFCreator has expected properties" name="Export-EvergreenManifest.Validate Export-EvergreenManifest works with: PDFForgePDFCreator..PDFForgePDFCreator has expected properties" time="0.2986" asserts="0" success="True" result="Success" executed="True" />
                </results>
              </test-suite>
            </results>
          </test-suite>
          <test-suite type="TestFixture" name="Export-EvergreenManifest" executed="True" result="Success" success="True" time="625.8715" asserts="0" description="Export-EvergreenManifest">
            <results>
              <test-suite type="TestFixture" name="Export-EvergreenManifest.Validate Export-EvergreenManifest works with: Minitab." executed="True" result="Success" success="True" time="0.5966" asserts="0" description="Export-EvergreenManifest.Validate Export-EvergreenManifest works with: Minitab.">
                <results>
                  <test-case description="'Export-EvergreenManifest -Name Minitab' should not Throw" name="Export-EvergreenManifest.Validate Export-EvergreenManifest works with: Minitab..'Export-EvergreenManifest -Name Minitab' should not Throw" time="0.2115" asserts="0" success="True" result="Success" executed="True" />
                  <test-case description="Minitab has expected properties" name="Export-EvergreenManifest.Validate Export-EvergreenManifest works with: Minitab..Minitab has expected properties" time="0.2588" asserts="0" success="True" result="Success" executed="True" />
                </results>
              </test-suite>
            </results>
          </test-suite>
          <test-suite type="TestFixture" name="Export-EvergreenManifest" executed="True" result="Success" success="True" time="626.681" asserts="0" description="Export-EvergreenManifest">
            <results>
              <test-suite type="TestFixture" name="Export-EvergreenManifest.Validate Export-EvergreenManifest works with: PuTTY." executed="True" result="Success" success="True" time="0.6741" asserts="0" description="Export-EvergreenManifest.Validate Export-EvergreenManifest works with: PuTTY.">
                <results>
                  <test-case description="'Export-EvergreenManifest -Name PuTTY' should not Throw" name="Export-EvergreenManifest.Validate Export-EvergreenManifest works with: PuTTY..'Export-EvergreenManifest -Name PuTTY' should not Throw" time="0.2361" asserts="0" success="True" result="Success" executed="True" />
                  <test-case description="PuTTY has expected properties" name="Export-EvergreenManifest.Validate Export-EvergreenManifest works with: PuTTY..PuTTY has expected properties" time="0.2996" asserts="0" success="True" result="Success" executed="True" />
                </results>
              </test-suite>
            </results>
          </test-suite>
          <test-suite type="TestFixture" name="Export-EvergreenManifest" executed="True" result="Success" success="True" time="627.3819" asserts="0" description="Export-EvergreenManifest">
            <results>
              <test-suite type="TestFixture" name="Export-EvergreenManifest.Validate Export-EvergreenManifest works with: ImageGlass." executed="True" result="Success" success="True" time="0.5839" asserts="0" description="Export-EvergreenManifest.Validate Export-EvergreenManifest works with: ImageGlass.">
                <results>
                  <test-case description="'Export-EvergreenManifest -Name ImageGlass' should not Throw" name="Export-EvergreenManifest.Validate Export-EvergreenManifest works with: ImageGlass..'Export-EvergreenManifest -Name ImageGlass' should not Throw" time="0.206" asserts="0" success="True" result="Success" executed="True" />
                  <test-case description="ImageGlass has expected properties" name="Export-EvergreenManifest.Validate Export-EvergreenManifest works with: ImageGlass..ImageGlass has expected properties" time="0.241" asserts="0" success="True" result="Success" executed="True" />
                </results>
              </test-suite>
            </results>
          </test-suite>
          <test-suite type="TestFixture" name="Export-EvergreenManifest" executed="True" result="Success" success="True" time="628.0901" asserts="0" description="Export-EvergreenManifest">
            <results>
              <test-suite type="TestFixture" name="Export-EvergreenManifest.Validate Export-EvergreenManifest works with: OpenShellMenu." executed="True" result="Success" success="True" time="0.5935" asserts="0" description="Export-EvergreenManifest.Validate Export-EvergreenManifest works with: OpenShellMenu.">
                <results>
                  <test-case description="'Export-EvergreenManifest -Name OpenShellMenu' should not Throw" name="Export-EvergreenManifest.Validate Export-EvergreenManifest works with: OpenShellMenu..'Export-EvergreenManifest -Name OpenShellMenu' should not Throw" time="0.2066" asserts="0" success="True" result="Success" executed="True" />
                  <test-case description="OpenShellMenu has expected properties" name="Export-EvergreenManifest.Validate Export-EvergreenManifest works with: OpenShellMenu..OpenShellMenu has expected properties" time="0.2611" asserts="0" success="True" result="Success" executed="True" />
                </results>
              </test-suite>
            </results>
          </test-suite>
          <test-suite type="TestFixture" name="Export-EvergreenManifest" executed="True" result="Success" success="True" time="628.7868" asserts="0" description="Export-EvergreenManifest">
            <results>
              <test-suite type="TestFixture" name="Export-EvergreenManifest.Validate Export-EvergreenManifest works with: PSAppDeployToolkit." executed="True" result="Success" success="True" time="0.5813" asserts="0" description="Export-EvergreenManifest.Validate Export-EvergreenManifest works with: PSAppDeployToolkit.">
                <results>
                  <test-case description="'Export-EvergreenManifest -Name PSAppDeployToolkit' should not Throw" name="Export-EvergreenManifest.Validate Export-EvergreenManifest works with: PSAppDeployToolkit..'Export-EvergreenManifest -Name PSAppDeployToolkit' should not Throw" time="0.1974" asserts="0" success="True" result="Success" executed="True" />
                  <test-case description="PSAppDeployToolkit has expected properties" name="Export-EvergreenManifest.Validate Export-EvergreenManifest works with: PSAppDeployToolkit..PSAppDeployToolkit has expected properties" time="0.2588" asserts="0" success="True" result="Success" executed="True" />
                </results>
              </test-suite>
            </results>
          </test-suite>
          <test-suite type="TestFixture" name="Export-EvergreenManifest" executed="True" result="Success" success="True" time="629.4891" asserts="0" description="Export-EvergreenManifest">
            <results>
              <test-suite type="TestFixture" name="Export-EvergreenManifest.Validate Export-EvergreenManifest works with: KeeWeb." executed="True" result="Success" success="True" time="0.5817" asserts="0" description="Export-EvergreenManifest.Validate Export-EvergreenManifest works with: KeeWeb.">
                <results>
                  <test-case description="'Export-EvergreenManifest -Name KeeWeb' should not Throw" name="Export-EvergreenManifest.Validate Export-EvergreenManifest works with: KeeWeb..'Export-EvergreenManifest -Name KeeWeb' should not Throw" time="0.2032" asserts="0" success="True" result="Success" executed="True" />
                  <test-case description="KeeWeb has expected properties" name="Export-EvergreenManifest.Validate Export-EvergreenManifest works with: KeeWeb..KeeWeb has expected properties" time="0.2476" asserts="0" success="True" result="Success" executed="True" />
                </results>
              </test-suite>
            </results>
          </test-suite>
          <test-suite type="TestFixture" name="Export-EvergreenManifest" executed="True" result="Success" success="True" time="630.2253" asserts="0" description="Export-EvergreenManifest">
            <results>
              <test-suite type="TestFixture" name="Export-EvergreenManifest.Validate Export-EvergreenManifest works with: AppVentix." executed="True" result="Success" success="True" time="0.6076" asserts="0" description="Export-EvergreenManifest.Validate Export-EvergreenManifest works with: AppVentix.">
                <results>
                  <test-case description="'Export-EvergreenManifest -Name AppVentix' should not Throw" name="Export-EvergreenManifest.Validate Export-EvergreenManifest works with: AppVentix..'Export-EvergreenManifest -Name AppVentix' should not Throw" time="0.2096" asserts="0" success="True" result="Success" executed="True" />
                  <test-case description="AppVentix has expected properties" name="Export-EvergreenManifest.Validate Export-EvergreenManifest works with: AppVentix..AppVentix has expected properties" time="0.2709" asserts="0" success="True" result="Success" executed="True" />
                </results>
              </test-suite>
            </results>
          </test-suite>
          <test-suite type="TestFixture" name="Export-EvergreenManifest" executed="True" result="Success" success="True" time="631.0066" asserts="0" description="Export-EvergreenManifest">
            <results>
              <test-suite type="TestFixture" name="Export-EvergreenManifest.Validate Export-EvergreenManifest works with: Nomacs." executed="True" result="Success" success="True" time="0.6466" asserts="0" description="Export-EvergreenManifest.Validate Export-EvergreenManifest works with: Nomacs.">
                <results>
                  <test-case description="'Export-EvergreenManifest -Name Nomacs' should not Throw" name="Export-EvergreenManifest.Validate Export-EvergreenManifest works with: Nomacs..'Export-EvergreenManifest -Name Nomacs' should not Throw" time="0.2207" asserts="0" success="True" result="Success" executed="True" />
                  <test-case description="Nomacs has expected properties" name="Export-EvergreenManifest.Validate Export-EvergreenManifest works with: Nomacs..Nomacs has expected properties" time="0.287" asserts="0" success="True" result="Success" executed="True" />
                </results>
              </test-suite>
            </results>
          </test-suite>
          <test-suite type="TestFixture" name="Export-EvergreenManifest" executed="True" result="Success" success="True" time="631.8088" asserts="0" description="Export-EvergreenManifest">
            <results>
              <test-suite type="TestFixture" name="Export-EvergreenManifest.Validate Export-EvergreenManifest works with: AdoptOpenJDKSemuru18." executed="True" result="Success" success="True" time="0.6651" asserts="0" description="Export-EvergreenManifest.Validate Export-EvergreenManifest works with: AdoptOpenJDKSemuru18.">
                <results>
                  <test-case description="'Export-EvergreenManifest -Name AdoptOpenJDKSemuru18' should not Throw" name="Export-EvergreenManifest.Validate Export-EvergreenManifest works with: AdoptOpenJDKSemuru18..'Export-EvergreenManifest -Name AdoptOpenJDKSemuru18' should not Throw" time="0.2303" asserts="0" success="True" result="Success" executed="True" />
                  <test-case description="AdoptOpenJDKSemuru18 has expected properties" name="Export-EvergreenManifest.Validate Export-EvergreenManifest works with: AdoptOpenJDKSemuru18..AdoptOpenJDKSemuru18 has expected properties" time="0.2869" asserts="0" success="True" result="Success" executed="True" />
                </results>
              </test-suite>
            </results>
          </test-suite>
          <test-suite type="TestFixture" name="Export-EvergreenManifest" executed="True" result="Success" success="True" time="632.5345" asserts="0" description="Export-EvergreenManifest">
            <results>
              <test-suite type="TestFixture" name="Export-EvergreenManifest.Validate Export-EvergreenManifest works with: MicrosoftPowerToys." executed="True" result="Success" success="True" time="0.589" asserts="0" description="Export-EvergreenManifest.Validate Export-EvergreenManifest works with: MicrosoftPowerToys.">
                <results>
                  <test-case description="'Export-EvergreenManifest -Name MicrosoftPowerToys' should not Throw" name="Export-EvergreenManifest.Validate Export-EvergreenManifest works with: MicrosoftPowerToys..'Export-EvergreenManifest -Name MicrosoftPowerToys' should not Throw" time="0.1943" asserts="0" success="True" result="Success" executed="True" />
                  <test-case description="MicrosoftPowerToys has expected properties" name="Export-EvergreenManifest.Validate Export-EvergreenManifest works with: MicrosoftPowerToys..MicrosoftPowerToys has expected properties" time="0.2537" asserts="0" success="True" result="Success" executed="True" />
                </results>
              </test-suite>
            </results>
          </test-suite>
          <test-suite type="TestFixture" name="Export-EvergreenManifest" executed="True" result="Success" success="True" time="633.3293" asserts="0" description="Export-EvergreenManifest">
            <results>
              <test-suite type="TestFixture" name="Export-EvergreenManifest.Validate Export-EvergreenManifest works with: JASP." executed="True" result="Success" success="True" time="0.6687" asserts="0" description="Export-EvergreenManifest.Validate Export-EvergreenManifest works with: JASP.">
                <results>
                  <test-case description="'Export-EvergreenManifest -Name JASP' should not Throw" name="Export-EvergreenManifest.Validate Export-EvergreenManifest works with: JASP..'Export-EvergreenManifest -Name JASP' should not Throw" time="0.2584" asserts="0" success="True" result="Success" executed="True" />
                  <test-case description="JASP has expected properties" name="Export-EvergreenManifest.Validate Export-EvergreenManifest works with: JASP..JASP has expected properties" time="0.2848" asserts="0" success="True" result="Success" executed="True" />
                </results>
              </test-suite>
            </results>
          </test-suite>
          <test-suite type="TestFixture" name="Export-EvergreenManifest" executed="True" result="Success" success="True" time="634.0417" asserts="0" description="Export-EvergreenManifest">
            <results>
              <test-suite type="TestFixture" name="Export-EvergreenManifest.Validate Export-EvergreenManifest works with: KarakunOpenWebStart." executed="True" result="Success" success="True" time="0.5914" asserts="0" description="Export-EvergreenManifest.Validate Export-EvergreenManifest works with: KarakunOpenWebStart.">
                <results>
                  <test-case description="'Export-EvergreenManifest -Name KarakunOpenWebStart' should not Throw" name="Export-EvergreenManifest.Validate Export-EvergreenManifest works with: KarakunOpenWebStart..'Export-EvergreenManifest -Name KarakunOpenWebStart' should not Throw" time="0.1953" asserts="0" success="True" result="Success" executed="True" />
                  <test-case description="KarakunOpenWebStart has expected properties" name="Export-EvergreenManifest.Validate Export-EvergreenManifest works with: KarakunOpenWebStart..KarakunOpenWebStart has expected properties" time="0.2679" asserts="0" success="True" result="Success" executed="True" />
                </results>
              </test-suite>
            </results>
          </test-suite>
          <test-suite type="TestFixture" name="Export-EvergreenManifest" executed="True" result="Success" success="True" time="634.7749" asserts="0" description="Export-EvergreenManifest">
            <results>
              <test-suite type="TestFixture" name="Export-EvergreenManifest.Validate Export-EvergreenManifest works with: OracleJava8." executed="True" result="Success" success="True" time="0.6141" asserts="0" description="Export-EvergreenManifest.Validate Export-EvergreenManifest works with: OracleJava8.">
                <results>
                  <test-case description="'Export-EvergreenManifest -Name OracleJava8' should not Throw" name="Export-EvergreenManifest.Validate Export-EvergreenManifest works with: OracleJava8..'Export-EvergreenManifest -Name OracleJava8' should not Throw" time="0.2212" asserts="0" success="True" result="Success" executed="True" />
                  <test-case description="OracleJava8 has expected properties" name="Export-EvergreenManifest.Validate Export-EvergreenManifest works with: OracleJava8..OracleJava8 has expected properties" time="0.2583" asserts="0" success="True" result="Success" executed="True" />
                </results>
              </test-suite>
            </results>
          </test-suite>
          <test-suite type="TestFixture" name="Export-EvergreenManifest" executed="True" result="Success" success="True" time="635.5905" asserts="0" description="Export-EvergreenManifest">
            <results>
              <test-suite type="TestFixture" name="Export-EvergreenManifest.Validate Export-EvergreenManifest works with: OBSStudio." executed="True" result="Success" success="True" time="0.6938" asserts="0" description="Export-EvergreenManifest.Validate Export-EvergreenManifest works with: OBSStudio.">
                <results>
                  <test-case description="'Export-EvergreenManifest -Name OBSStudio' should not Throw" name="Export-EvergreenManifest.Validate Export-EvergreenManifest works with: OBSStudio..'Export-EvergreenManifest -Name OBSStudio' should not Throw" time="0.2606" asserts="0" success="True" result="Success" executed="True" />
                  <test-case description="OBSStudio has expected properties" name="Export-EvergreenManifest.Validate Export-EvergreenManifest works with: OBSStudio..OBSStudio has expected properties" time="0.3048" asserts="0" success="True" result="Success" executed="True" />
                </results>
              </test-suite>
            </results>
          </test-suite>
          <test-suite type="TestFixture" name="Export-EvergreenManifest" executed="True" result="Success" success="True" time="636.3858" asserts="0" description="Export-EvergreenManifest">
            <results>
              <test-suite type="TestFixture" name="Export-EvergreenManifest.Validate Export-EvergreenManifest works with: ESETInspectConnector." executed="True" result="Success" success="True" time="0.6705" asserts="0" description="Export-EvergreenManifest.Validate Export-EvergreenManifest works with: ESETInspectConnector.">
                <results>
                  <test-case description="'Export-EvergreenManifest -Name ESETInspectConnector' should not Throw" name="Export-EvergreenManifest.Validate Export-EvergreenManifest works with: ESETInspectConnector..'Export-EvergreenManifest -Name ESETInspectConnector' should not Throw" time="0.2695" asserts="0" success="True" result="Success" executed="True" />
                  <test-case description="ESETInspectConnector has expected properties" name="Export-EvergreenManifest.Validate Export-EvergreenManifest works with: ESETInspectConnector..ESETInspectConnector has expected properties" time="0.2672" asserts="0" success="True" result="Success" executed="True" />
                </results>
              </test-suite>
            </results>
          </test-suite>
          <test-suite type="TestFixture" name="Export-EvergreenManifest" executed="True" result="Success" success="True" time="637.237" asserts="0" description="Export-EvergreenManifest">
            <results>
              <test-suite type="TestFixture" name="Export-EvergreenManifest.Validate Export-EvergreenManifest works with: jrsoftwareInnoSetup." executed="True" result="Success" success="True" time="0.7185" asserts="0" description="Export-EvergreenManifest.Validate Export-EvergreenManifest works with: jrsoftwareInnoSetup.">
                <results>
                  <test-case description="'Export-EvergreenManifest -Name jrsoftwareInnoSetup' should not Throw" name="Export-EvergreenManifest.Validate Export-EvergreenManifest works with: jrsoftwareInnoSetup..'Export-EvergreenManifest -Name jrsoftwareInnoSetup' should not Throw" time="0.3007" asserts="0" success="True" result="Success" executed="True" />
                  <test-case description="jrsoftwareInnoSetup has expected properties" name="Export-EvergreenManifest.Validate Export-EvergreenManifest works with: jrsoftwareInnoSetup..jrsoftwareInnoSetup has expected properties" time="0.2857" asserts="0" success="True" result="Success" executed="True" />
                </results>
              </test-suite>
            </results>
          </test-suite>
          <test-suite type="TestFixture" name="Export-EvergreenManifest" executed="True" result="Success" success="True" time="637.9918" asserts="0" description="Export-EvergreenManifest">
            <results>
              <test-suite type="TestFixture" name="Export-EvergreenManifest.Validate Export-EvergreenManifest works with: Gephi." executed="True" result="Success" success="True" time="0.6241" asserts="0" description="Export-EvergreenManifest.Validate Export-EvergreenManifest works with: Gephi.">
                <results>
                  <test-case description="'Export-EvergreenManifest -Name Gephi' should not Throw" name="Export-EvergreenManifest.Validate Export-EvergreenManifest works with: Gephi..'Export-EvergreenManifest -Name Gephi' should not Throw" time="0.2214" asserts="0" success="True" result="Success" executed="True" />
                  <test-case description="Gephi has expected properties" name="Export-EvergreenManifest.Validate Export-EvergreenManifest works with: Gephi..Gephi has expected properties" time="0.2598" asserts="0" success="True" result="Success" executed="True" />
                </results>
              </test-suite>
            </results>
          </test-suite>
          <test-suite type="TestFixture" name="Export-EvergreenManifest" executed="True" result="Success" success="True" time="638.7214" asserts="0" description="Export-EvergreenManifest">
            <results>
              <test-suite type="TestFixture" name="Export-EvergreenManifest.Validate Export-EvergreenManifest works with: AdobeBrackets." executed="True" result="Success" success="True" time="0.6038" asserts="0" description="Export-EvergreenManifest.Validate Export-EvergreenManifest works with: AdobeBrackets.">
                <results>
                  <test-case description="'Export-EvergreenManifest -Name AdobeBrackets' should not Throw" name="Export-EvergreenManifest.Validate Export-EvergreenManifest works with: AdobeBrackets..'Export-EvergreenManifest -Name AdobeBrackets' should not Throw" time="0.2147" asserts="0" success="True" result="Success" executed="True" />
                  <test-case description="AdobeBrackets has expected properties" name="Export-EvergreenManifest.Validate Export-EvergreenManifest works with: AdobeBrackets..AdobeBrackets has expected properties" time="0.2509" asserts="0" success="True" result="Success" executed="True" />
                </results>
              </test-suite>
            </results>
          </test-suite>
          <test-suite type="TestFixture" name="Export-EvergreenManifest" executed="True" result="Success" success="True" time="639.5784" asserts="0" description="Export-EvergreenManifest">
            <results>
              <test-suite type="TestFixture" name="Export-EvergreenManifest.Validate Export-EvergreenManifest works with: MicrosoftVisualStudioCode." executed="True" result="Success" success="True" time="0.7313" asserts="0" description="Export-EvergreenManifest.Validate Export-EvergreenManifest works with: MicrosoftVisualStudioCode.">
                <results>
                  <test-case description="'Export-EvergreenManifest -Name MicrosoftVisualStudioCode' should not Throw" name="Export-EvergreenManifest.Validate Export-EvergreenManifest works with: MicrosoftVisualStudioCode..'Export-EvergreenManifest -Name MicrosoftVisualStudioCode' should not Throw" time="0.2656" asserts="0" success="True" result="Success" executed="True" />
                  <test-case description="MicrosoftVisualStudioCode has expected properties" name="Export-EvergreenManifest.Validate Export-EvergreenManifest works with: MicrosoftVisualStudioCode..MicrosoftVisualStudioCode has expected properties" time="0.3267" asserts="0" success="True" result="Success" executed="True" />
                </results>
              </test-suite>
            </results>
          </test-suite>
          <test-suite type="TestFixture" name="Export-EvergreenManifest" executed="True" result="Success" success="True" time="640.2543" asserts="0" description="Export-EvergreenManifest">
            <results>
              <test-suite type="TestFixture" name="Export-EvergreenManifest.Validate Export-EvergreenManifest works with: DockerDesktop." executed="True" result="Success" success="True" time="0.5597" asserts="0" description="Export-EvergreenManifest.Validate Export-EvergreenManifest works with: DockerDesktop.">
                <results>
                  <test-case description="'Export-EvergreenManifest -Name DockerDesktop' should not Throw" name="Export-EvergreenManifest.Validate Export-EvergreenManifest works with: DockerDesktop..'Export-EvergreenManifest -Name DockerDesktop' should not Throw" time="0.1888" asserts="0" success="True" result="Success" executed="True" />
                  <test-case description="DockerDesktop has expected properties" name="Export-EvergreenManifest.Validate Export-EvergreenManifest works with: DockerDesktop..DockerDesktop has expected properties" time="0.2352" asserts="0" success="True" result="Success" executed="True" />
                </results>
              </test-suite>
            </results>
          </test-suite>
          <test-suite type="TestFixture" name="Export-EvergreenManifest" executed="True" result="Success" success="True" time="641.1132" asserts="0" description="Export-EvergreenManifest">
            <results>
              <test-suite type="TestFixture" name="Export-EvergreenManifest.Validate Export-EvergreenManifest works with: MicrosoftAzureStorageExplorer." executed="True" result="Success" success="True" time="0.7263" asserts="0" description="Export-EvergreenManifest.Validate Export-EvergreenManifest works with: MicrosoftAzureStorageExplorer.">
                <results>
                  <test-case description="'Export-EvergreenManifest -Name MicrosoftAzureStorageExplorer' should not Throw" name="Export-EvergreenManifest.Validate Export-EvergreenManifest works with: MicrosoftAzureStorageExplorer..'Export-EvergreenManifest -Name MicrosoftAzureStorageExplorer' should not Throw" time="0.2912" asserts="0" success="True" result="Success" executed="True" />
                  <test-case description="MicrosoftAzureStorageExplorer has expected properties" name="Export-EvergreenManifest.Validate Export-EvergreenManifest works with: MicrosoftAzureStorageExplorer..MicrosoftAzureStorageExplorer has expected properties" time="0.28" asserts="0" success="True" result="Success" executed="True" />
                </results>
              </test-suite>
            </results>
          </test-suite>
          <test-suite type="TestFixture" name="Export-EvergreenManifest" executed="True" result="Success" success="True" time="641.8752" asserts="0" description="Export-EvergreenManifest">
            <results>
              <test-suite type="TestFixture" name="Export-EvergreenManifest.Validate Export-EvergreenManifest works with: YubicoAuthenticator." executed="True" result="Success" success="True" time="0.6274" asserts="0" description="Export-EvergreenManifest.Validate Export-EvergreenManifest works with: YubicoAuthenticator.">
                <results>
                  <test-case description="'Export-EvergreenManifest -Name YubicoAuthenticator' should not Throw" name="Export-EvergreenManifest.Validate Export-EvergreenManifest works with: YubicoAuthenticator..'Export-EvergreenManifest -Name YubicoAuthenticator' should not Throw" time="0.2065" asserts="0" success="True" result="Success" executed="True" />
                  <test-case description="YubicoAuthenticator has expected properties" name="Export-EvergreenManifest.Validate Export-EvergreenManifest works with: YubicoAuthenticator..YubicoAuthenticator has expected properties" time="0.2696" asserts="0" success="True" result="Success" executed="True" />
                </results>
              </test-suite>
            </results>
          </test-suite>
          <test-suite type="TestFixture" name="Export-EvergreenManifest" executed="True" result="Success" success="True" time="642.6723" asserts="0" description="Export-EvergreenManifest">
            <results>
              <test-suite type="TestFixture" name="Export-EvergreenManifest.Validate Export-EvergreenManifest works with: KDiff3." executed="True" result="Success" success="True" time="0.6765" asserts="0" description="Export-EvergreenManifest.Validate Export-EvergreenManifest works with: KDiff3.">
                <results>
                  <test-case description="'Export-EvergreenManifest -Name KDiff3' should not Throw" name="Export-EvergreenManifest.Validate Export-EvergreenManifest works with: KDiff3..'Export-EvergreenManifest -Name KDiff3' should not Throw" time="0.2616" asserts="0" success="True" result="Success" executed="True" />
                  <test-case description="KDiff3 has expected properties" name="Export-EvergreenManifest.Validate Export-EvergreenManifest works with: KDiff3..KDiff3 has expected properties" time="0.2855" asserts="0" success="True" result="Success" executed="True" />
                </results>
              </test-suite>
            </results>
          </test-suite>
          <test-suite type="TestFixture" name="Export-EvergreenManifest" executed="True" result="Success" success="True" time="643.3807" asserts="0" description="Export-EvergreenManifest">
            <results>
              <test-suite type="TestFixture" name="Export-EvergreenManifest.Validate Export-EvergreenManifest works with: jq." executed="True" result="Success" success="True" time="0.5849" asserts="0" description="Export-EvergreenManifest.Validate Export-EvergreenManifest works with: jq.">
                <results>
                  <test-case description="'Export-EvergreenManifest -Name jq' should not Throw" name="Export-EvergreenManifest.Validate Export-EvergreenManifest works with: jq..'Export-EvergreenManifest -Name jq' should not Throw" time="0.1928" asserts="0" success="True" result="Success" executed="True" />
                  <test-case description="jq has expected properties" name="Export-EvergreenManifest.Validate Export-EvergreenManifest works with: jq..jq has expected properties" time="0.261" asserts="0" success="True" result="Success" executed="True" />
                </results>
              </test-suite>
            </results>
          </test-suite>
          <test-suite type="TestFixture" name="Export-EvergreenManifest" executed="True" result="Success" success="True" time="644.0887" asserts="0" description="Export-EvergreenManifest">
            <results>
              <test-suite type="TestFixture" name="Export-EvergreenManifest.Validate Export-EvergreenManifest works with: BeekeeperStudio." executed="True" result="Success" success="True" time="0.5847" asserts="0" description="Export-EvergreenManifest.Validate Export-EvergreenManifest works with: BeekeeperStudio.">
                <results>
                  <test-case description="'Export-EvergreenManifest -Name BeekeeperStudio' should not Throw" name="Export-EvergreenManifest.Validate Export-EvergreenManifest works with: BeekeeperStudio..'Export-EvergreenManifest -Name BeekeeperStudio' should not Throw" time="0.1994" asserts="0" success="True" result="Success" executed="True" />
                  <test-case description="BeekeeperStudio has expected properties" name="Export-EvergreenManifest.Validate Export-EvergreenManifest works with: BeekeeperStudio..BeekeeperStudio has expected properties" time="0.2447" asserts="0" success="True" result="Success" executed="True" />
                </results>
              </test-suite>
            </results>
          </test-suite>
          <test-suite type="TestFixture" name="Export-EvergreenManifest" executed="True" result="Success" success="True" time="644.8165" asserts="0" description="Export-EvergreenManifest">
            <results>
              <test-suite type="TestFixture" name="Export-EvergreenManifest.Validate Export-EvergreenManifest works with: JetBrainsPyCharm." executed="True" result="Success" success="True" time="0.6143" asserts="0" description="Export-EvergreenManifest.Validate Export-EvergreenManifest works with: JetBrainsPyCharm.">
                <results>
                  <test-case description="'Export-EvergreenManifest -Name JetBrainsPyCharm' should not Throw" name="Export-EvergreenManifest.Validate Export-EvergreenManifest works with: JetBrainsPyCharm..'Export-EvergreenManifest -Name JetBrainsPyCharm' should not Throw" time="0.2124" asserts="0" success="True" result="Success" executed="True" />
                  <test-case description="JetBrainsPyCharm has expected properties" name="Export-EvergreenManifest.Validate Export-EvergreenManifest works with: JetBrainsPyCharm..JetBrainsPyCharm has expected properties" time="0.2739" asserts="0" success="True" result="Success" executed="True" />
                </results>
              </test-suite>
            </results>
          </test-suite>
          <test-suite type="TestFixture" name="Export-EvergreenManifest" executed="True" result="Success" success="True" time="645.5089" asserts="0" description="Export-EvergreenManifest">
            <results>
              <test-suite type="TestFixture" name="Export-EvergreenManifest.Validate Export-EvergreenManifest works with: NevcairielLAVFilters." executed="True" result="Success" success="True" time="0.5682" asserts="0" description="Export-EvergreenManifest.Validate Export-EvergreenManifest works with: NevcairielLAVFilters.">
                <results>
                  <test-case description="'Export-EvergreenManifest -Name NevcairielLAVFilters' should not Throw" name="Export-EvergreenManifest.Validate Export-EvergreenManifest works with: NevcairielLAVFilters..'Export-EvergreenManifest -Name NevcairielLAVFilters' should not Throw" time="0.2002" asserts="0" success="True" result="Success" executed="True" />
                  <test-case description="NevcairielLAVFilters has expected properties" name="Export-EvergreenManifest.Validate Export-EvergreenManifest works with: NevcairielLAVFilters..NevcairielLAVFilters has expected properties" time="0.2421" asserts="0" success="True" result="Success" executed="True" />
                </results>
              </test-suite>
            </results>
          </test-suite>
          <test-suite type="TestFixture" name="Export-EvergreenManifest" executed="True" result="Success" success="True" time="646.1835" asserts="0" description="Export-EvergreenManifest">
            <results>
              <test-suite type="TestFixture" name="Export-EvergreenManifest.Validate Export-EvergreenManifest works with: Naps2." executed="True" result="Success" success="True" time="0.546" asserts="0" description="Export-EvergreenManifest.Validate Export-EvergreenManifest works with: Naps2.">
                <results>
                  <test-case description="'Export-EvergreenManifest -Name Naps2' should not Throw" name="Export-EvergreenManifest.Validate Export-EvergreenManifest works with: Naps2..'Export-EvergreenManifest -Name Naps2' should not Throw" time="0.1877" asserts="0" success="True" result="Success" executed="True" />
                  <test-case description="Naps2 has expected properties" name="Export-EvergreenManifest.Validate Export-EvergreenManifest works with: Naps2..Naps2 has expected properties" time="0.238" asserts="0" success="True" result="Success" executed="True" />
                </results>
              </test-suite>
            </results>
          </test-suite>
          <test-suite type="TestFixture" name="Export-EvergreenManifest" executed="True" result="Success" success="True" time="647.0063" asserts="0" description="Export-EvergreenManifest">
            <results>
              <test-suite type="TestFixture" name="Export-EvergreenManifest.Validate Export-EvergreenManifest works with: ControlUpConsole." executed="True" result="Success" success="True" time="0.7027" asserts="0" description="Export-EvergreenManifest.Validate Export-EvergreenManifest works with: ControlUpConsole.">
                <results>
                  <test-case description="'Export-EvergreenManifest -Name ControlUpConsole' should not Throw" name="Export-EvergreenManifest.Validate Export-EvergreenManifest works with: ControlUpConsole..'Export-EvergreenManifest -Name ControlUpConsole' should not Throw" time="0.2533" asserts="0" success="True" result="Success" executed="True" />
                  <test-case description="ControlUpConsole has expected properties" name="Export-EvergreenManifest.Validate Export-EvergreenManifest works with: ControlUpConsole..ControlUpConsole has expected properties" time="0.3073" asserts="0" success="True" result="Success" executed="True" />
                </results>
              </test-suite>
            </results>
          </test-suite>
          <test-suite type="TestFixture" name="Export-EvergreenManifest" executed="True" result="Success" success="True" time="647.6983" asserts="0" description="Export-EvergreenManifest">
            <results>
              <test-suite type="TestFixture" name="Export-EvergreenManifest.Validate Export-EvergreenManifest works with: ESETEndpointSecurity." executed="True" result="Success" success="True" time="0.5743" asserts="0" description="Export-EvergreenManifest.Validate Export-EvergreenManifest works with: ESETEndpointSecurity.">
                <results>
                  <test-case description="'Export-EvergreenManifest -Name ESETEndpointSecurity' should not Throw" name="Export-EvergreenManifest.Validate Export-EvergreenManifest works with: ESETEndpointSecurity..'Export-EvergreenManifest -Name ESETEndpointSecurity' should not Throw" time="0.2035" asserts="0" success="True" result="Success" executed="True" />
                  <test-case description="ESETEndpointSecurity has expected properties" name="Export-EvergreenManifest.Validate Export-EvergreenManifest works with: ESETEndpointSecurity..ESETEndpointSecurity has expected properties" time="0.2522" asserts="0" success="True" result="Success" executed="True" />
                </results>
              </test-suite>
            </results>
          </test-suite>
          <test-suite type="TestFixture" name="Export-EvergreenManifest" executed="True" result="Success" success="True" time="648.5297" asserts="0" description="Export-EvergreenManifest">
            <results>
              <test-suite type="TestFixture" name="Export-EvergreenManifest.Validate Export-EvergreenManifest works with: AmazonCorretto." executed="True" result="Success" success="True" time="0.7156" asserts="0" description="Export-EvergreenManifest.Validate Export-EvergreenManifest works with: AmazonCorretto.">
                <results>
                  <test-case description="'Export-EvergreenManifest -Name AmazonCorretto' should not Throw" name="Export-EvergreenManifest.Validate Export-EvergreenManifest works with: AmazonCorretto..'Export-EvergreenManifest -Name AmazonCorretto' should not Throw" time="0.2824" asserts="0" success="True" result="Success" executed="True" />
                  <test-case description="AmazonCorretto has expected properties" name="Export-EvergreenManifest.Validate Export-EvergreenManifest works with: AmazonCorretto..AmazonCorretto has expected properties" time="0.3036" asserts="0" success="True" result="Success" executed="True" />
                </results>
              </test-suite>
            </results>
          </test-suite>
          <test-suite type="TestFixture" name="Export-EvergreenManifest" executed="True" result="Success" success="True" time="649.3546" asserts="0" description="Export-EvergreenManifest">
            <results>
              <test-suite type="TestFixture" name="Export-EvergreenManifest.Validate Export-EvergreenManifest works with: ProgressChefInfraClient." executed="True" result="Success" success="True" time="0.7064" asserts="0" description="Export-EvergreenManifest.Validate Export-EvergreenManifest works with: ProgressChefInfraClient.">
                <results>
                  <test-case description="'Export-EvergreenManifest -Name ProgressChefInfraClient' should not Throw" name="Export-EvergreenManifest.Validate Export-EvergreenManifest works with: ProgressChefInfraClient..'Export-EvergreenManifest -Name ProgressChefInfraClient' should not Throw" time="0.2596" asserts="0" success="True" result="Success" executed="True" />
                  <test-case description="ProgressChefInfraClient has expected properties" name="Export-EvergreenManifest.Validate Export-EvergreenManifest works with: ProgressChefInfraClient..ProgressChefInfraClient has expected properties" time="0.3228" asserts="0" success="True" result="Success" executed="True" />
                </results>
              </test-suite>
            </results>
          </test-suite>
          <test-suite type="TestFixture" name="Export-EvergreenManifest" executed="True" result="Success" success="True" time="650.0287" asserts="0" description="Export-EvergreenManifest">
            <results>
              <test-suite type="TestFixture" name="Export-EvergreenManifest.Validate Export-EvergreenManifest works with: RDAnalyzer." executed="True" result="Success" success="True" time="0.5543" asserts="0" description="Export-EvergreenManifest.Validate Export-EvergreenManifest works with: RDAnalyzer.">
                <results>
                  <test-case description="'Export-EvergreenManifest -Name RDAnalyzer' should not Throw" name="Export-EvergreenManifest.Validate Export-EvergreenManifest works with: RDAnalyzer..'Export-EvergreenManifest -Name RDAnalyzer' should not Throw" time="0.1919" asserts="0" success="True" result="Success" executed="True" />
                  <test-case description="RDAnalyzer has expected properties" name="Export-EvergreenManifest.Validate Export-EvergreenManifest works with: RDAnalyzer..RDAnalyzer has expected properties" time="0.2361" asserts="0" success="True" result="Success" executed="True" />
                </results>
              </test-suite>
            </results>
          </test-suite>
          <test-suite type="TestFixture" name="Export-EvergreenManifest" executed="True" result="Success" success="True" time="650.7403" asserts="0" description="Export-EvergreenManifest">
            <results>
              <test-suite type="TestFixture" name="Export-EvergreenManifest.Validate Export-EvergreenManifest works with: OpenLens." executed="True" result="Success" success="True" time="0.5903" asserts="0" description="Export-EvergreenManifest.Validate Export-EvergreenManifest works with: OpenLens.">
                <results>
                  <test-case description="'Export-EvergreenManifest -Name OpenLens' should not Throw" name="Export-EvergreenManifest.Validate Export-EvergreenManifest works with: OpenLens..'Export-EvergreenManifest -Name OpenLens' should not Throw" time="0.2048" asserts="0" success="True" result="Success" executed="True" />
                  <test-case description="OpenLens has expected properties" name="Export-EvergreenManifest.Validate Export-EvergreenManifest works with: OpenLens..OpenLens has expected properties" time="0.2513" asserts="0" success="True" result="Success" executed="True" />
                </results>
              </test-suite>
            </results>
          </test-suite>
          <test-suite type="TestFixture" name="Export-EvergreenManifest" executed="True" result="Success" success="True" time="651.4923" asserts="0" description="Export-EvergreenManifest">
            <results>
              <test-suite type="TestFixture" name="Export-EvergreenManifest.Validate Export-EvergreenManifest works with: Zotero." executed="True" result="Success" success="True" time="0.6268" asserts="0" description="Export-EvergreenManifest.Validate Export-EvergreenManifest works with: Zotero.">
                <results>
                  <test-case description="'Export-EvergreenManifest -Name Zotero' should not Throw" name="Export-EvergreenManifest.Validate Export-EvergreenManifest works with: Zotero..'Export-EvergreenManifest -Name Zotero' should not Throw" time="0.2087" asserts="0" success="True" result="Success" executed="True" />
                  <test-case description="Zotero has expected properties" name="Export-EvergreenManifest.Validate Export-EvergreenManifest works with: Zotero..Zotero has expected properties" time="0.2828" asserts="0" success="True" result="Success" executed="True" />
                </results>
              </test-suite>
            </results>
          </test-suite>
          <test-suite type="TestFixture" name="Export-EvergreenManifest" executed="True" result="Success" success="True" time="652.256" asserts="0" description="Export-EvergreenManifest">
            <results>
              <test-suite type="TestFixture" name="Export-EvergreenManifest.Validate Export-EvergreenManifest works with: Praat." executed="True" result="Success" success="True" time="0.6333" asserts="0" description="Export-EvergreenManifest.Validate Export-EvergreenManifest works with: Praat.">
                <results>
                  <test-case description="'Export-EvergreenManifest -Name Praat' should not Throw" name="Export-EvergreenManifest.Validate Export-EvergreenManifest works with: Praat..'Export-EvergreenManifest -Name Praat' should not Throw" time="0.2301" asserts="0" success="True" result="Success" executed="True" />
                  <test-case description="Praat has expected properties" name="Export-EvergreenManifest.Validate Export-EvergreenManifest works with: Praat..Praat has expected properties" time="0.267" asserts="0" success="True" result="Success" executed="True" />
                </results>
              </test-suite>
            </results>
          </test-suite>
          <test-suite type="TestFixture" name="Export-EvergreenManifest" executed="True" result="Success" success="True" time="652.9962" asserts="0" description="Export-EvergreenManifest">
            <results>
              <test-suite type="TestFixture" name="Export-EvergreenManifest.Validate Export-EvergreenManifest works with: Greenshot." executed="True" result="Success" success="True" time="0.6157" asserts="0" description="Export-EvergreenManifest.Validate Export-EvergreenManifest works with: Greenshot.">
                <results>
                  <test-case description="'Export-EvergreenManifest -Name Greenshot' should not Throw" name="Export-EvergreenManifest.Validate Export-EvergreenManifest works with: Greenshot..'Export-EvergreenManifest -Name Greenshot' should not Throw" time="0.2144" asserts="0" success="True" result="Success" executed="True" />
                  <test-case description="Greenshot has expected properties" name="Export-EvergreenManifest.Validate Export-EvergreenManifest works with: Greenshot..Greenshot has expected properties" time="0.2726" asserts="0" success="True" result="Success" executed="True" />
                </results>
              </test-suite>
            </results>
          </test-suite>
          <test-suite type="TestFixture" name="Export-EvergreenManifest" executed="True" result="Success" success="True" time="653.7393" asserts="0" description="Export-EvergreenManifest">
            <results>
              <test-suite type="TestFixture" name="Export-EvergreenManifest.Validate Export-EvergreenManifest works with: AtlassianSourcetree." executed="True" result="Success" success="True" time="0.6234" asserts="0" description="Export-EvergreenManifest.Validate Export-EvergreenManifest works with: AtlassianSourcetree.">
                <results>
                  <test-case description="'Export-EvergreenManifest -Name AtlassianSourcetree' should not Throw" name="Export-EvergreenManifest.Validate Export-EvergreenManifest works with: AtlassianSourcetree..'Export-EvergreenManifest -Name AtlassianSourcetree' should not Throw" time="0.2232" asserts="0" success="True" result="Success" executed="True" />
                  <test-case description="AtlassianSourcetree has expected properties" name="Export-EvergreenManifest.Validate Export-EvergreenManifest works with: AtlassianSourcetree..AtlassianSourcetree has expected properties" time="0.2697" asserts="0" success="True" result="Success" executed="True" />
                </results>
              </test-suite>
            </results>
          </test-suite>
          <test-suite type="TestFixture" name="Export-EvergreenManifest" executed="True" result="Success" success="True" time="654.4939" asserts="0" description="Export-EvergreenManifest">
            <results>
              <test-suite type="TestFixture" name="Export-EvergreenManifest.Validate Export-EvergreenManifest works with: MicrosoftFSLogixApps." executed="True" result="Success" success="True" time="0.6304" asserts="0" description="Export-EvergreenManifest.Validate Export-EvergreenManifest works with: MicrosoftFSLogixApps.">
                <results>
                  <test-case description="'Export-EvergreenManifest -Name MicrosoftFSLogixApps' should not Throw" name="Export-EvergreenManifest.Validate Export-EvergreenManifest works with: MicrosoftFSLogixApps..'Export-EvergreenManifest -Name MicrosoftFSLogixApps' should not Throw" time="0.2217" asserts="0" success="True" result="Success" executed="True" />
                  <test-case description="MicrosoftFSLogixApps has expected properties" name="Export-EvergreenManifest.Validate Export-EvergreenManifest works with: MicrosoftFSLogixApps..MicrosoftFSLogixApps has expected properties" time="0.2774" asserts="0" success="True" result="Success" executed="True" />
                </results>
              </test-suite>
            </results>
          </test-suite>
          <test-suite type="TestFixture" name="Export-EvergreenManifest" executed="True" result="Success" success="True" time="655.2364" asserts="0" description="Export-EvergreenManifest">
            <results>
              <test-suite type="TestFixture" name="Export-EvergreenManifest.Validate Export-EvergreenManifest works with: RCoreTeamRforWindows." executed="True" result="Success" success="True" time="0.6214" asserts="0" description="Export-EvergreenManifest.Validate Export-EvergreenManifest works with: RCoreTeamRforWindows.">
                <results>
                  <test-case description="'Export-EvergreenManifest -Name RCoreTeamRforWindows' should not Throw" name="Export-EvergreenManifest.Validate Export-EvergreenManifest works with: RCoreTeamRforWindows..'Export-EvergreenManifest -Name RCoreTeamRforWindows' should not Throw" time="0.2242" asserts="0" success="True" result="Success" executed="True" />
                  <test-case description="RCoreTeamRforWindows has expected properties" name="Export-EvergreenManifest.Validate Export-EvergreenManifest works with: RCoreTeamRforWindows..RCoreTeamRforWindows has expected properties" time="0.2676" asserts="0" success="True" result="Success" executed="True" />
                </results>
              </test-suite>
            </results>
          </test-suite>
          <test-suite type="TestFixture" name="Export-EvergreenManifest" executed="True" result="Success" success="True" time="655.9848" asserts="0" description="Export-EvergreenManifest">
            <results>
              <test-suite type="TestFixture" name="Export-EvergreenManifest.Validate Export-EvergreenManifest works with: Slack." executed="True" result="Success" success="True" time="0.6288" asserts="0" description="Export-EvergreenManifest.Validate Export-EvergreenManifest works with: Slack.">
                <results>
                  <test-case description="'Export-EvergreenManifest -Name Slack' should not Throw" name="Export-EvergreenManifest.Validate Export-EvergreenManifest works with: Slack..'Export-EvergreenManifest -Name Slack' should not Throw" time="0.2305" asserts="0" success="True" result="Success" executed="True" />
                  <test-case description="Slack has expected properties" name="Export-EvergreenManifest.Validate Export-EvergreenManifest works with: Slack..Slack has expected properties" time="0.2691" asserts="0" success="True" result="Success" executed="True" />
                </results>
              </test-suite>
            </results>
          </test-suite>
          <test-suite type="TestFixture" name="Export-EvergreenManifest" executed="True" result="Success" success="True" time="656.7591" asserts="0" description="Export-EvergreenManifest">
            <results>
              <test-suite type="TestFixture" name="Export-EvergreenManifest.Validate Export-EvergreenManifest works with: KeePass." executed="True" result="Success" success="True" time="0.657" asserts="0" description="Export-EvergreenManifest.Validate Export-EvergreenManifest works with: KeePass.">
                <results>
                  <test-case description="'Export-EvergreenManifest -Name KeePass' should not Throw" name="Export-EvergreenManifest.Validate Export-EvergreenManifest works with: KeePass..'Export-EvergreenManifest -Name KeePass' should not Throw" time="0.2451" asserts="0" success="True" result="Success" executed="True" />
                  <test-case description="KeePass has expected properties" name="Export-EvergreenManifest.Validate Export-EvergreenManifest works with: KeePass..KeePass has expected properties" time="0.2867" asserts="0" success="True" result="Success" executed="True" />
                </results>
              </test-suite>
            </results>
          </test-suite>
          <test-suite type="TestFixture" name="Export-EvergreenManifest" executed="True" result="Success" success="True" time="657.4354" asserts="0" description="Export-EvergreenManifest">
            <results>
              <test-suite type="TestFixture" name="Export-EvergreenManifest.Validate Export-EvergreenManifest works with: AdoptOpenJDKIcedTeaWeb." executed="True" result="Success" success="True" time="0.5626" asserts="0" description="Export-EvergreenManifest.Validate Export-EvergreenManifest works with: AdoptOpenJDKIcedTeaWeb.">
                <results>
                  <test-case description="'Export-EvergreenManifest -Name AdoptOpenJDKIcedTeaWeb' should not Throw" name="Export-EvergreenManifest.Validate Export-EvergreenManifest works with: AdoptOpenJDKIcedTeaWeb..'Export-EvergreenManifest -Name AdoptOpenJDKIcedTeaWeb' should not Throw" time="0.197" asserts="0" success="True" result="Success" executed="True" />
                  <test-case description="AdoptOpenJDKIcedTeaWeb has expected properties" name="Export-EvergreenManifest.Validate Export-EvergreenManifest works with: AdoptOpenJDKIcedTeaWeb..AdoptOpenJDKIcedTeaWeb has expected properties" time="0.2435" asserts="0" success="True" result="Success" executed="True" />
                </results>
              </test-suite>
            </results>
          </test-suite>
          <test-suite type="TestFixture" name="Export-EvergreenManifest" executed="True" result="Success" success="True" time="658.1436" asserts="0" description="Export-EvergreenManifest">
            <results>
              <test-suite type="TestFixture" name="Export-EvergreenManifest.Validate Export-EvergreenManifest works with: MicrosoftTerminal." executed="True" result="Success" success="True" time="0.5784" asserts="0" description="Export-EvergreenManifest.Validate Export-EvergreenManifest works with: MicrosoftTerminal.">
                <results>
                  <test-case description="'Export-EvergreenManifest -Name MicrosoftTerminal' should not Throw" name="Export-EvergreenManifest.Validate Export-EvergreenManifest works with: MicrosoftTerminal..'Export-EvergreenManifest -Name MicrosoftTerminal' should not Throw" time="0.2021" asserts="0" success="True" result="Success" executed="True" />
                  <test-case description="MicrosoftTerminal has expected properties" name="Export-EvergreenManifest.Validate Export-EvergreenManifest works with: MicrosoftTerminal..MicrosoftTerminal has expected properties" time="0.2476" asserts="0" success="True" result="Success" executed="True" />
                </results>
              </test-suite>
            </results>
          </test-suite>
          <test-suite type="TestFixture" name="Export-EvergreenManifest" executed="True" result="Success" success="True" time="659.0841" asserts="0" description="Export-EvergreenManifest">
            <results>
              <test-suite type="TestFixture" name="Export-EvergreenManifest.Validate Export-EvergreenManifest works with: MicrosoftEdge." executed="True" result="Success" success="True" time="0.8162" asserts="0" description="Export-EvergreenManifest.Validate Export-EvergreenManifest works with: MicrosoftEdge.">
                <results>
                  <test-case description="'Export-EvergreenManifest -Name MicrosoftEdge' should not Throw" name="Export-EvergreenManifest.Validate Export-EvergreenManifest works with: MicrosoftEdge..'Export-EvergreenManifest -Name MicrosoftEdge' should not Throw" time="0.2898" asserts="0" success="True" result="Success" executed="True" />
                  <test-case description="MicrosoftEdge has expected properties" name="Export-EvergreenManifest.Validate Export-EvergreenManifest works with: MicrosoftEdge..MicrosoftEdge has expected properties" time="0.3857" asserts="0" success="True" result="Success" executed="True" />
                </results>
              </test-suite>
            </results>
          </test-suite>
          <test-suite type="TestFixture" name="Export-EvergreenManifest" executed="True" result="Success" success="True" time="659.8907" asserts="0" description="Export-EvergreenManifest">
            <results>
              <test-suite type="TestFixture" name="Export-EvergreenManifest.Validate Export-EvergreenManifest works with: HashicorpConsul." executed="True" result="Success" success="True" time="0.6695" asserts="0" description="Export-EvergreenManifest.Validate Export-EvergreenManifest works with: HashicorpConsul.">
                <results>
                  <test-case description="'Export-EvergreenManifest -Name HashicorpConsul' should not Throw" name="Export-EvergreenManifest.Validate Export-EvergreenManifest works with: HashicorpConsul..'Export-EvergreenManifest -Name HashicorpConsul' should not Throw" time="0.2222" asserts="0" success="True" result="Success" executed="True" />
                  <test-case description="HashicorpConsul has expected properties" name="Export-EvergreenManifest.Validate Export-EvergreenManifest works with: HashicorpConsul..HashicorpConsul has expected properties" time="0.3089" asserts="0" success="True" result="Success" executed="True" />
                </results>
              </test-suite>
            </results>
          </test-suite>
          <test-suite type="TestFixture" name="Export-EvergreenManifest" executed="True" result="Success" success="True" time="660.5934" asserts="0" description="Export-EvergreenManifest">
            <results>
              <test-suite type="TestFixture" name="Export-EvergreenManifest.Validate Export-EvergreenManifest works with: MicrosoftAzureWindowsVMAgent." executed="True" result="Success" success="True" time="0.5754" asserts="0" description="Export-EvergreenManifest.Validate Export-EvergreenManifest works with: MicrosoftAzureWindowsVMAgent.">
                <results>
                  <test-case description="'Export-EvergreenManifest -Name MicrosoftAzureWindowsVMAgent' should not Throw" name="Export-EvergreenManifest.Validate Export-EvergreenManifest works with: MicrosoftAzureWindowsVMAgent..'Export-EvergreenManifest -Name MicrosoftAzureWindowsVMAgent' should not Throw" time="0.1957" asserts="0" success="True" result="Success" executed="True" />
                  <test-case description="MicrosoftAzureWindowsVMAgent has expected properties" name="Export-EvergreenManifest.Validate Export-EvergreenManifest works with: MicrosoftAzureWindowsVMAgent..MicrosoftAzureWindowsVMAgent has expected properties" time="0.2477" asserts="0" success="True" result="Success" executed="True" />
                </results>
              </test-suite>
            </results>
          </test-suite>
          <test-suite type="TestFixture" name="Export-EvergreenManifest" executed="True" result="Success" success="True" time="661.5756" asserts="0" description="Export-EvergreenManifest">
            <results>
              <test-suite type="TestFixture" name="Export-EvergreenManifest.Validate Export-EvergreenManifest works with: MicrosoftOutlook." executed="True" result="Success" success="True" time="0.8492" asserts="0" description="Export-EvergreenManifest.Validate Export-EvergreenManifest works with: MicrosoftOutlook.">
                <results>
                  <test-case description="'Export-EvergreenManifest -Name MicrosoftOutlook' should not Throw" name="Export-EvergreenManifest.Validate Export-EvergreenManifest works with: MicrosoftOutlook..'Export-EvergreenManifest -Name MicrosoftOutlook' should not Throw" time="0.3107" asserts="0" success="True" result="Success" executed="True" />
                  <test-case description="MicrosoftOutlook has expected properties" name="Export-EvergreenManifest.Validate Export-EvergreenManifest works with: MicrosoftOutlook..MicrosoftOutlook has expected properties" time="0.3954" asserts="0" success="True" result="Success" executed="True" />
                </results>
              </test-suite>
            </results>
          </test-suite>
          <test-suite type="TestFixture" name="Export-EvergreenManifest" executed="True" result="Success" success="True" time="662.3639" asserts="0" description="Export-EvergreenManifest">
            <results>
              <test-suite type="TestFixture" name="Export-EvergreenManifest.Validate Export-EvergreenManifest works with: Win32OpenSSH." executed="True" result="Success" success="True" time="0.6556" asserts="0" description="Export-EvergreenManifest.Validate Export-EvergreenManifest works with: Win32OpenSSH.">
                <results>
                  <test-case description="'Export-EvergreenManifest -Name Win32OpenSSH' should not Throw" name="Export-EvergreenManifest.Validate Export-EvergreenManifest works with: Win32OpenSSH..'Export-EvergreenManifest -Name Win32OpenSSH' should not Throw" time="0.234" asserts="0" success="True" result="Success" executed="True" />
                  <test-case description="Win32OpenSSH has expected properties" name="Export-EvergreenManifest.Validate Export-EvergreenManifest works with: Win32OpenSSH..Win32OpenSSH has expected properties" time="0.2746" asserts="0" success="True" result="Success" executed="True" />
                </results>
              </test-suite>
            </results>
          </test-suite>
          <test-suite type="TestFixture" name="Export-EvergreenManifest" executed="True" result="Success" success="True" time="663.087" asserts="0" description="Export-EvergreenManifest">
            <results>
              <test-suite type="TestFixture" name="Export-EvergreenManifest.Validate Export-EvergreenManifest works with: BISF." executed="True" result="Success" success="True" time="0.598" asserts="0" description="Export-EvergreenManifest.Validate Export-EvergreenManifest works with: BISF.">
                <results>
                  <test-case description="'Export-EvergreenManifest -Name BISF' should not Throw" name="Export-EvergreenManifest.Validate Export-EvergreenManifest works with: BISF..'Export-EvergreenManifest -Name BISF' should not Throw" time="0.2087" asserts="0" success="True" result="Success" executed="True" />
                  <test-case description="BISF has expected properties" name="Export-EvergreenManifest.Validate Export-EvergreenManifest works with: BISF..BISF has expected properties" time="0.2584" asserts="0" success="True" result="Success" executed="True" />
                </results>
              </test-suite>
            </results>
          </test-suite>
          <test-suite type="TestFixture" name="Export-EvergreenManifest" executed="True" result="Success" success="True" time="663.8414" asserts="0" description="Export-EvergreenManifest">
            <results>
              <test-suite type="TestFixture" name="Export-EvergreenManifest.Validate Export-EvergreenManifest works with: HashicorpPacker." executed="True" result="Success" success="True" time="0.6356" asserts="0" description="Export-EvergreenManifest.Validate Export-EvergreenManifest works with: HashicorpPacker.">
                <results>
                  <test-case description="'Export-EvergreenManifest -Name HashicorpPacker' should not Throw" name="Export-EvergreenManifest.Validate Export-EvergreenManifest works with: HashicorpPacker..'Export-EvergreenManifest -Name HashicorpPacker' should not Throw" time="0.2301" asserts="0" success="True" result="Success" executed="True" />
                  <test-case description="HashicorpPacker has expected properties" name="Export-EvergreenManifest.Validate Export-EvergreenManifest works with: HashicorpPacker..HashicorpPacker has expected properties" time="0.2735" asserts="0" success="True" result="Success" executed="True" />
                </results>
              </test-suite>
            </results>
          </test-suite>
          <test-suite type="TestFixture" name="Export-EvergreenManifest" executed="True" result="Success" success="True" time="664.583" asserts="0" description="Export-EvergreenManifest">
            <results>
              <test-suite type="TestFixture" name="Export-EvergreenManifest.Validate Export-EvergreenManifest works with: Handbrake." executed="True" result="Success" success="True" time="0.6189" asserts="0" description="Export-EvergreenManifest.Validate Export-EvergreenManifest works with: Handbrake.">
                <results>
                  <test-case description="'Export-EvergreenManifest -Name Handbrake' should not Throw" name="Export-EvergreenManifest.Validate Export-EvergreenManifest works with: Handbrake..'Export-EvergreenManifest -Name Handbrake' should not Throw" time="0.2119" asserts="0" success="True" result="Success" executed="True" />
                  <test-case description="Handbrake has expected properties" name="Export-EvergreenManifest.Validate Export-EvergreenManifest works with: Handbrake..Handbrake has expected properties" time="0.2693" asserts="0" success="True" result="Success" executed="True" />
                </results>
              </test-suite>
            </results>
          </test-suite>
          <test-suite type="TestFixture" name="Export-EvergreenManifest" executed="True" result="Success" success="True" time="665.2961" asserts="0" description="Export-EvergreenManifest">
            <results>
              <test-suite type="TestFixture" name="Export-EvergreenManifest.Validate Export-EvergreenManifest works with: Tower." executed="True" result="Success" success="True" time="0.595" asserts="0" description="Export-EvergreenManifest.Validate Export-EvergreenManifest works with: Tower.">
                <results>
                  <test-case description="'Export-EvergreenManifest -Name Tower' should not Throw" name="Export-EvergreenManifest.Validate Export-EvergreenManifest works with: Tower..'Export-EvergreenManifest -Name Tower' should not Throw" time="0.2108" asserts="0" success="True" result="Success" executed="True" />
                  <test-case description="Tower has expected properties" name="Export-EvergreenManifest.Validate Export-EvergreenManifest works with: Tower..Tower has expected properties" time="0.2601" asserts="0" success="True" result="Success" executed="True" />
                </results>
              </test-suite>
            </results>
          </test-suite>
          <test-suite type="TestFixture" name="Export-EvergreenManifest" executed="True" result="Success" success="True" time="666.1041" asserts="0" description="Export-EvergreenManifest">
            <results>
              <test-suite type="TestFixture" name="Export-EvergreenManifest.Validate Export-EvergreenManifest works with: ESETFullDiskEncryption." executed="True" result="Success" success="True" time="0.6715" asserts="0" description="Export-EvergreenManifest.Validate Export-EvergreenManifest works with: ESETFullDiskEncryption.">
                <results>
                  <test-case description="'Export-EvergreenManifest -Name ESETFullDiskEncryption' should not Throw" name="Export-EvergreenManifest.Validate Export-EvergreenManifest works with: ESETFullDiskEncryption..'Export-EvergreenManifest -Name ESETFullDiskEncryption' should not Throw" time="0.2399" asserts="0" success="True" result="Success" executed="True" />
                  <test-case description="ESETFullDiskEncryption has expected properties" name="Export-EvergreenManifest.Validate Export-EvergreenManifest works with: ESETFullDiskEncryption..ESETFullDiskEncryption has expected properties" time="0.2858" asserts="0" success="True" result="Success" executed="True" />
                </results>
              </test-suite>
            </results>
          </test-suite>
          <test-suite type="TestFixture" name="Export-EvergreenManifest" executed="True" result="Success" success="True" time="666.8258" asserts="0" description="Export-EvergreenManifest">
            <results>
              <test-suite type="TestFixture" name="Export-EvergreenManifest.Validate Export-EvergreenManifest works with: AdoptOpenJDKSemuru8." executed="True" result="Success" success="True" time="0.5954" asserts="0" description="Export-EvergreenManifest.Validate Export-EvergreenManifest works with: AdoptOpenJDKSemuru8.">
                <results>
                  <test-case description="'Export-EvergreenManifest -Name AdoptOpenJDKSemuru8' should not Throw" name="Export-EvergreenManifest.Validate Export-EvergreenManifest works with: AdoptOpenJDKSemuru8..'Export-EvergreenManifest -Name AdoptOpenJDKSemuru8' should not Throw" time="0.2075" asserts="0" success="True" result="Success" executed="True" />
                  <test-case description="AdoptOpenJDKSemuru8 has expected properties" name="Export-EvergreenManifest.Validate Export-EvergreenManifest works with: AdoptOpenJDKSemuru8..AdoptOpenJDKSemuru8 has expected properties" time="0.2556" asserts="0" success="True" result="Success" executed="True" />
                </results>
              </test-suite>
            </results>
          </test-suite>
          <test-suite type="TestFixture" name="Export-EvergreenManifest" executed="True" result="Success" success="True" time="667.6047" asserts="0" description="Export-EvergreenManifest">
            <results>
              <test-suite type="TestFixture" name="Export-EvergreenManifest.Validate Export-EvergreenManifest works with: SmartBearSoapUI." executed="True" result="Success" success="True" time="0.6463" asserts="0" description="Export-EvergreenManifest.Validate Export-EvergreenManifest works with: SmartBearSoapUI.">
                <results>
                  <test-case description="'Export-EvergreenManifest -Name SmartBearSoapUI' should not Throw" name="Export-EvergreenManifest.Validate Export-EvergreenManifest works with: SmartBearSoapUI..'Export-EvergreenManifest -Name SmartBearSoapUI' should not Throw" time="0.2197" asserts="0" success="True" result="Success" executed="True" />
                  <test-case description="SmartBearSoapUI has expected properties" name="Export-EvergreenManifest.Validate Export-EvergreenManifest works with: SmartBearSoapUI..SmartBearSoapUI has expected properties" time="0.283" asserts="0" success="True" result="Success" executed="True" />
                </results>
              </test-suite>
            </results>
          </test-suite>
          <test-suite type="TestFixture" name="Export-EvergreenManifest" executed="True" result="Success" success="True" time="668.4773" asserts="0" description="Export-EvergreenManifest">
            <results>
              <test-suite type="TestFixture" name="Export-EvergreenManifest.Validate Export-EvergreenManifest works with: VideoLanVlcPlayer." executed="True" result="Success" success="True" time="0.7461" asserts="0" description="Export-EvergreenManifest.Validate Export-EvergreenManifest works with: VideoLanVlcPlayer.">
                <results>
                  <test-case description="'Export-EvergreenManifest -Name VideoLanVlcPlayer' should not Throw" name="Export-EvergreenManifest.Validate Export-EvergreenManifest works with: VideoLanVlcPlayer..'Export-EvergreenManifest -Name VideoLanVlcPlayer' should not Throw" time="0.2628" asserts="0" success="True" result="Success" executed="True" />
                  <test-case description="VideoLanVlcPlayer has expected properties" name="Export-EvergreenManifest.Validate Export-EvergreenManifest works with: VideoLanVlcPlayer..VideoLanVlcPlayer has expected properties" time="0.3385" asserts="0" success="True" result="Success" executed="True" />
                </results>
              </test-suite>
            </results>
          </test-suite>
          <test-suite type="TestFixture" name="Export-EvergreenManifest" executed="True" result="Success" success="True" time="669.2373" asserts="0" description="Export-EvergreenManifest">
            <results>
              <test-suite type="TestFixture" name="Export-EvergreenManifest.Validate Export-EvergreenManifest works with: TelerikFiddlerEverywhere." executed="True" result="Success" success="True" time="0.6351" asserts="0" description="Export-EvergreenManifest.Validate Export-EvergreenManifest works with: TelerikFiddlerEverywhere.">
                <results>
                  <test-case description="'Export-EvergreenManifest -Name TelerikFiddlerEverywhere' should not Throw" name="Export-EvergreenManifest.Validate Export-EvergreenManifest works with: TelerikFiddlerEverywhere..'Export-EvergreenManifest -Name TelerikFiddlerEverywhere' should not Throw" time="0.2236" asserts="0" success="True" result="Success" executed="True" />
                  <test-case description="TelerikFiddlerEverywhere has expected properties" name="Export-EvergreenManifest.Validate Export-EvergreenManifest works with: TelerikFiddlerEverywhere..TelerikFiddlerEverywhere has expected properties" time="0.2677" asserts="0" success="True" result="Success" executed="True" />
                </results>
              </test-suite>
            </results>
          </test-suite>
          <test-suite type="TestFixture" name="Export-EvergreenManifest" executed="True" result="Success" success="True" time="670.0767" asserts="0" description="Export-EvergreenManifest">
            <results>
              <test-suite type="TestFixture" name="Export-EvergreenManifest.Validate Export-EvergreenManifest works with: WinSCP." executed="True" result="Success" success="True" time="0.713" asserts="0" description="Export-EvergreenManifest.Validate Export-EvergreenManifest works with: WinSCP.">
                <results>
                  <test-case description="'Export-EvergreenManifest -Name WinSCP' should not Throw" name="Export-EvergreenManifest.Validate Export-EvergreenManifest works with: WinSCP..'Export-EvergreenManifest -Name WinSCP' should not Throw" time="0.2551" asserts="0" success="True" result="Success" executed="True" />
                  <test-case description="WinSCP has expected properties" name="Export-EvergreenManifest.Validate Export-EvergreenManifest works with: WinSCP..WinSCP has expected properties" time="0.3127" asserts="0" success="True" result="Success" executed="True" />
                </results>
              </test-suite>
            </results>
          </test-suite>
          <test-suite type="TestFixture" name="Export-EvergreenManifest" executed="True" result="Success" success="True" time="670.853" asserts="0" description="Export-EvergreenManifest">
            <results>
              <test-suite type="TestFixture" name="Export-EvergreenManifest.Validate Export-EvergreenManifest works with: SumatraPDFReader." executed="True" result="Success" success="True" time="0.6536" asserts="0" description="Export-EvergreenManifest.Validate Export-EvergreenManifest works with: SumatraPDFReader.">
                <results>
                  <test-case description="'Export-EvergreenManifest -Name SumatraPDFReader' should not Throw" name="Export-EvergreenManifest.Validate Export-EvergreenManifest works with: SumatraPDFReader..'Export-EvergreenManifest -Name SumatraPDFReader' should not Throw" time="0.2327" asserts="0" success="True" result="Success" executed="True" />
                  <test-case description="SumatraPDFReader has expected properties" name="Export-EvergreenManifest.Validate Export-EvergreenManifest works with: SumatraPDFReader..SumatraPDFReader has expected properties" time="0.2836" asserts="0" success="True" result="Success" executed="True" />
                </results>
              </test-suite>
            </results>
          </test-suite>
          <test-suite type="TestFixture" name="Export-EvergreenManifest" executed="True" result="Success" success="True" time="671.6636" asserts="0" description="Export-EvergreenManifest">
            <results>
              <test-suite type="TestFixture" name="Export-EvergreenManifest.Validate Export-EvergreenManifest works with: TorProjectTorBrowser." executed="True" result="Success" success="True" time="0.685" asserts="0" description="Export-EvergreenManifest.Validate Export-EvergreenManifest works with: TorProjectTorBrowser.">
                <results>
                  <test-case description="'Export-EvergreenManifest -Name TorProjectTorBrowser' should not Throw" name="Export-EvergreenManifest.Validate Export-EvergreenManifest works with: TorProjectTorBrowser..'Export-EvergreenManifest -Name TorProjectTorBrowser' should not Throw" time="0.2663" asserts="0" success="True" result="Success" executed="True" />
                  <test-case description="TorProjectTorBrowser has expected properties" name="Export-EvergreenManifest.Validate Export-EvergreenManifest works with: TorProjectTorBrowser..TorProjectTorBrowser has expected properties" time="0.2824" asserts="0" success="True" result="Success" executed="True" />
                </results>
              </test-suite>
            </results>
          </test-suite>
          <test-suite type="TestFixture" name="Export-EvergreenManifest" executed="True" result="Success" success="True" time="672.3852" asserts="0" description="Export-EvergreenManifest">
            <results>
              <test-suite type="TestFixture" name="Export-EvergreenManifest.Validate Export-EvergreenManifest works with: ShareX." executed="True" result="Success" success="True" time="0.5846" asserts="0" description="Export-EvergreenManifest.Validate Export-EvergreenManifest works with: ShareX.">
                <results>
                  <test-case description="'Export-EvergreenManifest -Name ShareX' should not Throw" name="Export-EvergreenManifest.Validate Export-EvergreenManifest works with: ShareX..'Export-EvergreenManifest -Name ShareX' should not Throw" time="0.1964" asserts="0" success="True" result="Success" executed="True" />
                  <test-case description="ShareX has expected properties" name="Export-EvergreenManifest.Validate Export-EvergreenManifest works with: ShareX..ShareX has expected properties" time="0.2496" asserts="0" success="True" result="Success" executed="True" />
                </results>
              </test-suite>
            </results>
          </test-suite>
          <test-suite type="TestFixture" name="Export-EvergreenManifest" executed="True" result="Success" success="True" time="673.246" asserts="0" description="Export-EvergreenManifest">
            <results>
              <test-suite type="TestFixture" name="Export-EvergreenManifest.Validate Export-EvergreenManifest works with: VeraCrypt." executed="True" result="Success" success="True" time="0.7308" asserts="0" description="Export-EvergreenManifest.Validate Export-EvergreenManifest works with: VeraCrypt.">
                <results>
                  <test-case description="'Export-EvergreenManifest -Name VeraCrypt' should not Throw" name="Export-EvergreenManifest.Validate Export-EvergreenManifest works with: VeraCrypt..'Export-EvergreenManifest -Name VeraCrypt' should not Throw" time="0.2496" asserts="0" success="True" result="Success" executed="True" />
                  <test-case description="VeraCrypt has expected properties" name="Export-EvergreenManifest.Validate Export-EvergreenManifest works with: VeraCrypt..VeraCrypt has expected properties" time="0.3438" asserts="0" success="True" result="Success" executed="True" />
                </results>
              </test-suite>
            </results>
          </test-suite>
          <test-suite type="TestFixture" name="Export-EvergreenManifest" executed="True" result="Success" success="True" time="674.0038" asserts="0" description="Export-EvergreenManifest">
            <results>
              <test-suite type="TestFixture" name="Export-EvergreenManifest.Validate Export-EvergreenManifest works with: MicrosoftBotFrameworkEmulator." executed="True" result="Success" success="True" time="0.6142" asserts="0" description="Export-EvergreenManifest.Validate Export-EvergreenManifest works with: MicrosoftBotFrameworkEmulator.">
                <results>
                  <test-case description="'Export-EvergreenManifest -Name MicrosoftBotFrameworkEmulator' should not Throw" name="Export-EvergreenManifest.Validate Export-EvergreenManifest works with: MicrosoftBotFrameworkEmulator..'Export-EvergreenManifest -Name MicrosoftBotFrameworkEmulator' should not Throw" time="0.1995" asserts="0" success="True" result="Success" executed="True" />
                  <test-case description="MicrosoftBotFrameworkEmulator has expected properties" name="Export-EvergreenManifest.Validate Export-EvergreenManifest works with: MicrosoftBotFrameworkEmulator..MicrosoftBotFrameworkEmulator has expected properties" time="0.2655" asserts="0" success="True" result="Success" executed="True" />
                </results>
              </test-suite>
            </results>
          </test-suite>
          <test-suite type="TestFixture" name="Export-EvergreenManifest" executed="True" result="Success" success="True" time="674.7853" asserts="0" description="Export-EvergreenManifest">
            <results>
              <test-suite type="TestFixture" name="Export-EvergreenManifest.Validate Export-EvergreenManifest works with: BitwardenDesktop." executed="True" result="Success" success="True" time="0.6365" asserts="0" description="Export-EvergreenManifest.Validate Export-EvergreenManifest works with: BitwardenDesktop.">
                <results>
                  <test-case description="'Export-EvergreenManifest -Name BitwardenDesktop' should not Throw" name="Export-EvergreenManifest.Validate Export-EvergreenManifest works with: BitwardenDesktop..'Export-EvergreenManifest -Name BitwardenDesktop' should not Throw" time="0.2112" asserts="0" success="True" result="Success" executed="True" />
                  <test-case description="BitwardenDesktop has expected properties" name="Export-EvergreenManifest.Validate Export-EvergreenManifest works with: BitwardenDesktop..BitwardenDesktop has expected properties" time="0.2972" asserts="0" success="True" result="Success" executed="True" />
                </results>
              </test-suite>
            </results>
          </test-suite>
          <test-suite type="TestFixture" name="Export-EvergreenManifest" executed="True" result="Success" success="True" time="675.6793" asserts="0" description="Export-EvergreenManifest">
            <results>
              <test-suite type="TestFixture" name="Export-EvergreenManifest.Validate Export-EvergreenManifest works with: MicrosoftTeams." executed="True" result="Success" success="True" time="0.7731" asserts="0" description="Export-EvergreenManifest.Validate Export-EvergreenManifest works with: MicrosoftTeams.">
                <results>
                  <test-case description="'Export-EvergreenManifest -Name MicrosoftTeams' should not Throw" name="Export-EvergreenManifest.Validate Export-EvergreenManifest works with: MicrosoftTeams..'Export-EvergreenManifest -Name MicrosoftTeams' should not Throw" time="0.2931" asserts="0" success="True" result="Success" executed="True" />
                  <test-case description="MicrosoftTeams has expected properties" name="Export-EvergreenManifest.Validate Export-EvergreenManifest works with: MicrosoftTeams..MicrosoftTeams has expected properties" time="0.3413" asserts="0" success="True" result="Success" executed="True" />
                </results>
              </test-suite>
            </results>
          </test-suite>
          <test-suite type="TestFixture" name="Export-EvergreenManifest" executed="True" result="Success" success="True" time="676.3946" asserts="0" description="Export-EvergreenManifest">
            <results>
              <test-suite type="TestFixture" name="Export-EvergreenManifest.Validate Export-EvergreenManifest works with: MicrosoftBicep." executed="True" result="Success" success="True" time="0.5932" asserts="0" description="Export-EvergreenManifest.Validate Export-EvergreenManifest works with: MicrosoftBicep.">
                <results>
                  <test-case description="'Export-EvergreenManifest -Name MicrosoftBicep' should not Throw" name="Export-EvergreenManifest.Validate Export-EvergreenManifest works with: MicrosoftBicep..'Export-EvergreenManifest -Name MicrosoftBicep' should not Throw" time="0.2067" asserts="0" success="True" result="Success" executed="True" />
                  <test-case description="MicrosoftBicep has expected properties" name="Export-EvergreenManifest.Validate Export-EvergreenManifest works with: MicrosoftBicep..MicrosoftBicep has expected properties" time="0.2553" asserts="0" success="True" result="Success" executed="True" />
                </results>
              </test-suite>
            </results>
          </test-suite>
          <test-suite type="TestFixture" name="Export-EvergreenManifest" executed="True" result="Success" success="True" time="677.1119" asserts="0" description="Export-EvergreenManifest">
            <results>
              <test-suite type="TestFixture" name="Export-EvergreenManifest.Validate Export-EvergreenManifest works with: Maximus5ConEmu." executed="True" result="Success" success="True" time="0.5933" asserts="0" description="Export-EvergreenManifest.Validate Export-EvergreenManifest works with: Maximus5ConEmu.">
                <results>
                  <test-case description="'Export-EvergreenManifest -Name Maximus5ConEmu' should not Throw" name="Export-EvergreenManifest.Validate Export-EvergreenManifest works with: Maximus5ConEmu..'Export-EvergreenManifest -Name Maximus5ConEmu' should not Throw" time="0.2009" asserts="0" success="True" result="Success" executed="True" />
                  <test-case description="Maximus5ConEmu has expected properties" name="Export-EvergreenManifest.Validate Export-EvergreenManifest works with: Maximus5ConEmu..Maximus5ConEmu has expected properties" time="0.2613" asserts="0" success="True" result="Success" executed="True" />
                </results>
              </test-suite>
            </results>
          </test-suite>
          <test-suite type="TestFixture" name="Export-EvergreenManifest" executed="True" result="Success" success="True" time="677.8938" asserts="0" description="Export-EvergreenManifest">
            <results>
              <test-suite type="TestFixture" name="Export-EvergreenManifest.Validate Export-EvergreenManifest works with: RStudio." executed="True" result="Success" success="True" time="0.66" asserts="0" description="Export-EvergreenManifest.Validate Export-EvergreenManifest works with: RStudio.">
                <results>
                  <test-case description="'Export-EvergreenManifest -Name RStudio' should not Throw" name="Export-EvergreenManifest.Validate Export-EvergreenManifest works with: RStudio..'Export-EvergreenManifest -Name RStudio' should not Throw" time="0.2352" asserts="0" success="True" result="Success" executed="True" />
                  <test-case description="RStudio has expected properties" name="Export-EvergreenManifest.Validate Export-EvergreenManifest works with: RStudio..RStudio has expected properties" time="0.2889" asserts="0" success="True" result="Success" executed="True" />
                </results>
              </test-suite>
            </results>
          </test-suite>
          <test-suite type="TestFixture" name="Export-EvergreenManifest" executed="True" result="Success" success="True" time="678.6526" asserts="0" description="Export-EvergreenManifest">
            <results>
              <test-suite type="TestFixture" name="Export-EvergreenManifest.Validate Export-EvergreenManifest works with: Gpg4win." executed="True" result="Success" success="True" time="0.6331" asserts="0" description="Export-EvergreenManifest.Validate Export-EvergreenManifest works with: Gpg4win.">
                <results>
                  <test-case description="'Export-EvergreenManifest -Name Gpg4win' should not Throw" name="Export-EvergreenManifest.Validate Export-EvergreenManifest works with: Gpg4win..'Export-EvergreenManifest -Name Gpg4win' should not Throw" time="0.2229" asserts="0" success="True" result="Success" executed="True" />
                  <test-case description="Gpg4win has expected properties" name="Export-EvergreenManifest.Validate Export-EvergreenManifest works with: Gpg4win..Gpg4win has expected properties" time="0.2773" asserts="0" success="True" result="Success" executed="True" />
                </results>
              </test-suite>
            </results>
          </test-suite>
          <test-suite type="TestFixture" name="Export-EvergreenManifest" executed="True" result="Success" success="True" time="679.4115" asserts="0" description="Export-EvergreenManifest">
            <results>
              <test-suite type="TestFixture" name="Export-EvergreenManifest.Validate Export-EvergreenManifest works with: MicrosoftAzureFunctionsCoreTools." executed="True" result="Success" success="True" time="0.6459" asserts="0" description="Export-EvergreenManifest.Validate Export-EvergreenManifest works with: MicrosoftAzureFunctionsCoreTools.">
                <results>
                  <test-case description="'Export-EvergreenManifest -Name MicrosoftAzureFunctionsCoreTools' should not Throw" name="Export-EvergreenManifest.Validate Export-EvergreenManifest works with: MicrosoftAzureFunctionsCoreTools..'Export-EvergreenManifest -Name MicrosoftAzureFunctionsCoreTools' should not Throw" time="0.2336" asserts="0" success="True" result="Success" executed="True" />
                  <test-case description="MicrosoftAzureFunctionsCoreTools has expected properties" name="Export-EvergreenManifest.Validate Export-EvergreenManifest works with: MicrosoftAzureFunctionsCoreTools..MicrosoftAzureFunctionsCoreTools has expected properties" time="0.2841" asserts="0" success="True" result="Success" executed="True" />
                </results>
              </test-suite>
            </results>
          </test-suite>
          <test-suite type="TestFixture" name="Export-EvergreenManifest" executed="True" result="Success" success="True" time="680.1071" asserts="0" description="Export-EvergreenManifest">
            <results>
              <test-suite type="TestFixture" name="Export-EvergreenManifest.Validate Export-EvergreenManifest works with: 7ZipZS." executed="True" result="Success" success="True" time="0.579" asserts="0" description="Export-EvergreenManifest.Validate Export-EvergreenManifest works with: 7ZipZS.">
                <results>
                  <test-case description="'Export-EvergreenManifest -Name 7ZipZS' should not Throw" name="Export-EvergreenManifest.Validate Export-EvergreenManifest works with: 7ZipZS..'Export-EvergreenManifest -Name 7ZipZS' should not Throw" time="0.1987" asserts="0" success="True" result="Success" executed="True" />
                  <test-case description="7ZipZS has expected properties" name="Export-EvergreenManifest.Validate Export-EvergreenManifest works with: 7ZipZS..7ZipZS has expected properties" time="0.2414" asserts="0" success="True" result="Success" executed="True" />
                </results>
              </test-suite>
            </results>
          </test-suite>
          <test-suite type="TestFixture" name="Export-EvergreenManifest" executed="True" result="Success" success="True" time="680.9252" asserts="0" description="Export-EvergreenManifest">
            <results>
              <test-suite type="TestFixture" name="Export-EvergreenManifest.Validate Export-EvergreenManifest works with: FoxitPDFEditor." executed="True" result="Success" success="True" time="0.7007" asserts="0" description="Export-EvergreenManifest.Validate Export-EvergreenManifest works with: FoxitPDFEditor.">
                <results>
                  <test-case description="'Export-EvergreenManifest -Name FoxitPDFEditor' should not Throw" name="Export-EvergreenManifest.Validate Export-EvergreenManifest works with: FoxitPDFEditor..'Export-EvergreenManifest -Name FoxitPDFEditor' should not Throw" time="0.2646" asserts="0" success="True" result="Success" executed="True" />
                  <test-case description="FoxitPDFEditor has expected properties" name="Export-EvergreenManifest.Validate Export-EvergreenManifest works with: FoxitPDFEditor..FoxitPDFEditor has expected properties" time="0.2953" asserts="0" success="True" result="Success" executed="True" />
                </results>
              </test-suite>
            </results>
          </test-suite>
          <test-suite type="TestFixture" name="Export-EvergreenManifest" executed="True" result="Success" success="True" time="681.6887" asserts="0" description="Export-EvergreenManifest">
            <results>
              <test-suite type="TestFixture" name="Export-EvergreenManifest.Validate Export-EvergreenManifest works with: TechSmithSnagit." executed="True" result="Success" success="True" time="0.6459" asserts="0" description="Export-EvergreenManifest.Validate Export-EvergreenManifest works with: TechSmithSnagit.">
                <results>
                  <test-case description="'Export-EvergreenManifest -Name TechSmithSnagit' should not Throw" name="Export-EvergreenManifest.Validate Export-EvergreenManifest works with: TechSmithSnagit..'Export-EvergreenManifest -Name TechSmithSnagit' should not Throw" time="0.2344" asserts="0" success="True" result="Success" executed="True" />
                  <test-case description="TechSmithSnagit has expected properties" name="Export-EvergreenManifest.Validate Export-EvergreenManifest works with: TechSmithSnagit..TechSmithSnagit has expected properties" time="0.2912" asserts="0" success="True" result="Success" executed="True" />
                </results>
              </test-suite>
            </results>
          </test-suite>
          <test-suite type="TestFixture" name="Export-EvergreenManifest" executed="True" result="Success" success="True" time="682.3888" asserts="0" description="Export-EvergreenManifest">
            <results>
              <test-suite type="TestFixture" name="Export-EvergreenManifest.Validate Export-EvergreenManifest works with: ArtifexGhostscript." executed="True" result="Success" success="True" time="0.5814" asserts="0" description="Export-EvergreenManifest.Validate Export-EvergreenManifest works with: ArtifexGhostscript.">
                <results>
                  <test-case description="'Export-EvergreenManifest -Name ArtifexGhostscript' should not Throw" name="Export-EvergreenManifest.Validate Export-EvergreenManifest works with: ArtifexGhostscript..'Export-EvergreenManifest -Name ArtifexGhostscript' should not Throw" time="0.1984" asserts="0" success="True" result="Success" executed="True" />
                  <test-case description="ArtifexGhostscript has expected properties" name="Export-EvergreenManifest.Validate Export-EvergreenManifest works with: ArtifexGhostscript..ArtifexGhostscript has expected properties" time="0.2557" asserts="0" success="True" result="Success" executed="True" />
                </results>
              </test-suite>
            </results>
          </test-suite>
          <test-suite type="TestFixture" name="Export-EvergreenManifest" executed="True" result="Success" success="True" time="683.2713" asserts="0" description="Export-EvergreenManifest">
            <results>
              <test-suite type="TestFixture" name="Export-EvergreenManifest.Validate Export-EvergreenManifest works with: OperaCryptoBrowser." executed="True" result="Success" success="True" time="0.7626" asserts="0" description="Export-EvergreenManifest.Validate Export-EvergreenManifest works with: OperaCryptoBrowser.">
                <results>
                  <test-case description="'Export-EvergreenManifest -Name OperaCryptoBrowser' should not Throw" name="Export-EvergreenManifest.Validate Export-EvergreenManifest works with: OperaCryptoBrowser..'Export-EvergreenManifest -Name OperaCryptoBrowser' should not Throw" time="0.2872" asserts="0" success="True" result="Success" executed="True" />
                  <test-case description="OperaCryptoBrowser has expected properties" name="Export-EvergreenManifest.Validate Export-EvergreenManifest works with: OperaCryptoBrowser..OperaCryptoBrowser has expected properties" time="0.3362" asserts="0" success="True" result="Success" executed="True" />
                </results>
              </test-suite>
            </results>
          </test-suite>
          <test-suite type="TestFixture" name="Export-EvergreenManifest" executed="True" result="Success" success="True" time="684.0201" asserts="0" description="Export-EvergreenManifest">
            <results>
              <test-suite type="TestFixture" name="Export-EvergreenManifest.Validate Export-EvergreenManifest works with: ESETEndpointAntivirus." executed="True" result="Success" success="True" time="0.6235" asserts="0" description="Export-EvergreenManifest.Validate Export-EvergreenManifest works with: ESETEndpointAntivirus.">
                <results>
                  <test-case description="'Export-EvergreenManifest -Name ESETEndpointAntivirus' should not Throw" name="Export-EvergreenManifest.Validate Export-EvergreenManifest works with: ESETEndpointAntivirus..'Export-EvergreenManifest -Name ESETEndpointAntivirus' should not Throw" time="0.2173" asserts="0" success="True" result="Success" executed="True" />
                  <test-case description="ESETEndpointAntivirus has expected properties" name="Export-EvergreenManifest.Validate Export-EvergreenManifest works with: ESETEndpointAntivirus..ESETEndpointAntivirus has expected properties" time="0.2781" asserts="0" success="True" result="Success" executed="True" />
                </results>
              </test-suite>
            </results>
          </test-suite>
          <test-suite type="TestFixture" name="Export-EvergreenManifest" executed="True" result="Success" success="True" time="684.7284" asserts="0" description="Export-EvergreenManifest">
            <results>
              <test-suite type="TestFixture" name="Export-EvergreenManifest.Validate Export-EvergreenManifest works with: FreeFem." executed="True" result="Success" success="True" time="0.5866" asserts="0" description="Export-EvergreenManifest.Validate Export-EvergreenManifest works with: FreeFem.">
                <results>
                  <test-case description="'Export-EvergreenManifest -Name FreeFem' should not Throw" name="Export-EvergreenManifest.Validate Export-EvergreenManifest works with: FreeFem..'Export-EvergreenManifest -Name FreeFem' should not Throw" time="0.1985" asserts="0" success="True" result="Success" executed="True" />
                  <test-case description="FreeFem has expected properties" name="Export-EvergreenManifest.Validate Export-EvergreenManifest works with: FreeFem..FreeFem has expected properties" time="0.2557" asserts="0" success="True" result="Success" executed="True" />
                </results>
              </test-suite>
            </results>
          </test-suite>
          <test-suite type="TestFixture" name="Export-EvergreenManifest" executed="True" result="Success" success="True" time="685.446" asserts="0" description="Export-EvergreenManifest">
            <results>
              <test-suite type="TestFixture" name="Export-EvergreenManifest.Validate Export-EvergreenManifest works with: SoberLemurPDFSamBasic." executed="True" result="Success" success="True" time="0.597" asserts="0" description="Export-EvergreenManifest.Validate Export-EvergreenManifest works with: SoberLemurPDFSamBasic.">
                <results>
                  <test-case description="'Export-EvergreenManifest -Name SoberLemurPDFSamBasic' should not Throw" name="Export-EvergreenManifest.Validate Export-EvergreenManifest works with: SoberLemurPDFSamBasic..'Export-EvergreenManifest -Name SoberLemurPDFSamBasic' should not Throw" time="0.2076" asserts="0" success="True" result="Success" executed="True" />
                  <test-case description="SoberLemurPDFSamBasic has expected properties" name="Export-EvergreenManifest.Validate Export-EvergreenManifest works with: SoberLemurPDFSamBasic..SoberLemurPDFSamBasic has expected properties" time="0.2575" asserts="0" success="True" result="Success" executed="True" />
                </results>
              </test-suite>
            </results>
          </test-suite>
          <test-suite type="TestFixture" name="Export-EvergreenManifest" executed="True" result="Success" success="True" time="686.4521" asserts="0" description="Export-EvergreenManifest">
            <results>
              <test-suite type="TestFixture" name="Export-EvergreenManifest.Validate Export-EvergreenManifest works with: AdobeAcrobatDC." executed="True" result="Success" success="True" time="0.8889" asserts="0" description="Export-EvergreenManifest.Validate Export-EvergreenManifest works with: AdobeAcrobatDC.">
                <results>
                  <test-case description="'Export-EvergreenManifest -Name AdobeAcrobatDC' should not Throw" name="Export-EvergreenManifest.Validate Export-EvergreenManifest works with: AdobeAcrobatDC..'Export-EvergreenManifest -Name AdobeAcrobatDC' should not Throw" time="0.3505" asserts="0" success="True" result="Success" executed="True" />
                  <test-case description="AdobeAcrobatDC has expected properties" name="Export-EvergreenManifest.Validate Export-EvergreenManifest works with: AdobeAcrobatDC..AdobeAcrobatDC has expected properties" time="0.4122" asserts="0" success="True" result="Success" executed="True" />
                </results>
              </test-suite>
            </results>
          </test-suite>
          <test-suite type="TestFixture" name="Export-EvergreenManifest" executed="True" result="Success" success="True" time="687.1991" asserts="0" description="Export-EvergreenManifest">
            <results>
              <test-suite type="TestFixture" name="Export-EvergreenManifest.Validate Export-EvergreenManifest works with: VMwareTools." executed="True" result="Success" success="True" time="0.6333" asserts="0" description="Export-EvergreenManifest.Validate Export-EvergreenManifest works with: VMwareTools.">
                <results>
                  <test-case description="'Export-EvergreenManifest -Name VMwareTools' should not Throw" name="Export-EvergreenManifest.Validate Export-EvergreenManifest works with: VMwareTools..'Export-EvergreenManifest -Name VMwareTools' should not Throw" time="0.2257" asserts="0" success="True" result="Success" executed="True" />
                  <test-case description="VMwareTools has expected properties" name="Export-EvergreenManifest.Validate Export-EvergreenManifest works with: VMwareTools..VMwareTools has expected properties" time="0.2814" asserts="0" success="True" result="Success" executed="True" />
                </results>
              </test-suite>
            </results>
          </test-suite>
          <test-suite type="TestFixture" name="Export-EvergreenManifest" executed="True" result="Success" success="True" time="687.9428" asserts="0" description="Export-EvergreenManifest">
            <results>
              <test-suite type="TestFixture" name="Export-EvergreenManifest.Validate Export-EvergreenManifest works with: OracleVirtualBox." executed="True" result="Success" success="True" time="0.6264" asserts="0" description="Export-EvergreenManifest.Validate Export-EvergreenManifest works with: OracleVirtualBox.">
                <results>
                  <test-case description="'Export-EvergreenManifest -Name OracleVirtualBox' should not Throw" name="Export-EvergreenManifest.Validate Export-EvergreenManifest works with: OracleVirtualBox..'Export-EvergreenManifest -Name OracleVirtualBox' should not Throw" time="0.2246" asserts="0" success="True" result="Success" executed="True" />
                  <test-case description="OracleVirtualBox has expected properties" name="Export-EvergreenManifest.Validate Export-EvergreenManifest works with: OracleVirtualBox..OracleVirtualBox has expected properties" time="0.2682" asserts="0" success="True" result="Success" executed="True" />
                </results>
              </test-suite>
            </results>
          </test-suite>
          <test-suite type="TestFixture" name="Export-EvergreenManifest" executed="True" result="Success" success="True" time="688.6476" asserts="0" description="Export-EvergreenManifest">
            <results>
              <test-suite type="TestFixture" name="Export-EvergreenManifest.Validate Export-EvergreenManifest works with: LogMeInGoToOpener." executed="True" result="Success" success="True" time="0.5873" asserts="0" description="Export-EvergreenManifest.Validate Export-EvergreenManifest works with: LogMeInGoToOpener.">
                <results>
                  <test-case description="'Export-EvergreenManifest -Name LogMeInGoToOpener' should not Throw" name="Export-EvergreenManifest.Validate Export-EvergreenManifest works with: LogMeInGoToOpener..'Export-EvergreenManifest -Name LogMeInGoToOpener' should not Throw" time="0.2071" asserts="0" success="True" result="Success" executed="True" />
                  <test-case description="LogMeInGoToOpener has expected properties" name="Export-EvergreenManifest.Validate Export-EvergreenManifest works with: LogMeInGoToOpener..LogMeInGoToOpener has expected properties" time="0.2526" asserts="0" success="True" result="Success" executed="True" />
                </results>
              </test-suite>
            </results>
          </test-suite>
          <test-suite type="TestFixture" name="Export-EvergreenManifest" executed="True" result="Success" success="True" time="689.3735" asserts="0" description="Export-EvergreenManifest">
            <results>
              <test-suite type="TestFixture" name="Export-EvergreenManifest.Validate Export-EvergreenManifest works with: Scratch." executed="True" result="Success" success="True" time="0.6026" asserts="0" description="Export-EvergreenManifest.Validate Export-EvergreenManifest works with: Scratch.">
                <results>
                  <test-case description="'Export-EvergreenManifest -Name Scratch' should not Throw" name="Export-EvergreenManifest.Validate Export-EvergreenManifest works with: Scratch..'Export-EvergreenManifest -Name Scratch' should not Throw" time="0.2132" asserts="0" success="True" result="Success" executed="True" />
                  <test-case description="Scratch has expected properties" name="Export-EvergreenManifest.Validate Export-EvergreenManifest works with: Scratch..Scratch has expected properties" time="0.2641" asserts="0" success="True" result="Success" executed="True" />
                </results>
              </test-suite>
            </results>
          </test-suite>
          <test-suite type="TestFixture" name="Export-EvergreenManifest" executed="True" result="Success" success="True" time="690.0647" asserts="0" description="Export-EvergreenManifest">
            <results>
              <test-suite type="TestFixture" name="Export-EvergreenManifest.Validate Export-EvergreenManifest works with: GhislerTotalCommander." executed="True" result="Success" success="True" time="0.5805" asserts="0" description="Export-EvergreenManifest.Validate Export-EvergreenManifest works with: GhislerTotalCommander.">
                <results>
                  <test-case description="'Export-EvergreenManifest -Name GhislerTotalCommander' should not Throw" name="Export-EvergreenManifest.Validate Export-EvergreenManifest works with: GhislerTotalCommander..'Export-EvergreenManifest -Name GhislerTotalCommander' should not Throw" time="0.2022" asserts="0" success="True" result="Success" executed="True" />
                  <test-case description="GhislerTotalCommander has expected properties" name="Export-EvergreenManifest.Validate Export-EvergreenManifest works with: GhislerTotalCommander..GhislerTotalCommander has expected properties" time="0.2563" asserts="0" success="True" result="Success" executed="True" />
                </results>
              </test-suite>
            </results>
          </test-suite>
          <test-suite type="TestFixture" name="Export-EvergreenManifest" executed="True" result="Success" success="True" time="690.7347" asserts="0" description="Export-EvergreenManifest">
            <results>
              <test-suite type="TestFixture" name="Export-EvergreenManifest.Validate Export-EvergreenManifest works with: AdoptiumTemurin17." executed="True" result="Success" success="True" time="0.5583" asserts="0" description="Export-EvergreenManifest.Validate Export-EvergreenManifest works with: AdoptiumTemurin17.">
                <results>
                  <test-case description="'Export-EvergreenManifest -Name AdoptiumTemurin17' should not Throw" name="Export-EvergreenManifest.Validate Export-EvergreenManifest works with: AdoptiumTemurin17..'Export-EvergreenManifest -Name AdoptiumTemurin17' should not Throw" time="0.2012" asserts="0" success="True" result="Success" executed="True" />
                  <test-case description="AdoptiumTemurin17 has expected properties" name="Export-EvergreenManifest.Validate Export-EvergreenManifest works with: AdoptiumTemurin17..AdoptiumTemurin17 has expected properties" time="0.234" asserts="0" success="True" result="Success" executed="True" />
                </results>
              </test-suite>
            </results>
          </test-suite>
          <test-suite type="TestFixture" name="Export-EvergreenManifest" executed="True" result="Success" success="True" time="691.4516" asserts="0" description="Export-EvergreenManifest">
            <results>
              <test-suite type="TestFixture" name="Export-EvergreenManifest.Validate Export-EvergreenManifest works with: FreedomScientificFusion." executed="True" result="Success" success="True" time="0.5987" asserts="0" description="Export-EvergreenManifest.Validate Export-EvergreenManifest works with: FreedomScientificFusion.">
                <results>
                  <test-case description="'Export-EvergreenManifest -Name FreedomScientificFusion' should not Throw" name="Export-EvergreenManifest.Validate Export-EvergreenManifest works with: FreedomScientificFusion..'Export-EvergreenManifest -Name FreedomScientificFusion' should not Throw" time="0.2154" asserts="0" success="True" result="Success" executed="True" />
                  <test-case description="FreedomScientificFusion has expected properties" name="Export-EvergreenManifest.Validate Export-EvergreenManifest works with: FreedomScientificFusion..FreedomScientificFusion has expected properties" time="0.2614" asserts="0" success="True" result="Success" executed="True" />
                </results>
              </test-suite>
            </results>
          </test-suite>
          <test-suite type="TestFixture" name="Export-EvergreenManifest" executed="True" result="Success" success="True" time="692.2335" asserts="0" description="Export-EvergreenManifest">
            <results>
              <test-suite type="TestFixture" name="Export-EvergreenManifest.Validate Export-EvergreenManifest works with: Microsoft.NET." executed="True" result="Success" success="True" time="0.6624" asserts="0" description="Export-EvergreenManifest.Validate Export-EvergreenManifest works with: Microsoft.NET.">
                <results>
                  <test-case description="'Export-EvergreenManifest -Name Microsoft.NET' should not Throw" name="Export-EvergreenManifest.Validate Export-EvergreenManifest works with: Microsoft.NET..'Export-EvergreenManifest -Name Microsoft.NET' should not Throw" time="0.2436" asserts="0" success="True" result="Success" executed="True" />
                  <test-case description="Microsoft.NET has expected properties" name="Export-EvergreenManifest.Validate Export-EvergreenManifest works with: Microsoft.NET..Microsoft.NET has expected properties" time="0.2953" asserts="0" success="True" result="Success" executed="True" />
                </results>
              </test-suite>
            </results>
          </test-suite>
          <test-suite type="TestFixture" name="Export-EvergreenManifest" executed="True" result="Success" success="True" time="692.9395" asserts="0" description="Export-EvergreenManifest">
            <results>
              <test-suite type="TestFixture" name="Export-EvergreenManifest.Validate Export-EvergreenManifest works with: AdoptOpenJDK11." executed="True" result="Success" success="True" time="0.5865" asserts="0" description="Export-EvergreenManifest.Validate Export-EvergreenManifest works with: AdoptOpenJDK11.">
                <results>
                  <test-case description="'Export-EvergreenManifest -Name AdoptOpenJDK11' should not Throw" name="Export-EvergreenManifest.Validate Export-EvergreenManifest works with: AdoptOpenJDK11..'Export-EvergreenManifest -Name AdoptOpenJDK11' should not Throw" time="0.1978" asserts="0" success="True" result="Success" executed="True" />
                  <test-case description="AdoptOpenJDK11 has expected properties" name="Export-EvergreenManifest.Validate Export-EvergreenManifest works with: AdoptOpenJDK11..AdoptOpenJDK11 has expected properties" time="0.2533" asserts="0" success="True" result="Success" executed="True" />
                </results>
              </test-suite>
            </results>
          </test-suite>
          <test-suite type="TestFixture" name="Export-EvergreenManifest" executed="True" result="Success" success="True" time="693.6214" asserts="0" description="Export-EvergreenManifest">
            <results>
              <test-suite type="TestFixture" name="Export-EvergreenManifest.Validate Export-EvergreenManifest works with: Terminals." executed="True" result="Success" success="True" time="0.5597" asserts="0" description="Export-EvergreenManifest.Validate Export-EvergreenManifest works with: Terminals.">
                <results>
                  <test-case description="'Export-EvergreenManifest -Name Terminals' should not Throw" name="Export-EvergreenManifest.Validate Export-EvergreenManifest works with: Terminals..'Export-EvergreenManifest -Name Terminals' should not Throw" time="0.1921" asserts="0" success="True" result="Success" executed="True" />
                  <test-case description="Terminals has expected properties" name="Export-EvergreenManifest.Validate Export-EvergreenManifest works with: Terminals..Terminals has expected properties" time="0.24" asserts="0" success="True" result="Success" executed="True" />
                </results>
              </test-suite>
            </results>
          </test-suite>
          <test-suite type="TestFixture" name="Export-EvergreenManifest" executed="True" result="Success" success="True" time="694.4008" asserts="0" description="Export-EvergreenManifest">
            <results>
              <test-suite type="TestFixture" name="Export-EvergreenManifest.Validate Export-EvergreenManifest works with: MattermostDesktop." executed="True" result="Success" success="True" time="0.6597" asserts="0" description="Export-EvergreenManifest.Validate Export-EvergreenManifest works with: MattermostDesktop.">
                <results>
                  <test-case description="'Export-EvergreenManifest -Name MattermostDesktop' should not Throw" name="Export-EvergreenManifest.Validate Export-EvergreenManifest works with: MattermostDesktop..'Export-EvergreenManifest -Name MattermostDesktop' should not Throw" time="0.2366" asserts="0" success="True" result="Success" executed="True" />
                  <test-case description="MattermostDesktop has expected properties" name="Export-EvergreenManifest.Validate Export-EvergreenManifest works with: MattermostDesktop..MattermostDesktop has expected properties" time="0.2929" asserts="0" success="True" result="Success" executed="True" />
                </results>
              </test-suite>
            </results>
          </test-suite>
          <test-suite type="TestFixture" name="Export-EvergreenManifest" executed="True" result="Success" success="True" time="695.1229" asserts="0" description="Export-EvergreenManifest">
            <results>
              <test-suite type="TestFixture" name="Export-EvergreenManifest.Validate Export-EvergreenManifest works with: CitrixWorkspaceApp." executed="True" result="Success" success="True" time="0.6028" asserts="0" description="Export-EvergreenManifest.Validate Export-EvergreenManifest works with: CitrixWorkspaceApp.">
                <results>
                  <test-case description="'Export-EvergreenManifest -Name CitrixWorkspaceApp' should not Throw" name="Export-EvergreenManifest.Validate Export-EvergreenManifest works with: CitrixWorkspaceApp..'Export-EvergreenManifest -Name CitrixWorkspaceApp' should not Throw" time="0.2113" asserts="0" success="True" result="Success" executed="True" />
                  <test-case description="CitrixWorkspaceApp has expected properties" name="Export-EvergreenManifest.Validate Export-EvergreenManifest works with: CitrixWorkspaceApp..CitrixWorkspaceApp has expected properties" time="0.2631" asserts="0" success="True" result="Success" executed="True" />
                </results>
              </test-suite>
            </results>
          </test-suite>
          <test-suite type="TestFixture" name="Export-EvergreenManifest" executed="True" result="Success" success="True" time="695.8438" asserts="0" description="Export-EvergreenManifest">
            <results>
              <test-suite type="TestFixture" name="Export-EvergreenManifest.Validate Export-EvergreenManifest works with: TogglDesktop." executed="True" result="Success" success="True" time="0.6045" asserts="0" description="Export-EvergreenManifest.Validate Export-EvergreenManifest works with: TogglDesktop.">
                <results>
                  <test-case description="'Export-EvergreenManifest -Name TogglDesktop' should not Throw" name="Export-EvergreenManifest.Validate Export-EvergreenManifest works with: TogglDesktop..'Export-EvergreenManifest -Name TogglDesktop' should not Throw" time="0.2076" asserts="0" success="True" result="Success" executed="True" />
                  <test-case description="TogglDesktop has expected properties" name="Export-EvergreenManifest.Validate Export-EvergreenManifest works with: TogglDesktop..TogglDesktop has expected properties" time="0.265" asserts="0" success="True" result="Success" executed="True" />
                </results>
              </test-suite>
            </results>
          </test-suite>
          <test-suite type="TestFixture" name="Export-EvergreenManifest" executed="True" result="Success" success="True" time="696.5392" asserts="0" description="Export-EvergreenManifest">
            <results>
              <test-suite type="TestFixture" name="Export-EvergreenManifest.Validate Export-EvergreenManifest works with: diagrams.net." executed="True" result="Success" success="True" time="0.5755" asserts="0" description="Export-EvergreenManifest.Validate Export-EvergreenManifest works with: diagrams.net.">
                <results>
                  <test-case description="'Export-EvergreenManifest -Name diagrams.net' should not Throw" name="Export-EvergreenManifest.Validate Export-EvergreenManifest works with: diagrams.net..'Export-EvergreenManifest -Name diagrams.net' should not Throw" time="0.2064" asserts="0" success="True" result="Success" executed="True" />
                  <test-case description="diagrams.net has expected properties" name="Export-EvergreenManifest.Validate Export-EvergreenManifest works with: diagrams.net..diagrams.net has expected properties" time="0.2418" asserts="0" success="True" result="Success" executed="True" />
                </results>
              </test-suite>
            </results>
          </test-suite>
          <test-suite type="TestFixture" name="Export-EvergreenManifest" executed="True" result="Success" success="True" time="697.2992" asserts="0" description="Export-EvergreenManifest">
            <results>
              <test-suite type="TestFixture" name="Export-EvergreenManifest.Validate Export-EvergreenManifest works with: KeePassXCTeamKeePassXC." executed="True" result="Success" success="True" time="0.6423" asserts="0" description="Export-EvergreenManifest.Validate Export-EvergreenManifest works with: KeePassXCTeamKeePassXC.">
                <results>
                  <test-case description="'Export-EvergreenManifest -Name KeePassXCTeamKeePassXC' should not Throw" name="Export-EvergreenManifest.Validate Export-EvergreenManifest works with: KeePassXCTeamKeePassXC..'Export-EvergreenManifest -Name KeePassXCTeamKeePassXC' should not Throw" time="0.1995" asserts="0" success="True" result="Success" executed="True" />
                  <test-case description="KeePassXCTeamKeePassXC has expected properties" name="Export-EvergreenManifest.Validate Export-EvergreenManifest works with: KeePassXCTeamKeePassXC..KeePassXCTeamKeePassXC has expected properties" time="0.3056" asserts="0" success="True" result="Success" executed="True" />
                </results>
              </test-suite>
            </results>
          </test-suite>
          <test-suite type="TestFixture" name="Export-EvergreenManifest" executed="True" result="Success" success="True" time="698.0147" asserts="0" description="Export-EvergreenManifest">
            <results>
              <test-suite type="TestFixture" name="Export-EvergreenManifest.Validate Export-EvergreenManifest works with: MirantisLens." executed="True" result="Success" success="True" time="0.5958" asserts="0" description="Export-EvergreenManifest.Validate Export-EvergreenManifest works with: MirantisLens.">
                <results>
                  <test-case description="'Export-EvergreenManifest -Name MirantisLens' should not Throw" name="Export-EvergreenManifest.Validate Export-EvergreenManifest works with: MirantisLens..'Export-EvergreenManifest -Name MirantisLens' should not Throw" time="0.2065" asserts="0" success="True" result="Success" executed="True" />
                  <test-case description="MirantisLens has expected properties" name="Export-EvergreenManifest.Validate Export-EvergreenManifest works with: MirantisLens..MirantisLens has expected properties" time="0.2624" asserts="0" success="True" result="Success" executed="True" />
                </results>
              </test-suite>
            </results>
          </test-suite>
          <test-suite type="TestFixture" name="Export-EvergreenManifest" executed="True" result="Success" success="True" time="698.7553" asserts="0" description="Export-EvergreenManifest">
            <results>
              <test-suite type="TestFixture" name="Export-EvergreenManifest.Validate Export-EvergreenManifest works with: AWSCLI." executed="True" result="Success" success="True" time="0.6214" asserts="0" description="Export-EvergreenManifest.Validate Export-EvergreenManifest works with: AWSCLI.">
                <results>
                  <test-case description="'Export-EvergreenManifest -Name AWSCLI' should not Throw" name="Export-EvergreenManifest.Validate Export-EvergreenManifest works with: AWSCLI..'Export-EvergreenManifest -Name AWSCLI' should not Throw" time="0.2091" asserts="0" success="True" result="Success" executed="True" />
                  <test-case description="AWSCLI has expected properties" name="Export-EvergreenManifest.Validate Export-EvergreenManifest works with: AWSCLI..AWSCLI has expected properties" time="0.2792" asserts="0" success="True" result="Success" executed="True" />
                </results>
              </test-suite>
            </results>
          </test-suite>
          <test-suite type="TestFixture" name="Export-EvergreenManifest" executed="True" result="Success" success="True" time="699.5143" asserts="0" description="Export-EvergreenManifest">
            <results>
              <test-suite type="TestFixture" name="Export-EvergreenManifest.Validate Export-EvergreenManifest works with: HashicorpWaypoint." executed="True" result="Success" success="True" time="0.6357" asserts="0" description="Export-EvergreenManifest.Validate Export-EvergreenManifest works with: HashicorpWaypoint.">
                <results>
                  <test-case description="'Export-EvergreenManifest -Name HashicorpWaypoint' should not Throw" name="Export-EvergreenManifest.Validate Export-EvergreenManifest works with: HashicorpWaypoint..'Export-EvergreenManifest -Name HashicorpWaypoint' should not Throw" time="0.2268" asserts="0" success="True" result="Success" executed="True" />
                  <test-case description="HashicorpWaypoint has expected properties" name="Export-EvergreenManifest.Validate Export-EvergreenManifest works with: HashicorpWaypoint..HashicorpWaypoint has expected properties" time="0.2806" asserts="0" success="True" result="Success" executed="True" />
                </results>
              </test-suite>
            </results>
          </test-suite>
          <test-suite type="TestFixture" name="Export-EvergreenManifest" executed="True" result="Success" success="True" time="700.2807" asserts="0" description="Export-EvergreenManifest">
            <results>
              <test-suite type="TestFixture" name="Export-EvergreenManifest.Validate Export-EvergreenManifest works with: Gimp." executed="True" result="Success" success="True" time="0.6373" asserts="0" description="Export-EvergreenManifest.Validate Export-EvergreenManifest works with: Gimp.">
                <results>
                  <test-case description="'Export-EvergreenManifest -Name Gimp' should not Throw" name="Export-EvergreenManifest.Validate Export-EvergreenManifest works with: Gimp..'Export-EvergreenManifest -Name Gimp' should not Throw" time="0.2207" asserts="0" success="True" result="Success" executed="True" />
                  <test-case description="Gimp has expected properties" name="Export-EvergreenManifest.Validate Export-EvergreenManifest works with: Gimp..Gimp has expected properties" time="0.2708" asserts="0" success="True" result="Success" executed="True" />
                </results>
              </test-suite>
            </results>
          </test-suite>
          <test-suite type="TestFixture" name="Export-EvergreenManifest" executed="True" result="Success" success="True" time="701.0684" asserts="0" description="Export-EvergreenManifest">
            <results>
              <test-suite type="TestFixture" name="Export-EvergreenManifest.Validate Export-EvergreenManifest works with: AdobeAcrobatProStdDC." executed="True" result="Success" success="True" time="0.6514" asserts="0" description="Export-EvergreenManifest.Validate Export-EvergreenManifest works with: AdobeAcrobatProStdDC.">
                <results>
                  <test-case description="'Export-EvergreenManifest -Name AdobeAcrobatProStdDC' should not Throw" name="Export-EvergreenManifest.Validate Export-EvergreenManifest works with: AdobeAcrobatProStdDC..'Export-EvergreenManifest -Name AdobeAcrobatProStdDC' should not Throw" time="0.2321" asserts="0" success="True" result="Success" executed="True" />
                  <test-case description="AdobeAcrobatProStdDC has expected properties" name="Export-EvergreenManifest.Validate Export-EvergreenManifest works with: AdobeAcrobatProStdDC..AdobeAcrobatProStdDC has expected properties" time="0.2901" asserts="0" success="True" result="Success" executed="True" />
                </results>
              </test-suite>
            </results>
          </test-suite>
          <test-suite type="TestFixture" name="Export-EvergreenManifest" executed="True" result="Success" success="True" time="701.843" asserts="0" description="Export-EvergreenManifest">
            <results>
              <test-suite type="TestFixture" name="Export-EvergreenManifest.Validate Export-EvergreenManifest works with: XnSoftXnViewMP." executed="True" result="Success" success="True" time="0.658" asserts="0" description="Export-EvergreenManifest.Validate Export-EvergreenManifest works with: XnSoftXnViewMP.">
                <results>
                  <test-case description="'Export-EvergreenManifest -Name XnSoftXnViewMP' should not Throw" name="Export-EvergreenManifest.Validate Export-EvergreenManifest works with: XnSoftXnViewMP..'Export-EvergreenManifest -Name XnSoftXnViewMP' should not Throw" time="0.253" asserts="0" success="True" result="Success" executed="True" />
                  <test-case description="XnSoftXnViewMP has expected properties" name="Export-EvergreenManifest.Validate Export-EvergreenManifest works with: XnSoftXnViewMP..XnSoftXnViewMP has expected properties" time="0.2693" asserts="0" success="True" result="Success" executed="True" />
                </results>
              </test-suite>
            </results>
          </test-suite>
          <test-suite type="TestFixture" name="Export-EvergreenManifest" executed="True" result="Success" success="True" time="702.5298" asserts="0" description="Export-EvergreenManifest">
            <results>
              <test-suite type="TestFixture" name="Export-EvergreenManifest.Validate Export-EvergreenManifest works with: NotepadPlusPlus." executed="True" result="Success" success="True" time="0.5665" asserts="0" description="Export-EvergreenManifest.Validate Export-EvergreenManifest works with: NotepadPlusPlus.">
                <results>
                  <test-case description="'Export-EvergreenManifest -Name NotepadPlusPlus' should not Throw" name="Export-EvergreenManifest.Validate Export-EvergreenManifest works with: NotepadPlusPlus..'Export-EvergreenManifest -Name NotepadPlusPlus' should not Throw" time="0.1932" asserts="0" success="True" result="Success" executed="True" />
                  <test-case description="NotepadPlusPlus has expected properties" name="Export-EvergreenManifest.Validate Export-EvergreenManifest works with: NotepadPlusPlus..NotepadPlusPlus has expected properties" time="0.2424" asserts="0" success="True" result="Success" executed="True" />
                </results>
              </test-suite>
            </results>
          </test-suite>
          <test-suite type="TestFixture" name="Export-EvergreenManifest" executed="True" result="Success" success="True" time="703.2604" asserts="0" description="Export-EvergreenManifest">
            <results>
              <test-suite type="TestFixture" name="Export-EvergreenManifest.Validate Export-EvergreenManifest works with: VMwareOSOptimizationTool." executed="True" result="Success" success="True" time="0.6024" asserts="0" description="Export-EvergreenManifest.Validate Export-EvergreenManifest works with: VMwareOSOptimizationTool.">
                <results>
                  <test-case description="'Export-EvergreenManifest -Name VMwareOSOptimizationTool' should not Throw" name="Export-EvergreenManifest.Validate Export-EvergreenManifest works with: VMwareOSOptimizationTool..'Export-EvergreenManifest -Name VMwareOSOptimizationTool' should not Throw" time="0.1989" asserts="0" success="True" result="Success" executed="True" />
                  <test-case description="VMwareOSOptimizationTool has expected properties" name="Export-EvergreenManifest.Validate Export-EvergreenManifest works with: VMwareOSOptimizationTool..VMwareOSOptimizationTool has expected properties" time="0.2762" asserts="0" success="True" result="Success" executed="True" />
                </results>
              </test-suite>
            </results>
          </test-suite>
          <test-suite type="TestFixture" name="Export-EvergreenManifest" executed="True" result="Success" success="True" time="704.0799" asserts="0" description="Export-EvergreenManifest">
            <results>
              <test-suite type="TestFixture" name="Export-EvergreenManifest.Validate Export-EvergreenManifest works with: ScooterBeyondCompare." executed="True" result="Success" success="True" time="0.6936" asserts="0" description="Export-EvergreenManifest.Validate Export-EvergreenManifest works with: ScooterBeyondCompare.">
                <results>
                  <test-case description="'Export-EvergreenManifest -Name ScooterBeyondCompare' should not Throw" name="Export-EvergreenManifest.Validate Export-EvergreenManifest works with: ScooterBeyondCompare..'Export-EvergreenManifest -Name ScooterBeyondCompare' should not Throw" time="0.2665" asserts="0" success="True" result="Success" executed="True" />
                  <test-case description="ScooterBeyondCompare has expected properties" name="Export-EvergreenManifest.Validate Export-EvergreenManifest works with: ScooterBeyondCompare..ScooterBeyondCompare has expected properties" time="0.283" asserts="0" success="True" result="Success" executed="True" />
                </results>
              </test-suite>
            </results>
          </test-suite>
          <test-suite type="TestFixture" name="Export-EvergreenManifest" executed="True" result="Success" success="True" time="704.8195" asserts="0" description="Export-EvergreenManifest">
            <results>
              <test-suite type="TestFixture" name="Export-EvergreenManifest.Validate Export-EvergreenManifest works with: MendeleyDesktop." executed="True" result="Success" success="True" time="0.6146" asserts="0" description="Export-EvergreenManifest.Validate Export-EvergreenManifest works with: MendeleyDesktop.">
                <results>
                  <test-case description="'Export-EvergreenManifest -Name MendeleyDesktop' should not Throw" name="Export-EvergreenManifest.Validate Export-EvergreenManifest works with: MendeleyDesktop..'Export-EvergreenManifest -Name MendeleyDesktop' should not Throw" time="0.2171" asserts="0" success="True" result="Success" executed="True" />
                  <test-case description="MendeleyDesktop has expected properties" name="Export-EvergreenManifest.Validate Export-EvergreenManifest works with: MendeleyDesktop..MendeleyDesktop has expected properties" time="0.2697" asserts="0" success="True" result="Success" executed="True" />
                </results>
              </test-suite>
            </results>
          </test-suite>
          <test-suite type="TestFixture" name="Export-EvergreenManifest" executed="True" result="Success" success="True" time="705.5382" asserts="0" description="Export-EvergreenManifest">
            <results>
              <test-suite type="TestFixture" name="Export-EvergreenManifest.Validate Export-EvergreenManifest works with: AdoptiumTemurin11." executed="True" result="Success" success="True" time="0.5933" asserts="0" description="Export-EvergreenManifest.Validate Export-EvergreenManifest works with: AdoptiumTemurin11.">
                <results>
                  <test-case description="'Export-EvergreenManifest -Name AdoptiumTemurin11' should not Throw" name="Export-EvergreenManifest.Validate Export-EvergreenManifest works with: AdoptiumTemurin11..'Export-EvergreenManifest -Name AdoptiumTemurin11' should not Throw" time="0.2018" asserts="0" success="True" result="Success" executed="True" />
                  <test-case description="AdoptiumTemurin11 has expected properties" name="Export-EvergreenManifest.Validate Export-EvergreenManifest works with: AdoptiumTemurin11..AdoptiumTemurin11 has expected properties" time="0.2613" asserts="0" success="True" result="Success" executed="True" />
                </results>
              </test-suite>
            </results>
          </test-suite>
          <test-suite type="TestFixture" name="Export-EvergreenManifest" executed="True" result="Success" success="True" time="706.2997" asserts="0" description="Export-EvergreenManifest">
            <results>
              <test-suite type="TestFixture" name="Export-EvergreenManifest.Validate Export-EvergreenManifest works with: HashicorpVault." executed="True" result="Success" success="True" time="0.6421" asserts="0" description="Export-EvergreenManifest.Validate Export-EvergreenManifest works with: HashicorpVault.">
                <results>
                  <test-case description="'Export-EvergreenManifest -Name HashicorpVault' should not Throw" name="Export-EvergreenManifest.Validate Export-EvergreenManifest works with: HashicorpVault..'Export-EvergreenManifest -Name HashicorpVault' should not Throw" time="0.23" asserts="0" success="True" result="Success" executed="True" />
                  <test-case description="HashicorpVault has expected properties" name="Export-EvergreenManifest.Validate Export-EvergreenManifest works with: HashicorpVault..HashicorpVault has expected properties" time="0.2775" asserts="0" success="True" result="Success" executed="True" />
                </results>
              </test-suite>
            </results>
          </test-suite>
          <test-suite type="TestFixture" name="Export-EvergreenManifest" executed="True" result="Success" success="True" time="707.0435" asserts="0" description="Export-EvergreenManifest">
            <results>
              <test-suite type="TestFixture" name="Export-EvergreenManifest.Validate Export-EvergreenManifest works with: OctopusDeployServer." executed="True" result="Success" success="True" time="0.6206" asserts="0" description="Export-EvergreenManifest.Validate Export-EvergreenManifest works with: OctopusDeployServer.">
                <results>
                  <test-case description="'Export-EvergreenManifest -Name OctopusDeployServer' should not Throw" name="Export-EvergreenManifest.Validate Export-EvergreenManifest works with: OctopusDeployServer..'Export-EvergreenManifest -Name OctopusDeployServer' should not Throw" time="0.2128" asserts="0" success="True" result="Success" executed="True" />
                  <test-case description="OctopusDeployServer has expected properties" name="Export-EvergreenManifest.Validate Export-EvergreenManifest works with: OctopusDeployServer..OctopusDeployServer has expected properties" time="0.271" asserts="0" success="True" result="Success" executed="True" />
                </results>
              </test-suite>
            </results>
          </test-suite>
          <test-suite type="TestFixture" name="Export-EvergreenManifest" executed="True" result="Success" success="True" time="707.8092" asserts="0" description="Export-EvergreenManifest">
            <results>
              <test-suite type="TestFixture" name="Export-EvergreenManifest.Validate Export-EvergreenManifest works with: MasterPackager." executed="True" result="Success" success="True" time="0.6351" asserts="0" description="Export-EvergreenManifest.Validate Export-EvergreenManifest works with: MasterPackager.">
                <results>
                  <test-case description="'Export-EvergreenManifest -Name MasterPackager' should not Throw" name="Export-EvergreenManifest.Validate Export-EvergreenManifest works with: MasterPackager..'Export-EvergreenManifest -Name MasterPackager' should not Throw" time="0.2098" asserts="0" success="True" result="Success" executed="True" />
                  <test-case description="MasterPackager has expected properties" name="Export-EvergreenManifest.Validate Export-EvergreenManifest works with: MasterPackager..MasterPackager has expected properties" time="0.2858" asserts="0" success="True" result="Success" executed="True" />
                </results>
              </test-suite>
            </results>
          </test-suite>
          <test-suite type="TestFixture" name="Export-EvergreenManifest" executed="True" result="Success" success="True" time="708.6366" asserts="0" description="Export-EvergreenManifest">
            <results>
              <test-suite type="TestFixture" name="Export-EvergreenManifest.Validate Export-EvergreenManifest works with: Cyberduck." executed="True" result="Success" success="True" time="0.6932" asserts="0" description="Export-EvergreenManifest.Validate Export-EvergreenManifest works with: Cyberduck.">
                <results>
                  <test-case description="'Export-EvergreenManifest -Name Cyberduck' should not Throw" name="Export-EvergreenManifest.Validate Export-EvergreenManifest works with: Cyberduck..'Export-EvergreenManifest -Name Cyberduck' should not Throw" time="0.2446" asserts="0" success="True" result="Success" executed="True" />
                  <test-case description="Cyberduck has expected properties" name="Export-EvergreenManifest.Validate Export-EvergreenManifest works with: Cyberduck..Cyberduck has expected properties" time="0.2949" asserts="0" success="True" result="Success" executed="True" />
                </results>
              </test-suite>
            </results>
          </test-suite>
          <test-suite type="TestFixture" name="Export-EvergreenManifest" executed="True" result="Success" success="True" time="709.4518" asserts="0" description="Export-EvergreenManifest">
            <results>
              <test-suite type="TestFixture" name="Export-EvergreenManifest.Validate Export-EvergreenManifest works with: GitExtensions." executed="True" result="Success" success="True" time="0.6754" asserts="0" description="Export-EvergreenManifest.Validate Export-EvergreenManifest works with: GitExtensions.">
                <results>
                  <test-case description="'Export-EvergreenManifest -Name GitExtensions' should not Throw" name="Export-EvergreenManifest.Validate Export-EvergreenManifest works with: GitExtensions..'Export-EvergreenManifest -Name GitExtensions' should not Throw" time="0.2328" asserts="0" success="True" result="Success" executed="True" />
                  <test-case description="GitExtensions has expected properties" name="Export-EvergreenManifest.Validate Export-EvergreenManifest works with: GitExtensions..GitExtensions has expected properties" time="0.2912" asserts="0" success="True" result="Success" executed="True" />
                </results>
              </test-suite>
            </results>
          </test-suite>
          <test-suite type="TestFixture" name="Export-EvergreenManifest" executed="True" result="Success" success="True" time="710.2627" asserts="0" description="Export-EvergreenManifest">
            <results>
              <test-suite type="TestFixture" name="Export-EvergreenManifest.Validate Export-EvergreenManifest works with: AdoptOpenJDKSemuru11." executed="True" result="Success" success="True" time="0.6703" asserts="0" description="Export-EvergreenManifest.Validate Export-EvergreenManifest works with: AdoptOpenJDKSemuru11.">
                <results>
                  <test-case description="'Export-EvergreenManifest -Name AdoptOpenJDKSemuru11' should not Throw" name="Export-EvergreenManifest.Validate Export-EvergreenManifest works with: AdoptOpenJDKSemuru11..'Export-EvergreenManifest -Name AdoptOpenJDKSemuru11' should not Throw" time="0.231" asserts="0" success="True" result="Success" executed="True" />
                  <test-case description="AdoptOpenJDKSemuru11 has expected properties" name="Export-EvergreenManifest.Validate Export-EvergreenManifest works with: AdoptOpenJDKSemuru11..AdoptOpenJDKSemuru11 has expected properties" time="0.2891" asserts="0" success="True" result="Success" executed="True" />
                </results>
              </test-suite>
            </results>
          </test-suite>
          <test-suite type="TestFixture" name="Export-EvergreenManifest" executed="True" result="Success" success="True" time="711.0375" asserts="0" description="Export-EvergreenManifest">
            <results>
              <test-suite type="TestFixture" name="Export-EvergreenManifest.Validate Export-EvergreenManifest works with: XnSoftXnConvert." executed="True" result="Success" success="True" time="0.6399" asserts="0" description="Export-EvergreenManifest.Validate Export-EvergreenManifest works with: XnSoftXnConvert.">
                <results>
                  <test-case description="'Export-EvergreenManifest -Name XnSoftXnConvert' should not Throw" name="Export-EvergreenManifest.Validate Export-EvergreenManifest works with: XnSoftXnConvert..'Export-EvergreenManifest -Name XnSoftXnConvert' should not Throw" time="0.2263" asserts="0" success="True" result="Success" executed="True" />
                  <test-case description="XnSoftXnConvert has expected properties" name="Export-EvergreenManifest.Validate Export-EvergreenManifest works with: XnSoftXnConvert..XnSoftXnConvert has expected properties" time="0.2738" asserts="0" success="True" result="Success" executed="True" />
                </results>
              </test-suite>
            </results>
          </test-suite>
          <test-suite type="TestFixture" name="Export-EvergreenManifest" executed="True" result="Success" success="True" time="711.7442" asserts="0" description="Export-EvergreenManifest">
            <results>
              <test-suite type="TestFixture" name="Export-EvergreenManifest.Validate Export-EvergreenManifest works with: Pandoc." executed="True" result="Success" success="True" time="0.584" asserts="0" description="Export-EvergreenManifest.Validate Export-EvergreenManifest works with: Pandoc.">
                <results>
                  <test-case description="'Export-EvergreenManifest -Name Pandoc' should not Throw" name="Export-EvergreenManifest.Validate Export-EvergreenManifest works with: Pandoc..'Export-EvergreenManifest -Name Pandoc' should not Throw" time="0.2024" asserts="0" success="True" result="Success" executed="True" />
                  <test-case description="Pandoc has expected properties" name="Export-EvergreenManifest.Validate Export-EvergreenManifest works with: Pandoc..Pandoc has expected properties" time="0.2498" asserts="0" success="True" result="Success" executed="True" />
                </results>
              </test-suite>
            </results>
          </test-suite>
          <test-suite type="TestFixture" name="Export-EvergreenManifest" executed="True" result="Success" success="True" time="712.4498" asserts="0" description="Export-EvergreenManifest">
            <results>
              <test-suite type="TestFixture" name="Export-EvergreenManifest.Validate Export-EvergreenManifest works with: NETworkManager." executed="True" result="Success" success="True" time="0.5847" asserts="0" description="Export-EvergreenManifest.Validate Export-EvergreenManifest works with: NETworkManager.">
                <results>
                  <test-case description="'Export-EvergreenManifest -Name NETworkManager' should not Throw" name="Export-EvergreenManifest.Validate Export-EvergreenManifest works with: NETworkManager..'Export-EvergreenManifest -Name NETworkManager' should not Throw" time="0.2033" asserts="0" success="True" result="Success" executed="True" />
                  <test-case description="NETworkManager has expected properties" name="Export-EvergreenManifest.Validate Export-EvergreenManifest works with: NETworkManager..NETworkManager has expected properties" time="0.2513" asserts="0" success="True" result="Success" executed="True" />
                </results>
              </test-suite>
            </results>
          </test-suite>
          <test-suite type="TestFixture" name="Export-EvergreenManifest" executed="True" result="Success" success="True" time="713.1602" asserts="0" description="Export-EvergreenManifest">
            <results>
              <test-suite type="TestFixture" name="Export-EvergreenManifest.Validate Export-EvergreenManifest works with: 1Password." executed="True" result="Success" success="True" time="0.587" asserts="0" description="Export-EvergreenManifest.Validate Export-EvergreenManifest works with: 1Password.">
                <results>
                  <test-case description="'Export-EvergreenManifest -Name 1Password' should not Throw" name="Export-EvergreenManifest.Validate Export-EvergreenManifest works with: 1Password..'Export-EvergreenManifest -Name 1Password' should not Throw" time="0.2016" asserts="0" success="True" result="Success" executed="True" />
                  <test-case description="1Password has expected properties" name="Export-EvergreenManifest.Validate Export-EvergreenManifest works with: 1Password..1Password has expected properties" time="0.254" asserts="0" success="True" result="Success" executed="True" />
                </results>
              </test-suite>
            </results>
          </test-suite>
          <test-suite type="TestFixture" name="Export-EvergreenManifest" executed="True" result="Success" success="True" time="713.9504" asserts="0" description="Export-EvergreenManifest">
            <results>
              <test-suite type="TestFixture" name="Export-EvergreenManifest.Validate Export-EvergreenManifest works with: OperaGXBrowser." executed="True" result="Success" success="True" time="0.6729" asserts="0" description="Export-EvergreenManifest.Validate Export-EvergreenManifest works with: OperaGXBrowser.">
                <results>
                  <test-case description="'Export-EvergreenManifest -Name OperaGXBrowser' should not Throw" name="Export-EvergreenManifest.Validate Export-EvergreenManifest works with: OperaGXBrowser..'Export-EvergreenManifest -Name OperaGXBrowser' should not Throw" time="0.2591" asserts="0" success="True" result="Success" executed="True" />
                  <test-case description="OperaGXBrowser has expected properties" name="Export-EvergreenManifest.Validate Export-EvergreenManifest works with: OperaGXBrowser..OperaGXBrowser has expected properties" time="0.2881" asserts="0" success="True" result="Success" executed="True" />
                </results>
              </test-suite>
            </results>
          </test-suite>
          <test-suite type="TestFixture" name="Export-EvergreenManifest" executed="True" result="Success" success="True" time="714.7501" asserts="0" description="Export-EvergreenManifest">
            <results>
              <test-suite type="TestFixture" name="Export-EvergreenManifest.Validate Export-EvergreenManifest works with: VMwareWorkstationPro." executed="True" result="Success" success="True" time="0.6403" asserts="0" description="Export-EvergreenManifest.Validate Export-EvergreenManifest works with: VMwareWorkstationPro.">
                <results>
                  <test-case description="'Export-EvergreenManifest -Name VMwareWorkstationPro' should not Throw" name="Export-EvergreenManifest.Validate Export-EvergreenManifest works with: VMwareWorkstationPro..'Export-EvergreenManifest -Name VMwareWorkstationPro' should not Throw" time="0.2339" asserts="0" success="True" result="Success" executed="True" />
                  <test-case description="VMwareWorkstationPro has expected properties" name="Export-EvergreenManifest.Validate Export-EvergreenManifest works with: VMwareWorkstationPro..VMwareWorkstationPro has expected properties" time="0.2766" asserts="0" success="True" result="Success" executed="True" />
                </results>
              </test-suite>
            </results>
          </test-suite>
          <test-suite type="TestFixture" name="Export-EvergreenManifest" executed="True" result="Success" success="True" time="715.4735" asserts="0" description="Export-EvergreenManifest">
            <results>
              <test-suite type="TestFixture" name="Export-EvergreenManifest.Validate Export-EvergreenManifest works with: MicrosoftWindowsPackageManagerClient." executed="True" result="Success" success="True" time="0.6001" asserts="0" description="Export-EvergreenManifest.Validate Export-EvergreenManifest works with: MicrosoftWindowsPackageManagerClient.">
                <results>
                  <test-case description="'Export-EvergreenManifest -Name MicrosoftWindowsPackageManagerClient' should not Throw" name="Export-EvergreenManifest.Validate Export-EvergreenManifest works with: MicrosoftWindowsPackageManagerClient..'Export-EvergreenManifest -Name MicrosoftWindowsPackageManagerClient' should not Throw" time="0.2153" asserts="0" success="True" result="Success" executed="True" />
                  <test-case description="MicrosoftWindowsPackageManagerClient has expected properties" name="Export-EvergreenManifest.Validate Export-EvergreenManifest works with: MicrosoftWindowsPackageManagerClient..MicrosoftWindowsPackageManagerClient has expected properties" time="0.2559" asserts="0" success="True" result="Success" executed="True" />
                </results>
              </test-suite>
            </results>
          </test-suite>
          <test-suite type="TestFixture" name="Export-EvergreenManifest" executed="True" result="Success" success="True" time="716.1709" asserts="0" description="Export-EvergreenManifest">
            <results>
              <test-suite type="TestFixture" name="Export-EvergreenManifest.Validate Export-EvergreenManifest works with: TeXstudio." executed="True" result="Success" success="True" time="0.5783" asserts="0" description="Export-EvergreenManifest.Validate Export-EvergreenManifest works with: TeXstudio.">
                <results>
                  <test-case description="'Export-EvergreenManifest -Name TeXstudio' should not Throw" name="Export-EvergreenManifest.Validate Export-EvergreenManifest works with: TeXstudio..'Export-EvergreenManifest -Name TeXstudio' should not Throw" time="0.1994" asserts="0" success="True" result="Success" executed="True" />
                  <test-case description="TeXstudio has expected properties" name="Export-EvergreenManifest.Validate Export-EvergreenManifest works with: TeXstudio..TeXstudio has expected properties" time="0.2513" asserts="0" success="True" result="Success" executed="True" />
                </results>
              </test-suite>
            </results>
          </test-suite>
          <test-suite type="TestFixture" name="Export-EvergreenManifest" executed="True" result="Success" success="True" time="716.8774" asserts="0" description="Export-EvergreenManifest">
            <results>
              <test-suite type="TestFixture" name="Export-EvergreenManifest.Validate Export-EvergreenManifest works with: GitHubAtom." executed="True" result="Success" success="True" time="0.5863" asserts="0" description="Export-EvergreenManifest.Validate Export-EvergreenManifest works with: GitHubAtom.">
                <results>
                  <test-case description="'Export-EvergreenManifest -Name GitHubAtom' should not Throw" name="Export-EvergreenManifest.Validate Export-EvergreenManifest works with: GitHubAtom..'Export-EvergreenManifest -Name GitHubAtom' should not Throw" time="0.2035" asserts="0" success="True" result="Success" executed="True" />
                  <test-case description="GitHubAtom has expected properties" name="Export-EvergreenManifest.Validate Export-EvergreenManifest works with: GitHubAtom..GitHubAtom has expected properties" time="0.2526" asserts="0" success="True" result="Success" executed="True" />
                </results>
              </test-suite>
            </results>
          </test-suite>
          <test-suite type="TestFixture" name="Export-EvergreenManifest" executed="True" result="Success" success="True" time="717.6679" asserts="0" description="Export-EvergreenManifest">
            <results>
              <test-suite type="TestFixture" name="Export-EvergreenManifest.Validate Export-EvergreenManifest works with: FoxitReader." executed="True" result="Success" success="True" time="0.6676" asserts="0" description="Export-EvergreenManifest.Validate Export-EvergreenManifest works with: FoxitReader.">
                <results>
                  <test-case description="'Export-EvergreenManifest -Name FoxitReader' should not Throw" name="Export-EvergreenManifest.Validate Export-EvergreenManifest works with: FoxitReader..'Export-EvergreenManifest -Name FoxitReader' should not Throw" time="0.2261" asserts="0" success="True" result="Success" executed="True" />
                  <test-case description="FoxitReader has expected properties" name="Export-EvergreenManifest.Validate Export-EvergreenManifest works with: FoxitReader..FoxitReader has expected properties" time="0.3125" asserts="0" success="True" result="Success" executed="True" />
                </results>
              </test-suite>
            </results>
          </test-suite>
          <test-suite type="TestFixture" name="Export-EvergreenManifest" executed="True" result="Success" success="True" time="718.447" asserts="0" description="Export-EvergreenManifest">
            <results>
              <test-suite type="TestFixture" name="Export-EvergreenManifest.Validate Export-EvergreenManifest works with: gretl." executed="True" result="Success" success="True" time="0.6608" asserts="0" description="Export-EvergreenManifest.Validate Export-EvergreenManifest works with: gretl.">
                <results>
                  <test-case description="'Export-EvergreenManifest -Name gretl' should not Throw" name="Export-EvergreenManifest.Validate Export-EvergreenManifest works with: gretl..'Export-EvergreenManifest -Name gretl' should not Throw" time="0.2403" asserts="0" success="True" result="Success" executed="True" />
                  <test-case description="gretl has expected properties" name="Export-EvergreenManifest.Validate Export-EvergreenManifest works with: gretl..gretl has expected properties" time="0.2916" asserts="0" success="True" result="Success" executed="True" />
                </results>
              </test-suite>
            </results>
          </test-suite>
          <test-suite type="TestFixture" name="Export-EvergreenManifest" executed="True" result="Success" success="True" time="719.1233" asserts="0" description="Export-EvergreenManifest">
            <results>
              <test-suite type="TestFixture" name="Export-EvergreenManifest.Validate Export-EvergreenManifest works with: AkeoRufus." executed="True" result="Success" success="True" time="0.5556" asserts="0" description="Export-EvergreenManifest.Validate Export-EvergreenManifest works with: AkeoRufus.">
                <results>
                  <test-case description="'Export-EvergreenManifest -Name AkeoRufus' should not Throw" name="Export-EvergreenManifest.Validate Export-EvergreenManifest works with: AkeoRufus..'Export-EvergreenManifest -Name AkeoRufus' should not Throw" time="0.1913" asserts="0" success="True" result="Success" executed="True" />
                  <test-case description="AkeoRufus has expected properties" name="Export-EvergreenManifest.Validate Export-EvergreenManifest works with: AkeoRufus..AkeoRufus has expected properties" time="0.2422" asserts="0" success="True" result="Success" executed="True" />
                </results>
              </test-suite>
            </results>
          </test-suite>
          <test-suite type="TestFixture" name="Export-EvergreenManifest" executed="True" result="Success" success="True" time="719.7944" asserts="0" description="Export-EvergreenManifest">
            <results>
              <test-suite type="TestFixture" name="Export-EvergreenManifest.Validate Export-EvergreenManifest works with: dnGrep." executed="True" result="Success" success="True" time="0.558" asserts="0" description="Export-EvergreenManifest.Validate Export-EvergreenManifest works with: dnGrep.">
                <results>
                  <test-case description="'Export-EvergreenManifest -Name dnGrep' should not Throw" name="Export-EvergreenManifest.Validate Export-EvergreenManifest works with: dnGrep..'Export-EvergreenManifest -Name dnGrep' should not Throw" time="0.1934" asserts="0" success="True" result="Success" executed="True" />
                  <test-case description="dnGrep has expected properties" name="Export-EvergreenManifest.Validate Export-EvergreenManifest works with: dnGrep..dnGrep has expected properties" time="0.2409" asserts="0" success="True" result="Success" executed="True" />
                </results>
              </test-suite>
            </results>
          </test-suite>
          <test-suite type="TestFixture" name="Export-EvergreenManifest" executed="True" result="Success" success="True" time="720.5114" asserts="0" description="Export-EvergreenManifest">
            <results>
              <test-suite type="TestFixture" name="Export-EvergreenManifest.Validate Export-EvergreenManifest works with: ChromiumChromeDriver." executed="True" result="Success" success="True" time="0.6064" asserts="0" description="Export-EvergreenManifest.Validate Export-EvergreenManifest works with: ChromiumChromeDriver.">
                <results>
                  <test-case description="'Export-EvergreenManifest -Name ChromiumChromeDriver' should not Throw" name="Export-EvergreenManifest.Validate Export-EvergreenManifest works with: ChromiumChromeDriver..'Export-EvergreenManifest -Name ChromiumChromeDriver' should not Throw" time="0.2178" asserts="0" success="True" result="Success" executed="True" />
                  <test-case description="ChromiumChromeDriver has expected properties" name="Export-EvergreenManifest.Validate Export-EvergreenManifest works with: ChromiumChromeDriver..ChromiumChromeDriver has expected properties" time="0.2649" asserts="0" success="True" result="Success" executed="True" />
                </results>
              </test-suite>
            </results>
          </test-suite>
          <test-suite type="TestFixture" name="Export-EvergreenManifest" executed="True" result="Success" success="True" time="721.3793" asserts="0" description="Export-EvergreenManifest">
            <results>
              <test-suite type="TestFixture" name="Export-EvergreenManifest.Validate Export-EvergreenManifest works with: VMwareHorizonClient." executed="True" result="Success" success="True" time="0.737" asserts="0" description="Export-EvergreenManifest.Validate Export-EvergreenManifest works with: VMwareHorizonClient.">
                <results>
                  <test-case description="'Export-EvergreenManifest -Name VMwareHorizonClient' should not Throw" name="Export-EvergreenManifest.Validate Export-EvergreenManifest works with: VMwareHorizonClient..'Export-EvergreenManifest -Name VMwareHorizonClient' should not Throw" time="0.2633" asserts="0" success="True" result="Success" executed="True" />
                  <test-case description="VMwareHorizonClient has expected properties" name="Export-EvergreenManifest.Validate Export-EvergreenManifest works with: VMwareHorizonClient..VMwareHorizonClient has expected properties" time="0.3208" asserts="0" success="True" result="Success" executed="True" />
                </results>
              </test-suite>
            </results>
          </test-suite>
          <test-suite type="TestFixture" name="Export-EvergreenManifest" executed="True" result="Success" success="True" time="722.1608" asserts="0" description="Export-EvergreenManifest">
            <results>
              <test-suite type="TestFixture" name="Export-EvergreenManifest.Validate Export-EvergreenManifest works with: VastLimitsUberAgent." executed="True" result="Success" success="True" time="0.6476" asserts="0" description="Export-EvergreenManifest.Validate Export-EvergreenManifest works with: VastLimitsUberAgent.">
                <results>
                  <test-case description="'Export-EvergreenManifest -Name VastLimitsUberAgent' should not Throw" name="Export-EvergreenManifest.Validate Export-EvergreenManifest works with: VastLimitsUberAgent..'Export-EvergreenManifest -Name VastLimitsUberAgent' should not Throw" time="0.2474" asserts="0" success="True" result="Success" executed="True" />
                  <test-case description="VastLimitsUberAgent has expected properties" name="Export-EvergreenManifest.Validate Export-EvergreenManifest works with: VastLimitsUberAgent..VastLimitsUberAgent has expected properties" time="0.2625" asserts="0" success="True" result="Success" executed="True" />
                </results>
              </test-suite>
            </results>
          </test-suite>
          <test-suite type="TestFixture" name="Export-EvergreenManifest" executed="True" result="Success" success="True" time="722.9909" asserts="0" description="Export-EvergreenManifest">
            <results>
              <test-suite type="TestFixture" name="Export-EvergreenManifest.Validate Export-EvergreenManifest works with: AdoptiumTemurin16." executed="True" result="Success" success="True" time="0.6859" asserts="0" description="Export-EvergreenManifest.Validate Export-EvergreenManifest works with: AdoptiumTemurin16.">
                <results>
                  <test-case description="'Export-EvergreenManifest -Name AdoptiumTemurin16' should not Throw" name="Export-EvergreenManifest.Validate Export-EvergreenManifest works with: AdoptiumTemurin16..'Export-EvergreenManifest -Name AdoptiumTemurin16' should not Throw" time="0.2394" asserts="0" success="True" result="Success" executed="True" />
                  <test-case description="AdoptiumTemurin16 has expected properties" name="Export-EvergreenManifest.Validate Export-EvergreenManifest works with: AdoptiumTemurin16..AdoptiumTemurin16 has expected properties" time="0.2938" asserts="0" success="True" result="Success" executed="True" />
                </results>
              </test-suite>
            </results>
          </test-suite>
          <test-suite type="TestFixture" name="Export-EvergreenManifest" executed="True" result="Success" success="True" time="723.8001" asserts="0" description="Export-EvergreenManifest">
            <results>
              <test-suite type="TestFixture" name="Export-EvergreenManifest.Validate Export-EvergreenManifest works with: PeaZipPeaZip." executed="True" result="Success" success="True" time="0.6697" asserts="0" description="Export-EvergreenManifest.Validate Export-EvergreenManifest works with: PeaZipPeaZip.">
                <results>
                  <test-case description="'Export-EvergreenManifest -Name PeaZipPeaZip' should not Throw" name="Export-EvergreenManifest.Validate Export-EvergreenManifest works with: PeaZipPeaZip..'Export-EvergreenManifest -Name PeaZipPeaZip' should not Throw" time="0.231" asserts="0" success="True" result="Success" executed="True" />
                  <test-case description="PeaZipPeaZip has expected properties" name="Export-EvergreenManifest.Validate Export-EvergreenManifest works with: PeaZipPeaZip..PeaZipPeaZip has expected properties" time="0.2937" asserts="0" success="True" result="Success" executed="True" />
                </results>
              </test-suite>
            </results>
          </test-suite>
          <test-suite type="TestFixture" name="Export-EvergreenManifest" executed="True" result="Success" success="True" time="724.5818" asserts="0" description="Export-EvergreenManifest">
            <results>
              <test-suite type="TestFixture" name="Export-EvergreenManifest.Validate Export-EvergreenManifest works with: WinMerge." executed="True" result="Success" success="True" time="0.6518" asserts="0" description="Export-EvergreenManifest.Validate Export-EvergreenManifest works with: WinMerge.">
                <results>
                  <test-case description="'Export-EvergreenManifest -Name WinMerge' should not Throw" name="Export-EvergreenManifest.Validate Export-EvergreenManifest works with: WinMerge..'Export-EvergreenManifest -Name WinMerge' should not Throw" time="0.2286" asserts="0" success="True" result="Success" executed="True" />
                  <test-case description="WinMerge has expected properties" name="Export-EvergreenManifest.Validate Export-EvergreenManifest works with: WinMerge..WinMerge has expected properties" time="0.2822" asserts="0" success="True" result="Success" executed="True" />
                </results>
              </test-suite>
            </results>
          </test-suite>
          <test-suite type="TestFixture" name="Export-EvergreenManifest" executed="True" result="Success" success="True" time="725.3284" asserts="0" description="Export-EvergreenManifest">
            <results>
              <test-suite type="TestFixture" name="Export-EvergreenManifest.Validate Export-EvergreenManifest works with: voidtoolsEverything." executed="True" result="Success" success="True" time="0.6249" asserts="0" description="Export-EvergreenManifest.Validate Export-EvergreenManifest works with: voidtoolsEverything.">
                <results>
                  <test-case description="'Export-EvergreenManifest -Name voidtoolsEverything' should not Throw" name="Export-EvergreenManifest.Validate Export-EvergreenManifest works with: voidtoolsEverything..'Export-EvergreenManifest -Name voidtoolsEverything' should not Throw" time="0.2172" asserts="0" success="True" result="Success" executed="True" />
                  <test-case description="voidtoolsEverything has expected properties" name="Export-EvergreenManifest.Validate Export-EvergreenManifest works with: voidtoolsEverything..voidtoolsEverything has expected properties" time="0.2763" asserts="0" success="True" result="Success" executed="True" />
                </results>
              </test-suite>
            </results>
          </test-suite>
          <test-suite type="TestFixture" name="Export-EvergreenManifest" executed="True" result="Success" success="True" time="726.0539" asserts="0" description="Export-EvergreenManifest">
            <results>
              <test-suite type="TestFixture" name="Export-EvergreenManifest.Validate Export-EvergreenManifest works with: SignalDesktop." executed="True" result="Success" success="True" time="0.6025" asserts="0" description="Export-EvergreenManifest.Validate Export-EvergreenManifest works with: SignalDesktop.">
                <results>
                  <test-case description="'Export-EvergreenManifest -Name SignalDesktop' should not Throw" name="Export-EvergreenManifest.Validate Export-EvergreenManifest works with: SignalDesktop..'Export-EvergreenManifest -Name SignalDesktop' should not Throw" time="0.2184" asserts="0" success="True" result="Success" executed="True" />
                  <test-case description="SignalDesktop has expected properties" name="Export-EvergreenManifest.Validate Export-EvergreenManifest works with: SignalDesktop..SignalDesktop has expected properties" time="0.2572" asserts="0" success="True" result="Success" executed="True" />
                </results>
              </test-suite>
            </results>
          </test-suite>
          <test-suite type="TestFixture" name="Export-EvergreenManifest" executed="True" result="Success" success="True" time="726.762" asserts="0" description="Export-EvergreenManifest">
            <results>
              <test-suite type="TestFixture" name="Export-EvergreenManifest.Validate Export-EvergreenManifest works with: VMwareWorkstationPlayer." executed="True" result="Success" success="True" time="0.5893" asserts="0" description="Export-EvergreenManifest.Validate Export-EvergreenManifest works with: VMwareWorkstationPlayer.">
                <results>
                  <test-case description="'Export-EvergreenManifest -Name VMwareWorkstationPlayer' should not Throw" name="Export-EvergreenManifest.Validate Export-EvergreenManifest works with: VMwareWorkstationPlayer..'Export-EvergreenManifest -Name VMwareWorkstationPlayer' should not Throw" time="0.2018" asserts="0" success="True" result="Success" executed="True" />
                  <test-case description="VMwareWorkstationPlayer has expected properties" name="Export-EvergreenManifest.Validate Export-EvergreenManifest works with: VMwareWorkstationPlayer..VMwareWorkstationPlayer has expected properties" time="0.2566" asserts="0" success="True" result="Success" executed="True" />
                </results>
              </test-suite>
            </results>
          </test-suite>
          <test-suite type="TestFixture" name="Export-EvergreenManifest" executed="True" result="Success" success="True" time="727.7629" asserts="0" description="Export-EvergreenManifest">
            <results>
              <test-suite type="TestFixture" name="Export-EvergreenManifest.Validate Export-EvergreenManifest works with: AdobeAcrobat." executed="True" result="Success" success="True" time="0.8773" asserts="0" description="Export-EvergreenManifest.Validate Export-EvergreenManifest works with: AdobeAcrobat.">
                <results>
                  <test-case description="'Export-EvergreenManifest -Name AdobeAcrobat' should not Throw" name="Export-EvergreenManifest.Validate Export-EvergreenManifest works with: AdobeAcrobat..'Export-EvergreenManifest -Name AdobeAcrobat' should not Throw" time="0.3665" asserts="0" success="True" result="Success" executed="True" />
                  <test-case description="AdobeAcrobat has expected properties" name="Export-EvergreenManifest.Validate Export-EvergreenManifest works with: AdobeAcrobat..AdobeAcrobat has expected properties" time="0.3783" asserts="0" success="True" result="Success" executed="True" />
                </results>
              </test-suite>
            </results>
          </test-suite>
          <test-suite type="TestFixture" name="Export-EvergreenManifest" executed="True" result="Success" success="True" time="728.448" asserts="0" description="Export-EvergreenManifest">
            <results>
              <test-suite type="TestFixture" name="Export-EvergreenManifest.Validate Export-EvergreenManifest works with: SafeExamBrowser." executed="True" result="Success" success="True" time="0.5661" asserts="0" description="Export-EvergreenManifest.Validate Export-EvergreenManifest works with: SafeExamBrowser.">
                <results>
                  <test-case description="'Export-EvergreenManifest -Name SafeExamBrowser' should not Throw" name="Export-EvergreenManifest.Validate Export-EvergreenManifest works with: SafeExamBrowser..'Export-EvergreenManifest -Name SafeExamBrowser' should not Throw" time="0.1889" asserts="0" success="True" result="Success" executed="True" />
                  <test-case description="SafeExamBrowser has expected properties" name="Export-EvergreenManifest.Validate Export-EvergreenManifest works with: SafeExamBrowser..SafeExamBrowser has expected properties" time="0.2468" asserts="0" success="True" result="Success" executed="True" />
                </results>
              </test-suite>
            </results>
          </test-suite>
          <test-suite type="TestFixture" name="Export-EvergreenManifest" executed="True" result="Success" success="True" time="729.2496" asserts="0" description="Export-EvergreenManifest">
            <results>
              <test-suite type="TestFixture" name="Export-EvergreenManifest.Validate Export-EvergreenManifest works with: 7zip." executed="True" result="Success" success="True" time="0.6828" asserts="0" description="Export-EvergreenManifest.Validate Export-EvergreenManifest works with: 7zip.">
                <results>
                  <test-case description="'Export-EvergreenManifest -Name 7zip' should not Throw" name="Export-EvergreenManifest.Validate Export-EvergreenManifest works with: 7zip..'Export-EvergreenManifest -Name 7zip' should not Throw" time="0.238" asserts="0" success="True" result="Success" executed="True" />
                  <test-case description="7zip has expected properties" name="Export-EvergreenManifest.Validate Export-EvergreenManifest works with: 7zip..7zip has expected properties" time="0.3129" asserts="0" success="True" result="Success" executed="True" />
                </results>
              </test-suite>
            </results>
          </test-suite>
          <test-suite type="TestFixture" name="Export-EvergreenManifest" executed="True" result="Success" success="True" time="730.0417" asserts="0" description="Export-EvergreenManifest">
            <results>
              <test-suite type="TestFixture" name="Export-EvergreenManifest.Validate Export-EvergreenManifest works with: Wireshark." executed="True" result="Success" success="True" time="0.6649" asserts="0" description="Export-EvergreenManifest.Validate Export-EvergreenManifest works with: Wireshark.">
                <results>
                  <test-case description="'Export-EvergreenManifest -Name Wireshark' should not Throw" name="Export-EvergreenManifest.Validate Export-EvergreenManifest works with: Wireshark..'Export-EvergreenManifest -Name Wireshark' should not Throw" time="0.2306" asserts="0" success="True" result="Success" executed="True" />
                  <test-case description="Wireshark has expected properties" name="Export-EvergreenManifest.Validate Export-EvergreenManifest works with: Wireshark..Wireshark has expected properties" time="0.2993" asserts="0" success="True" result="Success" executed="True" />
                </results>
              </test-suite>
            </results>
          </test-suite>
          <test-suite type="TestFixture" name="Export-EvergreenManifest" executed="True" result="Success" success="True" time="730.8859" asserts="0" description="Export-EvergreenManifest">
            <results>
              <test-suite type="TestFixture" name="Export-EvergreenManifest.Validate Export-EvergreenManifest works with: MicrosoftEdgeDriver." executed="True" result="Success" success="True" time="0.726" asserts="0" description="Export-EvergreenManifest.Validate Export-EvergreenManifest works with: MicrosoftEdgeDriver.">
                <results>
                  <test-case description="'Export-EvergreenManifest -Name MicrosoftEdgeDriver' should not Throw" name="Export-EvergreenManifest.Validate Export-EvergreenManifest works with: MicrosoftEdgeDriver..'Export-EvergreenManifest -Name MicrosoftEdgeDriver' should not Throw" time="0.2693" asserts="0" success="True" result="Success" executed="True" />
                  <test-case description="MicrosoftEdgeDriver has expected properties" name="Export-EvergreenManifest.Validate Export-EvergreenManifest works with: MicrosoftEdgeDriver..MicrosoftEdgeDriver has expected properties" time="0.3194" asserts="0" success="True" result="Success" executed="True" />
                </results>
              </test-suite>
            </results>
          </test-suite>
          <test-suite type="TestFixture" name="Export-EvergreenManifest" executed="True" result="Success" success="True" time="731.5847" asserts="0" description="Export-EvergreenManifest">
            <results>
              <test-suite type="TestFixture" name="Export-EvergreenManifest.Validate Export-EvergreenManifest works with: stealthpuppyWindowsCustomisedDefaults." executed="True" result="Success" success="True" time="0.5824" asserts="0" description="Export-EvergreenManifest.Validate Export-EvergreenManifest works with: stealthpuppyWindowsCustomisedDefaults.">
                <results>
                  <test-case description="'Export-EvergreenManifest -Name stealthpuppyWindowsCustomisedDefaults' should not Throw" name="Export-EvergreenManifest.Validate Export-EvergreenManifest works with: stealthpuppyWindowsCustomisedDefaults..'Export-EvergreenManifest -Name stealthpuppyWindowsCustomisedDefaults' should not Throw" time="0.2049" asserts="0" success="True" result="Success" executed="True" />
                  <test-case description="stealthpuppyWindowsCustomisedDefaults has expected properties" name="Export-EvergreenManifest.Validate Export-EvergreenManifest works with: stealthpuppyWindowsCustomisedDefaults..stealthpuppyWindowsCustomisedDefaults has expected properties" time="0.2505" asserts="0" success="True" result="Success" executed="True" />
                </results>
              </test-suite>
            </results>
          </test-suite>
          <test-suite type="TestFixture" name="Export-EvergreenManifest" executed="True" result="Success" success="True" time="732.2517" asserts="0" description="Export-EvergreenManifest">
            <results>
              <test-suite type="TestFixture" name="Export-EvergreenManifest.Validate Export-EvergreenManifest works with: AdoptOpenJDK8." executed="True" result="Success" success="True" time="0.5517" asserts="0" description="Export-EvergreenManifest.Validate Export-EvergreenManifest works with: AdoptOpenJDK8.">
                <results>
                  <test-case description="'Export-EvergreenManifest -Name AdoptOpenJDK8' should not Throw" name="Export-EvergreenManifest.Validate Export-EvergreenManifest works with: AdoptOpenJDK8..'Export-EvergreenManifest -Name AdoptOpenJDK8' should not Throw" time="0.1887" asserts="0" success="True" result="Success" executed="True" />
                  <test-case description="AdoptOpenJDK8 has expected properties" name="Export-EvergreenManifest.Validate Export-EvergreenManifest works with: AdoptOpenJDK8..AdoptOpenJDK8 has expected properties" time="0.2384" asserts="0" success="True" result="Success" executed="True" />
                </results>
              </test-suite>
            </results>
          </test-suite>
          <test-suite type="TestFixture" name="Export-EvergreenManifest" executed="True" result="Success" success="True" time="732.9661" asserts="0" description="Export-EvergreenManifest">
            <results>
              <test-suite type="TestFixture" name="Export-EvergreenManifest.Validate Export-EvergreenManifest works with: MicrosoftOneDrive." executed="True" result="Success" success="True" time="0.596" asserts="0" description="Export-EvergreenManifest.Validate Export-EvergreenManifest works with: MicrosoftOneDrive.">
                <results>
                  <test-case description="'Export-EvergreenManifest -Name MicrosoftOneDrive' should not Throw" name="Export-EvergreenManifest.Validate Export-EvergreenManifest works with: MicrosoftOneDrive..'Export-EvergreenManifest -Name MicrosoftOneDrive' should not Throw" time="0.2133" asserts="0" success="True" result="Success" executed="True" />
                  <test-case description="MicrosoftOneDrive has expected properties" name="Export-EvergreenManifest.Validate Export-EvergreenManifest works with: MicrosoftOneDrive..MicrosoftOneDrive has expected properties" time="0.257" asserts="0" success="True" result="Success" executed="True" />
                </results>
              </test-suite>
            </results>
          </test-suite>
          <test-suite type="TestFixture" name="Export-EvergreenManifest" executed="True" result="Success" success="True" time="733.7082" asserts="0" description="Export-EvergreenManifest">
            <results>
              <test-suite type="TestFixture" name="Export-EvergreenManifest.Validate Export-EvergreenManifest works with: MuseScore." executed="True" result="Success" success="True" time="0.6106" asserts="0" description="Export-EvergreenManifest.Validate Export-EvergreenManifest works with: MuseScore.">
                <results>
                  <test-case description="'Export-EvergreenManifest -Name MuseScore' should not Throw" name="Export-EvergreenManifest.Validate Export-EvergreenManifest works with: MuseScore..'Export-EvergreenManifest -Name MuseScore' should not Throw" time="0.189" asserts="0" success="True" result="Success" executed="True" />
                  <test-case description="MuseScore has expected properties" name="Export-EvergreenManifest.Validate Export-EvergreenManifest works with: MuseScore..MuseScore has expected properties" time="0.2907" asserts="0" success="True" result="Success" executed="True" />
                </results>
              </test-suite>
            </results>
          </test-suite>
          <test-suite type="TestFixture" name="Export-EvergreenManifest" executed="True" result="Success" success="True" time="734.4566" asserts="0" description="Export-EvergreenManifest">
            <results>
              <test-suite type="TestFixture" name="Export-EvergreenManifest.Validate Export-EvergreenManifest works with: CitrixVMTools." executed="True" result="Success" success="True" time="0.6109" asserts="0" description="Export-EvergreenManifest.Validate Export-EvergreenManifest works with: CitrixVMTools.">
                <results>
                  <test-case description="'Export-EvergreenManifest -Name CitrixVMTools' should not Throw" name="Export-EvergreenManifest.Validate Export-EvergreenManifest works with: CitrixVMTools..'Export-EvergreenManifest -Name CitrixVMTools' should not Throw" time="0.2108" asserts="0" success="True" result="Success" executed="True" />
                  <test-case description="CitrixVMTools has expected properties" name="Export-EvergreenManifest.Validate Export-EvergreenManifest works with: CitrixVMTools..CitrixVMTools has expected properties" time="0.2768" asserts="0" success="True" result="Success" executed="True" />
                </results>
              </test-suite>
            </results>
          </test-suite>
          <test-suite type="TestFixture" name="Export-EvergreenManifest" executed="True" result="Success" success="True" time="735.2676" asserts="0" description="Export-EvergreenManifest">
            <results>
              <test-suite type="TestFixture" name="Export-EvergreenManifest.Validate Export-EvergreenManifest works with: ProgressChefInSpec." executed="True" result="Success" success="True" time="0.6931" asserts="0" description="Export-EvergreenManifest.Validate Export-EvergreenManifest works with: ProgressChefInSpec.">
                <results>
                  <test-case description="'Export-EvergreenManifest -Name ProgressChefInSpec' should not Throw" name="Export-EvergreenManifest.Validate Export-EvergreenManifest works with: ProgressChefInSpec..'Export-EvergreenManifest -Name ProgressChefInSpec' should not Throw" time="0.2515" asserts="0" success="True" result="Success" executed="True" />
                  <test-case description="ProgressChefInSpec has expected properties" name="Export-EvergreenManifest.Validate Export-EvergreenManifest works with: ProgressChefInSpec..ProgressChefInSpec has expected properties" time="0.3155" asserts="0" success="True" result="Success" executed="True" />
                </results>
              </test-suite>
            </results>
          </test-suite>
          <test-suite type="TestFixture" name="Export-EvergreenManifest" executed="True" result="Success" success="True" time="736.0911" asserts="0" description="Export-EvergreenManifest">
            <results>
              <test-suite type="TestFixture" name="Export-EvergreenManifest.Validate Export-EvergreenManifest works with: MicrosoftEdgeWebView2Runtime." executed="True" result="Success" success="True" time="0.7063" asserts="0" description="Export-EvergreenManifest.Validate Export-EvergreenManifest works with: MicrosoftEdgeWebView2Runtime.">
                <results>
                  <test-case description="'Export-EvergreenManifest -Name MicrosoftEdgeWebView2Runtime' should not Throw" name="Export-EvergreenManifest.Validate Export-EvergreenManifest works with: MicrosoftEdgeWebView2Runtime..'Export-EvergreenManifest -Name MicrosoftEdgeWebView2Runtime' should not Throw" time="0.2673" asserts="0" success="True" result="Success" executed="True" />
                  <test-case description="MicrosoftEdgeWebView2Runtime has expected properties" name="Export-EvergreenManifest.Validate Export-EvergreenManifest works with: MicrosoftEdgeWebView2Runtime..MicrosoftEdgeWebView2Runtime has expected properties" time="0.3077" asserts="0" success="True" result="Success" executed="True" />
                </results>
              </test-suite>
            </results>
          </test-suite>
          <test-suite type="TestFixture" name="Export-EvergreenManifest" executed="True" result="Success" success="True" time="736.9164" asserts="0" description="Export-EvergreenManifest">
            <results>
              <test-suite type="TestFixture" name="Export-EvergreenManifest.Validate Export-EvergreenManifest works with: ProjectLibre." executed="True" result="Success" success="True" time="0.6972" asserts="0" description="Export-EvergreenManifest.Validate Export-EvergreenManifest works with: ProjectLibre.">
                <results>
                  <test-case description="'Export-EvergreenManifest -Name ProjectLibre' should not Throw" name="Export-EvergreenManifest.Validate Export-EvergreenManifest works with: ProjectLibre..'Export-EvergreenManifest -Name ProjectLibre' should not Throw" time="0.2301" asserts="0" success="True" result="Success" executed="True" />
                  <test-case description="ProjectLibre has expected properties" name="Export-EvergreenManifest.Validate Export-EvergreenManifest works with: ProjectLibre..ProjectLibre has expected properties" time="0.335" asserts="0" success="True" result="Success" executed="True" />
                </results>
              </test-suite>
            </results>
          </test-suite>
          <test-suite type="TestFixture" name="Export-EvergreenManifest" executed="True" result="Success" success="True" time="737.7368" asserts="0" description="Export-EvergreenManifest">
            <results>
              <test-suite type="TestFixture" name="Export-EvergreenManifest.Validate Export-EvergreenManifest works with: Obsidian." executed="True" result="Success" success="True" time="0.6848" asserts="0" description="Export-EvergreenManifest.Validate Export-EvergreenManifest works with: Obsidian.">
                <results>
                  <test-case description="'Export-EvergreenManifest -Name Obsidian' should not Throw" name="Export-EvergreenManifest.Validate Export-EvergreenManifest works with: Obsidian..'Export-EvergreenManifest -Name Obsidian' should not Throw" time="0.2414" asserts="0" success="True" result="Success" executed="True" />
                  <test-case description="Obsidian has expected properties" name="Export-EvergreenManifest.Validate Export-EvergreenManifest works with: Obsidian..Obsidian has expected properties" time="0.2878" asserts="0" success="True" result="Success" executed="True" />
                </results>
              </test-suite>
            </results>
          </test-suite>
          <test-suite type="TestFixture" name="Export-EvergreenManifest" executed="True" result="Success" success="True" time="738.5709" asserts="0" description="Export-EvergreenManifest">
            <results>
              <test-suite type="TestFixture" name="Export-EvergreenManifest.Validate Export-EvergreenManifest works with: Anaconda." executed="True" result="Success" success="True" time="0.6939" asserts="0" description="Export-EvergreenManifest.Validate Export-EvergreenManifest works with: Anaconda.">
                <results>
                  <test-case description="'Export-EvergreenManifest -Name Anaconda' should not Throw" name="Export-EvergreenManifest.Validate Export-EvergreenManifest works with: Anaconda..'Export-EvergreenManifest -Name Anaconda' should not Throw" time="0.2432" asserts="0" success="True" result="Success" executed="True" />
                  <test-case description="Anaconda has expected properties" name="Export-EvergreenManifest.Validate Export-EvergreenManifest works with: Anaconda..Anaconda has expected properties" time="0.3021" asserts="0" success="True" result="Success" executed="True" />
                </results>
              </test-suite>
            </results>
          </test-suite>
          <test-suite type="TestFixture" name="Export-EvergreenManifest" executed="True" result="Success" success="True" time="739.3266" asserts="0" description="Export-EvergreenManifest">
            <results>
              <test-suite type="TestFixture" name="Export-EvergreenManifest.Validate Export-EvergreenManifest works with: GitForWindows." executed="True" result="Success" success="True" time="0.6243" asserts="0" description="Export-EvergreenManifest.Validate Export-EvergreenManifest works with: GitForWindows.">
                <results>
                  <test-case description="'Export-EvergreenManifest -Name GitForWindows' should not Throw" name="Export-EvergreenManifest.Validate Export-EvergreenManifest works with: GitForWindows..'Export-EvergreenManifest -Name GitForWindows' should not Throw" time="0.2286" asserts="0" success="True" result="Success" executed="True" />
                  <test-case description="GitForWindows has expected properties" name="Export-EvergreenManifest.Validate Export-EvergreenManifest works with: GitForWindows..GitForWindows has expected properties" time="0.2571" asserts="0" success="True" result="Success" executed="True" />
                </results>
              </test-suite>
            </results>
          </test-suite>
          <test-suite type="TestFixture" name="Export-EvergreenManifest" executed="True" result="Success" success="True" time="740.0654" asserts="0" description="Export-EvergreenManifest">
            <results>
              <test-suite type="TestFixture" name="Export-EvergreenManifest.Validate Export-EvergreenManifest works with: HashicorpNomad." executed="True" result="Success" success="True" time="0.6192" asserts="0" description="Export-EvergreenManifest.Validate Export-EvergreenManifest works with: HashicorpNomad.">
                <results>
                  <test-case description="'Export-EvergreenManifest -Name HashicorpNomad' should not Throw" name="Export-EvergreenManifest.Validate Export-EvergreenManifest works with: HashicorpNomad..'Export-EvergreenManifest -Name HashicorpNomad' should not Throw" time="0.2207" asserts="0" success="True" result="Success" executed="True" />
                  <test-case description="HashicorpNomad has expected properties" name="Export-EvergreenManifest.Validate Export-EvergreenManifest works with: HashicorpNomad..HashicorpNomad has expected properties" time="0.2734" asserts="0" success="True" result="Success" executed="True" />
                </results>
              </test-suite>
            </results>
          </test-suite>
          <test-suite type="TestFixture" name="Export-EvergreenManifest" executed="True" result="Success" success="True" time="740.843" asserts="0" description="Export-EvergreenManifest">
            <results>
              <test-suite type="TestFixture" name="Export-EvergreenManifest.Validate Export-EvergreenManifest works with: USBPcap." executed="True" result="Success" success="True" time="0.6517" asserts="0" description="Export-EvergreenManifest.Validate Export-EvergreenManifest works with: USBPcap.">
                <results>
                  <test-case description="'Export-EvergreenManifest -Name USBPcap' should not Throw" name="Export-EvergreenManifest.Validate Export-EvergreenManifest works with: USBPcap..'Export-EvergreenManifest -Name USBPcap' should not Throw" time="0.1943" asserts="0" success="True" result="Success" executed="True" />
                  <test-case description="USBPcap has expected properties" name="Export-EvergreenManifest.Validate Export-EvergreenManifest works with: USBPcap..USBPcap has expected properties" time="0.2827" asserts="0" success="True" result="Success" executed="True" />
                </results>
              </test-suite>
            </results>
          </test-suite>
          <test-suite type="TestFixture" name="Export-EvergreenManifest" executed="True" result="Success" success="True" time="741.5929" asserts="0" description="Export-EvergreenManifest">
            <results>
              <test-suite type="TestFixture" name="Export-EvergreenManifest.Validate Export-EvergreenManifest works with: ESETServerSecurity." executed="True" result="Success" success="True" time="0.6249" asserts="0" description="Export-EvergreenManifest.Validate Export-EvergreenManifest works with: ESETServerSecurity.">
                <results>
                  <test-case description="'Export-EvergreenManifest -Name ESETServerSecurity' should not Throw" name="Export-EvergreenManifest.Validate Export-EvergreenManifest works with: ESETServerSecurity..'Export-EvergreenManifest -Name ESETServerSecurity' should not Throw" time="0.2222" asserts="0" success="True" result="Success" executed="True" />
                  <test-case description="ESETServerSecurity has expected properties" name="Export-EvergreenManifest.Validate Export-EvergreenManifest works with: ESETServerSecurity..ESETServerSecurity has expected properties" time="0.2711" asserts="0" success="True" result="Success" executed="True" />
                </results>
              </test-suite>
            </results>
          </test-suite>
          <test-suite type="TestFixture" name="Export-EvergreenManifest" executed="True" result="Success" success="True" time="742.4278" asserts="0" description="Export-EvergreenManifest">
            <results>
              <test-suite type="TestFixture" name="Export-EvergreenManifest.Validate Export-EvergreenManifest works with: TechSmithCamtasia." executed="True" result="Success" success="True" time="0.7059" asserts="0" description="Export-EvergreenManifest.Validate Export-EvergreenManifest works with: TechSmithCamtasia.">
                <results>
                  <test-case description="'Export-EvergreenManifest -Name TechSmithCamtasia' should not Throw" name="Export-EvergreenManifest.Validate Export-EvergreenManifest works with: TechSmithCamtasia..'Export-EvergreenManifest -Name TechSmithCamtasia' should not Throw" time="0.2418" asserts="0" success="True" result="Success" executed="True" />
                  <test-case description="TechSmithCamtasia has expected properties" name="Export-EvergreenManifest.Validate Export-EvergreenManifest works with: TechSmithCamtasia..TechSmithCamtasia has expected properties" time="0.3216" asserts="0" success="True" result="Success" executed="True" />
                </results>
              </test-suite>
            </results>
          </test-suite>
          <test-suite type="TestFixture" name="Export-EvergreenManifest" executed="True" result="Success" success="True" time="743.2102" asserts="0" description="Export-EvergreenManifest">
            <results>
              <test-suite type="TestFixture" name="Export-EvergreenManifest.Validate Export-EvergreenManifest works with: OnlyOfficeDesktopEditors." executed="True" result="Success" success="True" time="0.65" asserts="0" description="Export-EvergreenManifest.Validate Export-EvergreenManifest works with: OnlyOfficeDesktopEditors.">
                <results>
                  <test-case description="'Export-EvergreenManifest -Name OnlyOfficeDesktopEditors' should not Throw" name="Export-EvergreenManifest.Validate Export-EvergreenManifest works with: OnlyOfficeDesktopEditors..'Export-EvergreenManifest -Name OnlyOfficeDesktopEditors' should not Throw" time="0.2368" asserts="0" success="True" result="Success" executed="True" />
                  <test-case description="OnlyOfficeDesktopEditors has expected properties" name="Export-EvergreenManifest.Validate Export-EvergreenManifest works with: OnlyOfficeDesktopEditors..OnlyOfficeDesktopEditors has expected properties" time="0.2719" asserts="0" success="True" result="Success" executed="True" />
                </results>
              </test-suite>
            </results>
          </test-suite>
          <test-suite type="TestFixture" name="Export-EvergreenManifest" executed="True" result="Success" success="True" time="743.9444" asserts="0" description="Export-EvergreenManifest">
            <results>
              <test-suite type="TestFixture" name="Export-EvergreenManifest.Validate Export-EvergreenManifest works with: RizonesoftNotepad3." executed="True" result="Success" success="True" time="0.6058" asserts="0" description="Export-EvergreenManifest.Validate Export-EvergreenManifest works with: RizonesoftNotepad3.">
                <results>
                  <test-case description="'Export-EvergreenManifest -Name RizonesoftNotepad3' should not Throw" name="Export-EvergreenManifest.Validate Export-EvergreenManifest works with: RizonesoftNotepad3..'Export-EvergreenManifest -Name RizonesoftNotepad3' should not Throw" time="0.2086" asserts="0" success="True" result="Success" executed="True" />
                  <test-case description="RizonesoftNotepad3 has expected properties" name="Export-EvergreenManifest.Validate Export-EvergreenManifest works with: RizonesoftNotepad3..RizonesoftNotepad3 has expected properties" time="0.2612" asserts="0" success="True" result="Success" executed="True" />
                </results>
              </test-suite>
            </results>
          </test-suite>
          <test-suite type="TestFixture" name="Export-EvergreenManifest" executed="True" result="Success" success="True" time="744.7578" asserts="0" description="Export-EvergreenManifest">
            <results>
              <test-suite type="TestFixture" name="Export-EvergreenManifest.Validate Export-EvergreenManifest works with: ConnectionExperienceIndicator." executed="True" result="Success" success="True" time="0.6694" asserts="0" description="Export-EvergreenManifest.Validate Export-EvergreenManifest works with: ConnectionExperienceIndicator.">
                <results>
                  <test-case description="'Export-EvergreenManifest -Name ConnectionExperienceIndicator' should not Throw" name="Export-EvergreenManifest.Validate Export-EvergreenManifest works with: ConnectionExperienceIndicator..'Export-EvergreenManifest -Name ConnectionExperienceIndicator' should not Throw" time="0.2275" asserts="0" success="True" result="Success" executed="True" />
                  <test-case description="ConnectionExperienceIndicator has expected properties" name="Export-EvergreenManifest.Validate Export-EvergreenManifest works with: ConnectionExperienceIndicator..ConnectionExperienceIndicator has expected properties" time="0.2937" asserts="0" success="True" result="Success" executed="True" />
                </results>
              </test-suite>
            </results>
          </test-suite>
          <test-suite type="TestFixture" name="Export-EvergreenManifest" executed="True" result="Success" success="True" time="745.5406" asserts="0" description="Export-EvergreenManifest">
            <results>
              <test-suite type="TestFixture" name="Export-EvergreenManifest.Validate Export-EvergreenManifest works with: VisualCppRedistAIO." executed="True" result="Success" success="True" time="0.6523" asserts="0" description="Export-EvergreenManifest.Validate Export-EvergreenManifest works with: VisualCppRedistAIO.">
                <results>
                  <test-case description="'Export-EvergreenManifest -Name VisualCppRedistAIO' should not Throw" name="Export-EvergreenManifest.Validate Export-EvergreenManifest works with: VisualCppRedistAIO..'Export-EvergreenManifest -Name VisualCppRedistAIO' should not Throw" time="0.2173" asserts="0" success="True" result="Success" executed="True" />
                  <test-case description="VisualCppRedistAIO has expected properties" name="Export-EvergreenManifest.Validate Export-EvergreenManifest works with: VisualCppRedistAIO..VisualCppRedistAIO has expected properties" time="0.2907" asserts="0" success="True" result="Success" executed="True" />
                </results>
              </test-suite>
            </results>
          </test-suite>
          <test-suite type="TestFixture" name="Export-EvergreenManifest" executed="True" result="Success" success="True" time="746.254" asserts="0" description="Export-EvergreenManifest">
            <results>
              <test-suite type="TestFixture" name="Export-EvergreenManifest.Validate Export-EvergreenManifest works with: Fork." executed="True" result="Success" success="True" time="0.5916" asserts="0" description="Export-EvergreenManifest.Validate Export-EvergreenManifest works with: Fork.">
                <results>
                  <test-case description="'Export-EvergreenManifest -Name Fork' should not Throw" name="Export-EvergreenManifest.Validate Export-EvergreenManifest works with: Fork..'Export-EvergreenManifest -Name Fork' should not Throw" time="0.1999" asserts="0" success="True" result="Success" executed="True" />
                  <test-case description="Fork has expected properties" name="Export-EvergreenManifest.Validate Export-EvergreenManifest works with: Fork..Fork has expected properties" time="0.2554" asserts="0" success="True" result="Success" executed="True" />
                </results>
              </test-suite>
            </results>
          </test-suite>
          <test-suite type="TestFixture" name="Export-EvergreenManifest" executed="True" result="Success" success="True" time="747.0624" asserts="0" description="Export-EvergreenManifest">
            <results>
              <test-suite type="TestFixture" name="Export-EvergreenManifest.Validate Export-EvergreenManifest works with: dbeaver." executed="True" result="Success" success="True" time="0.6691" asserts="0" description="Export-EvergreenManifest.Validate Export-EvergreenManifest works with: dbeaver.">
                <results>
                  <test-case description="'Export-EvergreenManifest -Name dbeaver' should not Throw" name="Export-EvergreenManifest.Validate Export-EvergreenManifest works with: dbeaver..'Export-EvergreenManifest -Name dbeaver' should not Throw" time="0.2323" asserts="0" success="True" result="Success" executed="True" />
                  <test-case description="dbeaver has expected properties" name="Export-EvergreenManifest.Validate Export-EvergreenManifest works with: dbeaver..dbeaver has expected properties" time="0.2873" asserts="0" success="True" result="Success" executed="True" />
                </results>
              </test-suite>
            </results>
          </test-suite>
          <test-suite type="TestFixture" name="Export-EvergreenManifest" executed="True" result="Success" success="True" time="747.8599" asserts="0" description="Export-EvergreenManifest">
            <results>
              <test-suite type="TestFixture" name="Export-EvergreenManifest.Validate Export-EvergreenManifest works with: BlenderLauncher." executed="True" result="Success" success="True" time="0.6683" asserts="0" description="Export-EvergreenManifest.Validate Export-EvergreenManifest works with: BlenderLauncher.">
                <results>
                  <test-case description="'Export-EvergreenManifest -Name BlenderLauncher' should not Throw" name="Export-EvergreenManifest.Validate Export-EvergreenManifest works with: BlenderLauncher..'Export-EvergreenManifest -Name BlenderLauncher' should not Throw" time="0.2335" asserts="0" success="True" result="Success" executed="True" />
                  <test-case description="BlenderLauncher has expected properties" name="Export-EvergreenManifest.Validate Export-EvergreenManifest works with: BlenderLauncher..BlenderLauncher has expected properties" time="0.2894" asserts="0" success="True" result="Success" executed="True" />
                </results>
              </test-suite>
            </results>
          </test-suite>
          <test-suite type="TestFixture" name="Export-EvergreenManifest" executed="True" result="Success" success="True" time="748.5799" asserts="0" description="Export-EvergreenManifest">
            <results>
              <test-suite type="TestFixture" name="Export-EvergreenManifest.Validate Export-EvergreenManifest works with: VercelHyper." executed="True" result="Success" success="True" time="0.6031" asserts="0" description="Export-EvergreenManifest.Validate Export-EvergreenManifest works with: VercelHyper.">
                <results>
                  <test-case description="'Export-EvergreenManifest -Name VercelHyper' should not Throw" name="Export-EvergreenManifest.Validate Export-EvergreenManifest works with: VercelHyper..'Export-EvergreenManifest -Name VercelHyper' should not Throw" time="0.2158" asserts="0" success="True" result="Success" executed="True" />
                  <test-case description="VercelHyper has expected properties" name="Export-EvergreenManifest.Validate Export-EvergreenManifest works with: VercelHyper..VercelHyper has expected properties" time="0.265" asserts="0" success="True" result="Success" executed="True" />
                </results>
              </test-suite>
            </results>
          </test-suite>
          <test-suite type="TestFixture" name="Export-EvergreenManifest" executed="True" result="Success" success="True" time="749.2722" asserts="0" description="Export-EvergreenManifest">
            <results>
              <test-suite type="TestFixture" name="Export-EvergreenManifest.Validate Export-EvergreenManifest works with: DebaucheeBarrier." executed="True" result="Success" success="True" time="0.5739" asserts="0" description="Export-EvergreenManifest.Validate Export-EvergreenManifest works with: DebaucheeBarrier.">
                <results>
                  <test-case description="'Export-EvergreenManifest -Name DebaucheeBarrier' should not Throw" name="Export-EvergreenManifest.Validate Export-EvergreenManifest works with: DebaucheeBarrier..'Export-EvergreenManifest -Name DebaucheeBarrier' should not Throw" time="0.1905" asserts="0" success="True" result="Success" executed="True" />
                  <test-case description="DebaucheeBarrier has expected properties" name="Export-EvergreenManifest.Validate Export-EvergreenManifest works with: DebaucheeBarrier..DebaucheeBarrier has expected properties" time="0.2504" asserts="0" success="True" result="Success" executed="True" />
                </results>
              </test-suite>
            </results>
          </test-suite>
          <test-suite type="TestFixture" name="Export-EvergreenManifest" executed="True" result="Success" success="True" time="750.0334" asserts="0" description="Export-EvergreenManifest">
            <results>
              <test-suite type="TestFixture" name="Export-EvergreenManifest.Validate Export-EvergreenManifest works with: TrackerSoftwarePDFXChangeEditor." executed="True" result="Success" success="True" time="0.6401" asserts="0" description="Export-EvergreenManifest.Validate Export-EvergreenManifest works with: TrackerSoftwarePDFXChangeEditor.">
                <results>
                  <test-case description="'Export-EvergreenManifest -Name TrackerSoftwarePDFXChangeEditor' should not Throw" name="Export-EvergreenManifest.Validate Export-EvergreenManifest works with: TrackerSoftwarePDFXChangeEditor..'Export-EvergreenManifest -Name TrackerSoftwarePDFXChangeEditor' should not Throw" time="0.2202" asserts="0" success="True" result="Success" executed="True" />
                  <test-case description="TrackerSoftwarePDFXChangeEditor has expected properties" name="Export-EvergreenManifest.Validate Export-EvergreenManifest works with: TrackerSoftwarePDFXChangeEditor..TrackerSoftwarePDFXChangeEditor has expected properties" time="0.2848" asserts="0" success="True" result="Success" executed="True" />
                </results>
              </test-suite>
            </results>
          </test-suite>
          <test-suite type="TestFixture" name="Export-EvergreenManifest" executed="True" result="Success" success="True" time="750.7757" asserts="0" description="Export-EvergreenManifest">
            <results>
              <test-suite type="TestFixture" name="Export-EvergreenManifest.Validate Export-EvergreenManifest works with: ESETPROTECTServer." executed="True" result="Success" success="True" time="0.6189" asserts="0" description="Export-EvergreenManifest.Validate Export-EvergreenManifest works with: ESETPROTECTServer.">
                <results>
                  <test-case description="'Export-EvergreenManifest -Name ESETPROTECTServer' should not Throw" name="Export-EvergreenManifest.Validate Export-EvergreenManifest works with: ESETPROTECTServer..'Export-EvergreenManifest -Name ESETPROTECTServer' should not Throw" time="0.2192" asserts="0" success="True" result="Success" executed="True" />
                  <test-case description="ESETPROTECTServer has expected properties" name="Export-EvergreenManifest.Validate Export-EvergreenManifest works with: ESETPROTECTServer..ESETPROTECTServer has expected properties" time="0.2714" asserts="0" success="True" result="Success" executed="True" />
                </results>
              </test-suite>
            </results>
          </test-suite>
          <test-suite type="TestFixture" name="Export-EvergreenManifest" executed="True" result="Success" success="True" time="751.5511" asserts="0" description="Export-EvergreenManifest">
            <results>
              <test-suite type="TestFixture" name="Export-EvergreenManifest.Validate Export-EvergreenManifest works with: CodelerityApacheNetBeans." executed="True" result="Success" success="True" time="0.6492" asserts="0" description="Export-EvergreenManifest.Validate Export-EvergreenManifest works with: CodelerityApacheNetBeans.">
                <results>
                  <test-case description="'Export-EvergreenManifest -Name CodelerityApacheNetBeans' should not Throw" name="Export-EvergreenManifest.Validate Export-EvergreenManifest works with: CodelerityApacheNetBeans..'Export-EvergreenManifest -Name CodelerityApacheNetBeans' should not Throw" time="0.2111" asserts="0" success="True" result="Success" executed="True" />
                  <test-case description="CodelerityApacheNetBeans has expected properties" name="Export-EvergreenManifest.Validate Export-EvergreenManifest works with: CodelerityApacheNetBeans..CodelerityApacheNetBeans has expected properties" time="0.3046" asserts="0" success="True" result="Success" executed="True" />
                </results>
              </test-suite>
            </results>
          </test-suite>
          <test-suite type="TestFixture" name="Export-EvergreenManifest" executed="True" result="Success" success="True" time="752.3911" asserts="0" description="Export-EvergreenManifest">
            <results>
              <test-suite type="TestFixture" name="Export-EvergreenManifest.Validate Export-EvergreenManifest works with: MicrosoftAzureDataStudio." executed="True" result="Success" success="True" time="0.7136" asserts="0" description="Export-EvergreenManifest.Validate Export-EvergreenManifest works with: MicrosoftAzureDataStudio.">
                <results>
                  <test-case description="'Export-EvergreenManifest -Name MicrosoftAzureDataStudio' should not Throw" name="Export-EvergreenManifest.Validate Export-EvergreenManifest works with: MicrosoftAzureDataStudio..'Export-EvergreenManifest -Name MicrosoftAzureDataStudio' should not Throw" time="0.249" asserts="0" success="True" result="Success" executed="True" />
                  <test-case description="MicrosoftAzureDataStudio has expected properties" name="Export-EvergreenManifest.Validate Export-EvergreenManifest works with: MicrosoftAzureDataStudio..MicrosoftAzureDataStudio has expected properties" time="0.2985" asserts="0" success="True" result="Success" executed="True" />
                </results>
              </test-suite>
            </results>
          </test-suite>
          <test-suite type="TestFixture" name="Export-EvergreenManifest" executed="True" result="Success" success="True" time="753.2898" asserts="0" description="Export-EvergreenManifest">
            <results>
              <test-suite type="TestFixture" name="Export-EvergreenManifest.Validate Export-EvergreenManifest works with: Zoom." executed="True" result="Success" success="True" time="0.7773" asserts="0" description="Export-EvergreenManifest.Validate Export-EvergreenManifest works with: Zoom.">
                <results>
                  <test-case description="'Export-EvergreenManifest -Name Zoom' should not Throw" name="Export-EvergreenManifest.Validate Export-EvergreenManifest works with: Zoom..'Export-EvergreenManifest -Name Zoom' should not Throw" time="0.2951" asserts="0" success="True" result="Success" executed="True" />
                  <test-case description="Zoom has expected properties" name="Export-EvergreenManifest.Validate Export-EvergreenManifest works with: Zoom..Zoom has expected properties" time="0.3467" asserts="0" success="True" result="Success" executed="True" />
                </results>
              </test-suite>
            </results>
          </test-suite>
          <test-suite type="TestFixture" name="Export-EvergreenManifest" executed="True" result="Success" success="True" time="754.0493" asserts="0" description="Export-EvergreenManifest">
            <results>
              <test-suite type="TestFixture" name="Export-EvergreenManifest.Validate Export-EvergreenManifest works with: mRemoteNG." executed="True" result="Success" success="True" time="0.6325" asserts="0" description="Export-EvergreenManifest.Validate Export-EvergreenManifest works with: mRemoteNG.">
                <results>
                  <test-case description="'Export-EvergreenManifest -Name mRemoteNG' should not Throw" name="Export-EvergreenManifest.Validate Export-EvergreenManifest works with: mRemoteNG..'Export-EvergreenManifest -Name mRemoteNG' should not Throw" time="0.204" asserts="0" success="True" result="Success" executed="True" />
                  <test-case description="mRemoteNG has expected properties" name="Export-EvergreenManifest.Validate Export-EvergreenManifest works with: mRemoteNG..mRemoteNG has expected properties" time="0.2905" asserts="0" success="True" result="Success" executed="True" />
                </results>
              </test-suite>
            </results>
          </test-suite>
          <test-suite type="TestFixture" name="Export-EvergreenManifest" executed="True" result="Success" success="True" time="755.06" asserts="0" description="Export-EvergreenManifest">
            <results>
              <test-suite type="TestFixture" name="Export-EvergreenManifest.Validate Export-EvergreenManifest works with: Microsoft365Apps." executed="True" result="Success" success="True" time="0.8779" asserts="0" description="Export-EvergreenManifest.Validate Export-EvergreenManifest works with: Microsoft365Apps.">
                <results>
                  <test-case description="'Export-EvergreenManifest -Name Microsoft365Apps' should not Throw" name="Export-EvergreenManifest.Validate Export-EvergreenManifest works with: Microsoft365Apps..'Export-EvergreenManifest -Name Microsoft365Apps' should not Throw" time="0.3286" asserts="0" success="True" result="Success" executed="True" />
                  <test-case description="Microsoft365Apps has expected properties" name="Export-EvergreenManifest.Validate Export-EvergreenManifest works with: Microsoft365Apps..Microsoft365Apps has expected properties" time="0.4043" asserts="0" success="True" result="Success" executed="True" />
                </results>
              </test-suite>
            </results>
          </test-suite>
          <test-suite type="TestFixture" name="Export-EvergreenManifest" executed="True" result="Success" success="True" time="755.771" asserts="0" description="Export-EvergreenManifest">
            <results>
              <test-suite type="TestFixture" name="Export-EvergreenManifest.Validate Export-EvergreenManifest works with: OpenWebStart." executed="True" result="Success" success="True" time="0.5911" asserts="0" description="Export-EvergreenManifest.Validate Export-EvergreenManifest works with: OpenWebStart.">
                <results>
                  <test-case description="'Export-EvergreenManifest -Name OpenWebStart' should not Throw" name="Export-EvergreenManifest.Validate Export-EvergreenManifest works with: OpenWebStart..'Export-EvergreenManifest -Name OpenWebStart' should not Throw" time="0.2119" asserts="0" success="True" result="Success" executed="True" />
                  <test-case description="OpenWebStart has expected properties" name="Export-EvergreenManifest.Validate Export-EvergreenManifest works with: OpenWebStart..OpenWebStart has expected properties" time="0.2505" asserts="0" success="True" result="Success" executed="True" />
                </results>
              </test-suite>
            </results>
          </test-suite>
          <test-suite type="TestFixture" name="Export-EvergreenManifest" executed="True" result="Success" success="True" time="756.5088" asserts="0" description="Export-EvergreenManifest">
            <results>
              <test-suite type="TestFixture" name="Export-EvergreenManifest.Validate Export-EvergreenManifest works with: CendioThinLinc." executed="True" result="Success" success="True" time="0.618" asserts="0" description="Export-EvergreenManifest.Validate Export-EvergreenManifest works with: CendioThinLinc.">
                <results>
                  <test-case description="'Export-EvergreenManifest -Name CendioThinLinc' should not Throw" name="Export-EvergreenManifest.Validate Export-EvergreenManifest works with: CendioThinLinc..'Export-EvergreenManifest -Name CendioThinLinc' should not Throw" time="0.2168" asserts="0" success="True" result="Success" executed="True" />
                  <test-case description="CendioThinLinc has expected properties" name="Export-EvergreenManifest.Validate Export-EvergreenManifest works with: CendioThinLinc..CendioThinLinc has expected properties" time="0.2675" asserts="0" success="True" result="Success" executed="True" />
                </results>
              </test-suite>
            </results>
          </test-suite>
          <test-suite type="TestFixture" name="Export-EvergreenManifest" executed="True" result="Success" success="True" time="757.2517" asserts="0" description="Export-EvergreenManifest">
            <results>
              <test-suite type="TestFixture" name="Export-EvergreenManifest.Validate Export-EvergreenManifest works with: JetBrainsIntelliJIDEA." executed="True" result="Success" success="True" time="0.6235" asserts="0" description="Export-EvergreenManifest.Validate Export-EvergreenManifest works with: JetBrainsIntelliJIDEA.">
                <results>
                  <test-case description="'Export-EvergreenManifest -Name JetBrainsIntelliJIDEA' should not Throw" name="Export-EvergreenManifest.Validate Export-EvergreenManifest works with: JetBrainsIntelliJIDEA..'Export-EvergreenManifest -Name JetBrainsIntelliJIDEA' should not Throw" time="0.2167" asserts="0" success="True" result="Success" executed="True" />
                  <test-case description="JetBrainsIntelliJIDEA has expected properties" name="Export-EvergreenManifest.Validate Export-EvergreenManifest works with: JetBrainsIntelliJIDEA..JetBrainsIntelliJIDEA has expected properties" time="0.2824" asserts="0" success="True" result="Success" executed="True" />
                </results>
              </test-suite>
            </results>
          </test-suite>
          <test-suite type="TestFixture" name="Export-EvergreenManifest" executed="True" result="Success" success="True" time="757.9981" asserts="0" description="Export-EvergreenManifest">
            <results>
              <test-suite type="TestFixture" name="Export-EvergreenManifest.Validate Export-EvergreenManifest works with: MicrosoftVisualStudio." executed="True" result="Success" success="True" time="0.6181" asserts="0" description="Export-EvergreenManifest.Validate Export-EvergreenManifest works with: MicrosoftVisualStudio.">
                <results>
                  <test-case description="'Export-EvergreenManifest -Name MicrosoftVisualStudio' should not Throw" name="Export-EvergreenManifest.Validate Export-EvergreenManifest works with: MicrosoftVisualStudio..'Export-EvergreenManifest -Name MicrosoftVisualStudio' should not Throw" time="0.2169" asserts="0" success="True" result="Success" executed="True" />
                  <test-case description="MicrosoftVisualStudio has expected properties" name="Export-EvergreenManifest.Validate Export-EvergreenManifest works with: MicrosoftVisualStudio..MicrosoftVisualStudio has expected properties" time="0.268" asserts="0" success="True" result="Success" executed="True" />
                </results>
              </test-suite>
            </results>
          </test-suite>
          <test-suite type="TestFixture" name="Export-EvergreenManifest" executed="True" result="Success" success="True" time="758.7224" asserts="0" description="Export-EvergreenManifest">
            <results>
              <test-suite type="TestFixture" name="Export-EvergreenManifest.Validate Export-EvergreenManifest works with: ScreenToGif." executed="True" result="Success" success="True" time="0.6016" asserts="0" description="Export-EvergreenManifest.Validate Export-EvergreenManifest works with: ScreenToGif.">
                <results>
                  <test-case description="'Export-EvergreenManifest -Name ScreenToGif' should not Throw" name="Export-EvergreenManifest.Validate Export-EvergreenManifest works with: ScreenToGif..'Export-EvergreenManifest -Name ScreenToGif' should not Throw" time="0.2083" asserts="0" success="True" result="Success" executed="True" />
                  <test-case description="ScreenToGif has expected properties" name="Export-EvergreenManifest.Validate Export-EvergreenManifest works with: ScreenToGif..ScreenToGif has expected properties" time="0.2621" asserts="0" success="True" result="Success" executed="True" />
                </results>
              </test-suite>
            </results>
          </test-suite>
          <test-suite type="TestFixture" name="Export-EvergreenManifest" executed="True" result="Success" success="True" time="759.4244" asserts="0" description="Export-EvergreenManifest">
            <results>
              <test-suite type="TestFixture" name="Export-EvergreenManifest.Validate Export-EvergreenManifest works with: DoubleCommander." executed="True" result="Success" success="True" time="0.5864" asserts="0" description="Export-EvergreenManifest.Validate Export-EvergreenManifest works with: DoubleCommander.">
                <results>
                  <test-case description="'Export-EvergreenManifest -Name DoubleCommander' should not Throw" name="Export-EvergreenManifest.Validate Export-EvergreenManifest works with: DoubleCommander..'Export-EvergreenManifest -Name DoubleCommander' should not Throw" time="0.1998" asserts="0" success="True" result="Success" executed="True" />
                  <test-case description="DoubleCommander has expected properties" name="Export-EvergreenManifest.Validate Export-EvergreenManifest works with: DoubleCommander..DoubleCommander has expected properties" time="0.2554" asserts="0" success="True" result="Success" executed="True" />
                </results>
              </test-suite>
            </results>
          </test-suite>
          <test-suite type="TestFixture" name="Export-EvergreenManifest" executed="True" result="Success" success="True" time="760.1255" asserts="0" description="Export-EvergreenManifest">
            <results>
              <test-suite type="TestFixture" name="Export-EvergreenManifest.Validate Export-EvergreenManifest works with: MestrelabMnova." executed="True" result="Success" success="True" time="0.58" asserts="0" description="Export-EvergreenManifest.Validate Export-EvergreenManifest works with: MestrelabMnova.">
                <results>
                  <test-case description="'Export-EvergreenManifest -Name MestrelabMnova' should not Throw" name="Export-EvergreenManifest.Validate Export-EvergreenManifest works with: MestrelabMnova..'Export-EvergreenManifest -Name MestrelabMnova' should not Throw" time="0.2067" asserts="0" success="True" result="Success" executed="True" />
                  <test-case description="MestrelabMnova has expected properties" name="Export-EvergreenManifest.Validate Export-EvergreenManifest works with: MestrelabMnova..MestrelabMnova has expected properties" time="0.2437" asserts="0" success="True" result="Success" executed="True" />
                </results>
              </test-suite>
            </results>
          </test-suite>
          <test-suite type="TestFixture" name="Export-EvergreenManifest" executed="True" result="Success" success="True" time="760.8972" asserts="0" description="Export-EvergreenManifest">
            <results>
              <test-suite type="TestFixture" name="Export-EvergreenManifest.Validate Export-EvergreenManifest works with: PiriformCCleanerFree." executed="True" result="Success" success="True" time="0.6432" asserts="0" description="Export-EvergreenManifest.Validate Export-EvergreenManifest works with: PiriformCCleanerFree.">
                <results>
                  <test-case description="'Export-EvergreenManifest -Name PiriformCCleanerFree' should not Throw" name="Export-EvergreenManifest.Validate Export-EvergreenManifest works with: PiriformCCleanerFree..'Export-EvergreenManifest -Name PiriformCCleanerFree' should not Throw" time="0.2164" asserts="0" success="True" result="Success" executed="True" />
                  <test-case description="PiriformCCleanerFree has expected properties" name="Export-EvergreenManifest.Validate Export-EvergreenManifest works with: PiriformCCleanerFree..PiriformCCleanerFree has expected properties" time="0.2942" asserts="0" success="True" result="Success" executed="True" />
                </results>
              </test-suite>
            </results>
          </test-suite>
          <test-suite type="TestFixture" name="Export-EvergreenManifest" executed="True" result="Success" success="True" time="761.7239" asserts="0" description="Export-EvergreenManifest">
            <results>
              <test-suite type="TestFixture" name="Export-EvergreenManifest.Validate Export-EvergreenManifest works with: RingCentral." executed="True" result="Success" success="True" time="0.6967" asserts="0" description="Export-EvergreenManifest.Validate Export-EvergreenManifest works with: RingCentral.">
                <results>
                  <test-case description="'Export-EvergreenManifest -Name RingCentral' should not Throw" name="Export-EvergreenManifest.Validate Export-EvergreenManifest works with: RingCentral..'Export-EvergreenManifest -Name RingCentral' should not Throw" time="0.2565" asserts="0" success="True" result="Success" executed="True" />
                  <test-case description="RingCentral has expected properties" name="Export-EvergreenManifest.Validate Export-EvergreenManifest works with: RingCentral..RingCentral has expected properties" time="0.2908" asserts="0" success="True" result="Success" executed="True" />
                </results>
              </test-suite>
            </results>
          </test-suite>
          <test-suite type="TestFixture" name="Export-EvergreenManifest" executed="True" result="Success" success="True" time="762.4643" asserts="0" description="Export-EvergreenManifest">
            <results>
              <test-suite type="TestFixture" name="Export-EvergreenManifest.Validate Export-EvergreenManifest works with: MiniZincIDE." executed="True" result="Success" success="True" time="0.6206" asserts="0" description="Export-EvergreenManifest.Validate Export-EvergreenManifest works with: MiniZincIDE.">
                <results>
                  <test-case description="'Export-EvergreenManifest -Name MiniZincIDE' should not Throw" name="Export-EvergreenManifest.Validate Export-EvergreenManifest works with: MiniZincIDE..'Export-EvergreenManifest -Name MiniZincIDE' should not Throw" time="0.2109" asserts="0" success="True" result="Success" executed="True" />
                  <test-case description="MiniZincIDE has expected properties" name="Export-EvergreenManifest.Validate Export-EvergreenManifest works with: MiniZincIDE..MiniZincIDE has expected properties" time="0.275" asserts="0" success="True" result="Success" executed="True" />
                </results>
              </test-suite>
            </results>
          </test-suite>
          <test-suite type="TestFixture" name="Export-EvergreenManifest" executed="True" result="Success" success="True" time="763.185" asserts="0" description="Export-EvergreenManifest">
            <results>
              <test-suite type="TestFixture" name="Export-EvergreenManifest.Validate Export-EvergreenManifest works with: HashicorpBoundary." executed="True" result="Success" success="True" time="0.6025" asserts="0" description="Export-EvergreenManifest.Validate Export-EvergreenManifest works with: HashicorpBoundary.">
                <results>
                  <test-case description="'Export-EvergreenManifest -Name HashicorpBoundary' should not Throw" name="Export-EvergreenManifest.Validate Export-EvergreenManifest works with: HashicorpBoundary..'Export-EvergreenManifest -Name HashicorpBoundary' should not Throw" time="0.2144" asserts="0" success="True" result="Success" executed="True" />
                  <test-case description="HashicorpBoundary has expected properties" name="Export-EvergreenManifest.Validate Export-EvergreenManifest works with: HashicorpBoundary..HashicorpBoundary has expected properties" time="0.263" asserts="0" success="True" result="Success" executed="True" />
                </results>
              </test-suite>
            </results>
          </test-suite>
          <test-suite type="TestFixture" name="Export-EvergreenManifest" executed="True" result="Success" success="True" time="763.8805" asserts="0" description="Export-EvergreenManifest">
            <results>
              <test-suite type="TestFixture" name="Export-EvergreenManifest.Validate Export-EvergreenManifest works with: JamTreeSizeFree." executed="True" result="Success" success="True" time="0.5775" asserts="0" description="Export-EvergreenManifest.Validate Export-EvergreenManifest works with: JamTreeSizeFree.">
                <results>
                  <test-case description="'Export-EvergreenManifest -Name JamTreeSizeFree' should not Throw" name="Export-EvergreenManifest.Validate Export-EvergreenManifest works with: JamTreeSizeFree..'Export-EvergreenManifest -Name JamTreeSizeFree' should not Throw" time="0.2064" asserts="0" success="True" result="Success" executed="True" />
                  <test-case description="JamTreeSizeFree has expected properties" name="Export-EvergreenManifest.Validate Export-EvergreenManifest works with: JamTreeSizeFree..JamTreeSizeFree has expected properties" time="0.2475" asserts="0" success="True" result="Success" executed="True" />
                </results>
              </test-suite>
            </results>
          </test-suite>
          <test-suite type="TestFixture" name="Export-EvergreenManifest" executed="True" result="Success" success="True" time="764.5817" asserts="0" description="Export-EvergreenManifest">
            <results>
              <test-suite type="TestFixture" name="Export-EvergreenManifest.Validate Export-EvergreenManifest works with: AdoptOpenJDK16." executed="True" result="Success" success="True" time="0.5824" asserts="0" description="Export-EvergreenManifest.Validate Export-EvergreenManifest works with: AdoptOpenJDK16.">
                <results>
                  <test-case description="'Export-EvergreenManifest -Name AdoptOpenJDK16' should not Throw" name="Export-EvergreenManifest.Validate Export-EvergreenManifest works with: AdoptOpenJDK16..'Export-EvergreenManifest -Name AdoptOpenJDK16' should not Throw" time="0.1949" asserts="0" success="True" result="Success" executed="True" />
                  <test-case description="AdoptOpenJDK16 has expected properties" name="Export-EvergreenManifest.Validate Export-EvergreenManifest works with: AdoptOpenJDK16..AdoptOpenJDK16 has expected properties" time="0.2599" asserts="0" success="True" result="Success" executed="True" />
                </results>
              </test-suite>
            </results>
          </test-suite>
          <test-suite type="TestFixture" name="Export-EvergreenManifest" executed="True" result="Success" success="True" time="765.3586" asserts="0" description="Export-EvergreenManifest">
            <results>
              <test-suite type="TestFixture" name="Export-EvergreenManifest.Validate Export-EvergreenManifest works with: ZorgmailVeiligVerzendenAddin." executed="True" result="Success" success="True" time="0.6531" asserts="0" description="Export-EvergreenManifest.Validate Export-EvergreenManifest works with: ZorgmailVeiligVerzendenAddin.">
                <results>
                  <test-case description="'Export-EvergreenManifest -Name ZorgmailVeiligVerzendenAddin' should not Throw" name="Export-EvergreenManifest.Validate Export-EvergreenManifest works with: ZorgmailVeiligVerzendenAddin..'Export-EvergreenManifest -Name ZorgmailVeiligVerzendenAddin' should not Throw" time="0.2345" asserts="0" success="True" result="Success" executed="True" />
                  <test-case description="ZorgmailVeiligVerzendenAddin has expected properties" name="Export-EvergreenManifest.Validate Export-EvergreenManifest works with: ZorgmailVeiligVerzendenAddin..ZorgmailVeiligVerzendenAddin has expected properties" time="0.2887" asserts="0" success="True" result="Success" executed="True" />
                </results>
              </test-suite>
            </results>
          </test-suite>
          <test-suite type="TestFixture" name="Export-EvergreenManifest" executed="True" result="Success" success="True" time="766.0679" asserts="0" description="Export-EvergreenManifest">
            <results>
              <test-suite type="TestFixture" name="Export-EvergreenManifest.Validate Export-EvergreenManifest works with: Notable." executed="True" result="Success" success="True" time="0.5888" asserts="0" description="Export-EvergreenManifest.Validate Export-EvergreenManifest works with: Notable.">
                <results>
                  <test-case description="'Export-EvergreenManifest -Name Notable' should not Throw" name="Export-EvergreenManifest.Validate Export-EvergreenManifest works with: Notable..'Export-EvergreenManifest -Name Notable' should not Throw" time="0.2031" asserts="0" success="True" result="Success" executed="True" />
                  <test-case description="Notable has expected properties" name="Export-EvergreenManifest.Validate Export-EvergreenManifest works with: Notable..Notable has expected properties" time="0.2548" asserts="0" success="True" result="Success" executed="True" />
                </results>
              </test-suite>
            </results>
          </test-suite>
          <test-suite type="TestFixture" name="Export-EvergreenManifest" executed="True" result="Success" success="True" time="766.7768" asserts="0" description="Export-EvergreenManifest">
            <results>
              <test-suite type="TestFixture" name="Export-EvergreenManifest.Validate Export-EvergreenManifest works with: EgnyteDesktopApp." executed="True" result="Success" success="True" time="0.5863" asserts="0" description="Export-EvergreenManifest.Validate Export-EvergreenManifest works with: EgnyteDesktopApp.">
                <results>
                  <test-case description="'Export-EvergreenManifest -Name EgnyteDesktopApp' should not Throw" name="Export-EvergreenManifest.Validate Export-EvergreenManifest works with: EgnyteDesktopApp..'Export-EvergreenManifest -Name EgnyteDesktopApp' should not Throw" time="0.2019" asserts="0" success="True" result="Success" executed="True" />
                  <test-case description="EgnyteDesktopApp has expected properties" name="Export-EvergreenManifest.Validate Export-EvergreenManifest works with: EgnyteDesktopApp..EgnyteDesktopApp has expected properties" time="0.2538" asserts="0" success="True" result="Success" executed="True" />
                </results>
              </test-suite>
            </results>
          </test-suite>
          <test-suite type="TestFixture" name="Export-EvergreenManifest" executed="True" result="Success" success="True" time="767.5216" asserts="0" description="Export-EvergreenManifest">
            <results>
              <test-suite type="TestFixture" name="Export-EvergreenManifest.Validate Export-EvergreenManifest works with: ESETSecureAuthentication." executed="True" result="Success" success="True" time="0.6213" asserts="0" description="Export-EvergreenManifest.Validate Export-EvergreenManifest works with: ESETSecureAuthentication.">
                <results>
                  <test-case description="'Export-EvergreenManifest -Name ESETSecureAuthentication' should not Throw" name="Export-EvergreenManifest.Validate Export-EvergreenManifest works with: ESETSecureAuthentication..'Export-EvergreenManifest -Name ESETSecureAuthentication' should not Throw" time="0.2193" asserts="0" success="True" result="Success" executed="True" />
                  <test-case description="ESETSecureAuthentication has expected properties" name="Export-EvergreenManifest.Validate Export-EvergreenManifest works with: ESETSecureAuthentication..ESETSecureAuthentication has expected properties" time="0.273" asserts="0" success="True" result="Success" executed="True" />
                </results>
              </test-suite>
            </results>
          </test-suite>
          <test-suite type="TestFixture" name="Export-EvergreenManifest" executed="True" result="Success" success="True" time="768.3039" asserts="0" description="Export-EvergreenManifest">
            <results>
              <test-suite type="TestFixture" name="Export-EvergreenManifest.Validate Export-EvergreenManifest works with: SafingPortmaster." executed="True" result="Success" success="True" time="0.6533" asserts="0" description="Export-EvergreenManifest.Validate Export-EvergreenManifest works with: SafingPortmaster.">
                <results>
                  <test-case description="'Export-EvergreenManifest -Name SafingPortmaster' should not Throw" name="Export-EvergreenManifest.Validate Export-EvergreenManifest works with: SafingPortmaster..'Export-EvergreenManifest -Name SafingPortmaster' should not Throw" time="0.2248" asserts="0" success="True" result="Success" executed="True" />
                  <test-case description="SafingPortmaster has expected properties" name="Export-EvergreenManifest.Validate Export-EvergreenManifest works with: SafingPortmaster..SafingPortmaster has expected properties" time="0.2895" asserts="0" success="True" result="Success" executed="True" />
                </results>
              </test-suite>
            </results>
          </test-suite>
          <test-suite type="TestFixture" name="Export-EvergreenManifest" executed="True" result="Success" success="True" time="769.1354" asserts="0" description="Export-EvergreenManifest">
            <results>
              <test-suite type="TestFixture" name="Export-EvergreenManifest.Validate Export-EvergreenManifest works with: OctopusTentacle." executed="True" result="Success" success="True" time="0.6967" asserts="0" description="Export-EvergreenManifest.Validate Export-EvergreenManifest works with: OctopusTentacle.">
                <results>
                  <test-case description="'Export-EvergreenManifest -Name OctopusTentacle' should not Throw" name="Export-EvergreenManifest.Validate Export-EvergreenManifest works with: OctopusTentacle..'Export-EvergreenManifest -Name OctopusTentacle' should not Throw" time="0.2496" asserts="0" success="True" result="Success" executed="True" />
                  <test-case description="OctopusTentacle has expected properties" name="Export-EvergreenManifest.Validate Export-EvergreenManifest works with: OctopusTentacle..OctopusTentacle has expected properties" time="0.299" asserts="0" success="True" result="Success" executed="True" />
                </results>
              </test-suite>
            </results>
          </test-suite>
          <test-suite type="TestFixture" name="Export-EvergreenManifest" executed="True" result="Success" success="True" time="769.9326" asserts="0" description="Export-EvergreenManifest">
            <results>
              <test-suite type="TestFixture" name="Export-EvergreenManifest.Validate Export-EvergreenManifest works with: Audacity." executed="True" result="Success" success="True" time="0.6602" asserts="0" description="Export-EvergreenManifest.Validate Export-EvergreenManifest works with: Audacity.">
                <results>
                  <test-case description="'Export-EvergreenManifest -Name Audacity' should not Throw" name="Export-EvergreenManifest.Validate Export-EvergreenManifest works with: Audacity..'Export-EvergreenManifest -Name Audacity' should not Throw" time="0.226" asserts="0" success="True" result="Success" executed="True" />
                  <test-case description="Audacity has expected properties" name="Export-EvergreenManifest.Validate Export-EvergreenManifest works with: Audacity..Audacity has expected properties" time="0.2904" asserts="0" success="True" result="Success" executed="True" />
                </results>
              </test-suite>
            </results>
          </test-suite>
          <test-suite type="TestFixture" name="Export-EvergreenManifest" executed="True" result="Success" success="True" time="770.7464" asserts="0" description="Export-EvergreenManifest">
            <results>
              <test-suite type="TestFixture" name="Export-EvergreenManifest.Validate Export-EvergreenManifest works with: AdoptiumTemurin8." executed="True" result="Success" success="True" time="0.6824" asserts="0" description="Export-EvergreenManifest.Validate Export-EvergreenManifest works with: AdoptiumTemurin8.">
                <results>
                  <test-case description="'Export-EvergreenManifest -Name AdoptiumTemurin8' should not Throw" name="Export-EvergreenManifest.Validate Export-EvergreenManifest works with: AdoptiumTemurin8..'Export-EvergreenManifest -Name AdoptiumTemurin8' should not Throw" time="0.2415" asserts="0" success="True" result="Success" executed="True" />
                  <test-case description="AdoptiumTemurin8 has expected properties" name="Export-EvergreenManifest.Validate Export-EvergreenManifest works with: AdoptiumTemurin8..AdoptiumTemurin8 has expected properties" time="0.2971" asserts="0" success="True" result="Success" executed="True" />
                </results>
              </test-suite>
            </results>
          </test-suite>
          <test-suite type="TestFixture" name="Export-EvergreenManifest" executed="True" result="Success" success="True" time="771.5126" asserts="0" description="Export-EvergreenManifest">
            <results>
              <test-suite type="TestFixture" name="Export-EvergreenManifest.Validate Export-EvergreenManifest works with: Postman." executed="True" result="Success" success="True" time="0.6448" asserts="0" description="Export-EvergreenManifest.Validate Export-EvergreenManifest works with: Postman.">
                <results>
                  <test-case description="'Export-EvergreenManifest -Name Postman' should not Throw" name="Export-EvergreenManifest.Validate Export-EvergreenManifest works with: Postman..'Export-EvergreenManifest -Name Postman' should not Throw" time="0.2393" asserts="0" success="True" result="Success" executed="True" />
                  <test-case description="Postman has expected properties" name="Export-EvergreenManifest.Validate Export-EvergreenManifest works with: Postman..Postman has expected properties" time="0.2691" asserts="0" success="True" result="Success" executed="True" />
                </results>
              </test-suite>
            </results>
          </test-suite>
          <test-suite type="TestFixture" name="Export-EvergreenManifest" executed="True" result="Success" success="True" time="772.4658" asserts="0" description="Export-EvergreenManifest">
            <results>
              <test-suite type="TestFixture" name="Export-EvergreenManifest.Validate Export-EvergreenManifest works with: AdobeAcrobatReaderDC." executed="True" result="Success" success="True" time="0.8334" asserts="0" description="Export-EvergreenManifest.Validate Export-EvergreenManifest works with: AdobeAcrobatReaderDC.">
                <results>
                  <test-case description="'Export-EvergreenManifest -Name AdobeAcrobatReaderDC' should not Throw" name="Export-EvergreenManifest.Validate Export-EvergreenManifest works with: AdobeAcrobatReaderDC..'Export-EvergreenManifest -Name AdobeAcrobatReaderDC' should not Throw" time="0.3135" asserts="0" success="True" result="Success" executed="True" />
                  <test-case description="AdobeAcrobatReaderDC has expected properties" name="Export-EvergreenManifest.Validate Export-EvergreenManifest works with: AdobeAcrobatReaderDC..AdobeAcrobatReaderDC has expected properties" time="0.3747" asserts="0" success="True" result="Success" executed="True" />
                </results>
              </test-suite>
            </results>
          </test-suite>
          <test-suite type="TestFixture" name="Export-EvergreenManifest" executed="True" result="Success" success="True" time="773.1696" asserts="0" description="Export-EvergreenManifest">
            <results>
              <test-suite type="TestFixture" name="Export-EvergreenManifest.Validate Export-EvergreenManifest works with: AdoptOpenJDKSemuru17." executed="True" result="Success" success="True" time="0.5842" asserts="0" description="Export-EvergreenManifest.Validate Export-EvergreenManifest works with: AdoptOpenJDKSemuru17.">
                <results>
                  <test-case description="'Export-EvergreenManifest -Name AdoptOpenJDKSemuru17' should not Throw" name="Export-EvergreenManifest.Validate Export-EvergreenManifest works with: AdoptOpenJDKSemuru17..'Export-EvergreenManifest -Name AdoptOpenJDKSemuru17' should not Throw" time="0.2076" asserts="0" success="True" result="Success" executed="True" />
                  <test-case description="AdoptOpenJDKSemuru17 has expected properties" name="Export-EvergreenManifest.Validate Export-EvergreenManifest works with: AdoptOpenJDKSemuru17..AdoptOpenJDKSemuru17 has expected properties" time="0.2483" asserts="0" success="True" result="Success" executed="True" />
                </results>
              </test-suite>
            </results>
          </test-suite>
          <test-suite type="TestFixture" name="Export-EvergreenManifest" executed="True" result="Success" success="True" time="773.9167" asserts="0" description="Export-EvergreenManifest">
            <results>
              <test-suite type="TestFixture" name="Export-EvergreenManifest.Validate Export-EvergreenManifest works with: Miniconda." executed="True" result="Success" success="True" time="0.6223" asserts="0" description="Export-EvergreenManifest.Validate Export-EvergreenManifest works with: Miniconda.">
                <results>
                  <test-case description="'Export-EvergreenManifest -Name Miniconda' should not Throw" name="Export-EvergreenManifest.Validate Export-EvergreenManifest works with: Miniconda..'Export-EvergreenManifest -Name Miniconda' should not Throw" time="0.2154" asserts="0" success="True" result="Success" executed="True" />
                  <test-case description="Miniconda has expected properties" name="Export-EvergreenManifest.Validate Export-EvergreenManifest works with: Miniconda..Miniconda has expected properties" time="0.2747" asserts="0" success="True" result="Success" executed="True" />
                </results>
              </test-suite>
            </results>
          </test-suite>
          <test-suite type="TestFixture" name="Export-EvergreenManifest" executed="True" result="Success" success="True" time="774.7159" asserts="0" description="Export-EvergreenManifest">
            <results>
              <test-suite type="TestFixture" name="Export-EvergreenManifest.Validate Export-EvergreenManifest works with: MicrosoftPowerShell." executed="True" result="Success" success="True" time="0.6773" asserts="0" description="Export-EvergreenManifest.Validate Export-EvergreenManifest works with: MicrosoftPowerShell.">
                <results>
                  <test-case description="'Export-EvergreenManifest -Name MicrosoftPowerShell' should not Throw" name="Export-EvergreenManifest.Validate Export-EvergreenManifest works with: MicrosoftPowerShell..'Export-EvergreenManifest -Name MicrosoftPowerShell' should not Throw" time="0.2459" asserts="0" success="True" result="Success" executed="True" />
                  <test-case description="MicrosoftPowerShell has expected properties" name="Export-EvergreenManifest.Validate Export-EvergreenManifest works with: MicrosoftPowerShell..MicrosoftPowerShell has expected properties" time="0.2991" asserts="0" success="True" result="Success" executed="True" />
                </results>
              </test-suite>
            </results>
          </test-suite>
          <test-suite type="TestFixture" name="Export-EvergreenManifest" executed="True" result="Success" success="True" time="775.4728" asserts="0" description="Export-EvergreenManifest">
            <results>
              <test-suite type="TestFixture" name="Export-EvergreenManifest.Validate Export-EvergreenManifest works with: PSFPython." executed="True" result="Success" success="True" time="0.6284" asserts="0" description="Export-EvergreenManifest.Validate Export-EvergreenManifest works with: PSFPython.">
                <results>
                  <test-case description="'Export-EvergreenManifest -Name PSFPython' should not Throw" name="Export-EvergreenManifest.Validate Export-EvergreenManifest works with: PSFPython..'Export-EvergreenManifest -Name PSFPython' should not Throw" time="0.2245" asserts="0" success="True" result="Success" executed="True" />
                  <test-case description="PSFPython has expected properties" name="Export-EvergreenManifest.Validate Export-EvergreenManifest works with: PSFPython..PSFPython has expected properties" time="0.2786" asserts="0" success="True" result="Success" executed="True" />
                </results>
              </test-suite>
            </results>
          </test-suite>
          <test-suite type="TestFixture" name="Export-EvergreenManifest" executed="True" result="Success" success="True" time="776.178" asserts="0" description="Export-EvergreenManifest">
            <results>
              <test-suite type="TestFixture" name="Export-EvergreenManifest.Validate Export-EvergreenManifest works with: AutoDarkMode." executed="True" result="Success" success="True" time="0.5858" asserts="0" description="Export-EvergreenManifest.Validate Export-EvergreenManifest works with: AutoDarkMode.">
                <results>
                  <test-case description="'Export-EvergreenManifest -Name AutoDarkMode' should not Throw" name="Export-EvergreenManifest.Validate Export-EvergreenManifest works with: AutoDarkMode..'Export-EvergreenManifest -Name AutoDarkMode' should not Throw" time="0.2097" asserts="0" success="True" result="Success" executed="True" />
                  <test-case description="AutoDarkMode has expected properties" name="Export-EvergreenManifest.Validate Export-EvergreenManifest works with: AutoDarkMode..AutoDarkMode has expected properties" time="0.2467" asserts="0" success="True" result="Success" executed="True" />
                </results>
              </test-suite>
            </results>
          </test-suite>
          <test-suite type="TestFixture" name="Export-EvergreenManifest" executed="True" result="Success" success="True" time="776.88" asserts="0" description="Export-EvergreenManifest">
            <results>
              <test-suite type="TestFixture" name="Export-EvergreenManifest.Validate Export-EvergreenManifest works with: OpenJDK." executed="True" result="Success" success="True" time="0.582" asserts="0" description="Export-EvergreenManifest.Validate Export-EvergreenManifest works with: OpenJDK.">
                <results>
                  <test-case description="'Export-EvergreenManifest -Name OpenJDK' should not Throw" name="Export-EvergreenManifest.Validate Export-EvergreenManifest works with: OpenJDK..'Export-EvergreenManifest -Name OpenJDK' should not Throw" time="0.1953" asserts="0" success="True" result="Success" executed="True" />
                  <test-case description="OpenJDK has expected properties" name="Export-EvergreenManifest.Validate Export-EvergreenManifest works with: OpenJDK..OpenJDK has expected properties" time="0.2568" asserts="0" success="True" result="Success" executed="True" />
                </results>
              </test-suite>
            </results>
          </test-suite>
          <test-suite type="TestFixture" name="Export-EvergreenManifest" executed="True" result="Success" success="True" time="777.5649" asserts="0" description="Export-EvergreenManifest">
            <results>
              <test-suite type="TestFixture" name="Export-EvergreenManifest.Validate Export-EvergreenManifest works with: McNeelRhino." executed="True" result="Success" success="True" time="0.567" asserts="0" description="Export-EvergreenManifest.Validate Export-EvergreenManifest works with: McNeelRhino.">
                <results>
                  <test-case description="'Export-EvergreenManifest -Name McNeelRhino' should not Throw" name="Export-EvergreenManifest.Validate Export-EvergreenManifest works with: McNeelRhino..'Export-EvergreenManifest -Name McNeelRhino' should not Throw" time="0.1989" asserts="0" success="True" result="Success" executed="True" />
                  <test-case description="McNeelRhino has expected properties" name="Export-EvergreenManifest.Validate Export-EvergreenManifest works with: McNeelRhino..McNeelRhino has expected properties" time="0.2434" asserts="0" success="True" result="Success" executed="True" />
                </results>
              </test-suite>
            </results>
          </test-suite>
          <test-suite type="TestFixture" name="Export-EvergreenManifest" executed="True" result="Success" success="True" time="778.3196" asserts="0" description="Export-EvergreenManifest">
            <results>
              <test-suite type="TestFixture" name="Export-EvergreenManifest.Validate Export-EvergreenManifest works with: Anki." executed="True" result="Success" success="True" time="0.6277" asserts="0" description="Export-EvergreenManifest.Validate Export-EvergreenManifest works with: Anki.">
                <results>
                  <test-case description="'Export-EvergreenManifest -Name Anki' should not Throw" name="Export-EvergreenManifest.Validate Export-EvergreenManifest works with: Anki..'Export-EvergreenManifest -Name Anki' should not Throw" time="0.2252" asserts="0" success="True" result="Success" executed="True" />
                  <test-case description="Anki has expected properties" name="Export-EvergreenManifest.Validate Export-EvergreenManifest works with: Anki..Anki has expected properties" time="0.2703" asserts="0" success="True" result="Success" executed="True" />
                </results>
              </test-suite>
            </results>
          </test-suite>
          <test-suite type="TestFixture" name="Export-EvergreenManifest" executed="True" result="Success" success="True" time="779.1984" asserts="0" description="Export-EvergreenManifest">
            <results>
              <test-suite type="TestFixture" name="Export-EvergreenManifest.Validate Export-EvergreenManifest works with: GoogleChrome." executed="True" result="Success" success="True" time="0.7514" asserts="0" description="Export-EvergreenManifest.Validate Export-EvergreenManifest works with: GoogleChrome.">
                <results>
                  <test-case description="'Export-EvergreenManifest -Name GoogleChrome' should not Throw" name="Export-EvergreenManifest.Validate Export-EvergreenManifest works with: GoogleChrome..'Export-EvergreenManifest -Name GoogleChrome' should not Throw" time="0.2761" asserts="0" success="True" result="Success" executed="True" />
                  <test-case description="GoogleChrome has expected properties" name="Export-EvergreenManifest.Validate Export-EvergreenManifest works with: GoogleChrome..GoogleChrome has expected properties" time="0.3289" asserts="0" success="True" result="Success" executed="True" />
                </results>
              </test-suite>
            </results>
          </test-suite>
          <test-suite type="TestFixture" name="Export-EvergreenManifest" executed="True" result="Success" success="True" time="779.9021" asserts="0" description="Export-EvergreenManifest">
            <results>
              <test-suite type="TestFixture" name="Export-EvergreenManifest.Validate Export-EvergreenManifest works with: ImageMagickStudioImageMagick." executed="True" result="Success" success="True" time="0.5897" asserts="0" description="Export-EvergreenManifest.Validate Export-EvergreenManifest works with: ImageMagickStudioImageMagick.">
                <results>
                  <test-case description="'Export-EvergreenManifest -Name ImageMagickStudioImageMagick' should not Throw" name="Export-EvergreenManifest.Validate Export-EvergreenManifest works with: ImageMagickStudioImageMagick..'Export-EvergreenManifest -Name ImageMagickStudioImageMagick' should not Throw" time="0.207" asserts="0" success="True" result="Success" executed="True" />
                  <test-case description="ImageMagickStudioImageMagick has expected properties" name="Export-EvergreenManifest.Validate Export-EvergreenManifest works with: ImageMagickStudioImageMagick..ImageMagickStudioImageMagick has expected properties" time="0.2563" asserts="0" success="True" result="Success" executed="True" />
                </results>
              </test-suite>
            </results>
          </test-suite>
          <test-suite type="TestFixture" name="Export-EvergreenManifest" executed="True" result="Success" success="True" time="780.6359" asserts="0" description="Export-EvergreenManifest">
            <results>
              <test-suite type="TestFixture" name="Export-EvergreenManifest.Validate Export-EvergreenManifest works with: FreedomScientificJAWS." executed="True" result="Success" success="True" time="0.6155" asserts="0" description="Export-EvergreenManifest.Validate Export-EvergreenManifest works with: FreedomScientificJAWS.">
                <results>
                  <test-case description="'Export-EvergreenManifest -Name FreedomScientificJAWS' should not Throw" name="Export-EvergreenManifest.Validate Export-EvergreenManifest works with: FreedomScientificJAWS..'Export-EvergreenManifest -Name FreedomScientificJAWS' should not Throw" time="0.2222" asserts="0" success="True" result="Success" executed="True" />
                  <test-case description="FreedomScientificJAWS has expected properties" name="Export-EvergreenManifest.Validate Export-EvergreenManifest works with: FreedomScientificJAWS..FreedomScientificJAWS has expected properties" time="0.2715" asserts="0" success="True" result="Success" executed="True" />
                </results>
              </test-suite>
            </results>
          </test-suite>
          <test-suite type="TestFixture" name="Export-EvergreenManifest" executed="True" result="Success" success="True" time="781.3716" asserts="0" description="Export-EvergreenManifest">
            <results>
              <test-suite type="TestFixture" name="Export-EvergreenManifest.Validate Export-EvergreenManifest works with: 1Password7." executed="True" result="Success" success="True" time="0.6168" asserts="0" description="Export-EvergreenManifest.Validate Export-EvergreenManifest works with: 1Password7.">
                <results>
                  <test-case description="'Export-EvergreenManifest -Name 1Password7' should not Throw" name="Export-EvergreenManifest.Validate Export-EvergreenManifest works with: 1Password7..'Export-EvergreenManifest -Name 1Password7' should not Throw" time="0.2146" asserts="0" success="True" result="Success" executed="True" />
                  <test-case description="1Password7 has expected properties" name="Export-EvergreenManifest.Validate Export-EvergreenManifest works with: 1Password7..1Password7 has expected properties" time="0.2741" asserts="0" success="True" result="Success" executed="True" />
                </results>
              </test-suite>
            </results>
          </test-suite>
          <test-suite type="TestFixture" name="Export-EvergreenManifest" executed="True" result="Success" success="True" time="782.2123" asserts="0" description="Export-EvergreenManifest">
            <results>
              <test-suite type="TestFixture" name="Export-EvergreenManifest.Validate Export-EvergreenManifest works with: OperaBrowser." executed="True" result="Success" success="True" time="0.7211" asserts="0" description="Export-EvergreenManifest.Validate Export-EvergreenManifest works with: OperaBrowser.">
                <results>
                  <test-case description="'Export-EvergreenManifest -Name OperaBrowser' should not Throw" name="Export-EvergreenManifest.Validate Export-EvergreenManifest works with: OperaBrowser..'Export-EvergreenManifest -Name OperaBrowser' should not Throw" time="0.2707" asserts="0" success="True" result="Success" executed="True" />
                  <test-case description="OperaBrowser has expected properties" name="Export-EvergreenManifest.Validate Export-EvergreenManifest works with: OperaBrowser..OperaBrowser has expected properties" time="0.3185" asserts="0" success="True" result="Success" executed="True" />
                </results>
              </test-suite>
            </results>
          </test-suite>
          <test-suite type="TestFixture" name="Export-EvergreenManifest" executed="True" result="Success" success="True" time="782.9575" asserts="0" description="Export-EvergreenManifest">
            <results>
              <test-suite type="TestFixture" name="Export-EvergreenManifest.Validate Export-EvergreenManifest works with: TelerikFiddlerClassic." executed="True" result="Success" success="True" time="0.6261" asserts="0" description="Export-EvergreenManifest.Validate Export-EvergreenManifest works with: TelerikFiddlerClassic.">
                <results>
                  <test-case description="'Export-EvergreenManifest -Name TelerikFiddlerClassic' should not Throw" name="Export-EvergreenManifest.Validate Export-EvergreenManifest works with: TelerikFiddlerClassic..'Export-EvergreenManifest -Name TelerikFiddlerClassic' should not Throw" time="0.2022" asserts="0" success="True" result="Success" executed="True" />
                  <test-case description="TelerikFiddlerClassic has expected properties" name="Export-EvergreenManifest.Validate Export-EvergreenManifest works with: TelerikFiddlerClassic..TelerikFiddlerClassic has expected properties" time="0.2859" asserts="0" success="True" result="Success" executed="True" />
                </results>
              </test-suite>
            </results>
          </test-suite>
          <test-suite type="TestFixture" name="Export-EvergreenManifest" executed="True" result="Success" success="True" time="783.6883" asserts="0" description="Export-EvergreenManifest">
            <results>
              <test-suite type="TestFixture" name="Export-EvergreenManifest.Validate Export-EvergreenManifest works with: WixToolset." executed="True" result="Success" success="True" time="0.6049" asserts="0" description="Export-EvergreenManifest.Validate Export-EvergreenManifest works with: WixToolset.">
                <results>
                  <test-case description="'Export-EvergreenManifest -Name WixToolset' should not Throw" name="Export-EvergreenManifest.Validate Export-EvergreenManifest works with: WixToolset..'Export-EvergreenManifest -Name WixToolset' should not Throw" time="0.2092" asserts="0" success="True" result="Success" executed="True" />
                  <test-case description="WixToolset has expected properties" name="Export-EvergreenManifest.Validate Export-EvergreenManifest works with: WixToolset..WixToolset has expected properties" time="0.263" asserts="0" success="True" result="Success" executed="True" />
                </results>
              </test-suite>
            </results>
          </test-suite>
          <test-suite type="TestFixture" name="Export-EvergreenManifest" executed="True" result="Success" success="True" time="784.4695" asserts="0" description="Export-EvergreenManifest">
            <results>
              <test-suite type="TestFixture" name="Export-EvergreenManifest.Validate Export-EvergreenManifest works with: SAGAGIS." executed="True" result="Success" success="True" time="0.6608" asserts="0" description="Export-EvergreenManifest.Validate Export-EvergreenManifest works with: SAGAGIS.">
                <results>
                  <test-case description="'Export-EvergreenManifest -Name SAGAGIS' should not Throw" name="Export-EvergreenManifest.Validate Export-EvergreenManifest works with: SAGAGIS..'Export-EvergreenManifest -Name SAGAGIS' should not Throw" time="0.2376" asserts="0" success="True" result="Success" executed="True" />
                  <test-case description="SAGAGIS has expected properties" name="Export-EvergreenManifest.Validate Export-EvergreenManifest works with: SAGAGIS..SAGAGIS has expected properties" time="0.2881" asserts="0" success="True" result="Success" executed="True" />
                </results>
              </test-suite>
            </results>
          </test-suite>
          <test-suite type="TestFixture" name="Export-EvergreenManifest" executed="True" result="Success" success="True" time="785.1968" asserts="0" description="Export-EvergreenManifest">
            <results>
              <test-suite type="TestFixture" name="Export-EvergreenManifest.Validate Export-EvergreenManifest works with: ControlUpAgent." executed="True" result="Success" success="True" time="0.607" asserts="0" description="Export-EvergreenManifest.Validate Export-EvergreenManifest works with: ControlUpAgent.">
                <results>
                  <test-case description="'Export-EvergreenManifest -Name ControlUpAgent' should not Throw" name="Export-EvergreenManifest.Validate Export-EvergreenManifest works with: ControlUpAgent..'Export-EvergreenManifest -Name ControlUpAgent' should not Throw" time="0.2036" asserts="0" success="True" result="Success" executed="True" />
                  <test-case description="ControlUpAgent has expected properties" name="Export-EvergreenManifest.Validate Export-EvergreenManifest works with: ControlUpAgent..ControlUpAgent has expected properties" time="0.2741" asserts="0" success="True" result="Success" executed="True" />
                </results>
              </test-suite>
            </results>
          </test-suite>
          <test-suite type="TestFixture" name="Export-EvergreenManifest" executed="True" result="Success" success="True" time="785.8962" asserts="0" description="Export-EvergreenManifest">
            <results>
              <test-suite type="TestFixture" name="Export-EvergreenManifest.Validate Export-EvergreenManifest works with: BlueJ." executed="True" result="Success" success="True" time="0.5835" asserts="0" description="Export-EvergreenManifest.Validate Export-EvergreenManifest works with: BlueJ.">
                <results>
                  <test-case description="'Export-EvergreenManifest -Name BlueJ' should not Throw" name="Export-EvergreenManifest.Validate Export-EvergreenManifest works with: BlueJ..'Export-EvergreenManifest -Name BlueJ' should not Throw" time="0.2013" asserts="0" success="True" result="Success" executed="True" />
                  <test-case description="BlueJ has expected properties" name="Export-EvergreenManifest.Validate Export-EvergreenManifest works with: BlueJ..BlueJ has expected properties" time="0.2497" asserts="0" success="True" result="Success" executed="True" />
                </results>
              </test-suite>
            </results>
          </test-suite>
          <test-suite type="TestFixture" name="Export-EvergreenManifest" executed="True" result="Success" success="True" time="786.6173" asserts="0" description="Export-EvergreenManifest">
            <results>
              <test-suite type="TestFixture" name="Export-EvergreenManifest.Validate Export-EvergreenManifest works with: VMwareHorizonClientAlt." executed="True" result="Success" success="True" time="0.5865" asserts="0" description="Export-EvergreenManifest.Validate Export-EvergreenManifest works with: VMwareHorizonClientAlt.">
                <results>
                  <test-case description="'Export-EvergreenManifest -Name VMwareHorizonClientAlt' should not Throw" name="Export-EvergreenManifest.Validate Export-EvergreenManifest works with: VMwareHorizonClientAlt..'Export-EvergreenManifest -Name VMwareHorizonClientAlt' should not Throw" time="0.2013" asserts="0" success="True" result="Success" executed="True" />
                  <test-case description="VMwareHorizonClientAlt has expected properties" name="Export-EvergreenManifest.Validate Export-EvergreenManifest works with: VMwareHorizonClientAlt..VMwareHorizonClientAlt has expected properties" time="0.2604" asserts="0" success="True" result="Success" executed="True" />
                </results>
              </test-suite>
            </results>
          </test-suite>
          <test-suite type="TestFixture" name="Export-EvergreenManifest" executed="True" result="Success" success="True" time="787.3496" asserts="0" description="Export-EvergreenManifest">
            <results>
              <test-suite type="TestFixture" name="Export-EvergreenManifest.Validate Export-EvergreenManifest works with: LogMeInGoToMeeting." executed="True" result="Success" success="True" time="0.6153" asserts="0" description="Export-EvergreenManifest.Validate Export-EvergreenManifest works with: LogMeInGoToMeeting.">
                <results>
                  <test-case description="'Export-EvergreenManifest -Name LogMeInGoToMeeting' should not Throw" name="Export-EvergreenManifest.Validate Export-EvergreenManifest works with: LogMeInGoToMeeting..'Export-EvergreenManifest -Name LogMeInGoToMeeting' should not Throw" time="0.2086" asserts="0" success="True" result="Success" executed="True" />
                  <test-case description="LogMeInGoToMeeting has expected properties" name="Export-EvergreenManifest.Validate Export-EvergreenManifest works with: LogMeInGoToMeeting..LogMeInGoToMeeting has expected properties" time="0.2822" asserts="0" success="True" result="Success" executed="True" />
                </results>
              </test-suite>
            </results>
          </test-suite>
          <test-suite type="TestFixture" name="Export-EvergreenManifest" executed="True" result="Success" success="True" time="788.037" asserts="0" description="Export-EvergreenManifest">
            <results>
              <test-suite type="TestFixture" name="Export-EvergreenManifest.Validate Export-EvergreenManifest works with: GeekSoftwarePDF24Creator." executed="True" result="Success" success="True" time="0.5671" asserts="0" description="Export-EvergreenManifest.Validate Export-EvergreenManifest works with: GeekSoftwarePDF24Creator.">
                <results>
                  <test-case description="'Export-EvergreenManifest -Name GeekSoftwarePDF24Creator' should not Throw" name="Export-EvergreenManifest.Validate Export-EvergreenManifest works with: GeekSoftwarePDF24Creator..'Export-EvergreenManifest -Name GeekSoftwarePDF24Creator' should not Throw" time="0.198" asserts="0" success="True" result="Success" executed="True" />
                  <test-case description="GeekSoftwarePDF24Creator has expected properties" name="Export-EvergreenManifest.Validate Export-EvergreenManifest works with: GeekSoftwarePDF24Creator..GeekSoftwarePDF24Creator has expected properties" time="0.2408" asserts="0" success="True" result="Success" executed="True" />
                </results>
              </test-suite>
            </results>
          </test-suite>
          <test-suite type="TestFixture" name="Export-EvergreenManifest" executed="True" result="Success" success="True" time="788.7398" asserts="0" description="Export-EvergreenManifest">
            <results>
              <test-suite type="TestFixture" name="Export-EvergreenManifest.Validate Export-EvergreenManifest works with: StefansToolsgregpWin." executed="True" result="Success" success="True" time="0.5842" asserts="0" description="Export-EvergreenManifest.Validate Export-EvergreenManifest works with: StefansToolsgregpWin.">
                <results>
                  <test-case description="'Export-EvergreenManifest -Name StefansToolsgregpWin' should not Throw" name="Export-EvergreenManifest.Validate Export-EvergreenManifest works with: StefansToolsgregpWin..'Export-EvergreenManifest -Name StefansToolsgregpWin' should not Throw" time="0.2015" asserts="0" success="True" result="Success" executed="True" />
                  <test-case description="StefansToolsgregpWin has expected properties" name="Export-EvergreenManifest.Validate Export-EvergreenManifest works with: StefansToolsgregpWin..StefansToolsgregpWin has expected properties" time="0.2533" asserts="0" success="True" result="Success" executed="True" />
                </results>
              </test-suite>
            </results>
          </test-suite>
          <test-suite type="TestFixture" name="Export-EvergreenManifest" executed="True" result="Success" success="True" time="789.4481" asserts="0" description="Export-EvergreenManifest">
            <results>
              <test-suite type="TestFixture" name="Export-EvergreenManifest.Validate Export-EvergreenManifest works with: Protege." executed="True" result="Success" success="True" time="0.5834" asserts="0" description="Export-EvergreenManifest.Validate Export-EvergreenManifest works with: Protege.">
                <results>
                  <test-case description="'Export-EvergreenManifest -Name Protege' should not Throw" name="Export-EvergreenManifest.Validate Export-EvergreenManifest works with: Protege..'Export-EvergreenManifest -Name Protege' should not Throw" time="0.1912" asserts="0" success="True" result="Success" executed="True" />
                  <test-case description="Protege has expected properties" name="Export-EvergreenManifest.Validate Export-EvergreenManifest works with: Protege..Protege has expected properties" time="0.2551" asserts="0" success="True" result="Success" executed="True" />
                </results>
              </test-suite>
            </results>
          </test-suite>
          <test-suite type="TestFixture" name="Export-EvergreenManifest" executed="True" result="Success" success="True" time="790.1787" asserts="0" description="Export-EvergreenManifest">
            <results>
              <test-suite type="TestFixture" name="Export-EvergreenManifest.Validate Export-EvergreenManifest works with: AirtameApp." executed="True" result="Success" success="True" time="0.6095" asserts="0" description="Export-EvergreenManifest.Validate Export-EvergreenManifest works with: AirtameApp.">
                <results>
                  <test-case description="'Export-EvergreenManifest -Name AirtameApp' should not Throw" name="Export-EvergreenManifest.Validate Export-EvergreenManifest works with: AirtameApp..'Export-EvergreenManifest -Name AirtameApp' should not Throw" time="0.2171" asserts="0" success="True" result="Success" executed="True" />
                  <test-case description="AirtameApp has expected properties" name="Export-EvergreenManifest.Validate Export-EvergreenManifest works with: AirtameApp..AirtameApp has expected properties" time="0.2667" asserts="0" success="True" result="Success" executed="True" />
                </results>
              </test-suite>
            </results>
          </test-suite>
          <test-suite type="TestFixture" name="Export-EvergreenManifest" executed="True" result="Success" success="True" time="791.0468" asserts="0" description="Export-EvergreenManifest">
            <results>
              <test-suite type="TestFixture" name="Export-EvergreenManifest.Validate Export-EvergreenManifest works with: MicrosoftSsms." executed="True" result="Success" success="True" time="0.7479" asserts="0" description="Export-EvergreenManifest.Validate Export-EvergreenManifest works with: MicrosoftSsms.">
                <results>
                  <test-case description="'Export-EvergreenManifest -Name MicrosoftSsms' should not Throw" name="Export-EvergreenManifest.Validate Export-EvergreenManifest works with: MicrosoftSsms..'Export-EvergreenManifest -Name MicrosoftSsms' should not Throw" time="0.2883" asserts="0" success="True" result="Success" executed="True" />
                  <test-case description="MicrosoftSsms has expected properties" name="Export-EvergreenManifest.Validate Export-EvergreenManifest works with: MicrosoftSsms..MicrosoftSsms has expected properties" time="0.3159" asserts="0" success="True" result="Success" executed="True" />
                </results>
              </test-suite>
            </results>
          </test-suite>
          <test-suite type="TestFixture" name="Export-EvergreenManifest" executed="True" result="Success" success="True" time="791.8727" asserts="0" description="Export-EvergreenManifest">
            <results>
              <test-suite type="TestFixture" name="Export-EvergreenManifest.Validate Export-EvergreenManifest works with: ProgressChefWorkstation." executed="True" result="Success" success="True" time="0.7068" asserts="0" description="Export-EvergreenManifest.Validate Export-EvergreenManifest works with: ProgressChefWorkstation.">
                <results>
                  <test-case description="'Export-EvergreenManifest -Name ProgressChefWorkstation' should not Throw" name="Export-EvergreenManifest.Validate Export-EvergreenManifest works with: ProgressChefWorkstation..'Export-EvergreenManifest -Name ProgressChefWorkstation' should not Throw" time="0.2661" asserts="0" success="True" result="Success" executed="True" />
                  <test-case description="ProgressChefWorkstation has expected properties" name="Export-EvergreenManifest.Validate Export-EvergreenManifest works with: ProgressChefWorkstation..ProgressChefWorkstation has expected properties" time="0.3153" asserts="0" success="True" result="Success" executed="True" />
                </results>
              </test-suite>
            </results>
          </test-suite>
          <test-suite type="TestFixture" name="Export-EvergreenManifest" executed="True" result="Success" success="True" time="792.5987" asserts="0" description="Export-EvergreenManifest">
            <results>
              <test-suite type="TestFixture" name="Export-EvergreenManifest.Validate Export-EvergreenManifest works with: JamTreeSizeProfessional." executed="True" result="Success" success="True" time="0.6015" asserts="0" description="Export-EvergreenManifest.Validate Export-EvergreenManifest works with: JamTreeSizeProfessional.">
                <results>
                  <test-case description="'Export-EvergreenManifest -Name JamTreeSizeProfessional' should not Throw" name="Export-EvergreenManifest.Validate Export-EvergreenManifest works with: JamTreeSizeProfessional..'Export-EvergreenManifest -Name JamTreeSizeProfessional' should not Throw" time="0.2091" asserts="0" success="True" result="Success" executed="True" />
                  <test-case description="JamTreeSizeProfessional has expected properties" name="Export-EvergreenManifest.Validate Export-EvergreenManifest works with: JamTreeSizeProfessional..JamTreeSizeProfessional has expected properties" time="0.2604" asserts="0" success="True" result="Success" executed="True" />
                </results>
              </test-suite>
            </results>
          </test-suite>
          <test-suite type="TestFixture" name="Export-EvergreenManifest" executed="True" result="Success" success="True" time="793.3294" asserts="0" description="Export-EvergreenManifest">
            <results>
              <test-suite type="TestFixture" name="Export-EvergreenManifest.Validate Export-EvergreenManifest works with: deviceTRUST." executed="True" result="Success" success="True" time="0.6047" asserts="0" description="Export-EvergreenManifest.Validate Export-EvergreenManifest works with: deviceTRUST.">
                <results>
                  <test-case description="'Export-EvergreenManifest -Name deviceTRUST' should not Throw" name="Export-EvergreenManifest.Validate Export-EvergreenManifest works with: deviceTRUST..'Export-EvergreenManifest -Name deviceTRUST' should not Throw" time="0.2179" asserts="0" success="True" result="Success" executed="True" />
                  <test-case description="deviceTRUST has expected properties" name="Export-EvergreenManifest.Validate Export-EvergreenManifest works with: deviceTRUST..deviceTRUST has expected properties" time="0.2502" asserts="0" success="True" result="Success" executed="True" />
                </results>
              </test-suite>
            </results>
          </test-suite>
          <test-suite type="TestFixture" name="Export-EvergreenManifest" executed="True" result="Success" success="True" time="794.1094" asserts="0" description="Export-EvergreenManifest">
            <results>
              <test-suite type="TestFixture" name="Export-EvergreenManifest.Validate Export-EvergreenManifest works with: TelegramDesktop." executed="True" result="Success" success="True" time="0.6546" asserts="0" description="Export-EvergreenManifest.Validate Export-EvergreenManifest works with: TelegramDesktop.">
                <results>
                  <test-case description="'Export-EvergreenManifest -Name TelegramDesktop' should not Throw" name="Export-EvergreenManifest.Validate Export-EvergreenManifest works with: TelegramDesktop..'Export-EvergreenManifest -Name TelegramDesktop' should not Throw" time="0.2318" asserts="0" success="True" result="Success" executed="True" />
                  <test-case description="TelegramDesktop has expected properties" name="Export-EvergreenManifest.Validate Export-EvergreenManifest works with: TelegramDesktop..TelegramDesktop has expected properties" time="0.2836" asserts="0" success="True" result="Success" executed="True" />
                </results>
              </test-suite>
            </results>
          </test-suite>
          <test-suite type="TestFixture" name="Export-EvergreenManifest" executed="True" result="Success" success="True" time="794.8461" asserts="0" description="Export-EvergreenManifest">
            <results>
              <test-suite type="TestFixture" name="Export-EvergreenManifest.Validate Export-EvergreenManifest works with: JeremyMainGPUProfiler." executed="True" result="Success" success="True" time="0.6068" asserts="0" description="Export-EvergreenManifest.Validate Export-EvergreenManifest works with: JeremyMainGPUProfiler.">
                <results>
                  <test-case description="'Export-EvergreenManifest -Name JeremyMainGPUProfiler' should not Throw" name="Export-EvergreenManifest.Validate Export-EvergreenManifest works with: JeremyMainGPUProfiler..'Export-EvergreenManifest -Name JeremyMainGPUProfiler' should not Throw" time="0.2094" asserts="0" success="True" result="Success" executed="True" />
                  <test-case description="JeremyMainGPUProfiler has expected properties" name="Export-EvergreenManifest.Validate Export-EvergreenManifest works with: JeremyMainGPUProfiler..JeremyMainGPUProfiler has expected properties" time="0.2665" asserts="0" success="True" result="Success" executed="True" />
                </results>
              </test-suite>
            </results>
          </test-suite>
          <test-suite type="TestFixture" name="Export-EvergreenManifest" executed="True" result="Success" success="True" time="795.5261" asserts="0" description="Export-EvergreenManifest">
            <results>
              <test-suite type="TestFixture" name="Export-EvergreenManifest.Validate Export-EvergreenManifest works with: VMPlexWorkstation." executed="True" result="Success" success="True" time="0.5672" asserts="0" description="Export-EvergreenManifest.Validate Export-EvergreenManifest works with: VMPlexWorkstation.">
                <results>
                  <test-case description="'Export-EvergreenManifest -Name VMPlexWorkstation' should not Throw" name="Export-EvergreenManifest.Validate Export-EvergreenManifest works with: VMPlexWorkstation..'Export-EvergreenManifest -Name VMPlexWorkstation' should not Throw" time="0.2021" asserts="0" success="True" result="Success" executed="True" />
                  <test-case description="VMPlexWorkstation has expected properties" name="Export-EvergreenManifest.Validate Export-EvergreenManifest works with: VMPlexWorkstation..VMPlexWorkstation has expected properties" time="0.2418" asserts="0" success="True" result="Success" executed="True" />
                </results>
              </test-suite>
            </results>
          </test-suite>
          <test-suite type="TestFixture" name="Export-EvergreenManifest" executed="True" result="Success" success="True" time="796.2539" asserts="0" description="Export-EvergreenManifest">
            <results>
              <test-suite type="TestFixture" name="Export-EvergreenManifest.Validate Export-EvergreenManifest works with: AWSSAMCLI." executed="True" result="Success" success="True" time="0.6026" asserts="0" description="Export-EvergreenManifest.Validate Export-EvergreenManifest works with: AWSSAMCLI.">
                <results>
                  <test-case description="'Export-EvergreenManifest -Name AWSSAMCLI' should not Throw" name="Export-EvergreenManifest.Validate Export-EvergreenManifest works with: AWSSAMCLI..'Export-EvergreenManifest -Name AWSSAMCLI' should not Throw" time="0.2118" asserts="0" success="True" result="Success" executed="True" />
                  <test-case description="AWSSAMCLI has expected properties" name="Export-EvergreenManifest.Validate Export-EvergreenManifest works with: AWSSAMCLI..AWSSAMCLI has expected properties" time="0.2596" asserts="0" success="True" result="Success" executed="True" />
                </results>
              </test-suite>
            </results>
          </test-suite>
          <test-suite type="TestFixture" name="Export-EvergreenManifest" executed="True" result="Success" success="True" time="796.9549" asserts="0" description="Export-EvergreenManifest">
            <results>
              <test-suite type="TestFixture" name="Export-EvergreenManifest.Validate Export-EvergreenManifest works with: AdoptiumTemurin18." executed="True" result="Success" success="True" time="0.5774" asserts="0" description="Export-EvergreenManifest.Validate Export-EvergreenManifest works with: AdoptiumTemurin18.">
                <results>
                  <test-case description="'Export-EvergreenManifest -Name AdoptiumTemurin18' should not Throw" name="Export-EvergreenManifest.Validate Export-EvergreenManifest works with: AdoptiumTemurin18..'Export-EvergreenManifest -Name AdoptiumTemurin18' should not Throw" time="0.1958" asserts="0" success="True" result="Success" executed="True" />
                  <test-case description="AdoptiumTemurin18 has expected properties" name="Export-EvergreenManifest.Validate Export-EvergreenManifest works with: AdoptiumTemurin18..AdoptiumTemurin18 has expected properties" time="0.2549" asserts="0" success="True" result="Success" executed="True" />
                </results>
              </test-suite>
            </results>
          </test-suite>
          <test-suite type="TestFixture" name="Export-EvergreenManifest" executed="True" result="Success" success="True" time="797.6995" asserts="0" description="Export-EvergreenManifest">
            <results>
              <test-suite type="TestFixture" name="Export-EvergreenManifest.Validate Export-EvergreenManifest works with: TeamViewer." executed="True" result="Success" success="True" time="0.6223" asserts="0" description="Export-EvergreenManifest.Validate Export-EvergreenManifest works with: TeamViewer.">
                <results>
                  <test-case description="'Export-EvergreenManifest -Name TeamViewer' should not Throw" name="Export-EvergreenManifest.Validate Export-EvergreenManifest works with: TeamViewer..'Export-EvergreenManifest -Name TeamViewer' should not Throw" time="0.2171" asserts="0" success="True" result="Success" executed="True" />
                  <test-case description="TeamViewer has expected properties" name="Export-EvergreenManifest.Validate Export-EvergreenManifest works with: TeamViewer..TeamViewer has expected properties" time="0.2687" asserts="0" success="True" result="Success" executed="True" />
                </results>
              </test-suite>
            </results>
          </test-suite>
          <test-suite type="TestFixture" name="Export-EvergreenManifest" executed="True" result="Success" success="True" time="798.44" asserts="0" description="Export-EvergreenManifest">
            <results>
              <test-suite type="TestFixture" name="Export-EvergreenManifest.Validate Export-EvergreenManifest works with: HashicorpTerraform." executed="True" result="Success" success="True" time="0.6205" asserts="0" description="Export-EvergreenManifest.Validate Export-EvergreenManifest works with: HashicorpTerraform.">
                <results>
                  <test-case description="'Export-EvergreenManifest -Name HashicorpTerraform' should not Throw" name="Export-EvergreenManifest.Validate Export-EvergreenManifest works with: HashicorpTerraform..'Export-EvergreenManifest -Name HashicorpTerraform' should not Throw" time="0.2262" asserts="0" success="True" result="Success" executed="True" />
                  <test-case description="HashicorpTerraform has expected properties" name="Export-EvergreenManifest.Validate Export-EvergreenManifest works with: HashicorpTerraform..HashicorpTerraform has expected properties" time="0.2653" asserts="0" success="True" result="Success" executed="True" />
                </results>
              </test-suite>
            </results>
          </test-suite>
          <test-suite type="TestFixture" name="Export-EvergreenManifest" executed="True" result="Success" success="True" time="799.1328" asserts="0" description="Export-EvergreenManifest">
            <results>
              <test-suite type="TestFixture" name="Export-EvergreenManifest.Validate Export-EvergreenManifest works with: GitHubRelease." executed="True" result="Success" success="True" time="0.5719" asserts="0" description="Export-EvergreenManifest.Validate Export-EvergreenManifest works with: GitHubRelease.">
                <results>
                  <test-case description="'Export-EvergreenManifest -Name GitHubRelease' should not Throw" name="Export-EvergreenManifest.Validate Export-EvergreenManifest works with: GitHubRelease..'Export-EvergreenManifest -Name GitHubRelease' should not Throw" time="0.1899" asserts="0" success="True" result="Success" executed="True" />
                  <test-case description="GitHubRelease has expected properties" name="Export-EvergreenManifest.Validate Export-EvergreenManifest works with: GitHubRelease..GitHubRelease has expected properties" time="0.2531" asserts="0" success="True" result="Success" executed="True" />
                </results>
              </test-suite>
            </results>
          </test-suite>
          <test-suite type="TestFixture" name="Export-EvergreenManifest" executed="True" result="Success" success="True" time="799.8325" asserts="0" description="Export-EvergreenManifest">
            <results>
              <test-suite type="TestFixture" name="Export-EvergreenManifest.Validate Export-EvergreenManifest works with: DevToys." executed="True" result="Success" success="True" time="0.5792" asserts="0" description="Export-EvergreenManifest.Validate Export-EvergreenManifest works with: DevToys.">
                <results>
                  <test-case description="'Export-EvergreenManifest -Name DevToys' should not Throw" name="Export-EvergreenManifest.Validate Export-EvergreenManifest works with: DevToys..'Export-EvergreenManifest -Name DevToys' should not Throw" time="0.2092" asserts="0" success="True" result="Success" executed="True" />
                  <test-case description="DevToys has expected properties" name="Export-EvergreenManifest.Validate Export-EvergreenManifest works with: DevToys..DevToys has expected properties" time="0.2429" asserts="0" success="True" result="Success" executed="True" />
                </results>
              </test-suite>
            </results>
          </test-suite>
          <test-suite type="TestFixture" name="Export-EvergreenManifest" executed="True" result="Success" success="True" time="800.5642" asserts="0" description="Export-EvergreenManifest">
            <results>
              <test-suite type="TestFixture" name="Export-EvergreenManifest.Validate Export-EvergreenManifest works with: FreedomScientificZoomText." executed="True" result="Success" success="True" time="0.6093" asserts="0" description="Export-EvergreenManifest.Validate Export-EvergreenManifest works with: FreedomScientificZoomText.">
                <results>
                  <test-case description="'Export-EvergreenManifest -Name FreedomScientificZoomText' should not Throw" name="Export-EvergreenManifest.Validate Export-EvergreenManifest works with: FreedomScientificZoomText..'Export-EvergreenManifest -Name FreedomScientificZoomText' should not Throw" time="0.2149" asserts="0" success="True" result="Success" executed="True" />
                  <test-case description="FreedomScientificZoomText has expected properties" name="Export-EvergreenManifest.Validate Export-EvergreenManifest works with: FreedomScientificZoomText..FreedomScientificZoomText has expected properties" time="0.2622" asserts="0" success="True" result="Success" executed="True" />
                </results>
              </test-suite>
            </results>
          </test-suite>
          <test-suite type="TestFixture" name="Export-EvergreenManifest fail tests" executed="True" result="Success" success="True" time="801.2688" asserts="0" description="Export-EvergreenManifest fail tests">
            <results>
              <test-suite type="TestFixture" name="Export-EvergreenManifest fail tests.Validate Export-EvergreenManifest fails gracefully" executed="True" result="Success" success="True" time="0.5793" asserts="0" description="Export-EvergreenManifest fail tests.Validate Export-EvergreenManifest fails gracefully">
                <results>
                  <test-case description="Should Throw with invalid app" name="Export-EvergreenManifest fail tests.Validate Export-EvergreenManifest fails gracefully.Should Throw with invalid app" time="0.4454" asserts="0" success="True" result="Success" executed="True" />
                </results>
              </test-suite>
            </results>
          </test-suite>
          <test-suite type="TestFixture" name="Export-EvergreenApp" executed="True" result="Success" success="True" time="802.8" asserts="0" description="Export-EvergreenApp">
            <results>
              <test-suite type="TestFixture" name="Export-EvergreenApp.Validate Export-EvergreenApp functionality" executed="True" result="Success" success="True" time="0.642" asserts="0" description="Export-EvergreenApp.Validate Export-EvergreenApp functionality">
                <results>
                  <test-case description="Should not throw with correct input" name="Export-EvergreenApp.Validate Export-EvergreenApp functionality.Should not throw with correct input" time="0.2082" asserts="0" success="True" result="Success" executed="True" />
                  <test-case description="Should throw if the input file is invalid" name="Export-EvergreenApp.Validate Export-EvergreenApp functionality.Should throw if the input file is invalid" time="0.159" asserts="0" success="True" result="Success" executed="True" />
                  <test-case description="Should write the output file OK" name="Export-EvergreenApp.Validate Export-EvergreenApp functionality.Should write the output file OK" time="0.1351" asserts="0" success="True" result="Success" executed="True" />
                </results>
              </test-suite>
            </results>
          </test-suite>
          <test-suite type="TestFixture" name="Test-EvergreenApp" executed="True" result="Success" success="True" time="804.9227" asserts="0" description="Test-EvergreenApp">
            <results>
              <test-case description="Should not throw with valid input" name="Test-EvergreenApp.Should not throw with valid input" time="0.6384" asserts="0" success="True" result="Success" executed="True" />
              <test-case description="Should return an object with valid properties" name="Test-EvergreenApp.Should return an object with valid properties" time="0.1729" asserts="0" success="True" result="Success" executed="True" />
            </results>
          </test-suite>
          <test-suite type="TestFixture" name="Test Evergreen Library" executed="True" result="Success" success="True" time="810.6901" asserts="0" description="Test Evergreen Library">
            <results>
              <test-suite type="TestFixture" name="Test Evergreen Library.Test 'New-EvergreenLibrary'" executed="True" result="Success" success="True" time="0.6788" asserts="0" description="Test Evergreen Library.Test 'New-EvergreenLibrary'">
                <results>
                  <test-case description="Does not throw when creating a new new Evergreen Library" name="Test Evergreen Library.Test 'New-EvergreenLibrary'.Does not throw when creating a new new Evergreen Library" time="0.1539" asserts="0" success="True" result="Success" executed="True" />
                  <test-case description="Creates a new Evergreen Library OK" name="Test Evergreen Library.Test 'New-EvergreenLibrary'.Creates a new Evergreen Library OK" time="0.1664" asserts="0" success="True" result="Success" executed="True" />
                  <test-case description="Sets the library name OK" name="Test Evergreen Library.Test 'New-EvergreenLibrary'.Sets the library name OK" time="0.2292" asserts="0" success="True" result="Success" executed="True" />
                </results>
              </test-suite>
              <test-suite type="TestFixture" name="Test Evergreen Library.Test 'Invoke-EvergreenLibraryUpdate'" executed="True" result="Success" success="True" time="5.3288" asserts="0" description="Test Evergreen Library.Test 'Invoke-EvergreenLibraryUpdate'">
                <results>
                  <test-case description="Update an Evergreen library" name="Test Evergreen Library.Test 'Invoke-EvergreenLibraryUpdate'.Update an Evergreen library" time="4.521" asserts="0" success="True" result="Success" executed="True" />
                </results>
              </test-suite>
              <test-suite type="TestFixture" name="Test Evergreen Library.Test 'Get-EvergreenLibrary'" executed="True" result="Success" success="True" time="5.6396" asserts="0" description="Test Evergreen Library.Test 'Get-EvergreenLibrary'">
                <results>
                  <test-case description="Returns details of the library" name="Test Evergreen Library.Test 'Get-EvergreenLibrary'.Returns details of the library" time="0.1813" asserts="0" success="True" result="Success" executed="True" />
                </results>
              </test-suite>
            </results>
          </test-suite>
        </results>
      </test-suite>
    </results>
  </test-suite>
</test-results>